2024-05-16 20:13:28,629 - INFO - Trainer:3 - Epoch 1/1000 completed in 148.76 seconds.
2024-05-16 20:13:28,629 - INFO - Trainer:3 - Total running time so far: 0h:2m:28s.
2024-05-16 20:13:28,629 - INFO - Trainer:3 - Average time per epoch: 148.76 seconds.
2024-05-16 20:13:28,629 - INFO - Trainer:3 - Approximate time left: 41h:16m:50s.
2024-05-16 20:14:40,820 - INFO - Trainer:3 - Epoch 6/1000 completed in 14.06 seconds.
2024-05-16 20:14:40,820 - INFO - Trainer:3 - Total running time so far: 0h:3m:40s.
2024-05-16 20:14:40,820 - INFO - Trainer:3 - Average time per epoch: 36.82 seconds.
2024-05-16 20:14:40,820 - INFO - Trainer:3 - Approximate time left: 10h:10m:3s.
2024-05-16 20:15:51,128 - INFO - Trainer:3 - Epoch 11/1000 completed in 14.37 seconds.
2024-05-16 20:15:51,128 - INFO - Trainer:3 - Total running time so far: 0h:4m:51s.
2024-05-16 20:15:51,129 - INFO - Trainer:3 - Average time per epoch: 26.48 seconds.
2024-05-16 20:15:51,129 - INFO - Trainer:3 - Approximate time left: 7h:16m:26s.
2024-05-16 20:17:03,164 - INFO - Trainer:3 - Epoch 16/1000 completed in 14.38 seconds.
2024-05-16 20:17:03,164 - INFO - Trainer:3 - Total running time so far: 0h:6m:3s.
2024-05-16 20:17:03,164 - INFO - Trainer:3 - Average time per epoch: 22.71 seconds.
2024-05-16 20:17:03,164 - INFO - Trainer:3 - Approximate time left: 6h:12m:22s.
2024-05-16 20:18:12,962 - INFO - Trainer:3 - Epoch 21/1000 completed in 14.33 seconds.
2024-05-16 20:18:12,963 - INFO - Trainer:3 - Total running time so far: 0h:7m:13s.
2024-05-16 20:18:12,963 - INFO - Trainer:3 - Average time per epoch: 20.62 seconds.
2024-05-16 20:18:12,963 - INFO - Trainer:3 - Approximate time left: 5h:36m:30s.
2024-05-16 20:19:23,861 - INFO - Trainer:3 - Epoch 26/1000 completed in 14.38 seconds.
2024-05-16 20:19:23,861 - INFO - Trainer:3 - Total running time so far: 0h:8m:23s.
2024-05-16 20:19:23,861 - INFO - Trainer:3 - Average time per epoch: 19.38 seconds.
2024-05-16 20:19:23,861 - INFO - Trainer:3 - Approximate time left: 5h:14m:40s.
2024-05-16 20:20:33,778 - INFO - Trainer:3 - Epoch 31/1000 completed in 14.36 seconds.
2024-05-16 20:20:33,778 - INFO - Trainer:3 - Total running time so far: 0h:9m:33s.
2024-05-16 20:20:33,778 - INFO - Trainer:3 - Average time per epoch: 18.51 seconds.
2024-05-16 20:20:33,778 - INFO - Trainer:3 - Approximate time left: 4h:58m:58s.
2024-05-16 20:21:43,649 - INFO - Trainer:3 - Epoch 36/1000 completed in 13.47 seconds.
2024-05-16 20:21:43,649 - INFO - Trainer:3 - Total running time so far: 0h:10m:43s.
2024-05-16 20:21:43,649 - INFO - Trainer:3 - Average time per epoch: 17.88 seconds.
2024-05-16 20:21:43,649 - INFO - Trainer:3 - Approximate time left: 4h:47m:18s.
2024-05-16 20:22:51,716 - INFO - Trainer:3 - Epoch 41/1000 completed in 13.44 seconds.
2024-05-16 20:22:51,717 - INFO - Trainer:3 - Total running time so far: 0h:11m:51s.
2024-05-16 20:22:51,717 - INFO - Trainer:3 - Average time per epoch: 17.36 seconds.
2024-05-16 20:22:51,717 - INFO - Trainer:3 - Approximate time left: 4h:37m:30s.
2024-05-16 20:24:00,713 - INFO - Trainer:3 - Epoch 46/1000 completed in 13.47 seconds.
2024-05-16 20:24:00,713 - INFO - Trainer:3 - Total running time so far: 0h:13m:0s.
2024-05-16 20:24:00,713 - INFO - Trainer:3 - Average time per epoch: 16.97 seconds.
2024-05-16 20:24:00,713 - INFO - Trainer:3 - Approximate time left: 4h:29m:53s.
2024-05-16 20:25:08,825 - INFO - Trainer:3 - Epoch 51/1000 completed in 13.43 seconds.
2024-05-16 20:25:08,825 - INFO - Trainer:3 - Total running time so far: 0h:14m:8s.
2024-05-16 20:25:08,825 - INFO - Trainer:3 - Average time per epoch: 16.65 seconds.
2024-05-16 20:25:08,825 - INFO - Trainer:3 - Approximate time left: 4h:23m:16s.
2024-05-16 20:26:20,482 - INFO - Trainer:3 - Epoch 56/1000 completed in 13.45 seconds.
2024-05-16 20:26:20,483 - INFO - Trainer:3 - Total running time so far: 0h:15m:20s.
2024-05-16 20:26:20,483 - INFO - Trainer:3 - Average time per epoch: 16.44 seconds.
2024-05-16 20:26:20,483 - INFO - Trainer:3 - Approximate time left: 4h:18m:38s.
2024-05-16 20:27:28,115 - INFO - Trainer:3 - Epoch 61/1000 completed in 13.32 seconds.
2024-05-16 20:27:28,115 - INFO - Trainer:3 - Total running time so far: 0h:16m:28s.
2024-05-16 20:27:28,116 - INFO - Trainer:3 - Average time per epoch: 16.20 seconds.
2024-05-16 20:27:28,116 - INFO - Trainer:3 - Approximate time left: 4h:13m:32s.
2024-05-16 20:28:37,999 - INFO - Trainer:3 - Epoch 66/1000 completed in 13.30 seconds.
2024-05-16 20:28:37,999 - INFO - Trainer:3 - Total running time so far: 0h:17m:38s.
2024-05-16 20:28:38,000 - INFO - Trainer:3 - Average time per epoch: 16.03 seconds.
2024-05-16 20:28:38,000 - INFO - Trainer:3 - Approximate time left: 4h:9m:33s.
2024-05-16 20:29:45,475 - INFO - Trainer:3 - Epoch 71/1000 completed in 13.37 seconds.
2024-05-16 20:29:45,475 - INFO - Trainer:3 - Total running time so far: 0h:18m:45s.
2024-05-16 20:29:45,475 - INFO - Trainer:3 - Average time per epoch: 15.85 seconds.
2024-05-16 20:29:45,475 - INFO - Trainer:3 - Approximate time left: 4h:5m:27s.
2024-05-16 20:30:54,267 - INFO - Trainer:3 - Epoch 76/1000 completed in 13.28 seconds.
2024-05-16 20:30:54,268 - INFO - Trainer:3 - Total running time so far: 0h:19m:54s.
2024-05-16 20:30:54,268 - INFO - Trainer:3 - Average time per epoch: 15.72 seconds.
2024-05-16 20:30:54,268 - INFO - Trainer:3 - Approximate time left: 4h:2m:1s.
2024-05-16 20:32:02,581 - INFO - Trainer:3 - Epoch 81/1000 completed in 14.23 seconds.
2024-05-16 20:32:02,582 - INFO - Trainer:3 - Total running time so far: 0h:21m:2s.
2024-05-16 20:32:02,582 - INFO - Trainer:3 - Average time per epoch: 15.59 seconds.
2024-05-16 20:32:02,582 - INFO - Trainer:3 - Approximate time left: 3h:58m:46s.
2024-05-16 20:33:10,084 - INFO - Trainer:3 - Epoch 86/1000 completed in 13.26 seconds.
2024-05-16 20:33:10,084 - INFO - Trainer:3 - Total running time so far: 0h:22m:10s.
2024-05-16 20:33:10,084 - INFO - Trainer:3 - Average time per epoch: 15.47 seconds.
2024-05-16 20:33:10,084 - INFO - Trainer:3 - Approximate time left: 3h:55m:37s.
2024-05-16 20:34:18,129 - INFO - Trainer:3 - Epoch 91/1000 completed in 13.33 seconds.
2024-05-16 20:34:18,130 - INFO - Trainer:3 - Total running time so far: 0h:23m:18s.
2024-05-16 20:34:18,130 - INFO - Trainer:3 - Average time per epoch: 15.37 seconds.
2024-05-16 20:34:18,130 - INFO - Trainer:3 - Approximate time left: 3h:52m:46s.
2024-05-16 20:35:25,497 - INFO - Trainer:3 - Epoch 96/1000 completed in 13.32 seconds.
2024-05-16 20:35:25,497 - INFO - Trainer:3 - Total running time so far: 0h:24m:25s.
2024-05-16 20:35:25,498 - INFO - Trainer:3 - Average time per epoch: 15.27 seconds.
2024-05-16 20:35:25,498 - INFO - Trainer:3 - Approximate time left: 3h:50m:1s.
2024-05-16 20:36:34,936 - INFO - Trainer:3 - Epoch 101/1000 completed in 14.33 seconds.
2024-05-16 20:36:34,936 - INFO - Trainer:3 - Total running time so far: 0h:25m:35s.
2024-05-16 20:36:34,936 - INFO - Trainer:3 - Average time per epoch: 15.20 seconds.
2024-05-16 20:36:34,936 - INFO - Trainer:3 - Approximate time left: 3h:47m:43s.
2024-05-16 20:37:46,121 - INFO - Trainer:3 - Epoch 106/1000 completed in 13.37 seconds.
2024-05-16 20:37:46,121 - INFO - Trainer:3 - Total running time so far: 0h:26m:46s.
2024-05-16 20:37:46,122 - INFO - Trainer:3 - Average time per epoch: 15.15 seconds.
2024-05-16 20:37:46,122 - INFO - Trainer:3 - Approximate time left: 3h:45m:46s.
2024-05-16 20:38:54,801 - INFO - Trainer:3 - Epoch 111/1000 completed in 13.31 seconds.
2024-05-16 20:38:54,801 - INFO - Trainer:3 - Total running time so far: 0h:27m:54s.
2024-05-16 20:38:54,802 - INFO - Trainer:3 - Average time per epoch: 15.09 seconds.
2024-05-16 20:38:54,802 - INFO - Trainer:3 - Approximate time left: 3h:43m:34s.
2024-05-16 20:40:04,549 - INFO - Trainer:3 - Epoch 116/1000 completed in 13.29 seconds.
2024-05-16 20:40:04,549 - INFO - Trainer:3 - Total running time so far: 0h:29m:4s.
2024-05-16 20:40:04,549 - INFO - Trainer:3 - Average time per epoch: 15.04 seconds.
2024-05-16 20:40:04,549 - INFO - Trainer:3 - Approximate time left: 3h:41m:35s.
2024-05-16 20:41:12,261 - INFO - Trainer:3 - Epoch 121/1000 completed in 14.26 seconds.
2024-05-16 20:41:12,261 - INFO - Trainer:3 - Total running time so far: 0h:30m:12s.
2024-05-16 20:41:12,261 - INFO - Trainer:3 - Average time per epoch: 14.98 seconds.
2024-05-16 20:41:12,261 - INFO - Trainer:3 - Approximate time left: 3h:39m:25s.
2024-05-16 20:42:19,750 - INFO - Trainer:3 - Epoch 126/1000 completed in 13.26 seconds.
2024-05-16 20:42:19,750 - INFO - Trainer:3 - Total running time so far: 0h:31m:19s.
2024-05-16 20:42:19,750 - INFO - Trainer:3 - Average time per epoch: 14.92 seconds.
2024-05-16 20:42:19,750 - INFO - Trainer:3 - Approximate time left: 3h:37m:19s.
2024-05-16 20:43:28,955 - INFO - Trainer:3 - Epoch 131/1000 completed in 14.20 seconds.
2024-05-16 20:43:28,955 - INFO - Trainer:3 - Total running time so far: 0h:32m:29s.
2024-05-16 20:43:28,955 - INFO - Trainer:3 - Average time per epoch: 14.88 seconds.
2024-05-16 20:43:28,956 - INFO - Trainer:3 - Approximate time left: 3h:35m:29s.
2024-05-16 20:44:37,496 - INFO - Trainer:3 - Epoch 136/1000 completed in 14.17 seconds.
2024-05-16 20:44:37,496 - INFO - Trainer:3 - Total running time so far: 0h:33m:37s.
2024-05-16 20:44:37,496 - INFO - Trainer:3 - Average time per epoch: 14.84 seconds.
2024-05-16 20:44:37,496 - INFO - Trainer:3 - Approximate time left: 3h:33m:37s.
2024-05-16 20:45:44,517 - INFO - Trainer:3 - Epoch 141/1000 completed in 13.57 seconds.
2024-05-16 20:45:44,517 - INFO - Trainer:3 - Total running time so far: 0h:34m:44s.
2024-05-16 20:45:44,517 - INFO - Trainer:3 - Average time per epoch: 14.78 seconds.
2024-05-16 20:45:44,517 - INFO - Trainer:3 - Approximate time left: 3h:31m:39s.
2024-05-16 20:46:51,889 - INFO - Trainer:3 - Epoch 146/1000 completed in 14.13 seconds.
2024-05-16 20:46:51,889 - INFO - Trainer:3 - Total running time so far: 0h:35m:51s.
2024-05-16 20:46:51,890 - INFO - Trainer:3 - Average time per epoch: 14.74 seconds.
2024-05-16 20:46:51,890 - INFO - Trainer:3 - Approximate time left: 3h:29m:47s.
2024-05-16 20:47:58,459 - INFO - Trainer:3 - Epoch 151/1000 completed in 13.36 seconds.
2024-05-16 20:47:58,459 - INFO - Trainer:3 - Total running time so far: 0h:36m:58s.
2024-05-16 20:47:58,459 - INFO - Trainer:3 - Average time per epoch: 14.69 seconds.
2024-05-16 20:47:58,459 - INFO - Trainer:3 - Approximate time left: 3h:27m:53s.
2024-05-16 20:49:08,253 - INFO - Trainer:3 - Epoch 156/1000 completed in 13.36 seconds.
2024-05-16 20:49:08,253 - INFO - Trainer:3 - Total running time so far: 0h:38m:8s.
2024-05-16 20:49:08,253 - INFO - Trainer:3 - Average time per epoch: 14.67 seconds.
2024-05-16 20:49:08,253 - INFO - Trainer:3 - Approximate time left: 3h:26m:20s.
2024-05-16 20:50:15,101 - INFO - Trainer:3 - Epoch 161/1000 completed in 13.33 seconds.
2024-05-16 20:50:15,102 - INFO - Trainer:3 - Total running time so far: 0h:39m:15s.
2024-05-16 20:50:15,102 - INFO - Trainer:3 - Average time per epoch: 14.63 seconds.
2024-05-16 20:50:15,102 - INFO - Trainer:3 - Approximate time left: 3h:24m:33s.
2024-05-16 20:51:21,820 - INFO - Trainer:3 - Epoch 166/1000 completed in 13.33 seconds.
2024-05-16 20:51:21,821 - INFO - Trainer:3 - Total running time so far: 0h:40m:21s.
2024-05-16 20:51:21,821 - INFO - Trainer:3 - Average time per epoch: 14.59 seconds.
2024-05-16 20:51:21,821 - INFO - Trainer:3 - Approximate time left: 3h:22m:47s.
2024-05-16 20:52:29,509 - INFO - Trainer:3 - Epoch 171/1000 completed in 13.38 seconds.
2024-05-16 20:52:29,510 - INFO - Trainer:3 - Total running time so far: 0h:41m:29s.
2024-05-16 20:52:29,510 - INFO - Trainer:3 - Average time per epoch: 14.56 seconds.
2024-05-16 20:52:29,510 - INFO - Trainer:3 - Approximate time left: 3h:21m:9s.
2024-05-16 20:53:37,118 - INFO - Trainer:3 - Epoch 176/1000 completed in 13.30 seconds.
2024-05-16 20:53:37,118 - INFO - Trainer:3 - Total running time so far: 0h:42m:37s.
2024-05-16 20:53:37,118 - INFO - Trainer:3 - Average time per epoch: 14.53 seconds.
2024-05-16 20:53:37,118 - INFO - Trainer:3 - Approximate time left: 3h:19m:32s.
2024-05-16 20:54:44,359 - INFO - Trainer:3 - Epoch 181/1000 completed in 13.29 seconds.
2024-05-16 20:54:44,359 - INFO - Trainer:3 - Total running time so far: 0h:43m:44s.
2024-05-16 20:54:44,359 - INFO - Trainer:3 - Average time per epoch: 14.50 seconds.
2024-05-16 20:54:44,359 - INFO - Trainer:3 - Approximate time left: 3h:17m:55s.
2024-05-16 20:55:51,326 - INFO - Trainer:3 - Epoch 186/1000 completed in 13.19 seconds.
2024-05-16 20:55:51,327 - INFO - Trainer:3 - Total running time so far: 0h:44m:51s.
2024-05-16 20:55:51,327 - INFO - Trainer:3 - Average time per epoch: 14.47 seconds.
2024-05-16 20:55:51,327 - INFO - Trainer:3 - Approximate time left: 3h:16m:18s.
2024-05-16 20:56:58,821 - INFO - Trainer:3 - Epoch 191/1000 completed in 13.33 seconds.
2024-05-16 20:56:58,821 - INFO - Trainer:3 - Total running time so far: 0h:45m:58s.
2024-05-16 20:56:58,821 - INFO - Trainer:3 - Average time per epoch: 14.44 seconds.
2024-05-16 20:56:58,821 - INFO - Trainer:3 - Approximate time left: 3h:14m:45s.
2024-05-16 20:58:05,371 - INFO - Trainer:3 - Epoch 196/1000 completed in 13.28 seconds.
2024-05-16 20:58:05,371 - INFO - Trainer:3 - Total running time so far: 0h:47m:5s.
2024-05-16 20:58:05,371 - INFO - Trainer:3 - Average time per epoch: 14.42 seconds.
2024-05-16 20:58:05,371 - INFO - Trainer:3 - Approximate time left: 3h:13m:10s.
2024-05-16 20:59:13,637 - INFO - Trainer:3 - Epoch 201/1000 completed in 13.28 seconds.
2024-05-16 20:59:13,637 - INFO - Trainer:3 - Total running time so far: 0h:48m:13s.
2024-05-16 20:59:13,637 - INFO - Trainer:3 - Average time per epoch: 14.40 seconds.
2024-05-16 20:59:13,637 - INFO - Trainer:3 - Approximate time left: 3h:11m:42s.
2024-05-16 21:00:23,306 - INFO - Trainer:3 - Epoch 206/1000 completed in 13.31 seconds.
2024-05-16 21:00:23,307 - INFO - Trainer:3 - Total running time so far: 0h:49m:23s.
2024-05-16 21:00:23,307 - INFO - Trainer:3 - Average time per epoch: 14.39 seconds.
2024-05-16 21:00:23,307 - INFO - Trainer:3 - Approximate time left: 3h:10m:21s.
2024-05-16 21:01:31,654 - INFO - Trainer:3 - Epoch 211/1000 completed in 14.19 seconds.
2024-05-16 21:01:31,654 - INFO - Trainer:3 - Total running time so far: 0h:50m:31s.
2024-05-16 21:01:31,654 - INFO - Trainer:3 - Average time per epoch: 14.37 seconds.
2024-05-16 21:01:31,654 - INFO - Trainer:3 - Approximate time left: 3h:8m:56s.
2024-05-16 21:02:39,796 - INFO - Trainer:3 - Epoch 216/1000 completed in 13.29 seconds.
2024-05-16 21:02:39,796 - INFO - Trainer:3 - Total running time so far: 0h:51m:39s.
2024-05-16 21:02:39,797 - INFO - Trainer:3 - Average time per epoch: 14.35 seconds.
2024-05-16 21:02:39,797 - INFO - Trainer:3 - Approximate time left: 3h:7m:31s.
2024-05-16 21:03:47,322 - INFO - Trainer:3 - Epoch 221/1000 completed in 13.27 seconds.
2024-05-16 21:03:47,322 - INFO - Trainer:3 - Total running time so far: 0h:52m:47s.
2024-05-16 21:03:47,322 - INFO - Trainer:3 - Average time per epoch: 14.33 seconds.
2024-05-16 21:03:47,323 - INFO - Trainer:3 - Approximate time left: 3h:6m:4s.
2024-05-16 21:04:53,795 - INFO - Trainer:3 - Epoch 226/1000 completed in 13.29 seconds.
2024-05-16 21:04:53,796 - INFO - Trainer:3 - Total running time so far: 0h:53m:53s.
2024-05-16 21:04:53,796 - INFO - Trainer:3 - Average time per epoch: 14.31 seconds.
2024-05-16 21:04:53,796 - INFO - Trainer:3 - Approximate time left: 3h:4m:35s.
2024-05-16 21:06:00,267 - INFO - Trainer:3 - Epoch 231/1000 completed in 13.31 seconds.
2024-05-16 21:06:00,267 - INFO - Trainer:3 - Total running time so far: 0h:55m:0s.
2024-05-16 21:06:00,267 - INFO - Trainer:3 - Average time per epoch: 14.29 seconds.
2024-05-16 21:06:00,267 - INFO - Trainer:3 - Approximate time left: 3h:3m:6s.
2024-05-16 21:07:07,492 - INFO - Trainer:3 - Epoch 236/1000 completed in 13.27 seconds.
2024-05-16 21:07:07,493 - INFO - Trainer:3 - Total running time so far: 0h:56m:7s.
2024-05-16 21:07:07,493 - INFO - Trainer:3 - Average time per epoch: 14.27 seconds.
2024-05-16 21:07:07,493 - INFO - Trainer:3 - Approximate time left: 3h:1m:41s.
2024-05-16 21:08:14,270 - INFO - Trainer:3 - Epoch 241/1000 completed in 13.46 seconds.
2024-05-16 21:08:14,270 - INFO - Trainer:3 - Total running time so far: 0h:57m:14s.
2024-05-16 21:08:14,270 - INFO - Trainer:3 - Average time per epoch: 14.25 seconds.
2024-05-16 21:08:14,271 - INFO - Trainer:3 - Approximate time left: 3h:0m:15s.
2024-05-16 21:09:21,220 - INFO - Trainer:3 - Epoch 246/1000 completed in 13.33 seconds.
2024-05-16 21:09:21,221 - INFO - Trainer:3 - Total running time so far: 0h:58m:21s.
2024-05-16 21:09:21,221 - INFO - Trainer:3 - Average time per epoch: 14.23 seconds.
2024-05-16 21:09:21,221 - INFO - Trainer:3 - Approximate time left: 2h:58m:51s.
2024-05-16 21:10:29,357 - INFO - Trainer:3 - Epoch 251/1000 completed in 13.38 seconds.
2024-05-16 21:10:29,357 - INFO - Trainer:3 - Total running time so far: 0h:59m:29s.
2024-05-16 21:10:29,357 - INFO - Trainer:3 - Average time per epoch: 14.22 seconds.
2024-05-16 21:10:29,358 - INFO - Trainer:3 - Approximate time left: 2h:57m:31s.
2024-05-16 21:11:39,023 - INFO - Trainer:3 - Epoch 256/1000 completed in 13.31 seconds.
2024-05-16 21:11:39,023 - INFO - Trainer:3 - Total running time so far: 1h:0m:39s.
2024-05-16 21:11:39,023 - INFO - Trainer:3 - Average time per epoch: 14.22 seconds.
2024-05-16 21:11:39,023 - INFO - Trainer:3 - Approximate time left: 2h:56m:16s.
2024-05-16 21:12:46,429 - INFO - Trainer:3 - Epoch 261/1000 completed in 13.28 seconds.
2024-05-16 21:12:46,429 - INFO - Trainer:3 - Total running time so far: 1h:1m:46s.
2024-05-16 21:12:46,429 - INFO - Trainer:3 - Average time per epoch: 14.20 seconds.
2024-05-16 21:12:46,429 - INFO - Trainer:3 - Approximate time left: 2h:54m:54s.
2024-05-16 21:13:53,035 - INFO - Trainer:3 - Epoch 266/1000 completed in 13.38 seconds.
2024-05-16 21:13:53,035 - INFO - Trainer:3 - Total running time so far: 1h:2m:53s.
2024-05-16 21:13:53,035 - INFO - Trainer:3 - Average time per epoch: 14.18 seconds.
2024-05-16 21:13:53,035 - INFO - Trainer:3 - Approximate time left: 2h:53m:31s.
2024-05-16 21:15:00,539 - INFO - Trainer:3 - Epoch 271/1000 completed in 13.28 seconds.
2024-05-16 21:15:00,539 - INFO - Trainer:3 - Total running time so far: 1h:4m:0s.
2024-05-16 21:15:00,540 - INFO - Trainer:3 - Average time per epoch: 14.17 seconds.
2024-05-16 21:15:00,540 - INFO - Trainer:3 - Approximate time left: 2h:52m:11s.
2024-05-16 21:16:07,118 - INFO - Trainer:3 - Epoch 276/1000 completed in 13.29 seconds.
2024-05-16 21:16:07,118 - INFO - Trainer:3 - Total running time so far: 1h:5m:7s.
2024-05-16 21:16:07,118 - INFO - Trainer:3 - Average time per epoch: 14.16 seconds.
2024-05-16 21:16:07,118 - INFO - Trainer:3 - Approximate time left: 2h:50m:49s.
2024-05-16 21:17:13,745 - INFO - Trainer:3 - Epoch 281/1000 completed in 13.27 seconds.
2024-05-16 21:17:13,746 - INFO - Trainer:3 - Total running time so far: 1h:6m:13s.
2024-05-16 21:17:13,746 - INFO - Trainer:3 - Average time per epoch: 14.14 seconds.
2024-05-16 21:17:13,746 - INFO - Trainer:3 - Approximate time left: 2h:49m:27s.
2024-05-16 21:18:21,082 - INFO - Trainer:3 - Epoch 286/1000 completed in 14.13 seconds.
2024-05-16 21:18:21,083 - INFO - Trainer:3 - Total running time so far: 1h:7m:21s.
2024-05-16 21:18:21,083 - INFO - Trainer:3 - Average time per epoch: 14.13 seconds.
2024-05-16 21:18:21,083 - INFO - Trainer:3 - Approximate time left: 2h:48m:8s.
2024-05-16 21:19:27,512 - INFO - Trainer:3 - Epoch 291/1000 completed in 13.32 seconds.
2024-05-16 21:19:27,512 - INFO - Trainer:3 - Total running time so far: 1h:8m:27s.
2024-05-16 21:19:27,512 - INFO - Trainer:3 - Average time per epoch: 14.12 seconds.
2024-05-16 21:19:27,512 - INFO - Trainer:3 - Approximate time left: 2h:46m:47s.
2024-05-16 21:20:34,411 - INFO - Trainer:3 - Epoch 296/1000 completed in 13.32 seconds.
2024-05-16 21:20:34,411 - INFO - Trainer:3 - Total running time so far: 1h:9m:34s.
2024-05-16 21:20:34,411 - INFO - Trainer:3 - Average time per epoch: 14.10 seconds.
2024-05-16 21:20:34,411 - INFO - Trainer:3 - Approximate time left: 2h:45m:28s.
2024-05-16 21:21:40,897 - INFO - Trainer:3 - Epoch 301/1000 completed in 13.26 seconds.
2024-05-16 21:21:40,897 - INFO - Trainer:3 - Total running time so far: 1h:10m:40s.
2024-05-16 21:21:40,897 - INFO - Trainer:3 - Average time per epoch: 14.09 seconds.
2024-05-16 21:21:40,897 - INFO - Trainer:3 - Approximate time left: 2h:44m:8s.
2024-05-16 21:22:50,349 - INFO - Trainer:3 - Epoch 306/1000 completed in 13.33 seconds.
2024-05-16 21:22:50,349 - INFO - Trainer:3 - Total running time so far: 1h:11m:50s.
2024-05-16 21:22:50,349 - INFO - Trainer:3 - Average time per epoch: 14.09 seconds.
2024-05-16 21:22:50,349 - INFO - Trainer:3 - Approximate time left: 2h:42m:55s.
2024-05-16 21:23:58,667 - INFO - Trainer:3 - Epoch 311/1000 completed in 13.31 seconds.
2024-05-16 21:23:58,667 - INFO - Trainer:3 - Total running time so far: 1h:12m:58s.
2024-05-16 21:23:58,667 - INFO - Trainer:3 - Average time per epoch: 14.08 seconds.
2024-05-16 21:23:58,668 - INFO - Trainer:3 - Approximate time left: 2h:41m:40s.
2024-05-16 21:25:05,107 - INFO - Trainer:3 - Epoch 316/1000 completed in 13.28 seconds.
2024-05-16 21:25:05,107 - INFO - Trainer:3 - Total running time so far: 1h:14m:5s.
2024-05-16 21:25:05,107 - INFO - Trainer:3 - Average time per epoch: 14.07 seconds.
2024-05-16 21:25:05,107 - INFO - Trainer:3 - Approximate time left: 2h:40m:21s.
2024-05-16 21:26:11,751 - INFO - Trainer:3 - Epoch 321/1000 completed in 13.34 seconds.
2024-05-16 21:26:11,751 - INFO - Trainer:3 - Total running time so far: 1h:15m:11s.
2024-05-16 21:26:11,751 - INFO - Trainer:3 - Average time per epoch: 14.06 seconds.
2024-05-16 21:26:11,752 - INFO - Trainer:3 - Approximate time left: 2h:39m:3s.
2024-05-16 21:27:19,236 - INFO - Trainer:3 - Epoch 326/1000 completed in 14.13 seconds.
2024-05-16 21:27:19,236 - INFO - Trainer:3 - Total running time so far: 1h:16m:19s.
2024-05-16 21:27:19,236 - INFO - Trainer:3 - Average time per epoch: 14.05 seconds.
2024-05-16 21:27:19,236 - INFO - Trainer:3 - Approximate time left: 2h:37m:47s.
2024-05-16 21:28:26,497 - INFO - Trainer:3 - Epoch 331/1000 completed in 13.25 seconds.
2024-05-16 21:28:26,498 - INFO - Trainer:3 - Total running time so far: 1h:17m:26s.
2024-05-16 21:28:26,498 - INFO - Trainer:3 - Average time per epoch: 14.04 seconds.
2024-05-16 21:28:26,498 - INFO - Trainer:3 - Approximate time left: 2h:36m:31s.
2024-05-16 21:29:33,628 - INFO - Trainer:3 - Epoch 336/1000 completed in 13.21 seconds.
2024-05-16 21:29:33,628 - INFO - Trainer:3 - Total running time so far: 1h:18m:33s.
2024-05-16 21:29:33,628 - INFO - Trainer:3 - Average time per epoch: 14.03 seconds.
2024-05-16 21:29:33,628 - INFO - Trainer:3 - Approximate time left: 2h:35m:15s.
2024-05-16 21:30:40,777 - INFO - Trainer:3 - Epoch 341/1000 completed in 13.24 seconds.
2024-05-16 21:30:40,777 - INFO - Trainer:3 - Total running time so far: 1h:19m:40s.
2024-05-16 21:30:40,777 - INFO - Trainer:3 - Average time per epoch: 14.02 seconds.
2024-05-16 21:30:40,777 - INFO - Trainer:3 - Approximate time left: 2h:33m:59s.
2024-05-16 21:31:48,216 - INFO - Trainer:3 - Epoch 346/1000 completed in 13.40 seconds.
2024-05-16 21:31:48,216 - INFO - Trainer:3 - Total running time so far: 1h:20m:48s.
2024-05-16 21:31:48,216 - INFO - Trainer:3 - Average time per epoch: 14.01 seconds.
2024-05-16 21:31:48,216 - INFO - Trainer:3 - Approximate time left: 2h:32m:44s.
2024-05-16 21:32:54,912 - INFO - Trainer:3 - Epoch 351/1000 completed in 13.27 seconds.
2024-05-16 21:32:54,912 - INFO - Trainer:3 - Total running time so far: 1h:21m:54s.
2024-05-16 21:32:54,912 - INFO - Trainer:3 - Average time per epoch: 14.00 seconds.
2024-05-16 21:32:54,912 - INFO - Trainer:3 - Approximate time left: 2h:31m:27s.
2024-05-16 21:34:03,913 - INFO - Trainer:3 - Epoch 356/1000 completed in 13.30 seconds.
2024-05-16 21:34:03,913 - INFO - Trainer:3 - Total running time so far: 1h:23m:3s.
2024-05-16 21:34:03,913 - INFO - Trainer:3 - Average time per epoch: 14.00 seconds.
2024-05-16 21:34:03,913 - INFO - Trainer:3 - Approximate time left: 2h:30m:15s.
2024-05-16 21:35:10,643 - INFO - Trainer:3 - Epoch 361/1000 completed in 13.31 seconds.
2024-05-16 21:35:10,643 - INFO - Trainer:3 - Total running time so far: 1h:24m:10s.
2024-05-16 21:35:10,643 - INFO - Trainer:3 - Average time per epoch: 13.99 seconds.
2024-05-16 21:35:10,643 - INFO - Trainer:3 - Approximate time left: 2h:29m:0s.
2024-05-16 21:36:17,479 - INFO - Trainer:3 - Epoch 366/1000 completed in 13.36 seconds.
2024-05-16 21:36:17,479 - INFO - Trainer:3 - Total running time so far: 1h:25m:17s.
2024-05-16 21:36:17,479 - INFO - Trainer:3 - Average time per epoch: 13.98 seconds.
2024-05-16 21:36:17,479 - INFO - Trainer:3 - Approximate time left: 2h:27m:44s.
2024-05-16 21:37:24,303 - INFO - Trainer:3 - Epoch 371/1000 completed in 13.34 seconds.
2024-05-16 21:37:24,303 - INFO - Trainer:3 - Total running time so far: 1h:26m:24s.
2024-05-16 21:37:24,303 - INFO - Trainer:3 - Average time per epoch: 13.97 seconds.
2024-05-16 21:37:24,303 - INFO - Trainer:3 - Approximate time left: 2h:26m:29s.
2024-05-16 21:38:33,079 - INFO - Trainer:3 - Epoch 376/1000 completed in 13.42 seconds.
2024-05-16 21:38:33,079 - INFO - Trainer:3 - Total running time so far: 1h:27m:33s.
2024-05-16 21:38:33,079 - INFO - Trainer:3 - Average time per epoch: 13.97 seconds.
2024-05-16 21:38:33,079 - INFO - Trainer:3 - Approximate time left: 2h:25m:17s.
2024-05-16 21:39:41,013 - INFO - Trainer:3 - Epoch 381/1000 completed in 13.40 seconds.
2024-05-16 21:39:41,013 - INFO - Trainer:3 - Total running time so far: 1h:28m:41s.
2024-05-16 21:39:41,014 - INFO - Trainer:3 - Average time per epoch: 13.97 seconds.
2024-05-16 21:39:41,014 - INFO - Trainer:3 - Approximate time left: 2h:24m:4s.
2024-05-16 21:40:47,700 - INFO - Trainer:3 - Epoch 386/1000 completed in 13.35 seconds.
2024-05-16 21:40:47,700 - INFO - Trainer:3 - Total running time so far: 1h:29m:47s.
2024-05-16 21:40:47,701 - INFO - Trainer:3 - Average time per epoch: 13.96 seconds.
2024-05-16 21:40:47,701 - INFO - Trainer:3 - Approximate time left: 2h:22m:50s.
2024-05-16 21:41:54,332 - INFO - Trainer:3 - Epoch 391/1000 completed in 13.41 seconds.
2024-05-16 21:41:54,332 - INFO - Trainer:3 - Total running time so far: 1h:30m:54s.
2024-05-16 21:41:54,332 - INFO - Trainer:3 - Average time per epoch: 13.95 seconds.
2024-05-16 21:41:54,332 - INFO - Trainer:3 - Approximate time left: 2h:21m:35s.
2024-05-16 21:43:01,310 - INFO - Trainer:3 - Epoch 396/1000 completed in 13.36 seconds.
2024-05-16 21:43:01,310 - INFO - Trainer:3 - Total running time so far: 1h:32m:1s.
2024-05-16 21:43:01,310 - INFO - Trainer:3 - Average time per epoch: 13.94 seconds.
2024-05-16 21:43:01,310 - INFO - Trainer:3 - Approximate time left: 2h:20m:21s.
2024-05-16 21:44:09,369 - INFO - Trainer:3 - Epoch 401/1000 completed in 13.35 seconds.
2024-05-16 21:44:09,369 - INFO - Trainer:3 - Total running time so far: 1h:33m:9s.
2024-05-16 21:44:09,369 - INFO - Trainer:3 - Average time per epoch: 13.94 seconds.
2024-05-16 21:44:09,369 - INFO - Trainer:3 - Approximate time left: 2h:19m:9s.
2024-05-16 21:45:18,571 - INFO - Trainer:3 - Epoch 406/1000 completed in 13.33 seconds.
2024-05-16 21:45:18,571 - INFO - Trainer:3 - Total running time so far: 1h:34m:18s.
2024-05-16 21:45:18,571 - INFO - Trainer:3 - Average time per epoch: 13.94 seconds.
2024-05-16 21:45:18,571 - INFO - Trainer:3 - Approximate time left: 2h:17m:58s.
2024-05-16 21:46:25,075 - INFO - Trainer:3 - Epoch 411/1000 completed in 13.30 seconds.
2024-05-16 21:46:25,075 - INFO - Trainer:3 - Total running time so far: 1h:35m:25s.
2024-05-16 21:46:25,076 - INFO - Trainer:3 - Average time per epoch: 13.93 seconds.
2024-05-16 21:46:25,076 - INFO - Trainer:3 - Approximate time left: 2h:16m:44s.
2024-05-16 21:47:31,946 - INFO - Trainer:3 - Epoch 416/1000 completed in 13.32 seconds.
2024-05-16 21:47:31,946 - INFO - Trainer:3 - Total running time so far: 1h:36m:31s.
2024-05-16 21:47:31,946 - INFO - Trainer:3 - Average time per epoch: 13.92 seconds.
2024-05-16 21:47:31,947 - INFO - Trainer:3 - Approximate time left: 2h:15m:31s.
2024-05-16 21:48:39,349 - INFO - Trainer:3 - Epoch 421/1000 completed in 13.31 seconds.
2024-05-16 21:48:39,350 - INFO - Trainer:3 - Total running time so far: 1h:37m:39s.
2024-05-16 21:48:39,350 - INFO - Trainer:3 - Average time per epoch: 13.92 seconds.
2024-05-16 21:48:39,350 - INFO - Trainer:3 - Approximate time left: 2h:14m:18s.
2024-05-16 21:49:45,781 - INFO - Trainer:3 - Epoch 426/1000 completed in 13.29 seconds.
2024-05-16 21:49:45,782 - INFO - Trainer:3 - Total running time so far: 1h:38m:45s.
2024-05-16 21:49:45,782 - INFO - Trainer:3 - Average time per epoch: 13.91 seconds.
2024-05-16 21:49:45,782 - INFO - Trainer:3 - Approximate time left: 2h:13m:4s.
2024-05-16 21:50:54,021 - INFO - Trainer:3 - Epoch 431/1000 completed in 13.28 seconds.
2024-05-16 21:50:54,022 - INFO - Trainer:3 - Total running time so far: 1h:39m:54s.
2024-05-16 21:50:54,022 - INFO - Trainer:3 - Average time per epoch: 13.91 seconds.
2024-05-16 21:50:54,022 - INFO - Trainer:3 - Approximate time left: 2h:11m:53s.
2024-05-16 21:52:01,391 - INFO - Trainer:3 - Epoch 436/1000 completed in 13.35 seconds.
2024-05-16 21:52:01,392 - INFO - Trainer:3 - Total running time so far: 1h:41m:1s.
2024-05-16 21:52:01,392 - INFO - Trainer:3 - Average time per epoch: 13.90 seconds.
2024-05-16 21:52:01,392 - INFO - Trainer:3 - Approximate time left: 2h:10m:40s.
2024-05-16 21:53:08,058 - INFO - Trainer:3 - Epoch 441/1000 completed in 13.32 seconds.
2024-05-16 21:53:08,058 - INFO - Trainer:3 - Total running time so far: 1h:42m:8s.
2024-05-16 21:53:08,058 - INFO - Trainer:3 - Average time per epoch: 13.90 seconds.
2024-05-16 21:53:08,058 - INFO - Trainer:3 - Approximate time left: 2h:9m:27s.
2024-05-16 21:54:14,756 - INFO - Trainer:3 - Epoch 446/1000 completed in 13.33 seconds.
2024-05-16 21:54:14,756 - INFO - Trainer:3 - Total running time so far: 1h:43m:14s.
2024-05-16 21:54:14,757 - INFO - Trainer:3 - Average time per epoch: 13.89 seconds.
2024-05-16 21:54:14,757 - INFO - Trainer:3 - Approximate time left: 2h:8m:14s.
2024-05-16 21:55:21,619 - INFO - Trainer:3 - Epoch 451/1000 completed in 13.30 seconds.
2024-05-16 21:55:21,619 - INFO - Trainer:3 - Total running time so far: 1h:44m:21s.
2024-05-16 21:55:21,619 - INFO - Trainer:3 - Average time per epoch: 13.88 seconds.
2024-05-16 21:55:21,619 - INFO - Trainer:3 - Approximate time left: 2h:7m:2s.
2024-05-16 21:56:30,405 - INFO - Trainer:3 - Epoch 456/1000 completed in 13.34 seconds.
2024-05-16 21:56:30,405 - INFO - Trainer:3 - Total running time so far: 1h:45m:30s.
2024-05-16 21:56:30,405 - INFO - Trainer:3 - Average time per epoch: 13.88 seconds.
2024-05-16 21:56:30,405 - INFO - Trainer:3 - Approximate time left: 2h:5m:52s.
2024-05-16 21:57:37,677 - INFO - Trainer:3 - Epoch 461/1000 completed in 13.34 seconds.
2024-05-16 21:57:37,678 - INFO - Trainer:3 - Total running time so far: 1h:46m:37s.
2024-05-16 21:57:37,678 - INFO - Trainer:3 - Average time per epoch: 13.88 seconds.
2024-05-16 21:57:37,678 - INFO - Trainer:3 - Approximate time left: 2h:4m:40s.
2024-05-16 21:58:44,322 - INFO - Trainer:3 - Epoch 466/1000 completed in 13.31 seconds.
2024-05-16 21:58:44,323 - INFO - Trainer:3 - Total running time so far: 1h:47m:44s.
2024-05-16 21:58:44,323 - INFO - Trainer:3 - Average time per epoch: 13.87 seconds.
2024-05-16 21:58:44,323 - INFO - Trainer:3 - Approximate time left: 2h:3m:27s.
2024-05-16 21:59:50,897 - INFO - Trainer:3 - Epoch 471/1000 completed in 13.29 seconds.
2024-05-16 21:59:50,898 - INFO - Trainer:3 - Total running time so far: 1h:48m:50s.
2024-05-16 21:59:50,898 - INFO - Trainer:3 - Average time per epoch: 13.87 seconds.
2024-05-16 21:59:50,898 - INFO - Trainer:3 - Approximate time left: 2h:2m:15s.
2024-05-16 22:00:57,330 - INFO - Trainer:3 - Epoch 476/1000 completed in 13.28 seconds.
2024-05-16 22:00:57,330 - INFO - Trainer:3 - Total running time so far: 1h:49m:57s.
2024-05-16 22:00:57,330 - INFO - Trainer:3 - Average time per epoch: 13.86 seconds.
2024-05-16 22:00:57,330 - INFO - Trainer:3 - Approximate time left: 2h:1m:2s.
2024-05-16 22:02:03,854 - INFO - Trainer:3 - Epoch 481/1000 completed in 13.29 seconds.
2024-05-16 22:02:03,855 - INFO - Trainer:3 - Total running time so far: 1h:51m:3s.
2024-05-16 22:02:03,855 - INFO - Trainer:3 - Average time per epoch: 13.85 seconds.
2024-05-16 22:02:03,855 - INFO - Trainer:3 - Approximate time left: 1h:59m:50s.
2024-05-16 22:03:11,834 - INFO - Trainer:3 - Epoch 486/1000 completed in 13.36 seconds.
2024-05-16 22:03:11,834 - INFO - Trainer:3 - Total running time so far: 1h:52m:11s.
2024-05-16 22:03:11,834 - INFO - Trainer:3 - Average time per epoch: 13.85 seconds.
2024-05-16 22:03:11,834 - INFO - Trainer:3 - Approximate time left: 1h:58m:39s.
2024-05-16 22:04:18,762 - INFO - Trainer:3 - Epoch 491/1000 completed in 13.40 seconds.
2024-05-16 22:04:18,763 - INFO - Trainer:3 - Total running time so far: 1h:53m:18s.
2024-05-16 22:04:18,763 - INFO - Trainer:3 - Average time per epoch: 13.85 seconds.
2024-05-16 22:04:18,763 - INFO - Trainer:3 - Approximate time left: 1h:57m:27s.
2024-05-16 22:05:25,958 - INFO - Trainer:3 - Epoch 496/1000 completed in 13.45 seconds.
2024-05-16 22:05:25,958 - INFO - Trainer:3 - Total running time so far: 1h:54m:25s.
2024-05-16 22:05:25,958 - INFO - Trainer:3 - Average time per epoch: 13.84 seconds.
2024-05-16 22:05:25,958 - INFO - Trainer:3 - Approximate time left: 1h:56m:16s.
2024-05-16 22:06:32,592 - INFO - Trainer:3 - Epoch 501/1000 completed in 13.26 seconds.
2024-05-16 22:06:32,592 - INFO - Trainer:3 - Total running time so far: 1h:55m:32s.
2024-05-16 22:06:32,593 - INFO - Trainer:3 - Average time per epoch: 13.84 seconds.
2024-05-16 22:06:32,593 - INFO - Trainer:3 - Approximate time left: 1h:55m:4s.
2024-05-16 22:07:43,918 - INFO - Trainer:3 - Epoch 506/1000 completed in 13.34 seconds.
2024-05-16 22:07:43,918 - INFO - Trainer:3 - Total running time so far: 1h:56m:43s.
2024-05-16 22:07:43,918 - INFO - Trainer:3 - Average time per epoch: 13.84 seconds.
2024-05-16 22:07:43,918 - INFO - Trainer:3 - Approximate time left: 1h:53m:57s.
2024-05-16 22:08:50,907 - INFO - Trainer:3 - Epoch 511/1000 completed in 13.33 seconds.
2024-05-16 22:08:50,908 - INFO - Trainer:3 - Total running time so far: 1h:57m:50s.
2024-05-16 22:08:50,908 - INFO - Trainer:3 - Average time per epoch: 13.84 seconds.
2024-05-16 22:08:50,908 - INFO - Trainer:3 - Approximate time left: 1h:52m:46s.
2024-05-16 22:09:57,422 - INFO - Trainer:3 - Epoch 516/1000 completed in 13.32 seconds.
2024-05-16 22:09:57,423 - INFO - Trainer:3 - Total running time so far: 1h:58m:57s.
2024-05-16 22:09:57,423 - INFO - Trainer:3 - Average time per epoch: 13.83 seconds.
2024-05-16 22:09:57,423 - INFO - Trainer:3 - Approximate time left: 1h:51m:34s.
2024-05-16 22:11:04,700 - INFO - Trainer:3 - Epoch 521/1000 completed in 13.28 seconds.
2024-05-16 22:11:04,700 - INFO - Trainer:3 - Total running time so far: 2h:0m:4s.
2024-05-16 22:11:04,700 - INFO - Trainer:3 - Average time per epoch: 13.83 seconds.
2024-05-16 22:11:04,701 - INFO - Trainer:3 - Approximate time left: 1h:50m:23s.
2024-05-16 22:12:13,639 - INFO - Trainer:3 - Epoch 526/1000 completed in 14.32 seconds.
2024-05-16 22:12:13,639 - INFO - Trainer:3 - Total running time so far: 2h:1m:13s.
2024-05-16 22:12:13,639 - INFO - Trainer:3 - Average time per epoch: 13.83 seconds.
2024-05-16 22:12:13,639 - INFO - Trainer:3 - Approximate time left: 1h:49m:14s.
2024-05-16 22:13:21,635 - INFO - Trainer:3 - Epoch 531/1000 completed in 13.44 seconds.
2024-05-16 22:13:21,635 - INFO - Trainer:3 - Total running time so far: 2h:2m:21s.
2024-05-16 22:13:21,635 - INFO - Trainer:3 - Average time per epoch: 13.83 seconds.
2024-05-16 22:13:21,635 - INFO - Trainer:3 - Approximate time left: 1h:48m:4s.
2024-05-16 22:14:29,688 - INFO - Trainer:3 - Epoch 536/1000 completed in 13.42 seconds.
2024-05-16 22:14:29,688 - INFO - Trainer:3 - Total running time so far: 2h:3m:29s.
2024-05-16 22:14:29,688 - INFO - Trainer:3 - Average time per epoch: 13.82 seconds.
2024-05-16 22:14:29,688 - INFO - Trainer:3 - Approximate time left: 1h:46m:54s.
2024-05-16 22:15:36,649 - INFO - Trainer:3 - Epoch 541/1000 completed in 13.36 seconds.
2024-05-16 22:15:36,649 - INFO - Trainer:3 - Total running time so far: 2h:4m:36s.
2024-05-16 22:15:36,649 - INFO - Trainer:3 - Average time per epoch: 13.82 seconds.
2024-05-16 22:15:36,649 - INFO - Trainer:3 - Approximate time left: 1h:45m:43s.
2024-05-16 22:16:44,623 - INFO - Trainer:3 - Epoch 546/1000 completed in 14.36 seconds.
2024-05-16 22:16:44,623 - INFO - Trainer:3 - Total running time so far: 2h:5m:44s.
2024-05-16 22:16:44,623 - INFO - Trainer:3 - Average time per epoch: 13.82 seconds.
2024-05-16 22:16:44,623 - INFO - Trainer:3 - Approximate time left: 1h:44m:33s.
2024-05-16 22:17:52,159 - INFO - Trainer:3 - Epoch 551/1000 completed in 13.90 seconds.
2024-05-16 22:17:52,160 - INFO - Trainer:3 - Total running time so far: 2h:6m:52s.
2024-05-16 22:17:52,160 - INFO - Trainer:3 - Average time per epoch: 13.82 seconds.
2024-05-16 22:17:52,160 - INFO - Trainer:3 - Approximate time left: 1h:43m:22s.
2024-05-16 22:19:02,129 - INFO - Trainer:3 - Epoch 556/1000 completed in 13.36 seconds.
2024-05-16 22:19:02,129 - INFO - Trainer:3 - Total running time so far: 2h:8m:2s.
2024-05-16 22:19:02,129 - INFO - Trainer:3 - Average time per epoch: 13.82 seconds.
2024-05-16 22:19:02,129 - INFO - Trainer:3 - Approximate time left: 1h:42m:14s.
2024-05-16 22:20:08,829 - INFO - Trainer:3 - Epoch 561/1000 completed in 13.35 seconds.
2024-05-16 22:20:08,830 - INFO - Trainer:3 - Total running time so far: 2h:9m:8s.
2024-05-16 22:20:08,830 - INFO - Trainer:3 - Average time per epoch: 13.81 seconds.
2024-05-16 22:20:08,830 - INFO - Trainer:3 - Approximate time left: 1h:41m:3s.
2024-05-16 22:21:15,286 - INFO - Trainer:3 - Epoch 566/1000 completed in 13.27 seconds.
2024-05-16 22:21:15,286 - INFO - Trainer:3 - Total running time so far: 2h:10m:15s.
2024-05-16 22:21:15,286 - INFO - Trainer:3 - Average time per epoch: 13.81 seconds.
2024-05-16 22:21:15,286 - INFO - Trainer:3 - Approximate time left: 1h:39m:52s.
2024-05-16 22:22:21,821 - INFO - Trainer:3 - Epoch 571/1000 completed in 13.34 seconds.
2024-05-16 22:22:21,822 - INFO - Trainer:3 - Total running time so far: 2h:11m:21s.
2024-05-16 22:22:21,822 - INFO - Trainer:3 - Average time per epoch: 13.80 seconds.
2024-05-16 22:22:21,822 - INFO - Trainer:3 - Approximate time left: 1h:38m:41s.
2024-05-16 22:23:28,513 - INFO - Trainer:3 - Epoch 576/1000 completed in 13.37 seconds.
2024-05-16 22:23:28,513 - INFO - Trainer:3 - Total running time so far: 2h:12m:28s.
2024-05-16 22:23:28,514 - INFO - Trainer:3 - Average time per epoch: 13.80 seconds.
2024-05-16 22:23:28,514 - INFO - Trainer:3 - Approximate time left: 1h:37m:30s.
2024-05-16 22:24:35,188 - INFO - Trainer:3 - Epoch 581/1000 completed in 13.35 seconds.
2024-05-16 22:24:35,189 - INFO - Trainer:3 - Total running time so far: 2h:13m:35s.
2024-05-16 22:24:35,189 - INFO - Trainer:3 - Average time per epoch: 13.80 seconds.
2024-05-16 22:24:35,189 - INFO - Trainer:3 - Approximate time left: 1h:36m:20s.
2024-05-16 22:25:42,995 - INFO - Trainer:3 - Epoch 586/1000 completed in 13.36 seconds.
2024-05-16 22:25:42,995 - INFO - Trainer:3 - Total running time so far: 2h:14m:42s.
2024-05-16 22:25:42,995 - INFO - Trainer:3 - Average time per epoch: 13.79 seconds.
2024-05-16 22:25:42,995 - INFO - Trainer:3 - Approximate time left: 1h:35m:10s.
2024-05-16 22:26:49,991 - INFO - Trainer:3 - Epoch 591/1000 completed in 13.40 seconds.
2024-05-16 22:26:49,991 - INFO - Trainer:3 - Total running time so far: 2h:15m:49s.
2024-05-16 22:26:49,991 - INFO - Trainer:3 - Average time per epoch: 13.79 seconds.
2024-05-16 22:26:49,991 - INFO - Trainer:3 - Approximate time left: 1h:34m:0s.
2024-05-16 22:27:56,962 - INFO - Trainer:3 - Epoch 596/1000 completed in 13.41 seconds.
2024-05-16 22:27:56,962 - INFO - Trainer:3 - Total running time so far: 2h:16m:56s.
2024-05-16 22:27:56,962 - INFO - Trainer:3 - Average time per epoch: 13.79 seconds.
2024-05-16 22:27:56,962 - INFO - Trainer:3 - Approximate time left: 1h:32m:49s.
2024-05-16 22:29:04,552 - INFO - Trainer:3 - Epoch 601/1000 completed in 13.32 seconds.
2024-05-16 22:29:04,553 - INFO - Trainer:3 - Total running time so far: 2h:18m:4s.
2024-05-16 22:29:04,553 - INFO - Trainer:3 - Average time per epoch: 13.78 seconds.
2024-05-16 22:29:04,553 - INFO - Trainer:3 - Approximate time left: 1h:31m:40s.
2024-05-16 22:30:14,996 - INFO - Trainer:3 - Epoch 606/1000 completed in 14.44 seconds.
2024-05-16 22:30:14,996 - INFO - Trainer:3 - Total running time so far: 2h:19m:14s.
2024-05-16 22:30:14,996 - INFO - Trainer:3 - Average time per epoch: 13.79 seconds.
2024-05-16 22:30:14,996 - INFO - Trainer:3 - Approximate time left: 1h:30m:32s.
2024-05-16 22:31:26,062 - INFO - Trainer:3 - Epoch 611/1000 completed in 13.44 seconds.
2024-05-16 22:31:26,062 - INFO - Trainer:3 - Total running time so far: 2h:20m:25s.
2024-05-16 22:31:26,062 - INFO - Trainer:3 - Average time per epoch: 13.79 seconds.
2024-05-16 22:31:26,062 - INFO - Trainer:3 - Approximate time left: 1h:29m:24s.
2024-05-16 22:32:37,358 - INFO - Trainer:3 - Epoch 616/1000 completed in 14.35 seconds.
2024-05-16 22:32:37,358 - INFO - Trainer:3 - Total running time so far: 2h:21m:37s.
2024-05-16 22:32:37,358 - INFO - Trainer:3 - Average time per epoch: 13.79 seconds.
2024-05-16 22:32:37,358 - INFO - Trainer:3 - Approximate time left: 1h:28m:17s.
2024-05-16 22:33:46,442 - INFO - Trainer:3 - Epoch 621/1000 completed in 14.40 seconds.
2024-05-16 22:33:46,442 - INFO - Trainer:3 - Total running time so far: 2h:22m:46s.
2024-05-16 22:33:46,442 - INFO - Trainer:3 - Average time per epoch: 13.79 seconds.
2024-05-16 22:33:46,443 - INFO - Trainer:3 - Approximate time left: 1h:27m:8s.
2024-05-16 22:34:55,244 - INFO - Trainer:3 - Epoch 626/1000 completed in 13.36 seconds.
2024-05-16 22:34:55,244 - INFO - Trainer:3 - Total running time so far: 2h:23m:55s.
2024-05-16 22:34:55,244 - INFO - Trainer:3 - Average time per epoch: 13.79 seconds.
2024-05-16 22:34:55,244 - INFO - Trainer:3 - Approximate time left: 1h:25m:59s.
2024-05-16 22:36:03,138 - INFO - Trainer:3 - Epoch 631/1000 completed in 13.42 seconds.
2024-05-16 22:36:03,138 - INFO - Trainer:3 - Total running time so far: 2h:25m:3s.
2024-05-16 22:36:03,138 - INFO - Trainer:3 - Average time per epoch: 13.79 seconds.
2024-05-16 22:36:03,138 - INFO - Trainer:3 - Approximate time left: 1h:24m:49s.
2024-05-16 22:37:12,016 - INFO - Trainer:3 - Epoch 636/1000 completed in 13.34 seconds.
2024-05-16 22:37:12,016 - INFO - Trainer:3 - Total running time so far: 2h:26m:11s.
2024-05-16 22:37:12,016 - INFO - Trainer:3 - Average time per epoch: 13.79 seconds.
2024-05-16 22:37:12,016 - INFO - Trainer:3 - Approximate time left: 1h:23m:40s.
2024-05-16 22:38:18,868 - INFO - Trainer:3 - Epoch 641/1000 completed in 13.36 seconds.
2024-05-16 22:38:18,868 - INFO - Trainer:3 - Total running time so far: 2h:27m:18s.
2024-05-16 22:38:18,868 - INFO - Trainer:3 - Average time per epoch: 13.79 seconds.
2024-05-16 22:38:18,868 - INFO - Trainer:3 - Approximate time left: 1h:22m:30s.
2024-05-16 22:39:26,617 - INFO - Trainer:3 - Epoch 646/1000 completed in 13.41 seconds.
2024-05-16 22:39:26,617 - INFO - Trainer:3 - Total running time so far: 2h:28m:26s.
2024-05-16 22:39:26,617 - INFO - Trainer:3 - Average time per epoch: 13.79 seconds.
2024-05-16 22:39:26,617 - INFO - Trainer:3 - Approximate time left: 1h:21m:20s.
2024-05-16 22:40:35,396 - INFO - Trainer:3 - Epoch 651/1000 completed in 14.12 seconds.
2024-05-16 22:40:35,397 - INFO - Trainer:3 - Total running time so far: 2h:29m:35s.
2024-05-16 22:40:35,397 - INFO - Trainer:3 - Average time per epoch: 13.79 seconds.
2024-05-16 22:40:35,397 - INFO - Trainer:3 - Approximate time left: 1h:20m:11s.
2024-05-16 22:41:45,916 - INFO - Trainer:3 - Epoch 656/1000 completed in 13.33 seconds.
2024-05-16 22:41:45,916 - INFO - Trainer:3 - Total running time so far: 2h:30m:45s.
2024-05-16 22:41:45,917 - INFO - Trainer:3 - Average time per epoch: 13.79 seconds.
2024-05-16 22:41:45,917 - INFO - Trainer:3 - Approximate time left: 1h:19m:3s.
2024-05-16 22:42:55,452 - INFO - Trainer:3 - Epoch 661/1000 completed in 13.37 seconds.
2024-05-16 22:42:55,452 - INFO - Trainer:3 - Total running time so far: 2h:31m:55s.
2024-05-16 22:42:55,452 - INFO - Trainer:3 - Average time per epoch: 13.79 seconds.
2024-05-16 22:42:55,453 - INFO - Trainer:3 - Approximate time left: 1h:17m:54s.
2024-05-16 22:44:03,332 - INFO - Trainer:3 - Epoch 666/1000 completed in 13.37 seconds.
2024-05-16 22:44:03,332 - INFO - Trainer:3 - Total running time so far: 2h:33m:3s.
2024-05-16 22:44:03,332 - INFO - Trainer:3 - Average time per epoch: 13.79 seconds.
2024-05-16 22:44:03,332 - INFO - Trainer:3 - Approximate time left: 1h:16m:45s.
2024-05-16 22:45:11,218 - INFO - Trainer:3 - Epoch 671/1000 completed in 13.32 seconds.
2024-05-16 22:45:11,218 - INFO - Trainer:3 - Total running time so far: 2h:34m:11s.
2024-05-16 22:45:11,218 - INFO - Trainer:3 - Average time per epoch: 13.79 seconds.
2024-05-16 22:45:11,218 - INFO - Trainer:3 - Approximate time left: 1h:15m:35s.
2024-05-16 22:46:18,027 - INFO - Trainer:3 - Epoch 676/1000 completed in 13.40 seconds.
2024-05-16 22:46:18,028 - INFO - Trainer:3 - Total running time so far: 2h:35m:17s.
2024-05-16 22:46:18,028 - INFO - Trainer:3 - Average time per epoch: 13.78 seconds.
2024-05-16 22:46:18,028 - INFO - Trainer:3 - Approximate time left: 1h:14m:25s.
2024-05-16 22:47:26,650 - INFO - Trainer:3 - Epoch 681/1000 completed in 14.19 seconds.
2024-05-16 22:47:26,651 - INFO - Trainer:3 - Total running time so far: 2h:36m:26s.
2024-05-16 22:47:26,651 - INFO - Trainer:3 - Average time per epoch: 13.78 seconds.
2024-05-16 22:47:26,651 - INFO - Trainer:3 - Approximate time left: 1h:13m:16s.
2024-05-16 22:48:33,434 - INFO - Trainer:3 - Epoch 686/1000 completed in 13.42 seconds.
2024-05-16 22:48:33,434 - INFO - Trainer:3 - Total running time so far: 2h:37m:33s.
2024-05-16 22:48:33,434 - INFO - Trainer:3 - Average time per epoch: 13.78 seconds.
2024-05-16 22:48:33,434 - INFO - Trainer:3 - Approximate time left: 1h:12m:7s.
2024-05-16 22:49:41,823 - INFO - Trainer:3 - Epoch 691/1000 completed in 13.35 seconds.
2024-05-16 22:49:41,823 - INFO - Trainer:3 - Total running time so far: 2h:38m:41s.
2024-05-16 22:49:41,823 - INFO - Trainer:3 - Average time per epoch: 13.78 seconds.
2024-05-16 22:49:41,823 - INFO - Trainer:3 - Approximate time left: 1h:10m:57s.
2024-05-16 22:50:49,708 - INFO - Trainer:3 - Epoch 696/1000 completed in 13.40 seconds.
2024-05-16 22:50:49,708 - INFO - Trainer:3 - Total running time so far: 2h:39m:49s.
2024-05-16 22:50:49,709 - INFO - Trainer:3 - Average time per epoch: 13.78 seconds.
2024-05-16 22:50:49,709 - INFO - Trainer:3 - Approximate time left: 1h:9m:48s.
2024-05-16 22:51:59,282 - INFO - Trainer:3 - Epoch 701/1000 completed in 13.33 seconds.
2024-05-16 22:51:59,282 - INFO - Trainer:3 - Total running time so far: 2h:40m:59s.
2024-05-16 22:51:59,282 - INFO - Trainer:3 - Average time per epoch: 13.78 seconds.
2024-05-16 22:51:59,282 - INFO - Trainer:3 - Approximate time left: 1h:8m:39s.
2024-05-16 22:53:08,093 - INFO - Trainer:3 - Epoch 706/1000 completed in 13.33 seconds.
2024-05-16 22:53:08,093 - INFO - Trainer:3 - Total running time so far: 2h:42m:7s.
2024-05-16 22:53:08,093 - INFO - Trainer:3 - Average time per epoch: 13.78 seconds.
2024-05-16 22:53:08,093 - INFO - Trainer:3 - Approximate time left: 1h:7m:31s.
2024-05-16 22:54:14,961 - INFO - Trainer:3 - Epoch 711/1000 completed in 13.35 seconds.
2024-05-16 22:54:14,961 - INFO - Trainer:3 - Total running time so far: 2h:43m:14s.
2024-05-16 22:54:14,961 - INFO - Trainer:3 - Average time per epoch: 13.78 seconds.
2024-05-16 22:54:14,961 - INFO - Trainer:3 - Approximate time left: 1h:6m:21s.
2024-05-16 22:55:22,608 - INFO - Trainer:3 - Epoch 716/1000 completed in 13.36 seconds.
2024-05-16 22:55:22,608 - INFO - Trainer:3 - Total running time so far: 2h:44m:22s.
2024-05-16 22:55:22,608 - INFO - Trainer:3 - Average time per epoch: 13.77 seconds.
2024-05-16 22:55:22,608 - INFO - Trainer:3 - Approximate time left: 1h:5m:11s.
2024-05-16 22:56:29,417 - INFO - Trainer:3 - Epoch 721/1000 completed in 13.28 seconds.
2024-05-16 22:56:29,417 - INFO - Trainer:3 - Total running time so far: 2h:45m:29s.
2024-05-16 22:56:29,417 - INFO - Trainer:3 - Average time per epoch: 13.77 seconds.
2024-05-16 22:56:29,417 - INFO - Trainer:3 - Approximate time left: 1h:4m:2s.
2024-05-16 22:57:38,189 - INFO - Trainer:3 - Epoch 726/1000 completed in 13.37 seconds.
2024-05-16 22:57:38,189 - INFO - Trainer:3 - Total running time so far: 2h:46m:38s.
2024-05-16 22:57:38,189 - INFO - Trainer:3 - Average time per epoch: 13.77 seconds.
2024-05-16 22:57:38,189 - INFO - Trainer:3 - Approximate time left: 1h:2m:53s.
2024-05-16 22:58:46,387 - INFO - Trainer:3 - Epoch 731/1000 completed in 14.11 seconds.
2024-05-16 22:58:46,388 - INFO - Trainer:3 - Total running time so far: 2h:47m:46s.
2024-05-16 22:58:46,388 - INFO - Trainer:3 - Average time per epoch: 13.77 seconds.
2024-05-16 22:58:46,388 - INFO - Trainer:3 - Approximate time left: 1h:1m:44s.
2024-05-16 22:59:53,397 - INFO - Trainer:3 - Epoch 736/1000 completed in 13.37 seconds.
2024-05-16 22:59:53,398 - INFO - Trainer:3 - Total running time so far: 2h:48m:53s.
2024-05-16 22:59:53,398 - INFO - Trainer:3 - Average time per epoch: 13.77 seconds.
2024-05-16 22:59:53,398 - INFO - Trainer:3 - Approximate time left: 1h:0m:34s.
2024-05-16 23:01:03,167 - INFO - Trainer:3 - Epoch 741/1000 completed in 14.28 seconds.
2024-05-16 23:01:03,168 - INFO - Trainer:3 - Total running time so far: 2h:50m:3s.
2024-05-16 23:01:03,168 - INFO - Trainer:3 - Average time per epoch: 13.77 seconds.
2024-05-16 23:01:03,168 - INFO - Trainer:3 - Approximate time left: 0h:59m:26s.
2024-05-16 23:02:11,400 - INFO - Trainer:3 - Epoch 746/1000 completed in 14.25 seconds.
2024-05-16 23:02:11,401 - INFO - Trainer:3 - Total running time so far: 2h:51m:11s.
2024-05-16 23:02:11,401 - INFO - Trainer:3 - Average time per epoch: 13.77 seconds.
2024-05-16 23:02:11,401 - INFO - Trainer:3 - Approximate time left: 0h:58m:17s.
2024-05-16 23:03:19,001 - INFO - Trainer:3 - Epoch 751/1000 completed in 13.42 seconds.
2024-05-16 23:03:19,001 - INFO - Trainer:3 - Total running time so far: 2h:52m:18s.
2024-05-16 23:03:19,001 - INFO - Trainer:3 - Average time per epoch: 13.77 seconds.
2024-05-16 23:03:19,001 - INFO - Trainer:3 - Approximate time left: 0h:57m:7s.
2024-05-16 23:04:28,064 - INFO - Trainer:3 - Epoch 756/1000 completed in 13.42 seconds.
2024-05-16 23:04:28,064 - INFO - Trainer:3 - Total running time so far: 2h:53m:27s.
2024-05-16 23:04:28,064 - INFO - Trainer:3 - Average time per epoch: 13.77 seconds.
2024-05-16 23:04:28,064 - INFO - Trainer:3 - Approximate time left: 0h:55m:59s.
2024-05-16 23:05:34,956 - INFO - Trainer:3 - Epoch 761/1000 completed in 13.33 seconds.
2024-05-16 23:05:34,957 - INFO - Trainer:3 - Total running time so far: 2h:54m:34s.
2024-05-16 23:05:34,957 - INFO - Trainer:3 - Average time per epoch: 13.76 seconds.
2024-05-16 23:05:34,957 - INFO - Trainer:3 - Approximate time left: 0h:54m:49s.
