2024-05-16 20:13:28,628 - INFO - Trainer:5 - Epoch 1/1000 completed in 149.04 seconds.
2024-05-16 20:13:28,628 - INFO - Trainer:5 - Total running time so far: 0h:2m:29s.
2024-05-16 20:13:28,629 - INFO - Trainer:5 - Average time per epoch: 149.04 seconds.
2024-05-16 20:13:28,629 - INFO - Trainer:5 - Approximate time left: 41h:21m:28s.
2024-05-16 20:14:40,819 - INFO - Trainer:5 - Epoch 6/1000 completed in 14.06 seconds.
2024-05-16 20:14:40,819 - INFO - Trainer:5 - Total running time so far: 0h:3m:41s.
2024-05-16 20:14:40,819 - INFO - Trainer:5 - Average time per epoch: 36.87 seconds.
2024-05-16 20:14:40,819 - INFO - Trainer:5 - Approximate time left: 10h:10m:50s.
2024-05-16 20:15:51,128 - INFO - Trainer:5 - Epoch 11/1000 completed in 14.37 seconds.
2024-05-16 20:15:51,128 - INFO - Trainer:5 - Total running time so far: 0h:4m:51s.
2024-05-16 20:15:51,128 - INFO - Trainer:5 - Average time per epoch: 26.50 seconds.
2024-05-16 20:15:51,128 - INFO - Trainer:5 - Approximate time left: 7h:16m:51s.
2024-05-16 20:17:03,163 - INFO - Trainer:5 - Epoch 16/1000 completed in 14.38 seconds.
2024-05-16 20:17:03,163 - INFO - Trainer:5 - Total running time so far: 0h:6m:3s.
2024-05-16 20:17:03,163 - INFO - Trainer:5 - Average time per epoch: 22.72 seconds.
2024-05-16 20:17:03,163 - INFO - Trainer:5 - Approximate time left: 6h:12m:39s.
2024-05-16 20:18:12,963 - INFO - Trainer:5 - Epoch 21/1000 completed in 14.33 seconds.
2024-05-16 20:18:12,963 - INFO - Trainer:5 - Total running time so far: 0h:7m:13s.
2024-05-16 20:18:12,963 - INFO - Trainer:5 - Average time per epoch: 20.64 seconds.
2024-05-16 20:18:12,963 - INFO - Trainer:5 - Approximate time left: 5h:36m:43s.
2024-05-16 20:19:23,859 - INFO - Trainer:5 - Epoch 26/1000 completed in 14.38 seconds.
2024-05-16 20:19:23,859 - INFO - Trainer:5 - Total running time so far: 0h:8m:24s.
2024-05-16 20:19:23,859 - INFO - Trainer:5 - Average time per epoch: 19.39 seconds.
2024-05-16 20:19:23,859 - INFO - Trainer:5 - Approximate time left: 5h:14m:50s.
2024-05-16 20:20:33,778 - INFO - Trainer:5 - Epoch 31/1000 completed in 14.36 seconds.
2024-05-16 20:20:33,778 - INFO - Trainer:5 - Total running time so far: 0h:9m:34s.
2024-05-16 20:20:33,778 - INFO - Trainer:5 - Average time per epoch: 18.52 seconds.
2024-05-16 20:20:33,778 - INFO - Trainer:5 - Approximate time left: 4h:59m:7s.
2024-05-16 20:21:43,647 - INFO - Trainer:5 - Epoch 36/1000 completed in 13.47 seconds.
2024-05-16 20:21:43,647 - INFO - Trainer:5 - Total running time so far: 0h:10m:44s.
2024-05-16 20:21:43,647 - INFO - Trainer:5 - Average time per epoch: 17.89 seconds.
2024-05-16 20:21:43,647 - INFO - Trainer:5 - Approximate time left: 4h:47m:26s.
2024-05-16 20:22:51,714 - INFO - Trainer:5 - Epoch 41/1000 completed in 13.44 seconds.
2024-05-16 20:22:51,715 - INFO - Trainer:5 - Total running time so far: 0h:11m:52s.
2024-05-16 20:22:51,715 - INFO - Trainer:5 - Average time per epoch: 17.37 seconds.
2024-05-16 20:22:51,715 - INFO - Trainer:5 - Approximate time left: 4h:37m:36s.
2024-05-16 20:24:00,713 - INFO - Trainer:5 - Epoch 46/1000 completed in 13.47 seconds.
2024-05-16 20:24:00,713 - INFO - Trainer:5 - Total running time so far: 0h:13m:1s.
2024-05-16 20:24:00,714 - INFO - Trainer:5 - Average time per epoch: 16.98 seconds.
2024-05-16 20:24:00,714 - INFO - Trainer:5 - Approximate time left: 4h:29m:59s.
2024-05-16 20:25:08,826 - INFO - Trainer:5 - Epoch 51/1000 completed in 13.44 seconds.
2024-05-16 20:25:08,826 - INFO - Trainer:5 - Total running time so far: 0h:14m:9s.
2024-05-16 20:25:08,826 - INFO - Trainer:5 - Average time per epoch: 16.65 seconds.
2024-05-16 20:25:08,826 - INFO - Trainer:5 - Approximate time left: 4h:23m:22s.
2024-05-16 20:26:20,482 - INFO - Trainer:5 - Epoch 56/1000 completed in 13.45 seconds.
2024-05-16 20:26:20,482 - INFO - Trainer:5 - Total running time so far: 0h:15m:20s.
2024-05-16 20:26:20,482 - INFO - Trainer:5 - Average time per epoch: 16.44 seconds.
2024-05-16 20:26:20,482 - INFO - Trainer:5 - Approximate time left: 4h:18m:43s.
2024-05-16 20:27:28,115 - INFO - Trainer:5 - Epoch 61/1000 completed in 13.32 seconds.
2024-05-16 20:27:28,116 - INFO - Trainer:5 - Total running time so far: 0h:16m:28s.
2024-05-16 20:27:28,116 - INFO - Trainer:5 - Average time per epoch: 16.21 seconds.
2024-05-16 20:27:28,116 - INFO - Trainer:5 - Approximate time left: 4h:13m:36s.
2024-05-16 20:28:37,999 - INFO - Trainer:5 - Epoch 66/1000 completed in 13.30 seconds.
2024-05-16 20:28:37,999 - INFO - Trainer:5 - Total running time so far: 0h:17m:38s.
2024-05-16 20:28:37,999 - INFO - Trainer:5 - Average time per epoch: 16.04 seconds.
2024-05-16 20:28:37,999 - INFO - Trainer:5 - Approximate time left: 4h:9m:37s.
2024-05-16 20:29:45,486 - INFO - Trainer:5 - Epoch 71/1000 completed in 13.38 seconds.
2024-05-16 20:29:45,486 - INFO - Trainer:5 - Total running time so far: 0h:18m:45s.
2024-05-16 20:29:45,486 - INFO - Trainer:5 - Average time per epoch: 15.86 seconds.
2024-05-16 20:29:45,486 - INFO - Trainer:5 - Approximate time left: 4h:5m:31s.
2024-05-16 20:30:54,267 - INFO - Trainer:5 - Epoch 76/1000 completed in 13.28 seconds.
2024-05-16 20:30:54,267 - INFO - Trainer:5 - Total running time so far: 0h:19m:54s.
2024-05-16 20:30:54,267 - INFO - Trainer:5 - Average time per epoch: 15.72 seconds.
2024-05-16 20:30:54,267 - INFO - Trainer:5 - Approximate time left: 4h:2m:4s.
2024-05-16 20:32:02,582 - INFO - Trainer:5 - Epoch 81/1000 completed in 14.24 seconds.
2024-05-16 20:32:02,582 - INFO - Trainer:5 - Total running time so far: 0h:21m:2s.
2024-05-16 20:32:02,582 - INFO - Trainer:5 - Average time per epoch: 15.59 seconds.
2024-05-16 20:32:02,582 - INFO - Trainer:5 - Approximate time left: 3h:58m:49s.
2024-05-16 20:33:10,084 - INFO - Trainer:5 - Epoch 86/1000 completed in 13.26 seconds.
2024-05-16 20:33:10,084 - INFO - Trainer:5 - Total running time so far: 0h:22m:10s.
2024-05-16 20:33:10,084 - INFO - Trainer:5 - Average time per epoch: 15.47 seconds.
2024-05-16 20:33:10,084 - INFO - Trainer:5 - Approximate time left: 3h:55m:40s.
2024-05-16 20:34:18,129 - INFO - Trainer:5 - Epoch 91/1000 completed in 13.32 seconds.
2024-05-16 20:34:18,129 - INFO - Trainer:5 - Total running time so far: 0h:23m:18s.
2024-05-16 20:34:18,129 - INFO - Trainer:5 - Average time per epoch: 15.37 seconds.
2024-05-16 20:34:18,130 - INFO - Trainer:5 - Approximate time left: 3h:52m:49s.
2024-05-16 20:35:25,496 - INFO - Trainer:5 - Epoch 96/1000 completed in 13.32 seconds.
2024-05-16 20:35:25,496 - INFO - Trainer:5 - Total running time so far: 0h:24m:25s.
2024-05-16 20:35:25,496 - INFO - Trainer:5 - Average time per epoch: 15.27 seconds.
2024-05-16 20:35:25,496 - INFO - Trainer:5 - Approximate time left: 3h:50m:3s.
2024-05-16 20:36:34,935 - INFO - Trainer:5 - Epoch 101/1000 completed in 14.33 seconds.
2024-05-16 20:36:34,936 - INFO - Trainer:5 - Total running time so far: 0h:25m:35s.
2024-05-16 20:36:34,936 - INFO - Trainer:5 - Average time per epoch: 15.20 seconds.
2024-05-16 20:36:34,936 - INFO - Trainer:5 - Approximate time left: 3h:47m:45s.
2024-05-16 20:37:46,121 - INFO - Trainer:5 - Epoch 106/1000 completed in 13.37 seconds.
2024-05-16 20:37:46,121 - INFO - Trainer:5 - Total running time so far: 0h:26m:46s.
2024-05-16 20:37:46,121 - INFO - Trainer:5 - Average time per epoch: 15.16 seconds.
2024-05-16 20:37:46,121 - INFO - Trainer:5 - Approximate time left: 3h:45m:49s.
2024-05-16 20:38:54,800 - INFO - Trainer:5 - Epoch 111/1000 completed in 13.30 seconds.
2024-05-16 20:38:54,800 - INFO - Trainer:5 - Total running time so far: 0h:27m:55s.
2024-05-16 20:38:54,800 - INFO - Trainer:5 - Average time per epoch: 15.09 seconds.
2024-05-16 20:38:54,801 - INFO - Trainer:5 - Approximate time left: 3h:43m:36s.
2024-05-16 20:40:04,548 - INFO - Trainer:5 - Epoch 116/1000 completed in 13.29 seconds.
2024-05-16 20:40:04,548 - INFO - Trainer:5 - Total running time so far: 0h:29m:4s.
2024-05-16 20:40:04,548 - INFO - Trainer:5 - Average time per epoch: 15.04 seconds.
2024-05-16 20:40:04,548 - INFO - Trainer:5 - Approximate time left: 3h:41m:37s.
2024-05-16 20:41:12,259 - INFO - Trainer:5 - Epoch 121/1000 completed in 14.26 seconds.
2024-05-16 20:41:12,259 - INFO - Trainer:5 - Total running time so far: 0h:30m:12s.
2024-05-16 20:41:12,260 - INFO - Trainer:5 - Average time per epoch: 14.98 seconds.
2024-05-16 20:41:12,260 - INFO - Trainer:5 - Approximate time left: 3h:39m:27s.
2024-05-16 20:42:19,747 - INFO - Trainer:5 - Epoch 126/1000 completed in 13.26 seconds.
2024-05-16 20:42:19,748 - INFO - Trainer:5 - Total running time so far: 0h:31m:20s.
2024-05-16 20:42:19,748 - INFO - Trainer:5 - Average time per epoch: 14.92 seconds.
2024-05-16 20:42:19,748 - INFO - Trainer:5 - Approximate time left: 3h:37m:21s.
2024-05-16 20:43:28,954 - INFO - Trainer:5 - Epoch 131/1000 completed in 14.20 seconds.
2024-05-16 20:43:28,955 - INFO - Trainer:5 - Total running time so far: 0h:32m:29s.
2024-05-16 20:43:28,955 - INFO - Trainer:5 - Average time per epoch: 14.88 seconds.
2024-05-16 20:43:28,955 - INFO - Trainer:5 - Approximate time left: 3h:35m:31s.
2024-05-16 20:44:37,494 - INFO - Trainer:5 - Epoch 136/1000 completed in 14.17 seconds.
2024-05-16 20:44:37,494 - INFO - Trainer:5 - Total running time so far: 0h:33m:37s.
2024-05-16 20:44:37,494 - INFO - Trainer:5 - Average time per epoch: 14.84 seconds.
2024-05-16 20:44:37,495 - INFO - Trainer:5 - Approximate time left: 3h:33m:39s.
2024-05-16 20:45:44,516 - INFO - Trainer:5 - Epoch 141/1000 completed in 13.57 seconds.
2024-05-16 20:45:44,517 - INFO - Trainer:5 - Total running time so far: 0h:34m:44s.
2024-05-16 20:45:44,517 - INFO - Trainer:5 - Average time per epoch: 14.79 seconds.
2024-05-16 20:45:44,517 - INFO - Trainer:5 - Approximate time left: 3h:31m:41s.
2024-05-16 20:46:51,881 - INFO - Trainer:5 - Epoch 146/1000 completed in 14.12 seconds.
2024-05-16 20:46:51,881 - INFO - Trainer:5 - Total running time so far: 0h:35m:52s.
2024-05-16 20:46:51,881 - INFO - Trainer:5 - Average time per epoch: 14.74 seconds.
2024-05-16 20:46:51,881 - INFO - Trainer:5 - Approximate time left: 3h:29m:49s.
2024-05-16 20:47:58,458 - INFO - Trainer:5 - Epoch 151/1000 completed in 13.36 seconds.
2024-05-16 20:47:58,458 - INFO - Trainer:5 - Total running time so far: 0h:36m:58s.
2024-05-16 20:47:58,458 - INFO - Trainer:5 - Average time per epoch: 14.69 seconds.
2024-05-16 20:47:58,458 - INFO - Trainer:5 - Approximate time left: 3h:27m:55s.
2024-05-16 20:49:08,252 - INFO - Trainer:5 - Epoch 156/1000 completed in 13.36 seconds.
2024-05-16 20:49:08,253 - INFO - Trainer:5 - Total running time so far: 0h:38m:8s.
2024-05-16 20:49:08,253 - INFO - Trainer:5 - Average time per epoch: 14.67 seconds.
2024-05-16 20:49:08,253 - INFO - Trainer:5 - Approximate time left: 3h:26m:22s.
2024-05-16 20:50:15,101 - INFO - Trainer:5 - Epoch 161/1000 completed in 13.33 seconds.
2024-05-16 20:50:15,101 - INFO - Trainer:5 - Total running time so far: 0h:39m:15s.
2024-05-16 20:50:15,101 - INFO - Trainer:5 - Average time per epoch: 14.63 seconds.
2024-05-16 20:50:15,101 - INFO - Trainer:5 - Approximate time left: 3h:24m:34s.
2024-05-16 20:51:21,819 - INFO - Trainer:5 - Epoch 166/1000 completed in 13.33 seconds.
2024-05-16 20:51:21,820 - INFO - Trainer:5 - Total running time so far: 0h:40m:22s.
2024-05-16 20:51:21,820 - INFO - Trainer:5 - Average time per epoch: 14.59 seconds.
2024-05-16 20:51:21,820 - INFO - Trainer:5 - Approximate time left: 3h:22m:49s.
2024-05-16 20:52:29,510 - INFO - Trainer:5 - Epoch 171/1000 completed in 13.38 seconds.
2024-05-16 20:52:29,510 - INFO - Trainer:5 - Total running time so far: 0h:41m:29s.
2024-05-16 20:52:29,510 - INFO - Trainer:5 - Average time per epoch: 14.56 seconds.
2024-05-16 20:52:29,510 - INFO - Trainer:5 - Approximate time left: 3h:21m:10s.
2024-05-16 20:53:37,115 - INFO - Trainer:5 - Epoch 176/1000 completed in 13.30 seconds.
2024-05-16 20:53:37,115 - INFO - Trainer:5 - Total running time so far: 0h:42m:37s.
2024-05-16 20:53:37,115 - INFO - Trainer:5 - Average time per epoch: 14.53 seconds.
2024-05-16 20:53:37,115 - INFO - Trainer:5 - Approximate time left: 3h:19m:33s.
2024-05-16 20:54:44,357 - INFO - Trainer:5 - Epoch 181/1000 completed in 13.29 seconds.
2024-05-16 20:54:44,357 - INFO - Trainer:5 - Total running time so far: 0h:43m:44s.
2024-05-16 20:54:44,357 - INFO - Trainer:5 - Average time per epoch: 14.50 seconds.
2024-05-16 20:54:44,358 - INFO - Trainer:5 - Approximate time left: 3h:17m:56s.
2024-05-16 20:55:51,325 - INFO - Trainer:5 - Epoch 186/1000 completed in 13.19 seconds.
2024-05-16 20:55:51,325 - INFO - Trainer:5 - Total running time so far: 0h:44m:51s.
2024-05-16 20:55:51,325 - INFO - Trainer:5 - Average time per epoch: 14.47 seconds.
2024-05-16 20:55:51,326 - INFO - Trainer:5 - Approximate time left: 3h:16m:19s.
2024-05-16 20:56:58,820 - INFO - Trainer:5 - Epoch 191/1000 completed in 13.33 seconds.
2024-05-16 20:56:58,820 - INFO - Trainer:5 - Total running time so far: 0h:45m:59s.
2024-05-16 20:56:58,820 - INFO - Trainer:5 - Average time per epoch: 14.45 seconds.
2024-05-16 20:56:58,820 - INFO - Trainer:5 - Approximate time left: 3h:14m:46s.
2024-05-16 20:58:05,369 - INFO - Trainer:5 - Epoch 196/1000 completed in 13.28 seconds.
2024-05-16 20:58:05,370 - INFO - Trainer:5 - Total running time so far: 0h:47m:5s.
2024-05-16 20:58:05,370 - INFO - Trainer:5 - Average time per epoch: 14.42 seconds.
2024-05-16 20:58:05,370 - INFO - Trainer:5 - Approximate time left: 3h:13m:11s.
2024-05-16 20:59:13,636 - INFO - Trainer:5 - Epoch 201/1000 completed in 13.28 seconds.
2024-05-16 20:59:13,636 - INFO - Trainer:5 - Total running time so far: 0h:48m:13s.
2024-05-16 20:59:13,636 - INFO - Trainer:5 - Average time per epoch: 14.40 seconds.
2024-05-16 20:59:13,636 - INFO - Trainer:5 - Approximate time left: 3h:11m:43s.
2024-05-16 21:00:23,307 - INFO - Trainer:5 - Epoch 206/1000 completed in 13.31 seconds.
2024-05-16 21:00:23,307 - INFO - Trainer:5 - Total running time so far: 0h:49m:23s.
2024-05-16 21:00:23,307 - INFO - Trainer:5 - Average time per epoch: 14.39 seconds.
2024-05-16 21:00:23,307 - INFO - Trainer:5 - Approximate time left: 3h:10m:23s.
2024-05-16 21:01:31,654 - INFO - Trainer:5 - Epoch 211/1000 completed in 14.19 seconds.
2024-05-16 21:01:31,654 - INFO - Trainer:5 - Total running time so far: 0h:50m:32s.
2024-05-16 21:01:31,654 - INFO - Trainer:5 - Average time per epoch: 14.37 seconds.
2024-05-16 21:01:31,654 - INFO - Trainer:5 - Approximate time left: 3h:8m:57s.
2024-05-16 21:02:39,796 - INFO - Trainer:5 - Epoch 216/1000 completed in 13.29 seconds.
2024-05-16 21:02:39,797 - INFO - Trainer:5 - Total running time so far: 0h:51m:40s.
2024-05-16 21:02:39,797 - INFO - Trainer:5 - Average time per epoch: 14.35 seconds.
2024-05-16 21:02:39,797 - INFO - Trainer:5 - Approximate time left: 3h:7m:32s.
2024-05-16 21:03:47,322 - INFO - Trainer:5 - Epoch 221/1000 completed in 13.27 seconds.
2024-05-16 21:03:47,322 - INFO - Trainer:5 - Total running time so far: 0h:52m:47s.
2024-05-16 21:03:47,322 - INFO - Trainer:5 - Average time per epoch: 14.33 seconds.
2024-05-16 21:03:47,322 - INFO - Trainer:5 - Approximate time left: 3h:6m:5s.
2024-05-16 21:04:53,794 - INFO - Trainer:5 - Epoch 226/1000 completed in 13.29 seconds.
2024-05-16 21:04:53,794 - INFO - Trainer:5 - Total running time so far: 0h:53m:54s.
2024-05-16 21:04:53,794 - INFO - Trainer:5 - Average time per epoch: 14.31 seconds.
2024-05-16 21:04:53,795 - INFO - Trainer:5 - Approximate time left: 3h:4m:36s.
2024-05-16 21:06:00,265 - INFO - Trainer:5 - Epoch 231/1000 completed in 13.31 seconds.
2024-05-16 21:06:00,265 - INFO - Trainer:5 - Total running time so far: 0h:55m:0s.
2024-05-16 21:06:00,265 - INFO - Trainer:5 - Average time per epoch: 14.29 seconds.
2024-05-16 21:06:00,265 - INFO - Trainer:5 - Approximate time left: 3h:3m:7s.
2024-05-16 21:07:07,491 - INFO - Trainer:5 - Epoch 236/1000 completed in 13.27 seconds.
2024-05-16 21:07:07,491 - INFO - Trainer:5 - Total running time so far: 0h:56m:7s.
2024-05-16 21:07:07,491 - INFO - Trainer:5 - Average time per epoch: 14.27 seconds.
2024-05-16 21:07:07,491 - INFO - Trainer:5 - Approximate time left: 3h:1m:42s.
2024-05-16 21:08:14,269 - INFO - Trainer:5 - Epoch 241/1000 completed in 13.46 seconds.
2024-05-16 21:08:14,269 - INFO - Trainer:5 - Total running time so far: 0h:57m:14s.
2024-05-16 21:08:14,269 - INFO - Trainer:5 - Average time per epoch: 14.25 seconds.
2024-05-16 21:08:14,269 - INFO - Trainer:5 - Approximate time left: 3h:0m:16s.
2024-05-16 21:09:21,219 - INFO - Trainer:5 - Epoch 246/1000 completed in 13.33 seconds.
2024-05-16 21:09:21,219 - INFO - Trainer:5 - Total running time so far: 0h:58m:21s.
2024-05-16 21:09:21,219 - INFO - Trainer:5 - Average time per epoch: 14.23 seconds.
2024-05-16 21:09:21,219 - INFO - Trainer:5 - Approximate time left: 2h:58m:52s.
2024-05-16 21:10:29,357 - INFO - Trainer:5 - Epoch 251/1000 completed in 13.38 seconds.
2024-05-16 21:10:29,358 - INFO - Trainer:5 - Total running time so far: 0h:59m:29s.
2024-05-16 21:10:29,358 - INFO - Trainer:5 - Average time per epoch: 14.22 seconds.
2024-05-16 21:10:29,358 - INFO - Trainer:5 - Approximate time left: 2h:57m:32s.
2024-05-16 21:11:39,022 - INFO - Trainer:5 - Epoch 256/1000 completed in 13.31 seconds.
2024-05-16 21:11:39,022 - INFO - Trainer:5 - Total running time so far: 1h:0m:39s.
2024-05-16 21:11:39,022 - INFO - Trainer:5 - Average time per epoch: 14.22 seconds.
2024-05-16 21:11:39,023 - INFO - Trainer:5 - Approximate time left: 2h:56m:16s.
2024-05-16 21:12:46,427 - INFO - Trainer:5 - Epoch 261/1000 completed in 13.28 seconds.
2024-05-16 21:12:46,427 - INFO - Trainer:5 - Total running time so far: 1h:1m:46s.
2024-05-16 21:12:46,427 - INFO - Trainer:5 - Average time per epoch: 14.20 seconds.
2024-05-16 21:12:46,428 - INFO - Trainer:5 - Approximate time left: 2h:54m:55s.
2024-05-16 21:13:53,034 - INFO - Trainer:5 - Epoch 266/1000 completed in 13.38 seconds.
2024-05-16 21:13:53,035 - INFO - Trainer:5 - Total running time so far: 1h:2m:53s.
2024-05-16 21:13:53,035 - INFO - Trainer:5 - Average time per epoch: 14.19 seconds.
2024-05-16 21:13:53,035 - INFO - Trainer:5 - Approximate time left: 2h:53m:32s.
2024-05-16 21:15:00,539 - INFO - Trainer:5 - Epoch 271/1000 completed in 13.28 seconds.
2024-05-16 21:15:00,539 - INFO - Trainer:5 - Total running time so far: 1h:4m:0s.
2024-05-16 21:15:00,540 - INFO - Trainer:5 - Average time per epoch: 14.17 seconds.
2024-05-16 21:15:00,540 - INFO - Trainer:5 - Approximate time left: 2h:52m:12s.
2024-05-16 21:16:07,118 - INFO - Trainer:5 - Epoch 276/1000 completed in 13.29 seconds.
2024-05-16 21:16:07,118 - INFO - Trainer:5 - Total running time so far: 1h:5m:7s.
2024-05-16 21:16:07,118 - INFO - Trainer:5 - Average time per epoch: 14.16 seconds.
2024-05-16 21:16:07,118 - INFO - Trainer:5 - Approximate time left: 2h:50m:49s.
2024-05-16 21:17:13,745 - INFO - Trainer:5 - Epoch 281/1000 completed in 13.27 seconds.
2024-05-16 21:17:13,745 - INFO - Trainer:5 - Total running time so far: 1h:6m:14s.
2024-05-16 21:17:13,745 - INFO - Trainer:5 - Average time per epoch: 14.14 seconds.
2024-05-16 21:17:13,746 - INFO - Trainer:5 - Approximate time left: 2h:49m:28s.
2024-05-16 21:18:21,082 - INFO - Trainer:5 - Epoch 286/1000 completed in 14.13 seconds.
2024-05-16 21:18:21,082 - INFO - Trainer:5 - Total running time so far: 1h:7m:21s.
2024-05-16 21:18:21,082 - INFO - Trainer:5 - Average time per epoch: 14.13 seconds.
2024-05-16 21:18:21,082 - INFO - Trainer:5 - Approximate time left: 2h:48m:9s.
2024-05-16 21:19:27,511 - INFO - Trainer:5 - Epoch 291/1000 completed in 13.32 seconds.
2024-05-16 21:19:27,512 - INFO - Trainer:5 - Total running time so far: 1h:8m:27s.
2024-05-16 21:19:27,512 - INFO - Trainer:5 - Average time per epoch: 14.12 seconds.
2024-05-16 21:19:27,512 - INFO - Trainer:5 - Approximate time left: 2h:46m:48s.
2024-05-16 21:20:34,410 - INFO - Trainer:5 - Epoch 296/1000 completed in 13.32 seconds.
2024-05-16 21:20:34,410 - INFO - Trainer:5 - Total running time so far: 1h:9m:34s.
2024-05-16 21:20:34,410 - INFO - Trainer:5 - Average time per epoch: 14.10 seconds.
2024-05-16 21:20:34,410 - INFO - Trainer:5 - Approximate time left: 2h:45m:29s.
2024-05-16 21:21:40,895 - INFO - Trainer:5 - Epoch 301/1000 completed in 13.26 seconds.
2024-05-16 21:21:40,896 - INFO - Trainer:5 - Total running time so far: 1h:10m:41s.
2024-05-16 21:21:40,896 - INFO - Trainer:5 - Average time per epoch: 14.09 seconds.
2024-05-16 21:21:40,896 - INFO - Trainer:5 - Approximate time left: 2h:44m:9s.
2024-05-16 21:22:50,348 - INFO - Trainer:5 - Epoch 306/1000 completed in 13.33 seconds.
2024-05-16 21:22:50,349 - INFO - Trainer:5 - Total running time so far: 1h:11m:50s.
2024-05-16 21:22:50,349 - INFO - Trainer:5 - Average time per epoch: 14.09 seconds.
2024-05-16 21:22:50,349 - INFO - Trainer:5 - Approximate time left: 2h:42m:56s.
2024-05-16 21:23:58,667 - INFO - Trainer:5 - Epoch 311/1000 completed in 13.31 seconds.
2024-05-16 21:23:58,667 - INFO - Trainer:5 - Total running time so far: 1h:12m:58s.
2024-05-16 21:23:58,667 - INFO - Trainer:5 - Average time per epoch: 14.08 seconds.
2024-05-16 21:23:58,667 - INFO - Trainer:5 - Approximate time left: 2h:41m:41s.
2024-05-16 21:25:05,105 - INFO - Trainer:5 - Epoch 316/1000 completed in 13.28 seconds.
2024-05-16 21:25:05,106 - INFO - Trainer:5 - Total running time so far: 1h:14m:5s.
2024-05-16 21:25:05,106 - INFO - Trainer:5 - Average time per epoch: 14.07 seconds.
2024-05-16 21:25:05,106 - INFO - Trainer:5 - Approximate time left: 2h:40m:22s.
2024-05-16 21:26:11,751 - INFO - Trainer:5 - Epoch 321/1000 completed in 13.34 seconds.
2024-05-16 21:26:11,751 - INFO - Trainer:5 - Total running time so far: 1h:15m:12s.
2024-05-16 21:26:11,751 - INFO - Trainer:5 - Average time per epoch: 14.06 seconds.
2024-05-16 21:26:11,752 - INFO - Trainer:5 - Approximate time left: 2h:39m:4s.
2024-05-16 21:27:19,237 - INFO - Trainer:5 - Epoch 326/1000 completed in 14.13 seconds.
2024-05-16 21:27:19,237 - INFO - Trainer:5 - Total running time so far: 1h:16m:19s.
2024-05-16 21:27:19,237 - INFO - Trainer:5 - Average time per epoch: 14.05 seconds.
2024-05-16 21:27:19,237 - INFO - Trainer:5 - Approximate time left: 2h:37m:48s.
2024-05-16 21:28:26,497 - INFO - Trainer:5 - Epoch 331/1000 completed in 13.25 seconds.
2024-05-16 21:28:26,497 - INFO - Trainer:5 - Total running time so far: 1h:17m:26s.
2024-05-16 21:28:26,497 - INFO - Trainer:5 - Average time per epoch: 14.04 seconds.
2024-05-16 21:28:26,497 - INFO - Trainer:5 - Approximate time left: 2h:36m:31s.
2024-05-16 21:29:33,627 - INFO - Trainer:5 - Epoch 336/1000 completed in 13.21 seconds.
2024-05-16 21:29:33,628 - INFO - Trainer:5 - Total running time so far: 1h:18m:33s.
2024-05-16 21:29:33,628 - INFO - Trainer:5 - Average time per epoch: 14.03 seconds.
2024-05-16 21:29:33,628 - INFO - Trainer:5 - Approximate time left: 2h:35m:15s.
2024-05-16 21:30:40,775 - INFO - Trainer:5 - Epoch 341/1000 completed in 13.24 seconds.
2024-05-16 21:30:40,775 - INFO - Trainer:5 - Total running time so far: 1h:19m:41s.
2024-05-16 21:30:40,775 - INFO - Trainer:5 - Average time per epoch: 14.02 seconds.
2024-05-16 21:30:40,776 - INFO - Trainer:5 - Approximate time left: 2h:33m:59s.
2024-05-16 21:31:48,214 - INFO - Trainer:5 - Epoch 346/1000 completed in 13.40 seconds.
2024-05-16 21:31:48,215 - INFO - Trainer:5 - Total running time so far: 1h:20m:48s.
2024-05-16 21:31:48,215 - INFO - Trainer:5 - Average time per epoch: 14.01 seconds.
2024-05-16 21:31:48,215 - INFO - Trainer:5 - Approximate time left: 2h:32m:44s.
2024-05-16 21:32:54,912 - INFO - Trainer:5 - Epoch 351/1000 completed in 13.27 seconds.
2024-05-16 21:32:54,912 - INFO - Trainer:5 - Total running time so far: 1h:21m:55s.
2024-05-16 21:32:54,912 - INFO - Trainer:5 - Average time per epoch: 14.00 seconds.
2024-05-16 21:32:54,912 - INFO - Trainer:5 - Approximate time left: 2h:31m:28s.
2024-05-16 21:34:03,912 - INFO - Trainer:5 - Epoch 356/1000 completed in 13.30 seconds.
2024-05-16 21:34:03,913 - INFO - Trainer:5 - Total running time so far: 1h:23m:4s.
2024-05-16 21:34:03,913 - INFO - Trainer:5 - Average time per epoch: 14.00 seconds.
2024-05-16 21:34:03,913 - INFO - Trainer:5 - Approximate time left: 2h:30m:16s.
2024-05-16 21:35:10,643 - INFO - Trainer:5 - Epoch 361/1000 completed in 13.31 seconds.
2024-05-16 21:35:10,643 - INFO - Trainer:5 - Total running time so far: 1h:24m:10s.
2024-05-16 21:35:10,644 - INFO - Trainer:5 - Average time per epoch: 13.99 seconds.
2024-05-16 21:35:10,644 - INFO - Trainer:5 - Approximate time left: 2h:29m:0s.
2024-05-16 21:36:17,479 - INFO - Trainer:5 - Epoch 366/1000 completed in 13.36 seconds.
2024-05-16 21:36:17,479 - INFO - Trainer:5 - Total running time so far: 1h:25m:17s.
2024-05-16 21:36:17,479 - INFO - Trainer:5 - Average time per epoch: 13.98 seconds.
2024-05-16 21:36:17,480 - INFO - Trainer:5 - Approximate time left: 2h:27m:45s.
2024-05-16 21:37:24,303 - INFO - Trainer:5 - Epoch 371/1000 completed in 13.34 seconds.
2024-05-16 21:37:24,304 - INFO - Trainer:5 - Total running time so far: 1h:26m:24s.
2024-05-16 21:37:24,304 - INFO - Trainer:5 - Average time per epoch: 13.97 seconds.
2024-05-16 21:37:24,304 - INFO - Trainer:5 - Approximate time left: 2h:26m:30s.
2024-05-16 21:38:33,078 - INFO - Trainer:5 - Epoch 376/1000 completed in 13.42 seconds.
2024-05-16 21:38:33,079 - INFO - Trainer:5 - Total running time so far: 1h:27m:33s.
2024-05-16 21:38:33,079 - INFO - Trainer:5 - Average time per epoch: 13.97 seconds.
2024-05-16 21:38:33,079 - INFO - Trainer:5 - Approximate time left: 2h:25m:18s.
2024-05-16 21:39:41,013 - INFO - Trainer:5 - Epoch 381/1000 completed in 13.40 seconds.
2024-05-16 21:39:41,013 - INFO - Trainer:5 - Total running time so far: 1h:28m:41s.
2024-05-16 21:39:41,014 - INFO - Trainer:5 - Average time per epoch: 13.97 seconds.
2024-05-16 21:39:41,014 - INFO - Trainer:5 - Approximate time left: 2h:24m:5s.
2024-05-16 21:40:47,699 - INFO - Trainer:5 - Epoch 386/1000 completed in 13.35 seconds.
2024-05-16 21:40:47,699 - INFO - Trainer:5 - Total running time so far: 1h:29m:47s.
2024-05-16 21:40:47,699 - INFO - Trainer:5 - Average time per epoch: 13.96 seconds.
2024-05-16 21:40:47,699 - INFO - Trainer:5 - Approximate time left: 2h:22m:50s.
2024-05-16 21:41:54,332 - INFO - Trainer:5 - Epoch 391/1000 completed in 13.41 seconds.
2024-05-16 21:41:54,332 - INFO - Trainer:5 - Total running time so far: 1h:30m:54s.
2024-05-16 21:41:54,332 - INFO - Trainer:5 - Average time per epoch: 13.95 seconds.
2024-05-16 21:41:54,333 - INFO - Trainer:5 - Approximate time left: 2h:21m:35s.
2024-05-16 21:43:01,310 - INFO - Trainer:5 - Epoch 396/1000 completed in 13.36 seconds.
2024-05-16 21:43:01,310 - INFO - Trainer:5 - Total running time so far: 1h:32m:1s.
2024-05-16 21:43:01,310 - INFO - Trainer:5 - Average time per epoch: 13.94 seconds.
2024-05-16 21:43:01,310 - INFO - Trainer:5 - Approximate time left: 2h:20m:21s.
2024-05-16 21:44:09,367 - INFO - Trainer:5 - Epoch 401/1000 completed in 13.35 seconds.
2024-05-16 21:44:09,367 - INFO - Trainer:5 - Total running time so far: 1h:33m:9s.
2024-05-16 21:44:09,367 - INFO - Trainer:5 - Average time per epoch: 13.94 seconds.
2024-05-16 21:44:09,367 - INFO - Trainer:5 - Approximate time left: 2h:19m:9s.
2024-05-16 21:45:18,570 - INFO - Trainer:5 - Epoch 406/1000 completed in 13.33 seconds.
2024-05-16 21:45:18,570 - INFO - Trainer:5 - Total running time so far: 1h:34m:18s.
2024-05-16 21:45:18,570 - INFO - Trainer:5 - Average time per epoch: 13.94 seconds.
2024-05-16 21:45:18,570 - INFO - Trainer:5 - Approximate time left: 2h:17m:59s.
2024-05-16 21:46:25,072 - INFO - Trainer:5 - Epoch 411/1000 completed in 13.29 seconds.
2024-05-16 21:46:25,072 - INFO - Trainer:5 - Total running time so far: 1h:35m:25s.
2024-05-16 21:46:25,072 - INFO - Trainer:5 - Average time per epoch: 13.93 seconds.
2024-05-16 21:46:25,072 - INFO - Trainer:5 - Approximate time left: 2h:16m:44s.
2024-05-16 21:47:31,944 - INFO - Trainer:5 - Epoch 416/1000 completed in 13.32 seconds.
2024-05-16 21:47:31,944 - INFO - Trainer:5 - Total running time so far: 1h:36m:32s.
2024-05-16 21:47:31,945 - INFO - Trainer:5 - Average time per epoch: 13.92 seconds.
2024-05-16 21:47:31,945 - INFO - Trainer:5 - Approximate time left: 2h:15m:31s.
2024-05-16 21:48:39,347 - INFO - Trainer:5 - Epoch 421/1000 completed in 13.31 seconds.
2024-05-16 21:48:39,347 - INFO - Trainer:5 - Total running time so far: 1h:37m:39s.
2024-05-16 21:48:39,347 - INFO - Trainer:5 - Average time per epoch: 13.92 seconds.
2024-05-16 21:48:39,347 - INFO - Trainer:5 - Approximate time left: 2h:14m:18s.
2024-05-16 21:49:45,780 - INFO - Trainer:5 - Epoch 426/1000 completed in 13.29 seconds.
2024-05-16 21:49:45,780 - INFO - Trainer:5 - Total running time so far: 1h:38m:46s.
2024-05-16 21:49:45,780 - INFO - Trainer:5 - Average time per epoch: 13.91 seconds.
2024-05-16 21:49:45,780 - INFO - Trainer:5 - Approximate time left: 2h:13m:4s.
2024-05-16 21:50:54,019 - INFO - Trainer:5 - Epoch 431/1000 completed in 13.28 seconds.
2024-05-16 21:50:54,020 - INFO - Trainer:5 - Total running time so far: 1h:39m:54s.
2024-05-16 21:50:54,020 - INFO - Trainer:5 - Average time per epoch: 13.91 seconds.
2024-05-16 21:50:54,020 - INFO - Trainer:5 - Approximate time left: 2h:11m:53s.
2024-05-16 21:52:01,390 - INFO - Trainer:5 - Epoch 436/1000 completed in 13.35 seconds.
2024-05-16 21:52:01,390 - INFO - Trainer:5 - Total running time so far: 1h:41m:1s.
2024-05-16 21:52:01,390 - INFO - Trainer:5 - Average time per epoch: 13.90 seconds.
2024-05-16 21:52:01,390 - INFO - Trainer:5 - Approximate time left: 2h:10m:41s.
2024-05-16 21:53:08,056 - INFO - Trainer:5 - Epoch 441/1000 completed in 13.32 seconds.
2024-05-16 21:53:08,057 - INFO - Trainer:5 - Total running time so far: 1h:42m:8s.
2024-05-16 21:53:08,057 - INFO - Trainer:5 - Average time per epoch: 13.90 seconds.
2024-05-16 21:53:08,057 - INFO - Trainer:5 - Approximate time left: 2h:9m:28s.
2024-05-16 21:54:14,756 - INFO - Trainer:5 - Epoch 446/1000 completed in 13.32 seconds.
2024-05-16 21:54:14,756 - INFO - Trainer:5 - Total running time so far: 1h:43m:15s.
2024-05-16 21:54:14,756 - INFO - Trainer:5 - Average time per epoch: 13.89 seconds.
2024-05-16 21:54:14,756 - INFO - Trainer:5 - Approximate time left: 2h:8m:15s.
2024-05-16 21:55:21,617 - INFO - Trainer:5 - Epoch 451/1000 completed in 13.30 seconds.
2024-05-16 21:55:21,617 - INFO - Trainer:5 - Total running time so far: 1h:44m:21s.
2024-05-16 21:55:21,617 - INFO - Trainer:5 - Average time per epoch: 13.88 seconds.
2024-05-16 21:55:21,618 - INFO - Trainer:5 - Approximate time left: 2h:7m:2s.
2024-05-16 21:56:30,404 - INFO - Trainer:5 - Epoch 456/1000 completed in 13.34 seconds.
2024-05-16 21:56:30,404 - INFO - Trainer:5 - Total running time so far: 1h:45m:30s.
2024-05-16 21:56:30,404 - INFO - Trainer:5 - Average time per epoch: 13.88 seconds.
2024-05-16 21:56:30,404 - INFO - Trainer:5 - Approximate time left: 2h:5m:52s.
2024-05-16 21:57:37,678 - INFO - Trainer:5 - Epoch 461/1000 completed in 13.34 seconds.
2024-05-16 21:57:37,679 - INFO - Trainer:5 - Total running time so far: 1h:46m:37s.
2024-05-16 21:57:37,679 - INFO - Trainer:5 - Average time per epoch: 13.88 seconds.
2024-05-16 21:57:37,679 - INFO - Trainer:5 - Approximate time left: 2h:4m:40s.
2024-05-16 21:58:44,322 - INFO - Trainer:5 - Epoch 466/1000 completed in 13.31 seconds.
2024-05-16 21:58:44,322 - INFO - Trainer:5 - Total running time so far: 1h:47m:44s.
2024-05-16 21:58:44,322 - INFO - Trainer:5 - Average time per epoch: 13.87 seconds.
2024-05-16 21:58:44,322 - INFO - Trainer:5 - Approximate time left: 2h:3m:27s.
2024-05-16 21:59:50,897 - INFO - Trainer:5 - Epoch 471/1000 completed in 13.29 seconds.
2024-05-16 21:59:50,898 - INFO - Trainer:5 - Total running time so far: 1h:48m:51s.
2024-05-16 21:59:50,898 - INFO - Trainer:5 - Average time per epoch: 13.87 seconds.
2024-05-16 21:59:50,898 - INFO - Trainer:5 - Approximate time left: 2h:2m:15s.
2024-05-16 22:00:57,330 - INFO - Trainer:5 - Epoch 476/1000 completed in 13.28 seconds.
2024-05-16 22:00:57,330 - INFO - Trainer:5 - Total running time so far: 1h:49m:57s.
2024-05-16 22:00:57,330 - INFO - Trainer:5 - Average time per epoch: 13.86 seconds.
2024-05-16 22:00:57,330 - INFO - Trainer:5 - Approximate time left: 2h:1m:2s.
2024-05-16 22:02:03,854 - INFO - Trainer:5 - Epoch 481/1000 completed in 13.29 seconds.
2024-05-16 22:02:03,854 - INFO - Trainer:5 - Total running time so far: 1h:51m:4s.
2024-05-16 22:02:03,854 - INFO - Trainer:5 - Average time per epoch: 13.85 seconds.
2024-05-16 22:02:03,854 - INFO - Trainer:5 - Approximate time left: 1h:59m:50s.
2024-05-16 22:03:11,833 - INFO - Trainer:5 - Epoch 486/1000 completed in 13.36 seconds.
2024-05-16 22:03:11,833 - INFO - Trainer:5 - Total running time so far: 1h:52m:12s.
2024-05-16 22:03:11,834 - INFO - Trainer:5 - Average time per epoch: 13.85 seconds.
2024-05-16 22:03:11,834 - INFO - Trainer:5 - Approximate time left: 1h:58m:39s.
2024-05-16 22:04:18,762 - INFO - Trainer:5 - Epoch 491/1000 completed in 13.40 seconds.
2024-05-16 22:04:18,762 - INFO - Trainer:5 - Total running time so far: 1h:53m:19s.
2024-05-16 22:04:18,762 - INFO - Trainer:5 - Average time per epoch: 13.85 seconds.
2024-05-16 22:04:18,762 - INFO - Trainer:5 - Approximate time left: 1h:57m:28s.
2024-05-16 22:05:25,969 - INFO - Trainer:5 - Epoch 496/1000 completed in 13.46 seconds.
2024-05-16 22:05:25,970 - INFO - Trainer:5 - Total running time so far: 1h:54m:26s.
2024-05-16 22:05:25,970 - INFO - Trainer:5 - Average time per epoch: 13.84 seconds.
2024-05-16 22:05:25,970 - INFO - Trainer:5 - Approximate time left: 1h:56m:16s.
2024-05-16 22:06:32,592 - INFO - Trainer:5 - Epoch 501/1000 completed in 13.26 seconds.
2024-05-16 22:06:32,592 - INFO - Trainer:5 - Total running time so far: 1h:55m:32s.
2024-05-16 22:06:32,593 - INFO - Trainer:5 - Average time per epoch: 13.84 seconds.
2024-05-16 22:06:32,593 - INFO - Trainer:5 - Approximate time left: 1h:55m:5s.
2024-05-16 22:07:43,918 - INFO - Trainer:5 - Epoch 506/1000 completed in 13.34 seconds.
2024-05-16 22:07:43,918 - INFO - Trainer:5 - Total running time so far: 1h:56m:44s.
2024-05-16 22:07:43,918 - INFO - Trainer:5 - Average time per epoch: 13.84 seconds.
2024-05-16 22:07:43,918 - INFO - Trainer:5 - Approximate time left: 1h:53m:58s.
2024-05-16 22:08:50,906 - INFO - Trainer:5 - Epoch 511/1000 completed in 13.33 seconds.
2024-05-16 22:08:50,906 - INFO - Trainer:5 - Total running time so far: 1h:57m:51s.
2024-05-16 22:08:50,906 - INFO - Trainer:5 - Average time per epoch: 13.84 seconds.
2024-05-16 22:08:50,906 - INFO - Trainer:5 - Approximate time left: 1h:52m:46s.
2024-05-16 22:09:57,421 - INFO - Trainer:5 - Epoch 516/1000 completed in 13.32 seconds.
2024-05-16 22:09:57,421 - INFO - Trainer:5 - Total running time so far: 1h:58m:57s.
2024-05-16 22:09:57,421 - INFO - Trainer:5 - Average time per epoch: 13.83 seconds.
2024-05-16 22:09:57,421 - INFO - Trainer:5 - Approximate time left: 1h:51m:35s.
2024-05-16 22:11:04,700 - INFO - Trainer:5 - Epoch 521/1000 completed in 13.28 seconds.
2024-05-16 22:11:04,700 - INFO - Trainer:5 - Total running time so far: 2h:0m:4s.
2024-05-16 22:11:04,700 - INFO - Trainer:5 - Average time per epoch: 13.83 seconds.
2024-05-16 22:11:04,701 - INFO - Trainer:5 - Approximate time left: 1h:50m:24s.
2024-05-16 22:12:13,639 - INFO - Trainer:5 - Epoch 526/1000 completed in 14.32 seconds.
2024-05-16 22:12:13,639 - INFO - Trainer:5 - Total running time so far: 2h:1m:13s.
2024-05-16 22:12:13,640 - INFO - Trainer:5 - Average time per epoch: 13.83 seconds.
2024-05-16 22:12:13,640 - INFO - Trainer:5 - Approximate time left: 1h:49m:14s.
2024-05-16 22:13:21,635 - INFO - Trainer:5 - Epoch 531/1000 completed in 13.44 seconds.
2024-05-16 22:13:21,635 - INFO - Trainer:5 - Total running time so far: 2h:2m:21s.
2024-05-16 22:13:21,635 - INFO - Trainer:5 - Average time per epoch: 13.83 seconds.
2024-05-16 22:13:21,635 - INFO - Trainer:5 - Approximate time left: 1h:48m:4s.
2024-05-16 22:14:29,688 - INFO - Trainer:5 - Epoch 536/1000 completed in 13.42 seconds.
2024-05-16 22:14:29,688 - INFO - Trainer:5 - Total running time so far: 2h:3m:29s.
2024-05-16 22:14:29,688 - INFO - Trainer:5 - Average time per epoch: 13.82 seconds.
2024-05-16 22:14:29,688 - INFO - Trainer:5 - Approximate time left: 1h:46m:54s.
2024-05-16 22:15:36,648 - INFO - Trainer:5 - Epoch 541/1000 completed in 13.36 seconds.
2024-05-16 22:15:36,648 - INFO - Trainer:5 - Total running time so far: 2h:4m:36s.
2024-05-16 22:15:36,648 - INFO - Trainer:5 - Average time per epoch: 13.82 seconds.
2024-05-16 22:15:36,649 - INFO - Trainer:5 - Approximate time left: 1h:45m:43s.
2024-05-16 22:16:44,622 - INFO - Trainer:5 - Epoch 546/1000 completed in 14.36 seconds.
2024-05-16 22:16:44,622 - INFO - Trainer:5 - Total running time so far: 2h:5m:44s.
2024-05-16 22:16:44,622 - INFO - Trainer:5 - Average time per epoch: 13.82 seconds.
2024-05-16 22:16:44,622 - INFO - Trainer:5 - Approximate time left: 1h:44m:33s.
2024-05-16 22:17:52,158 - INFO - Trainer:5 - Epoch 551/1000 completed in 13.90 seconds.
2024-05-16 22:17:52,158 - INFO - Trainer:5 - Total running time so far: 2h:6m:52s.
2024-05-16 22:17:52,158 - INFO - Trainer:5 - Average time per epoch: 13.82 seconds.
2024-05-16 22:17:52,158 - INFO - Trainer:5 - Approximate time left: 1h:43m:23s.
2024-05-16 22:19:02,127 - INFO - Trainer:5 - Epoch 556/1000 completed in 13.36 seconds.
2024-05-16 22:19:02,127 - INFO - Trainer:5 - Total running time so far: 2h:8m:2s.
2024-05-16 22:19:02,128 - INFO - Trainer:5 - Average time per epoch: 13.82 seconds.
2024-05-16 22:19:02,128 - INFO - Trainer:5 - Approximate time left: 1h:42m:14s.
2024-05-16 22:20:08,828 - INFO - Trainer:5 - Epoch 561/1000 completed in 13.35 seconds.
2024-05-16 22:20:08,829 - INFO - Trainer:5 - Total running time so far: 2h:9m:9s.
2024-05-16 22:20:08,829 - INFO - Trainer:5 - Average time per epoch: 13.81 seconds.
2024-05-16 22:20:08,829 - INFO - Trainer:5 - Approximate time left: 1h:41m:3s.
2024-05-16 22:21:15,284 - INFO - Trainer:5 - Epoch 566/1000 completed in 13.27 seconds.
2024-05-16 22:21:15,284 - INFO - Trainer:5 - Total running time so far: 2h:10m:15s.
2024-05-16 22:21:15,284 - INFO - Trainer:5 - Average time per epoch: 13.81 seconds.
2024-05-16 22:21:15,284 - INFO - Trainer:5 - Approximate time left: 1h:39m:52s.
2024-05-16 22:22:21,820 - INFO - Trainer:5 - Epoch 571/1000 completed in 13.34 seconds.
2024-05-16 22:22:21,820 - INFO - Trainer:5 - Total running time so far: 2h:11m:22s.
2024-05-16 22:22:21,820 - INFO - Trainer:5 - Average time per epoch: 13.80 seconds.
2024-05-16 22:22:21,820 - INFO - Trainer:5 - Approximate time left: 1h:38m:41s.
2024-05-16 22:23:28,513 - INFO - Trainer:5 - Epoch 576/1000 completed in 13.37 seconds.
2024-05-16 22:23:28,513 - INFO - Trainer:5 - Total running time so far: 2h:12m:28s.
2024-05-16 22:23:28,513 - INFO - Trainer:5 - Average time per epoch: 13.80 seconds.
2024-05-16 22:23:28,513 - INFO - Trainer:5 - Approximate time left: 1h:37m:31s.
2024-05-16 22:24:35,187 - INFO - Trainer:5 - Epoch 581/1000 completed in 13.35 seconds.
2024-05-16 22:24:35,187 - INFO - Trainer:5 - Total running time so far: 2h:13m:35s.
2024-05-16 22:24:35,187 - INFO - Trainer:5 - Average time per epoch: 13.80 seconds.
2024-05-16 22:24:35,187 - INFO - Trainer:5 - Approximate time left: 1h:36m:20s.
2024-05-16 22:25:42,995 - INFO - Trainer:5 - Epoch 586/1000 completed in 13.36 seconds.
2024-05-16 22:25:42,995 - INFO - Trainer:5 - Total running time so far: 2h:14m:43s.
2024-05-16 22:25:42,995 - INFO - Trainer:5 - Average time per epoch: 13.79 seconds.
2024-05-16 22:25:42,995 - INFO - Trainer:5 - Approximate time left: 1h:35m:10s.
2024-05-16 22:26:49,991 - INFO - Trainer:5 - Epoch 591/1000 completed in 13.40 seconds.
2024-05-16 22:26:49,991 - INFO - Trainer:5 - Total running time so far: 2h:15m:50s.
2024-05-16 22:26:49,991 - INFO - Trainer:5 - Average time per epoch: 13.79 seconds.
2024-05-16 22:26:49,991 - INFO - Trainer:5 - Approximate time left: 1h:34m:0s.
2024-05-16 22:27:56,961 - INFO - Trainer:5 - Epoch 596/1000 completed in 13.41 seconds.
2024-05-16 22:27:56,961 - INFO - Trainer:5 - Total running time so far: 2h:16m:57s.
2024-05-16 22:27:56,961 - INFO - Trainer:5 - Average time per epoch: 13.79 seconds.
2024-05-16 22:27:56,961 - INFO - Trainer:5 - Approximate time left: 1h:32m:50s.
2024-05-16 22:29:04,551 - INFO - Trainer:5 - Epoch 601/1000 completed in 13.32 seconds.
2024-05-16 22:29:04,551 - INFO - Trainer:5 - Total running time so far: 2h:18m:4s.
2024-05-16 22:29:04,551 - INFO - Trainer:5 - Average time per epoch: 13.78 seconds.
2024-05-16 22:29:04,552 - INFO - Trainer:5 - Approximate time left: 1h:31m:40s.
2024-05-16 22:30:14,996 - INFO - Trainer:5 - Epoch 606/1000 completed in 14.44 seconds.
2024-05-16 22:30:14,996 - INFO - Trainer:5 - Total running time so far: 2h:19m:15s.
2024-05-16 22:30:14,996 - INFO - Trainer:5 - Average time per epoch: 13.79 seconds.
2024-05-16 22:30:14,996 - INFO - Trainer:5 - Approximate time left: 1h:30m:32s.
2024-05-16 22:31:26,062 - INFO - Trainer:5 - Epoch 611/1000 completed in 13.44 seconds.
2024-05-16 22:31:26,062 - INFO - Trainer:5 - Total running time so far: 2h:20m:26s.
2024-05-16 22:31:26,062 - INFO - Trainer:5 - Average time per epoch: 13.79 seconds.
2024-05-16 22:31:26,062 - INFO - Trainer:5 - Approximate time left: 1h:29m:24s.
2024-05-16 22:32:37,357 - INFO - Trainer:5 - Epoch 616/1000 completed in 14.35 seconds.
2024-05-16 22:32:37,357 - INFO - Trainer:5 - Total running time so far: 2h:21m:37s.
2024-05-16 22:32:37,357 - INFO - Trainer:5 - Average time per epoch: 13.79 seconds.
2024-05-16 22:32:37,357 - INFO - Trainer:5 - Approximate time left: 1h:28m:17s.
2024-05-16 22:33:46,442 - INFO - Trainer:5 - Epoch 621/1000 completed in 14.40 seconds.
2024-05-16 22:33:46,442 - INFO - Trainer:5 - Total running time so far: 2h:22m:46s.
2024-05-16 22:33:46,442 - INFO - Trainer:5 - Average time per epoch: 13.79 seconds.
2024-05-16 22:33:46,442 - INFO - Trainer:5 - Approximate time left: 1h:27m:8s.
2024-05-16 22:34:55,243 - INFO - Trainer:5 - Epoch 626/1000 completed in 13.36 seconds.
2024-05-16 22:34:55,244 - INFO - Trainer:5 - Total running time so far: 2h:23m:55s.
2024-05-16 22:34:55,244 - INFO - Trainer:5 - Average time per epoch: 13.79 seconds.
2024-05-16 22:34:55,244 - INFO - Trainer:5 - Approximate time left: 1h:25m:59s.
2024-05-16 22:36:03,138 - INFO - Trainer:5 - Epoch 631/1000 completed in 13.42 seconds.
2024-05-16 22:36:03,138 - INFO - Trainer:5 - Total running time so far: 2h:25m:3s.
2024-05-16 22:36:03,138 - INFO - Trainer:5 - Average time per epoch: 13.79 seconds.
2024-05-16 22:36:03,138 - INFO - Trainer:5 - Approximate time left: 1h:24m:49s.
2024-05-16 22:37:12,016 - INFO - Trainer:5 - Epoch 636/1000 completed in 13.34 seconds.
2024-05-16 22:37:12,016 - INFO - Trainer:5 - Total running time so far: 2h:26m:12s.
2024-05-16 22:37:12,016 - INFO - Trainer:5 - Average time per epoch: 13.79 seconds.
2024-05-16 22:37:12,016 - INFO - Trainer:5 - Approximate time left: 1h:23m:40s.
2024-05-16 22:38:18,867 - INFO - Trainer:5 - Epoch 641/1000 completed in 13.36 seconds.
2024-05-16 22:38:18,867 - INFO - Trainer:5 - Total running time so far: 2h:27m:19s.
2024-05-16 22:38:18,868 - INFO - Trainer:5 - Average time per epoch: 13.79 seconds.
2024-05-16 22:38:18,868 - INFO - Trainer:5 - Approximate time left: 1h:22m:30s.
2024-05-16 22:39:26,618 - INFO - Trainer:5 - Epoch 646/1000 completed in 13.41 seconds.
2024-05-16 22:39:26,618 - INFO - Trainer:5 - Total running time so far: 2h:28m:26s.
2024-05-16 22:39:26,618 - INFO - Trainer:5 - Average time per epoch: 13.79 seconds.
2024-05-16 22:39:26,618 - INFO - Trainer:5 - Approximate time left: 1h:21m:20s.
2024-05-16 22:40:35,396 - INFO - Trainer:5 - Epoch 651/1000 completed in 14.12 seconds.
2024-05-16 22:40:35,396 - INFO - Trainer:5 - Total running time so far: 2h:29m:35s.
2024-05-16 22:40:35,396 - INFO - Trainer:5 - Average time per epoch: 13.79 seconds.
2024-05-16 22:40:35,396 - INFO - Trainer:5 - Approximate time left: 1h:20m:11s.
2024-05-16 22:41:45,916 - INFO - Trainer:5 - Epoch 656/1000 completed in 13.33 seconds.
2024-05-16 22:41:45,916 - INFO - Trainer:5 - Total running time so far: 2h:30m:46s.
2024-05-16 22:41:45,916 - INFO - Trainer:5 - Average time per epoch: 13.79 seconds.
2024-05-16 22:41:45,916 - INFO - Trainer:5 - Approximate time left: 1h:19m:3s.
2024-05-16 22:42:55,452 - INFO - Trainer:5 - Epoch 661/1000 completed in 13.37 seconds.
2024-05-16 22:42:55,452 - INFO - Trainer:5 - Total running time so far: 2h:31m:55s.
2024-05-16 22:42:55,452 - INFO - Trainer:5 - Average time per epoch: 13.79 seconds.
2024-05-16 22:42:55,452 - INFO - Trainer:5 - Approximate time left: 1h:17m:55s.
2024-05-16 22:44:03,331 - INFO - Trainer:5 - Epoch 666/1000 completed in 13.37 seconds.
2024-05-16 22:44:03,332 - INFO - Trainer:5 - Total running time so far: 2h:33m:3s.
2024-05-16 22:44:03,332 - INFO - Trainer:5 - Average time per epoch: 13.79 seconds.
2024-05-16 22:44:03,332 - INFO - Trainer:5 - Approximate time left: 1h:16m:45s.
2024-05-16 22:45:11,218 - INFO - Trainer:5 - Epoch 671/1000 completed in 13.32 seconds.
2024-05-16 22:45:11,218 - INFO - Trainer:5 - Total running time so far: 2h:34m:11s.
2024-05-16 22:45:11,218 - INFO - Trainer:5 - Average time per epoch: 13.79 seconds.
2024-05-16 22:45:11,218 - INFO - Trainer:5 - Approximate time left: 1h:15m:36s.
2024-05-16 22:46:18,027 - INFO - Trainer:5 - Epoch 676/1000 completed in 13.40 seconds.
2024-05-16 22:46:18,027 - INFO - Trainer:5 - Total running time so far: 2h:35m:18s.
2024-05-16 22:46:18,027 - INFO - Trainer:5 - Average time per epoch: 13.78 seconds.
2024-05-16 22:46:18,027 - INFO - Trainer:5 - Approximate time left: 1h:14m:26s.
2024-05-16 22:47:26,650 - INFO - Trainer:5 - Epoch 681/1000 completed in 14.19 seconds.
2024-05-16 22:47:26,650 - INFO - Trainer:5 - Total running time so far: 2h:36m:26s.
2024-05-16 22:47:26,650 - INFO - Trainer:5 - Average time per epoch: 13.78 seconds.
2024-05-16 22:47:26,651 - INFO - Trainer:5 - Approximate time left: 1h:13m:17s.
2024-05-16 22:48:33,432 - INFO - Trainer:5 - Epoch 686/1000 completed in 13.42 seconds.
2024-05-16 22:48:33,433 - INFO - Trainer:5 - Total running time so far: 2h:37m:33s.
2024-05-16 22:48:33,433 - INFO - Trainer:5 - Average time per epoch: 13.78 seconds.
2024-05-16 22:48:33,433 - INFO - Trainer:5 - Approximate time left: 1h:12m:7s.
2024-05-16 22:49:41,823 - INFO - Trainer:5 - Epoch 691/1000 completed in 13.35 seconds.
2024-05-16 22:49:41,823 - INFO - Trainer:5 - Total running time so far: 2h:38m:42s.
2024-05-16 22:49:41,823 - INFO - Trainer:5 - Average time per epoch: 13.78 seconds.
2024-05-16 22:49:41,823 - INFO - Trainer:5 - Approximate time left: 1h:10m:58s.
2024-05-16 22:50:49,708 - INFO - Trainer:5 - Epoch 696/1000 completed in 13.40 seconds.
2024-05-16 22:50:49,708 - INFO - Trainer:5 - Total running time so far: 2h:39m:49s.
2024-05-16 22:50:49,709 - INFO - Trainer:5 - Average time per epoch: 13.78 seconds.
2024-05-16 22:50:49,709 - INFO - Trainer:5 - Approximate time left: 1h:9m:48s.
2024-05-16 22:51:59,282 - INFO - Trainer:5 - Epoch 701/1000 completed in 13.33 seconds.
2024-05-16 22:51:59,282 - INFO - Trainer:5 - Total running time so far: 2h:40m:59s.
2024-05-16 22:51:59,282 - INFO - Trainer:5 - Average time per epoch: 13.78 seconds.
2024-05-16 22:51:59,282 - INFO - Trainer:5 - Approximate time left: 1h:8m:40s.
2024-05-16 22:53:08,091 - INFO - Trainer:5 - Epoch 706/1000 completed in 13.33 seconds.
2024-05-16 22:53:08,092 - INFO - Trainer:5 - Total running time so far: 2h:42m:8s.
2024-05-16 22:53:08,092 - INFO - Trainer:5 - Average time per epoch: 13.78 seconds.
2024-05-16 22:53:08,092 - INFO - Trainer:5 - Approximate time left: 1h:7m:31s.
2024-05-16 22:54:14,961 - INFO - Trainer:5 - Epoch 711/1000 completed in 13.35 seconds.
2024-05-16 22:54:14,961 - INFO - Trainer:5 - Total running time so far: 2h:43m:15s.
2024-05-16 22:54:14,961 - INFO - Trainer:5 - Average time per epoch: 13.78 seconds.
2024-05-16 22:54:14,961 - INFO - Trainer:5 - Approximate time left: 1h:6m:21s.
2024-05-16 22:55:22,607 - INFO - Trainer:5 - Epoch 716/1000 completed in 13.36 seconds.
2024-05-16 22:55:22,607 - INFO - Trainer:5 - Total running time so far: 2h:44m:22s.
2024-05-16 22:55:22,607 - INFO - Trainer:5 - Average time per epoch: 13.77 seconds.
2024-05-16 22:55:22,607 - INFO - Trainer:5 - Approximate time left: 1h:5m:12s.
2024-05-16 22:56:29,416 - INFO - Trainer:5 - Epoch 721/1000 completed in 13.28 seconds.
2024-05-16 22:56:29,416 - INFO - Trainer:5 - Total running time so far: 2h:45m:29s.
2024-05-16 22:56:29,416 - INFO - Trainer:5 - Average time per epoch: 13.77 seconds.
2024-05-16 22:56:29,416 - INFO - Trainer:5 - Approximate time left: 1h:4m:2s.
2024-05-16 22:57:38,189 - INFO - Trainer:5 - Epoch 726/1000 completed in 13.37 seconds.
2024-05-16 22:57:38,189 - INFO - Trainer:5 - Total running time so far: 2h:46m:38s.
2024-05-16 22:57:38,189 - INFO - Trainer:5 - Average time per epoch: 13.77 seconds.
2024-05-16 22:57:38,189 - INFO - Trainer:5 - Approximate time left: 1h:2m:53s.
2024-05-16 22:58:46,387 - INFO - Trainer:5 - Epoch 731/1000 completed in 14.11 seconds.
2024-05-16 22:58:46,387 - INFO - Trainer:5 - Total running time so far: 2h:47m:46s.
2024-05-16 22:58:46,388 - INFO - Trainer:5 - Average time per epoch: 13.77 seconds.
2024-05-16 22:58:46,388 - INFO - Trainer:5 - Approximate time left: 1h:1m:44s.
2024-05-16 22:59:53,397 - INFO - Trainer:5 - Epoch 736/1000 completed in 13.37 seconds.
2024-05-16 22:59:53,397 - INFO - Trainer:5 - Total running time so far: 2h:48m:53s.
2024-05-16 22:59:53,397 - INFO - Trainer:5 - Average time per epoch: 13.77 seconds.
2024-05-16 22:59:53,397 - INFO - Trainer:5 - Approximate time left: 1h:0m:34s.
2024-05-16 23:01:03,167 - INFO - Trainer:5 - Epoch 741/1000 completed in 14.27 seconds.
2024-05-16 23:01:03,167 - INFO - Trainer:5 - Total running time so far: 2h:50m:3s.
2024-05-16 23:01:03,167 - INFO - Trainer:5 - Average time per epoch: 13.77 seconds.
2024-05-16 23:01:03,167 - INFO - Trainer:5 - Approximate time left: 0h:59m:26s.
2024-05-16 23:02:11,398 - INFO - Trainer:5 - Epoch 746/1000 completed in 14.25 seconds.
2024-05-16 23:02:11,399 - INFO - Trainer:5 - Total running time so far: 2h:51m:11s.
2024-05-16 23:02:11,399 - INFO - Trainer:5 - Average time per epoch: 13.77 seconds.
2024-05-16 23:02:11,399 - INFO - Trainer:5 - Approximate time left: 0h:58m:17s.
2024-05-16 23:03:19,001 - INFO - Trainer:5 - Epoch 751/1000 completed in 13.42 seconds.
2024-05-16 23:03:19,001 - INFO - Trainer:5 - Total running time so far: 2h:52m:19s.
2024-05-16 23:03:19,001 - INFO - Trainer:5 - Average time per epoch: 13.77 seconds.
2024-05-16 23:03:19,001 - INFO - Trainer:5 - Approximate time left: 0h:57m:8s.
2024-05-16 23:04:28,064 - INFO - Trainer:5 - Epoch 756/1000 completed in 13.42 seconds.
2024-05-16 23:04:28,064 - INFO - Trainer:5 - Total running time so far: 2h:53m:28s.
2024-05-16 23:04:28,064 - INFO - Trainer:5 - Average time per epoch: 13.77 seconds.
2024-05-16 23:04:28,064 - INFO - Trainer:5 - Approximate time left: 0h:55m:59s.
2024-05-16 23:05:34,957 - INFO - Trainer:5 - Epoch 761/1000 completed in 13.33 seconds.
2024-05-16 23:05:34,957 - INFO - Trainer:5 - Total running time so far: 2h:54m:35s.
2024-05-16 23:05:34,957 - INFO - Trainer:5 - Average time per epoch: 13.76 seconds.
2024-05-16 23:05:34,957 - INFO - Trainer:5 - Approximate time left: 0h:54m:49s.
