2024-05-16 20:13:31,908 - INFO - Trainer:0 - Epoch 1/1000 completed in 145.11 seconds.
2024-05-16 20:13:31,909 - INFO - Trainer:0 - Total running time so far: 0h:2m:25s.
2024-05-16 20:13:31,909 - INFO - Trainer:0 - Average time per epoch: 145.11 seconds.
2024-05-16 20:13:31,909 - INFO - Trainer:0 - Approximate time left: 40h:16m:7s.
2024-05-16 20:14:41,717 - INFO - Trainer:0 - Epoch 6/1000 completed in 14.07 seconds.
2024-05-16 20:14:41,717 - INFO - Trainer:0 - Total running time so far: 0h:3m:34s.
2024-05-16 20:14:41,717 - INFO - Trainer:0 - Average time per epoch: 35.82 seconds.
2024-05-16 20:14:41,717 - INFO - Trainer:0 - Approximate time left: 9h:53m:24s.
2024-05-16 20:15:52,081 - INFO - Trainer:0 - Epoch 11/1000 completed in 14.35 seconds.
2024-05-16 20:15:52,081 - INFO - Trainer:0 - Total running time so far: 0h:4m:45s.
2024-05-16 20:15:52,081 - INFO - Trainer:0 - Average time per epoch: 25.93 seconds.
2024-05-16 20:15:52,081 - INFO - Trainer:0 - Approximate time left: 7h:7m:29s.
2024-05-16 20:17:04,144 - INFO - Trainer:0 - Epoch 16/1000 completed in 14.37 seconds.
2024-05-16 20:17:04,144 - INFO - Trainer:0 - Total running time so far: 0h:5m:57s.
2024-05-16 20:17:04,144 - INFO - Trainer:0 - Average time per epoch: 22.33 seconds.
2024-05-16 20:17:04,145 - INFO - Trainer:0 - Approximate time left: 6h:6m:16s.
2024-05-16 20:18:13,961 - INFO - Trainer:0 - Epoch 21/1000 completed in 14.34 seconds.
2024-05-16 20:18:13,961 - INFO - Trainer:0 - Total running time so far: 0h:7m:7s.
2024-05-16 20:18:13,961 - INFO - Trainer:0 - Average time per epoch: 20.34 seconds.
2024-05-16 20:18:13,961 - INFO - Trainer:0 - Approximate time left: 5h:31m:53s.
2024-05-16 20:19:23,862 - INFO - Trainer:0 - Epoch 26/1000 completed in 13.40 seconds.
2024-05-16 20:19:23,863 - INFO - Trainer:0 - Total running time so far: 0h:8m:17s.
2024-05-16 20:19:23,863 - INFO - Trainer:0 - Average time per epoch: 19.12 seconds.
2024-05-16 20:19:23,863 - INFO - Trainer:0 - Approximate time left: 5h:10m:20s.
2024-05-16 20:20:34,760 - INFO - Trainer:0 - Epoch 31/1000 completed in 14.36 seconds.
2024-05-16 20:20:34,760 - INFO - Trainer:0 - Total running time so far: 0h:9m:27s.
2024-05-16 20:20:34,760 - INFO - Trainer:0 - Average time per epoch: 18.32 seconds.
2024-05-16 20:20:34,760 - INFO - Trainer:0 - Approximate time left: 4h:55m:53s.
2024-05-16 20:21:43,652 - INFO - Trainer:0 - Epoch 36/1000 completed in 13.47 seconds.
2024-05-16 20:21:43,652 - INFO - Trainer:0 - Total running time so far: 0h:10m:36s.
2024-05-16 20:21:43,653 - INFO - Trainer:0 - Average time per epoch: 17.69 seconds.
2024-05-16 20:21:43,653 - INFO - Trainer:0 - Approximate time left: 4h:44m:13s.
2024-05-16 20:22:51,719 - INFO - Trainer:0 - Epoch 41/1000 completed in 13.44 seconds.
2024-05-16 20:22:51,720 - INFO - Trainer:0 - Total running time so far: 0h:11m:44s.
2024-05-16 20:22:51,720 - INFO - Trainer:0 - Average time per epoch: 17.19 seconds.
2024-05-16 20:22:51,720 - INFO - Trainer:0 - Approximate time left: 4h:34m:48s.
2024-05-16 20:24:01,590 - INFO - Trainer:0 - Epoch 46/1000 completed in 14.35 seconds.
2024-05-16 20:24:01,591 - INFO - Trainer:0 - Total running time so far: 0h:12m:54s.
2024-05-16 20:24:01,591 - INFO - Trainer:0 - Average time per epoch: 16.84 seconds.
2024-05-16 20:24:01,591 - INFO - Trainer:0 - Approximate time left: 4h:27m:48s.
2024-05-16 20:25:11,907 - INFO - Trainer:0 - Epoch 51/1000 completed in 16.52 seconds.
2024-05-16 20:25:11,907 - INFO - Trainer:0 - Total running time so far: 0h:14m:5s.
2024-05-16 20:25:11,907 - INFO - Trainer:0 - Average time per epoch: 16.57 seconds.
2024-05-16 20:25:11,907 - INFO - Trainer:0 - Approximate time left: 4h:22m:5s.
2024-05-16 20:26:20,484 - INFO - Trainer:0 - Epoch 56/1000 completed in 13.45 seconds.
2024-05-16 20:26:20,484 - INFO - Trainer:0 - Total running time so far: 0h:15m:13s.
2024-05-16 20:26:20,484 - INFO - Trainer:0 - Average time per epoch: 16.32 seconds.
2024-05-16 20:26:20,484 - INFO - Trainer:0 - Approximate time left: 4h:16m:41s.
2024-05-16 20:27:28,980 - INFO - Trainer:0 - Epoch 61/1000 completed in 14.18 seconds.
2024-05-16 20:27:28,980 - INFO - Trainer:0 - Total running time so far: 0h:16m:22s.
2024-05-16 20:27:28,981 - INFO - Trainer:0 - Average time per epoch: 16.10 seconds.
2024-05-16 20:27:28,981 - INFO - Trainer:0 - Approximate time left: 4h:11m:58s.
2024-05-16 20:28:38,001 - INFO - Trainer:0 - Epoch 66/1000 completed in 13.30 seconds.
2024-05-16 20:28:38,001 - INFO - Trainer:0 - Total running time so far: 0h:17m:31s.
2024-05-16 20:28:38,001 - INFO - Trainer:0 - Average time per epoch: 15.93 seconds.
2024-05-16 20:28:38,001 - INFO - Trainer:0 - Approximate time left: 4h:7m:55s.
2024-05-16 20:29:45,477 - INFO - Trainer:0 - Epoch 71/1000 completed in 13.37 seconds.
2024-05-16 20:29:45,477 - INFO - Trainer:0 - Total running time so far: 0h:18m:38s.
2024-05-16 20:29:45,477 - INFO - Trainer:0 - Average time per epoch: 15.76 seconds.
2024-05-16 20:29:45,477 - INFO - Trainer:0 - Approximate time left: 4h:3m:57s.
2024-05-16 20:30:54,269 - INFO - Trainer:0 - Epoch 76/1000 completed in 13.28 seconds.
2024-05-16 20:30:54,269 - INFO - Trainer:0 - Total running time so far: 0h:19m:47s.
2024-05-16 20:30:54,269 - INFO - Trainer:0 - Average time per epoch: 15.62 seconds.
2024-05-16 20:30:54,269 - INFO - Trainer:0 - Approximate time left: 4h:0m:36s.
2024-05-16 20:32:02,582 - INFO - Trainer:0 - Epoch 81/1000 completed in 13.34 seconds.
2024-05-16 20:32:02,582 - INFO - Trainer:0 - Total running time so far: 0h:20m:55s.
2024-05-16 20:32:02,582 - INFO - Trainer:0 - Average time per epoch: 15.50 seconds.
2024-05-16 20:32:02,582 - INFO - Trainer:0 - Approximate time left: 3h:57m:27s.
2024-05-16 20:33:10,085 - INFO - Trainer:0 - Epoch 86/1000 completed in 13.26 seconds.
2024-05-16 20:33:10,085 - INFO - Trainer:0 - Total running time so far: 0h:22m:3s.
2024-05-16 20:33:10,085 - INFO - Trainer:0 - Average time per epoch: 15.39 seconds.
2024-05-16 20:33:10,085 - INFO - Trainer:0 - Approximate time left: 3h:54m:23s.
2024-05-16 20:34:18,947 - INFO - Trainer:0 - Epoch 91/1000 completed in 14.15 seconds.
2024-05-16 20:34:18,947 - INFO - Trainer:0 - Total running time so far: 0h:23m:12s.
2024-05-16 20:34:18,947 - INFO - Trainer:0 - Average time per epoch: 15.30 seconds.
2024-05-16 20:34:18,947 - INFO - Trainer:0 - Approximate time left: 3h:51m:45s.
2024-05-16 20:35:26,387 - INFO - Trainer:0 - Epoch 96/1000 completed in 14.21 seconds.
2024-05-16 20:35:26,387 - INFO - Trainer:0 - Total running time so far: 0h:24m:19s.
2024-05-16 20:35:26,387 - INFO - Trainer:0 - Average time per epoch: 15.20 seconds.
2024-05-16 20:35:26,387 - INFO - Trainer:0 - Approximate time left: 3h:49m:4s.
2024-05-16 20:36:38,249 - INFO - Trainer:0 - Epoch 101/1000 completed in 16.66 seconds.
2024-05-16 20:36:38,249 - INFO - Trainer:0 - Total running time so far: 0h:25m:31s.
2024-05-16 20:36:38,249 - INFO - Trainer:0 - Average time per epoch: 15.16 seconds.
2024-05-16 20:36:38,250 - INFO - Trainer:0 - Approximate time left: 3h:47m:11s.
2024-05-16 20:37:47,155 - INFO - Trainer:0 - Epoch 106/1000 completed in 14.40 seconds.
2024-05-16 20:37:47,156 - INFO - Trainer:0 - Total running time so far: 0h:26m:40s.
2024-05-16 20:37:47,156 - INFO - Trainer:0 - Average time per epoch: 15.10 seconds.
2024-05-16 20:37:47,156 - INFO - Trainer:0 - Approximate time left: 3h:44m:57s.
2024-05-16 20:38:54,803 - INFO - Trainer:0 - Epoch 111/1000 completed in 13.30 seconds.
2024-05-16 20:38:54,804 - INFO - Trainer:0 - Total running time so far: 0h:27m:47s.
2024-05-16 20:38:54,804 - INFO - Trainer:0 - Average time per epoch: 15.03 seconds.
2024-05-16 20:38:54,804 - INFO - Trainer:0 - Approximate time left: 3h:42m:38s.
2024-05-16 20:40:04,552 - INFO - Trainer:0 - Epoch 116/1000 completed in 13.29 seconds.
2024-05-16 20:40:04,552 - INFO - Trainer:0 - Total running time so far: 0h:28m:57s.
2024-05-16 20:40:04,552 - INFO - Trainer:0 - Average time per epoch: 14.98 seconds.
2024-05-16 20:40:04,552 - INFO - Trainer:0 - Approximate time left: 3h:40m:42s.
2024-05-16 20:41:13,095 - INFO - Trainer:0 - Epoch 121/1000 completed in 14.19 seconds.
2024-05-16 20:41:13,095 - INFO - Trainer:0 - Total running time so far: 0h:30m:6s.
2024-05-16 20:41:13,095 - INFO - Trainer:0 - Average time per epoch: 14.93 seconds.
2024-05-16 20:41:13,095 - INFO - Trainer:0 - Approximate time left: 3h:38m:41s.
2024-05-16 20:42:20,577 - INFO - Trainer:0 - Epoch 126/1000 completed in 14.09 seconds.
2024-05-16 20:42:20,577 - INFO - Trainer:0 - Total running time so far: 0h:31m:13s.
2024-05-16 20:42:20,577 - INFO - Trainer:0 - Average time per epoch: 14.87 seconds.
2024-05-16 20:42:20,577 - INFO - Trainer:0 - Approximate time left: 3h:36m:37s.
2024-05-16 20:43:28,956 - INFO - Trainer:0 - Epoch 131/1000 completed in 13.34 seconds.
2024-05-16 20:43:28,956 - INFO - Trainer:0 - Total running time so far: 0h:32m:22s.
2024-05-16 20:43:28,956 - INFO - Trainer:0 - Average time per epoch: 14.83 seconds.
2024-05-16 20:43:28,956 - INFO - Trainer:0 - Approximate time left: 3h:34m:43s.
2024-05-16 20:44:37,496 - INFO - Trainer:0 - Epoch 136/1000 completed in 13.36 seconds.
2024-05-16 20:44:37,496 - INFO - Trainer:0 - Total running time so far: 0h:33m:30s.
2024-05-16 20:44:37,496 - INFO - Trainer:0 - Average time per epoch: 14.78 seconds.
2024-05-16 20:44:37,496 - INFO - Trainer:0 - Approximate time left: 3h:32m:53s.
2024-05-16 20:45:44,518 - INFO - Trainer:0 - Epoch 141/1000 completed in 13.57 seconds.
2024-05-16 20:45:44,519 - INFO - Trainer:0 - Total running time so far: 0h:34m:37s.
2024-05-16 20:45:44,519 - INFO - Trainer:0 - Average time per epoch: 14.74 seconds.
2024-05-16 20:45:44,519 - INFO - Trainer:0 - Approximate time left: 3h:30m:57s.
2024-05-16 20:46:51,891 - INFO - Trainer:0 - Epoch 146/1000 completed in 13.28 seconds.
2024-05-16 20:46:51,892 - INFO - Trainer:0 - Total running time so far: 0h:35m:45s.
2024-05-16 20:46:51,892 - INFO - Trainer:0 - Average time per epoch: 14.69 seconds.
2024-05-16 20:46:51,892 - INFO - Trainer:0 - Approximate time left: 3h:29m:7s.
2024-05-16 20:48:00,695 - INFO - Trainer:0 - Epoch 151/1000 completed in 15.59 seconds.
2024-05-16 20:48:00,696 - INFO - Trainer:0 - Total running time so far: 0h:36m:53s.
2024-05-16 20:48:00,696 - INFO - Trainer:0 - Average time per epoch: 14.66 seconds.
2024-05-16 20:48:00,696 - INFO - Trainer:0 - Approximate time left: 3h:27m:27s.
2024-05-16 20:49:08,257 - INFO - Trainer:0 - Epoch 156/1000 completed in 13.36 seconds.
2024-05-16 20:49:08,257 - INFO - Trainer:0 - Total running time so far: 0h:38m:1s.
2024-05-16 20:49:08,257 - INFO - Trainer:0 - Average time per epoch: 14.62 seconds.
2024-05-16 20:49:08,257 - INFO - Trainer:0 - Approximate time left: 3h:25m:43s.
2024-05-16 20:50:15,105 - INFO - Trainer:0 - Epoch 161/1000 completed in 13.33 seconds.
2024-05-16 20:50:15,105 - INFO - Trainer:0 - Total running time so far: 0h:39m:8s.
2024-05-16 20:50:15,105 - INFO - Trainer:0 - Average time per epoch: 14.59 seconds.
2024-05-16 20:50:15,105 - INFO - Trainer:0 - Approximate time left: 3h:23m:57s.
2024-05-16 20:51:21,823 - INFO - Trainer:0 - Epoch 166/1000 completed in 13.33 seconds.
2024-05-16 20:51:21,823 - INFO - Trainer:0 - Total running time so far: 0h:40m:14s.
2024-05-16 20:51:21,823 - INFO - Trainer:0 - Average time per epoch: 14.55 seconds.
2024-05-16 20:51:21,823 - INFO - Trainer:0 - Approximate time left: 3h:22m:13s.
2024-05-16 20:52:29,512 - INFO - Trainer:0 - Epoch 171/1000 completed in 13.38 seconds.
2024-05-16 20:52:29,512 - INFO - Trainer:0 - Total running time so far: 0h:41m:22s.
2024-05-16 20:52:29,512 - INFO - Trainer:0 - Average time per epoch: 14.52 seconds.
2024-05-16 20:52:29,512 - INFO - Trainer:0 - Approximate time left: 3h:20m:35s.
2024-05-16 20:53:37,118 - INFO - Trainer:0 - Epoch 176/1000 completed in 13.30 seconds.
2024-05-16 20:53:37,118 - INFO - Trainer:0 - Total running time so far: 0h:42m:30s.
2024-05-16 20:53:37,118 - INFO - Trainer:0 - Average time per epoch: 14.49 seconds.
2024-05-16 20:53:37,118 - INFO - Trainer:0 - Approximate time left: 3h:18m:59s.
2024-05-16 20:54:44,359 - INFO - Trainer:0 - Epoch 181/1000 completed in 13.29 seconds.
2024-05-16 20:54:44,360 - INFO - Trainer:0 - Total running time so far: 0h:43m:37s.
2024-05-16 20:54:44,360 - INFO - Trainer:0 - Average time per epoch: 14.46 seconds.
2024-05-16 20:54:44,360 - INFO - Trainer:0 - Approximate time left: 3h:17m:23s.
2024-05-16 20:55:51,327 - INFO - Trainer:0 - Epoch 186/1000 completed in 13.19 seconds.
2024-05-16 20:55:51,327 - INFO - Trainer:0 - Total running time so far: 0h:44m:44s.
2024-05-16 20:55:51,327 - INFO - Trainer:0 - Average time per epoch: 14.43 seconds.
2024-05-16 20:55:51,328 - INFO - Trainer:0 - Approximate time left: 3h:15m:48s.
2024-05-16 20:56:58,823 - INFO - Trainer:0 - Epoch 191/1000 completed in 13.33 seconds.
2024-05-16 20:56:58,824 - INFO - Trainer:0 - Total running time so far: 0h:45m:51s.
2024-05-16 20:56:58,824 - INFO - Trainer:0 - Average time per epoch: 14.41 seconds.
2024-05-16 20:56:58,824 - INFO - Trainer:0 - Approximate time left: 3h:14m:16s.
2024-05-16 20:58:05,371 - INFO - Trainer:0 - Epoch 196/1000 completed in 13.28 seconds.
2024-05-16 20:58:05,372 - INFO - Trainer:0 - Total running time so far: 0h:46m:58s.
2024-05-16 20:58:05,372 - INFO - Trainer:0 - Average time per epoch: 14.38 seconds.
2024-05-16 20:58:05,372 - INFO - Trainer:0 - Approximate time left: 3h:12m:41s.
2024-05-16 20:59:16,316 - INFO - Trainer:0 - Epoch 201/1000 completed in 15.96 seconds.
2024-05-16 20:59:16,316 - INFO - Trainer:0 - Total running time so far: 0h:48m:9s.
2024-05-16 20:59:16,316 - INFO - Trainer:0 - Average time per epoch: 14.38 seconds.
2024-05-16 20:59:16,316 - INFO - Trainer:0 - Approximate time left: 3h:11m:25s.
2024-05-16 21:00:23,308 - INFO - Trainer:0 - Epoch 206/1000 completed in 13.31 seconds.
2024-05-16 21:00:23,308 - INFO - Trainer:0 - Total running time so far: 0h:49m:16s.
2024-05-16 21:00:23,308 - INFO - Trainer:0 - Average time per epoch: 14.35 seconds.
2024-05-16 21:00:23,309 - INFO - Trainer:0 - Approximate time left: 3h:9m:55s.
2024-05-16 21:01:31,656 - INFO - Trainer:0 - Epoch 211/1000 completed in 13.30 seconds.
2024-05-16 21:01:31,656 - INFO - Trainer:0 - Total running time so far: 0h:50m:24s.
2024-05-16 21:01:31,656 - INFO - Trainer:0 - Average time per epoch: 14.34 seconds.
2024-05-16 21:01:31,656 - INFO - Trainer:0 - Approximate time left: 3h:8m:30s.
2024-05-16 21:02:39,798 - INFO - Trainer:0 - Epoch 216/1000 completed in 13.29 seconds.
2024-05-16 21:02:39,798 - INFO - Trainer:0 - Total running time so far: 0h:51m:32s.
2024-05-16 21:02:39,798 - INFO - Trainer:0 - Average time per epoch: 14.32 seconds.
2024-05-16 21:02:39,798 - INFO - Trainer:0 - Approximate time left: 3h:7m:6s.
2024-05-16 21:03:47,323 - INFO - Trainer:0 - Epoch 221/1000 completed in 13.27 seconds.
2024-05-16 21:03:47,323 - INFO - Trainer:0 - Total running time so far: 0h:52m:40s.
2024-05-16 21:03:47,323 - INFO - Trainer:0 - Average time per epoch: 14.30 seconds.
2024-05-16 21:03:47,323 - INFO - Trainer:0 - Approximate time left: 3h:5m:40s.
2024-05-16 21:04:53,796 - INFO - Trainer:0 - Epoch 226/1000 completed in 13.29 seconds.
2024-05-16 21:04:53,796 - INFO - Trainer:0 - Total running time so far: 0h:53m:46s.
2024-05-16 21:04:53,796 - INFO - Trainer:0 - Average time per epoch: 14.28 seconds.
2024-05-16 21:04:53,796 - INFO - Trainer:0 - Approximate time left: 3h:4m:11s.
2024-05-16 21:06:01,131 - INFO - Trainer:0 - Epoch 231/1000 completed in 14.17 seconds.
2024-05-16 21:06:01,132 - INFO - Trainer:0 - Total running time so far: 0h:54m:54s.
2024-05-16 21:06:01,132 - INFO - Trainer:0 - Average time per epoch: 14.26 seconds.
2024-05-16 21:06:01,132 - INFO - Trainer:0 - Approximate time left: 3h:2m:46s.
2024-05-16 21:07:07,493 - INFO - Trainer:0 - Epoch 236/1000 completed in 13.27 seconds.
2024-05-16 21:07:07,493 - INFO - Trainer:0 - Total running time so far: 0h:56m:0s.
2024-05-16 21:07:07,493 - INFO - Trainer:0 - Average time per epoch: 14.24 seconds.
2024-05-16 21:07:07,493 - INFO - Trainer:0 - Approximate time left: 3h:1m:19s.
2024-05-16 21:08:14,271 - INFO - Trainer:0 - Epoch 241/1000 completed in 13.46 seconds.
2024-05-16 21:08:14,271 - INFO - Trainer:0 - Total running time so far: 0h:57m:7s.
2024-05-16 21:08:14,271 - INFO - Trainer:0 - Average time per epoch: 14.22 seconds.
2024-05-16 21:08:14,271 - INFO - Trainer:0 - Approximate time left: 2h:59m:54s.
2024-05-16 21:09:22,088 - INFO - Trainer:0 - Epoch 246/1000 completed in 14.20 seconds.
2024-05-16 21:09:22,088 - INFO - Trainer:0 - Total running time so far: 0h:58m:15s.
2024-05-16 21:09:22,088 - INFO - Trainer:0 - Average time per epoch: 14.21 seconds.
2024-05-16 21:09:22,088 - INFO - Trainer:0 - Approximate time left: 2h:58m:32s.
2024-05-16 21:10:31,593 - INFO - Trainer:0 - Epoch 251/1000 completed in 15.61 seconds.
2024-05-16 21:10:31,593 - INFO - Trainer:0 - Total running time so far: 0h:59m:24s.
2024-05-16 21:10:31,593 - INFO - Trainer:0 - Average time per epoch: 14.20 seconds.
2024-05-16 21:10:31,593 - INFO - Trainer:0 - Approximate time left: 2h:57m:17s.
2024-05-16 21:11:39,024 - INFO - Trainer:0 - Epoch 256/1000 completed in 13.31 seconds.
2024-05-16 21:11:39,025 - INFO - Trainer:0 - Total running time so far: 1h:0m:32s.
2024-05-16 21:11:39,025 - INFO - Trainer:0 - Average time per epoch: 14.19 seconds.
2024-05-16 21:11:39,025 - INFO - Trainer:0 - Approximate time left: 2h:55m:55s.
2024-05-16 21:12:46,429 - INFO - Trainer:0 - Epoch 261/1000 completed in 13.28 seconds.
2024-05-16 21:12:46,429 - INFO - Trainer:0 - Total running time so far: 1h:1m:39s.
2024-05-16 21:12:46,429 - INFO - Trainer:0 - Average time per epoch: 14.17 seconds.
2024-05-16 21:12:46,429 - INFO - Trainer:0 - Approximate time left: 2h:54m:34s.
2024-05-16 21:13:53,037 - INFO - Trainer:0 - Epoch 266/1000 completed in 13.38 seconds.
2024-05-16 21:13:53,037 - INFO - Trainer:0 - Total running time so far: 1h:2m:46s.
2024-05-16 21:13:53,037 - INFO - Trainer:0 - Average time per epoch: 14.16 seconds.
2024-05-16 21:13:53,037 - INFO - Trainer:0 - Approximate time left: 2h:53m:12s.
2024-05-16 21:15:00,541 - INFO - Trainer:0 - Epoch 271/1000 completed in 13.28 seconds.
2024-05-16 21:15:00,541 - INFO - Trainer:0 - Total running time so far: 1h:3m:53s.
2024-05-16 21:15:00,541 - INFO - Trainer:0 - Average time per epoch: 14.15 seconds.
2024-05-16 21:15:00,541 - INFO - Trainer:0 - Approximate time left: 2h:51m:52s.
2024-05-16 21:16:07,120 - INFO - Trainer:0 - Epoch 276/1000 completed in 13.29 seconds.
2024-05-16 21:16:07,120 - INFO - Trainer:0 - Total running time so far: 1h:5m:0s.
2024-05-16 21:16:07,120 - INFO - Trainer:0 - Average time per epoch: 14.13 seconds.
2024-05-16 21:16:07,120 - INFO - Trainer:0 - Approximate time left: 2h:50m:31s.
2024-05-16 21:17:13,746 - INFO - Trainer:0 - Epoch 281/1000 completed in 13.27 seconds.
2024-05-16 21:17:13,747 - INFO - Trainer:0 - Total running time so far: 1h:6m:6s.
2024-05-16 21:17:13,747 - INFO - Trainer:0 - Average time per epoch: 14.12 seconds.
2024-05-16 21:17:13,747 - INFO - Trainer:0 - Approximate time left: 2h:49m:10s.
2024-05-16 21:18:21,083 - INFO - Trainer:0 - Epoch 286/1000 completed in 13.28 seconds.
2024-05-16 21:18:21,083 - INFO - Trainer:0 - Total running time so far: 1h:7m:14s.
2024-05-16 21:18:21,084 - INFO - Trainer:0 - Average time per epoch: 14.11 seconds.
2024-05-16 21:18:21,084 - INFO - Trainer:0 - Approximate time left: 2h:47m:51s.
2024-05-16 21:19:27,513 - INFO - Trainer:0 - Epoch 291/1000 completed in 13.32 seconds.
2024-05-16 21:19:27,513 - INFO - Trainer:0 - Total running time so far: 1h:8m:20s.
2024-05-16 21:19:27,514 - INFO - Trainer:0 - Average time per epoch: 14.09 seconds.
2024-05-16 21:19:27,514 - INFO - Trainer:0 - Approximate time left: 2h:46m:30s.
2024-05-16 21:20:34,412 - INFO - Trainer:0 - Epoch 296/1000 completed in 13.32 seconds.
2024-05-16 21:20:34,412 - INFO - Trainer:0 - Total running time so far: 1h:9m:27s.
2024-05-16 21:20:34,412 - INFO - Trainer:0 - Average time per epoch: 14.08 seconds.
2024-05-16 21:20:34,413 - INFO - Trainer:0 - Approximate time left: 2h:45m:11s.
2024-05-16 21:21:43,134 - INFO - Trainer:0 - Epoch 301/1000 completed in 15.49 seconds.
2024-05-16 21:21:43,135 - INFO - Trainer:0 - Total running time so far: 1h:10m:36s.
2024-05-16 21:21:43,135 - INFO - Trainer:0 - Average time per epoch: 14.07 seconds.
2024-05-16 21:21:43,135 - INFO - Trainer:0 - Approximate time left: 2h:43m:57s.
2024-05-16 21:22:50,350 - INFO - Trainer:0 - Epoch 306/1000 completed in 13.33 seconds.
2024-05-16 21:22:50,350 - INFO - Trainer:0 - Total running time so far: 1h:11m:43s.
2024-05-16 21:22:50,350 - INFO - Trainer:0 - Average time per epoch: 14.06 seconds.
2024-05-16 21:22:50,350 - INFO - Trainer:0 - Approximate time left: 2h:42m:40s.
2024-05-16 21:23:58,668 - INFO - Trainer:0 - Epoch 311/1000 completed in 13.31 seconds.
2024-05-16 21:23:58,668 - INFO - Trainer:0 - Total running time so far: 1h:12m:51s.
2024-05-16 21:23:58,668 - INFO - Trainer:0 - Average time per epoch: 14.06 seconds.
2024-05-16 21:23:58,668 - INFO - Trainer:0 - Approximate time left: 2h:41m:25s.
2024-05-16 21:25:05,107 - INFO - Trainer:0 - Epoch 316/1000 completed in 13.28 seconds.
2024-05-16 21:25:05,108 - INFO - Trainer:0 - Total running time so far: 1h:13m:58s.
2024-05-16 21:25:05,108 - INFO - Trainer:0 - Average time per epoch: 14.04 seconds.
2024-05-16 21:25:05,108 - INFO - Trainer:0 - Approximate time left: 2h:40m:6s.
2024-05-16 21:26:11,754 - INFO - Trainer:0 - Epoch 321/1000 completed in 13.34 seconds.
2024-05-16 21:26:11,754 - INFO - Trainer:0 - Total running time so far: 1h:15m:4s.
2024-05-16 21:26:11,754 - INFO - Trainer:0 - Average time per epoch: 14.03 seconds.
2024-05-16 21:26:11,754 - INFO - Trainer:0 - Approximate time left: 2h:38m:48s.
2024-05-16 21:27:19,239 - INFO - Trainer:0 - Epoch 326/1000 completed in 13.23 seconds.
2024-05-16 21:27:19,239 - INFO - Trainer:0 - Total running time so far: 1h:16m:12s.
2024-05-16 21:27:19,239 - INFO - Trainer:0 - Average time per epoch: 14.03 seconds.
2024-05-16 21:27:19,239 - INFO - Trainer:0 - Approximate time left: 2h:37m:33s.
2024-05-16 21:28:26,499 - INFO - Trainer:0 - Epoch 331/1000 completed in 13.25 seconds.
2024-05-16 21:28:26,499 - INFO - Trainer:0 - Total running time so far: 1h:17m:19s.
2024-05-16 21:28:26,499 - INFO - Trainer:0 - Average time per epoch: 14.02 seconds.
2024-05-16 21:28:26,499 - INFO - Trainer:0 - Approximate time left: 2h:36m:17s.
2024-05-16 21:29:33,630 - INFO - Trainer:0 - Epoch 336/1000 completed in 13.21 seconds.
2024-05-16 21:29:33,630 - INFO - Trainer:0 - Total running time so far: 1h:18m:26s.
2024-05-16 21:29:33,630 - INFO - Trainer:0 - Average time per epoch: 14.01 seconds.
2024-05-16 21:29:33,630 - INFO - Trainer:0 - Approximate time left: 2h:35m:1s.
2024-05-16 21:30:40,778 - INFO - Trainer:0 - Epoch 341/1000 completed in 13.24 seconds.
2024-05-16 21:30:40,778 - INFO - Trainer:0 - Total running time so far: 1h:19m:33s.
2024-05-16 21:30:40,778 - INFO - Trainer:0 - Average time per epoch: 14.00 seconds.
2024-05-16 21:30:40,778 - INFO - Trainer:0 - Approximate time left: 2h:33m:45s.
2024-05-16 21:31:48,216 - INFO - Trainer:0 - Epoch 346/1000 completed in 13.40 seconds.
2024-05-16 21:31:48,217 - INFO - Trainer:0 - Total running time so far: 1h:20m:41s.
2024-05-16 21:31:48,217 - INFO - Trainer:0 - Average time per epoch: 13.99 seconds.
2024-05-16 21:31:48,217 - INFO - Trainer:0 - Approximate time left: 2h:32m:30s.
2024-05-16 21:32:57,102 - INFO - Trainer:0 - Epoch 351/1000 completed in 15.46 seconds.
2024-05-16 21:32:57,102 - INFO - Trainer:0 - Total running time so far: 1h:21m:50s.
2024-05-16 21:32:57,102 - INFO - Trainer:0 - Average time per epoch: 13.99 seconds.
2024-05-16 21:32:57,102 - INFO - Trainer:0 - Approximate time left: 2h:31m:18s.
2024-05-16 21:34:03,915 - INFO - Trainer:0 - Epoch 356/1000 completed in 13.30 seconds.
2024-05-16 21:34:03,915 - INFO - Trainer:0 - Total running time so far: 1h:22m:57s.
2024-05-16 21:34:03,915 - INFO - Trainer:0 - Average time per epoch: 13.98 seconds.
2024-05-16 21:34:03,915 - INFO - Trainer:0 - Approximate time left: 2h:30m:3s.
2024-05-16 21:35:10,645 - INFO - Trainer:0 - Epoch 361/1000 completed in 13.31 seconds.
2024-05-16 21:35:10,645 - INFO - Trainer:0 - Total running time so far: 1h:24m:3s.
2024-05-16 21:35:10,645 - INFO - Trainer:0 - Average time per epoch: 13.97 seconds.
2024-05-16 21:35:10,645 - INFO - Trainer:0 - Approximate time left: 2h:28m:47s.
2024-05-16 21:36:17,481 - INFO - Trainer:0 - Epoch 366/1000 completed in 13.36 seconds.
2024-05-16 21:36:17,481 - INFO - Trainer:0 - Total running time so far: 1h:25m:10s.
2024-05-16 21:36:17,481 - INFO - Trainer:0 - Average time per epoch: 13.96 seconds.
2024-05-16 21:36:17,481 - INFO - Trainer:0 - Approximate time left: 2h:27m:32s.
2024-05-16 21:37:25,167 - INFO - Trainer:0 - Epoch 371/1000 completed in 14.20 seconds.
2024-05-16 21:37:25,167 - INFO - Trainer:0 - Total running time so far: 1h:26m:18s.
2024-05-16 21:37:25,167 - INFO - Trainer:0 - Average time per epoch: 13.96 seconds.
2024-05-16 21:37:25,167 - INFO - Trainer:0 - Approximate time left: 2h:26m:19s.
2024-05-16 21:38:33,082 - INFO - Trainer:0 - Epoch 376/1000 completed in 13.43 seconds.
2024-05-16 21:38:33,083 - INFO - Trainer:0 - Total running time so far: 1h:27m:26s.
2024-05-16 21:38:33,083 - INFO - Trainer:0 - Average time per epoch: 13.95 seconds.
2024-05-16 21:38:33,083 - INFO - Trainer:0 - Approximate time left: 2h:25m:6s.
2024-05-16 21:39:41,016 - INFO - Trainer:0 - Epoch 381/1000 completed in 13.40 seconds.
2024-05-16 21:39:41,016 - INFO - Trainer:0 - Total running time so far: 1h:28m:34s.
2024-05-16 21:39:41,016 - INFO - Trainer:0 - Average time per epoch: 13.95 seconds.
2024-05-16 21:39:41,016 - INFO - Trainer:0 - Approximate time left: 2h:23m:53s.
2024-05-16 21:40:47,701 - INFO - Trainer:0 - Epoch 386/1000 completed in 13.35 seconds.
2024-05-16 21:40:47,701 - INFO - Trainer:0 - Total running time so far: 1h:29m:40s.
2024-05-16 21:40:47,701 - INFO - Trainer:0 - Average time per epoch: 13.94 seconds.
2024-05-16 21:40:47,701 - INFO - Trainer:0 - Approximate time left: 2h:22m:39s.
2024-05-16 21:41:54,334 - INFO - Trainer:0 - Epoch 391/1000 completed in 13.41 seconds.
2024-05-16 21:41:54,334 - INFO - Trainer:0 - Total running time so far: 1h:30m:47s.
2024-05-16 21:41:54,334 - INFO - Trainer:0 - Average time per epoch: 13.93 seconds.
2024-05-16 21:41:54,334 - INFO - Trainer:0 - Approximate time left: 2h:21m:24s.
2024-05-16 21:43:01,312 - INFO - Trainer:0 - Epoch 396/1000 completed in 13.36 seconds.
2024-05-16 21:43:01,312 - INFO - Trainer:0 - Total running time so far: 1h:31m:54s.
2024-05-16 21:43:01,312 - INFO - Trainer:0 - Average time per epoch: 13.93 seconds.
2024-05-16 21:43:01,312 - INFO - Trainer:0 - Approximate time left: 2h:20m:10s.
2024-05-16 21:44:12,031 - INFO - Trainer:0 - Epoch 401/1000 completed in 16.01 seconds.
2024-05-16 21:44:12,031 - INFO - Trainer:0 - Total running time so far: 1h:33m:5s.
2024-05-16 21:44:12,031 - INFO - Trainer:0 - Average time per epoch: 13.93 seconds.
2024-05-16 21:44:12,031 - INFO - Trainer:0 - Approximate time left: 2h:19m:2s.
2024-05-16 21:45:18,571 - INFO - Trainer:0 - Epoch 406/1000 completed in 13.33 seconds.
2024-05-16 21:45:18,572 - INFO - Trainer:0 - Total running time so far: 1h:34m:11s.
2024-05-16 21:45:18,572 - INFO - Trainer:0 - Average time per epoch: 13.92 seconds.
2024-05-16 21:45:18,572 - INFO - Trainer:0 - Approximate time left: 2h:17m:48s.
2024-05-16 21:46:25,074 - INFO - Trainer:0 - Epoch 411/1000 completed in 13.29 seconds.
2024-05-16 21:46:25,074 - INFO - Trainer:0 - Total running time so far: 1h:35m:18s.
2024-05-16 21:46:25,074 - INFO - Trainer:0 - Average time per epoch: 13.91 seconds.
2024-05-16 21:46:25,074 - INFO - Trainer:0 - Approximate time left: 2h:16m:34s.
2024-05-16 21:47:32,822 - INFO - Trainer:0 - Epoch 416/1000 completed in 14.20 seconds.
2024-05-16 21:47:32,822 - INFO - Trainer:0 - Total running time so far: 1h:36m:25s.
2024-05-16 21:47:32,822 - INFO - Trainer:0 - Average time per epoch: 13.91 seconds.
2024-05-16 21:47:32,823 - INFO - Trainer:0 - Approximate time left: 2h:15m:22s.
2024-05-16 21:48:39,349 - INFO - Trainer:0 - Epoch 421/1000 completed in 13.30 seconds.
2024-05-16 21:48:39,349 - INFO - Trainer:0 - Total running time so far: 1h:37m:32s.
2024-05-16 21:48:39,349 - INFO - Trainer:0 - Average time per epoch: 13.90 seconds.
2024-05-16 21:48:39,349 - INFO - Trainer:0 - Approximate time left: 2h:14m:8s.
2024-05-16 21:49:46,640 - INFO - Trainer:0 - Epoch 426/1000 completed in 14.15 seconds.
2024-05-16 21:49:46,640 - INFO - Trainer:0 - Total running time so far: 1h:38m:39s.
2024-05-16 21:49:46,640 - INFO - Trainer:0 - Average time per epoch: 13.90 seconds.
2024-05-16 21:49:46,640 - INFO - Trainer:0 - Approximate time left: 2h:12m:56s.
2024-05-16 21:50:54,825 - INFO - Trainer:0 - Epoch 431/1000 completed in 14.08 seconds.
2024-05-16 21:50:54,825 - INFO - Trainer:0 - Total running time so far: 1h:39m:47s.
2024-05-16 21:50:54,825 - INFO - Trainer:0 - Average time per epoch: 13.89 seconds.
2024-05-16 21:50:54,825 - INFO - Trainer:0 - Approximate time left: 2h:11m:45s.
2024-05-16 21:52:01,394 - INFO - Trainer:0 - Epoch 436/1000 completed in 13.35 seconds.
2024-05-16 21:52:01,394 - INFO - Trainer:0 - Total running time so far: 1h:40m:54s.
2024-05-16 21:52:01,394 - INFO - Trainer:0 - Average time per epoch: 13.89 seconds.
2024-05-16 21:52:01,394 - INFO - Trainer:0 - Approximate time left: 2h:10m:31s.
2024-05-16 21:53:08,058 - INFO - Trainer:0 - Epoch 441/1000 completed in 13.32 seconds.
2024-05-16 21:53:08,059 - INFO - Trainer:0 - Total running time so far: 1h:42m:1s.
2024-05-16 21:53:08,059 - INFO - Trainer:0 - Average time per epoch: 13.88 seconds.
2024-05-16 21:53:08,059 - INFO - Trainer:0 - Approximate time left: 2h:9m:18s.
2024-05-16 21:54:14,757 - INFO - Trainer:0 - Epoch 446/1000 completed in 13.33 seconds.
2024-05-16 21:54:14,757 - INFO - Trainer:0 - Total running time so far: 1h:43m:7s.
2024-05-16 21:54:14,757 - INFO - Trainer:0 - Average time per epoch: 13.87 seconds.
2024-05-16 21:54:14,758 - INFO - Trainer:0 - Approximate time left: 2h:8m:6s.
2024-05-16 21:55:23,807 - INFO - Trainer:0 - Epoch 451/1000 completed in 15.49 seconds.
2024-05-16 21:55:23,807 - INFO - Trainer:0 - Total running time so far: 1h:44m:16s.
2024-05-16 21:55:23,807 - INFO - Trainer:0 - Average time per epoch: 13.87 seconds.
2024-05-16 21:55:23,807 - INFO - Trainer:0 - Approximate time left: 2h:6m:56s.
2024-05-16 21:56:30,406 - INFO - Trainer:0 - Epoch 456/1000 completed in 13.34 seconds.
2024-05-16 21:56:30,406 - INFO - Trainer:0 - Total running time so far: 1h:45m:23s.
2024-05-16 21:56:30,406 - INFO - Trainer:0 - Average time per epoch: 13.87 seconds.
2024-05-16 21:56:30,406 - INFO - Trainer:0 - Approximate time left: 2h:5m:43s.
2024-05-16 21:57:37,679 - INFO - Trainer:0 - Epoch 461/1000 completed in 13.34 seconds.
2024-05-16 21:57:37,679 - INFO - Trainer:0 - Total running time so far: 1h:46m:30s.
2024-05-16 21:57:37,679 - INFO - Trainer:0 - Average time per epoch: 13.86 seconds.
2024-05-16 21:57:37,679 - INFO - Trainer:0 - Approximate time left: 2h:4m:32s.
2024-05-16 21:58:44,323 - INFO - Trainer:0 - Epoch 466/1000 completed in 13.31 seconds.
2024-05-16 21:58:44,323 - INFO - Trainer:0 - Total running time so far: 1h:47m:37s.
2024-05-16 21:58:44,323 - INFO - Trainer:0 - Average time per epoch: 13.86 seconds.
2024-05-16 21:58:44,324 - INFO - Trainer:0 - Approximate time left: 2h:3m:19s.
2024-05-16 21:59:50,899 - INFO - Trainer:0 - Epoch 471/1000 completed in 13.29 seconds.
2024-05-16 21:59:50,899 - INFO - Trainer:0 - Total running time so far: 1h:48m:43s.
2024-05-16 21:59:50,899 - INFO - Trainer:0 - Average time per epoch: 13.85 seconds.
2024-05-16 21:59:50,899 - INFO - Trainer:0 - Approximate time left: 2h:2m:7s.
2024-05-16 22:00:57,332 - INFO - Trainer:0 - Epoch 476/1000 completed in 13.28 seconds.
2024-05-16 22:00:57,332 - INFO - Trainer:0 - Total running time so far: 1h:49m:50s.
2024-05-16 22:00:57,332 - INFO - Trainer:0 - Average time per epoch: 13.85 seconds.
2024-05-16 22:00:57,332 - INFO - Trainer:0 - Approximate time left: 2h:0m:54s.
2024-05-16 22:02:03,856 - INFO - Trainer:0 - Epoch 481/1000 completed in 13.29 seconds.
2024-05-16 22:02:03,856 - INFO - Trainer:0 - Total running time so far: 1h:50m:56s.
2024-05-16 22:02:03,856 - INFO - Trainer:0 - Average time per epoch: 13.84 seconds.
2024-05-16 22:02:03,856 - INFO - Trainer:0 - Approximate time left: 1h:59m:42s.
2024-05-16 22:03:11,837 - INFO - Trainer:0 - Epoch 486/1000 completed in 13.36 seconds.
2024-05-16 22:03:11,837 - INFO - Trainer:0 - Total running time so far: 1h:52m:4s.
2024-05-16 22:03:11,837 - INFO - Trainer:0 - Average time per epoch: 13.84 seconds.
2024-05-16 22:03:11,837 - INFO - Trainer:0 - Approximate time left: 1h:58m:32s.
2024-05-16 22:04:18,766 - INFO - Trainer:0 - Epoch 491/1000 completed in 13.40 seconds.
2024-05-16 22:04:18,766 - INFO - Trainer:0 - Total running time so far: 1h:53m:11s.
2024-05-16 22:04:18,766 - INFO - Trainer:0 - Average time per epoch: 13.83 seconds.
2024-05-16 22:04:18,766 - INFO - Trainer:0 - Approximate time left: 1h:57m:20s.
2024-05-16 22:05:25,961 - INFO - Trainer:0 - Epoch 496/1000 completed in 13.45 seconds.
2024-05-16 22:05:25,961 - INFO - Trainer:0 - Total running time so far: 1h:54m:19s.
2024-05-16 22:05:25,961 - INFO - Trainer:0 - Average time per epoch: 13.83 seconds.
2024-05-16 22:05:25,961 - INFO - Trainer:0 - Approximate time left: 1h:56m:9s.
2024-05-16 22:06:35,731 - INFO - Trainer:0 - Epoch 501/1000 completed in 16.40 seconds.
2024-05-16 22:06:35,732 - INFO - Trainer:0 - Total running time so far: 1h:55m:28s.
2024-05-16 22:06:35,732 - INFO - Trainer:0 - Average time per epoch: 13.83 seconds.
2024-05-16 22:06:35,732 - INFO - Trainer:0 - Approximate time left: 1h:55m:1s.
2024-05-16 22:07:43,920 - INFO - Trainer:0 - Epoch 506/1000 completed in 13.34 seconds.
2024-05-16 22:07:43,920 - INFO - Trainer:0 - Total running time so far: 1h:56m:36s.
2024-05-16 22:07:43,920 - INFO - Trainer:0 - Average time per epoch: 13.83 seconds.
2024-05-16 22:07:43,920 - INFO - Trainer:0 - Approximate time left: 1h:53m:51s.
2024-05-16 22:08:50,908 - INFO - Trainer:0 - Epoch 511/1000 completed in 13.33 seconds.
2024-05-16 22:08:50,908 - INFO - Trainer:0 - Total running time so far: 1h:57m:43s.
2024-05-16 22:08:50,908 - INFO - Trainer:0 - Average time per epoch: 13.82 seconds.
2024-05-16 22:08:50,908 - INFO - Trainer:0 - Approximate time left: 1h:52m:39s.
2024-05-16 22:09:57,423 - INFO - Trainer:0 - Epoch 516/1000 completed in 13.32 seconds.
2024-05-16 22:09:57,423 - INFO - Trainer:0 - Total running time so far: 1h:58m:50s.
2024-05-16 22:09:57,423 - INFO - Trainer:0 - Average time per epoch: 13.82 seconds.
2024-05-16 22:09:57,423 - INFO - Trainer:0 - Approximate time left: 1h:51m:28s.
2024-05-16 22:11:04,703 - INFO - Trainer:0 - Epoch 521/1000 completed in 13.28 seconds.
2024-05-16 22:11:04,703 - INFO - Trainer:0 - Total running time so far: 1h:59m:57s.
2024-05-16 22:11:04,703 - INFO - Trainer:0 - Average time per epoch: 13.82 seconds.
2024-05-16 22:11:04,703 - INFO - Trainer:0 - Approximate time left: 1h:50m:17s.
2024-05-16 22:12:13,642 - INFO - Trainer:0 - Epoch 526/1000 completed in 13.42 seconds.
2024-05-16 22:12:13,642 - INFO - Trainer:0 - Total running time so far: 2h:1m:6s.
2024-05-16 22:12:13,642 - INFO - Trainer:0 - Average time per epoch: 13.81 seconds.
2024-05-16 22:12:13,642 - INFO - Trainer:0 - Approximate time left: 1h:49m:8s.
2024-05-16 22:13:21,638 - INFO - Trainer:0 - Epoch 531/1000 completed in 13.44 seconds.
2024-05-16 22:13:21,638 - INFO - Trainer:0 - Total running time so far: 2h:2m:14s.
2024-05-16 22:13:21,638 - INFO - Trainer:0 - Average time per epoch: 13.81 seconds.
2024-05-16 22:13:21,638 - INFO - Trainer:0 - Approximate time left: 1h:47m:58s.
2024-05-16 22:14:29,690 - INFO - Trainer:0 - Epoch 536/1000 completed in 13.42 seconds.
2024-05-16 22:14:29,690 - INFO - Trainer:0 - Total running time so far: 2h:3m:22s.
2024-05-16 22:14:29,690 - INFO - Trainer:0 - Average time per epoch: 13.81 seconds.
2024-05-16 22:14:29,690 - INFO - Trainer:0 - Approximate time left: 1h:46m:48s.
2024-05-16 22:15:36,652 - INFO - Trainer:0 - Epoch 541/1000 completed in 13.36 seconds.
2024-05-16 22:15:36,653 - INFO - Trainer:0 - Total running time so far: 2h:4m:29s.
2024-05-16 22:15:36,653 - INFO - Trainer:0 - Average time per epoch: 13.81 seconds.
2024-05-16 22:15:36,653 - INFO - Trainer:0 - Approximate time left: 1h:45m:37s.
2024-05-16 22:16:44,626 - INFO - Trainer:0 - Epoch 546/1000 completed in 13.40 seconds.
2024-05-16 22:16:44,626 - INFO - Trainer:0 - Total running time so far: 2h:5m:37s.
2024-05-16 22:16:44,626 - INFO - Trainer:0 - Average time per epoch: 13.81 seconds.
2024-05-16 22:16:44,626 - INFO - Trainer:0 - Approximate time left: 1h:44m:27s.
2024-05-16 22:17:54,362 - INFO - Trainer:0 - Epoch 551/1000 completed in 16.10 seconds.
2024-05-16 22:17:54,363 - INFO - Trainer:0 - Total running time so far: 2h:6m:47s.
2024-05-16 22:17:54,363 - INFO - Trainer:0 - Average time per epoch: 13.81 seconds.
2024-05-16 22:17:54,363 - INFO - Trainer:0 - Approximate time left: 1h:43m:19s.
2024-05-16 22:19:02,130 - INFO - Trainer:0 - Epoch 556/1000 completed in 13.36 seconds.
2024-05-16 22:19:02,130 - INFO - Trainer:0 - Total running time so far: 2h:7m:55s.
2024-05-16 22:19:02,130 - INFO - Trainer:0 - Average time per epoch: 13.80 seconds.
2024-05-16 22:19:02,130 - INFO - Trainer:0 - Approximate time left: 1h:42m:9s.
2024-05-16 22:20:08,830 - INFO - Trainer:0 - Epoch 561/1000 completed in 13.35 seconds.
2024-05-16 22:20:08,830 - INFO - Trainer:0 - Total running time so far: 2h:9m:1s.
2024-05-16 22:20:08,830 - INFO - Trainer:0 - Average time per epoch: 13.80 seconds.
2024-05-16 22:20:08,830 - INFO - Trainer:0 - Approximate time left: 1h:40m:58s.
2024-05-16 22:21:15,285 - INFO - Trainer:0 - Epoch 566/1000 completed in 13.27 seconds.
2024-05-16 22:21:15,286 - INFO - Trainer:0 - Total running time so far: 2h:10m:8s.
2024-05-16 22:21:15,286 - INFO - Trainer:0 - Average time per epoch: 13.80 seconds.
2024-05-16 22:21:15,286 - INFO - Trainer:0 - Approximate time left: 1h:39m:47s.
2024-05-16 22:22:21,822 - INFO - Trainer:0 - Epoch 571/1000 completed in 13.34 seconds.
2024-05-16 22:22:21,822 - INFO - Trainer:0 - Total running time so far: 2h:11m:14s.
2024-05-16 22:22:21,822 - INFO - Trainer:0 - Average time per epoch: 13.79 seconds.
2024-05-16 22:22:21,822 - INFO - Trainer:0 - Approximate time left: 1h:38m:36s.
2024-05-16 22:23:28,514 - INFO - Trainer:0 - Epoch 576/1000 completed in 13.37 seconds.
2024-05-16 22:23:28,515 - INFO - Trainer:0 - Total running time so far: 2h:12m:21s.
2024-05-16 22:23:28,515 - INFO - Trainer:0 - Average time per epoch: 13.79 seconds.
2024-05-16 22:23:28,515 - INFO - Trainer:0 - Approximate time left: 1h:37m:25s.
2024-05-16 22:24:35,191 - INFO - Trainer:0 - Epoch 581/1000 completed in 13.35 seconds.
2024-05-16 22:24:35,191 - INFO - Trainer:0 - Total running time so far: 2h:13m:28s.
2024-05-16 22:24:35,191 - INFO - Trainer:0 - Average time per epoch: 13.78 seconds.
2024-05-16 22:24:35,191 - INFO - Trainer:0 - Approximate time left: 1h:36m:15s.
2024-05-16 22:25:42,996 - INFO - Trainer:0 - Epoch 586/1000 completed in 13.36 seconds.
2024-05-16 22:25:42,997 - INFO - Trainer:0 - Total running time so far: 2h:14m:36s.
2024-05-16 22:25:42,997 - INFO - Trainer:0 - Average time per epoch: 13.78 seconds.
2024-05-16 22:25:42,997 - INFO - Trainer:0 - Approximate time left: 1h:35m:5s.
2024-05-16 22:26:49,993 - INFO - Trainer:0 - Epoch 591/1000 completed in 13.40 seconds.
2024-05-16 22:26:49,993 - INFO - Trainer:0 - Total running time so far: 2h:15m:43s.
2024-05-16 22:26:49,993 - INFO - Trainer:0 - Average time per epoch: 13.78 seconds.
2024-05-16 22:26:49,993 - INFO - Trainer:0 - Approximate time left: 1h:33m:55s.
2024-05-16 22:27:56,963 - INFO - Trainer:0 - Epoch 596/1000 completed in 13.41 seconds.
2024-05-16 22:27:56,964 - INFO - Trainer:0 - Total running time so far: 2h:16m:49s.
2024-05-16 22:27:56,964 - INFO - Trainer:0 - Average time per epoch: 13.78 seconds.
2024-05-16 22:27:56,964 - INFO - Trainer:0 - Approximate time left: 1h:32m:45s.
2024-05-16 22:29:07,162 - INFO - Trainer:0 - Epoch 601/1000 completed in 15.93 seconds.
2024-05-16 22:29:07,162 - INFO - Trainer:0 - Total running time so far: 2h:18m:0s.
2024-05-16 22:29:07,162 - INFO - Trainer:0 - Average time per epoch: 13.78 seconds.
2024-05-16 22:29:07,162 - INFO - Trainer:0 - Approximate time left: 1h:31m:37s.
2024-05-16 22:30:16,022 - INFO - Trainer:0 - Epoch 606/1000 completed in 14.43 seconds.
2024-05-16 22:30:16,022 - INFO - Trainer:0 - Total running time so far: 2h:19m:9s.
2024-05-16 22:30:16,022 - INFO - Trainer:0 - Average time per epoch: 13.78 seconds.
2024-05-16 22:30:16,022 - INFO - Trainer:0 - Approximate time left: 1h:30m:28s.
2024-05-16 22:31:27,103 - INFO - Trainer:0 - Epoch 611/1000 completed in 14.48 seconds.
2024-05-16 22:31:27,103 - INFO - Trainer:0 - Total running time so far: 2h:20m:20s.
2024-05-16 22:31:27,103 - INFO - Trainer:0 - Average time per epoch: 13.78 seconds.
2024-05-16 22:31:27,103 - INFO - Trainer:0 - Approximate time left: 1h:29m:20s.
2024-05-16 22:32:38,354 - INFO - Trainer:0 - Epoch 616/1000 completed in 14.35 seconds.
2024-05-16 22:32:38,354 - INFO - Trainer:0 - Total running time so far: 2h:21m:31s.
2024-05-16 22:32:38,354 - INFO - Trainer:0 - Average time per epoch: 13.78 seconds.
2024-05-16 22:32:38,355 - INFO - Trainer:0 - Approximate time left: 1h:28m:13s.
2024-05-16 22:33:47,298 - INFO - Trainer:0 - Epoch 621/1000 completed in 14.23 seconds.
2024-05-16 22:33:47,298 - INFO - Trainer:0 - Total running time so far: 2h:22m:40s.
2024-05-16 22:33:47,298 - INFO - Trainer:0 - Average time per epoch: 13.78 seconds.
2024-05-16 22:33:47,298 - INFO - Trainer:0 - Approximate time left: 1h:27m:4s.
2024-05-16 22:34:55,246 - INFO - Trainer:0 - Epoch 626/1000 completed in 13.36 seconds.
2024-05-16 22:34:55,246 - INFO - Trainer:0 - Total running time so far: 2h:23m:48s.
2024-05-16 22:34:55,246 - INFO - Trainer:0 - Average time per epoch: 13.78 seconds.
2024-05-16 22:34:55,246 - INFO - Trainer:0 - Approximate time left: 1h:25m:54s.
2024-05-16 22:36:03,139 - INFO - Trainer:0 - Epoch 631/1000 completed in 13.42 seconds.
2024-05-16 22:36:03,140 - INFO - Trainer:0 - Total running time so far: 2h:24m:56s.
2024-05-16 22:36:03,140 - INFO - Trainer:0 - Average time per epoch: 13.78 seconds.
2024-05-16 22:36:03,140 - INFO - Trainer:0 - Approximate time left: 1h:24m:45s.
2024-05-16 22:37:12,018 - INFO - Trainer:0 - Epoch 636/1000 completed in 13.34 seconds.
2024-05-16 22:37:12,019 - INFO - Trainer:0 - Total running time so far: 2h:26m:5s.
2024-05-16 22:37:12,019 - INFO - Trainer:0 - Average time per epoch: 13.78 seconds.
2024-05-16 22:37:12,019 - INFO - Trainer:0 - Approximate time left: 1h:23m:36s.
2024-05-16 22:38:18,871 - INFO - Trainer:0 - Epoch 641/1000 completed in 13.36 seconds.
2024-05-16 22:38:18,871 - INFO - Trainer:0 - Total running time so far: 2h:27m:11s.
2024-05-16 22:38:18,872 - INFO - Trainer:0 - Average time per epoch: 13.78 seconds.
2024-05-16 22:38:18,872 - INFO - Trainer:0 - Approximate time left: 1h:22m:26s.
2024-05-16 22:39:26,618 - INFO - Trainer:0 - Epoch 646/1000 completed in 13.41 seconds.
2024-05-16 22:39:26,619 - INFO - Trainer:0 - Total running time so far: 2h:28m:19s.
2024-05-16 22:39:26,619 - INFO - Trainer:0 - Average time per epoch: 13.78 seconds.
2024-05-16 22:39:26,619 - INFO - Trainer:0 - Approximate time left: 1h:21m:16s.
2024-05-16 22:40:38,433 - INFO - Trainer:0 - Epoch 651/1000 completed in 16.34 seconds.
2024-05-16 22:40:38,434 - INFO - Trainer:0 - Total running time so far: 2h:29m:31s.
2024-05-16 22:40:38,434 - INFO - Trainer:0 - Average time per epoch: 13.78 seconds.
2024-05-16 22:40:38,434 - INFO - Trainer:0 - Approximate time left: 1h:20m:9s.
2024-05-16 22:41:46,794 - INFO - Trainer:0 - Epoch 656/1000 completed in 14.21 seconds.
2024-05-16 22:41:46,794 - INFO - Trainer:0 - Total running time so far: 2h:30m:39s.
2024-05-16 22:41:46,794 - INFO - Trainer:0 - Average time per epoch: 13.78 seconds.
2024-05-16 22:41:46,794 - INFO - Trainer:0 - Approximate time left: 1h:19m:0s.
2024-05-16 22:42:56,481 - INFO - Trainer:0 - Epoch 661/1000 completed in 14.40 seconds.
2024-05-16 22:42:56,481 - INFO - Trainer:0 - Total running time so far: 2h:31m:49s.
2024-05-16 22:42:56,481 - INFO - Trainer:0 - Average time per epoch: 13.78 seconds.
2024-05-16 22:42:56,481 - INFO - Trainer:0 - Approximate time left: 1h:17m:51s.
2024-05-16 22:44:03,334 - INFO - Trainer:0 - Epoch 666/1000 completed in 13.37 seconds.
2024-05-16 22:44:03,334 - INFO - Trainer:0 - Total running time so far: 2h:32m:56s.
2024-05-16 22:44:03,334 - INFO - Trainer:0 - Average time per epoch: 13.78 seconds.
2024-05-16 22:44:03,334 - INFO - Trainer:0 - Approximate time left: 1h:16m:41s.
2024-05-16 22:45:11,221 - INFO - Trainer:0 - Epoch 671/1000 completed in 13.32 seconds.
2024-05-16 22:45:11,221 - INFO - Trainer:0 - Total running time so far: 2h:34m:4s.
2024-05-16 22:45:11,221 - INFO - Trainer:0 - Average time per epoch: 13.78 seconds.
2024-05-16 22:45:11,221 - INFO - Trainer:0 - Approximate time left: 1h:15m:32s.
2024-05-16 22:46:18,030 - INFO - Trainer:0 - Epoch 676/1000 completed in 13.40 seconds.
2024-05-16 22:46:18,030 - INFO - Trainer:0 - Total running time so far: 2h:35m:11s.
2024-05-16 22:46:18,031 - INFO - Trainer:0 - Average time per epoch: 13.77 seconds.
2024-05-16 22:46:18,031 - INFO - Trainer:0 - Approximate time left: 1h:14m:22s.
2024-05-16 22:47:26,652 - INFO - Trainer:0 - Epoch 681/1000 completed in 13.36 seconds.
2024-05-16 22:47:26,652 - INFO - Trainer:0 - Total running time so far: 2h:36m:19s.
2024-05-16 22:47:26,652 - INFO - Trainer:0 - Average time per epoch: 13.77 seconds.
2024-05-16 22:47:26,652 - INFO - Trainer:0 - Approximate time left: 1h:13m:13s.
2024-05-16 22:48:34,250 - INFO - Trainer:0 - Epoch 686/1000 completed in 14.24 seconds.
2024-05-16 22:48:34,250 - INFO - Trainer:0 - Total running time so far: 2h:37m:27s.
2024-05-16 22:48:34,250 - INFO - Trainer:0 - Average time per epoch: 13.77 seconds.
2024-05-16 22:48:34,250 - INFO - Trainer:0 - Approximate time left: 1h:12m:4s.
2024-05-16 22:49:41,825 - INFO - Trainer:0 - Epoch 691/1000 completed in 13.34 seconds.
2024-05-16 22:49:41,825 - INFO - Trainer:0 - Total running time so far: 2h:38m:34s.
2024-05-16 22:49:41,825 - INFO - Trainer:0 - Average time per epoch: 13.77 seconds.
2024-05-16 22:49:41,825 - INFO - Trainer:0 - Approximate time left: 1h:10m:54s.
2024-05-16 22:50:50,703 - INFO - Trainer:0 - Epoch 696/1000 completed in 14.40 seconds.
2024-05-16 22:50:50,704 - INFO - Trainer:0 - Total running time so far: 2h:39m:43s.
2024-05-16 22:50:50,704 - INFO - Trainer:0 - Average time per epoch: 13.77 seconds.
2024-05-16 22:50:50,704 - INFO - Trainer:0 - Approximate time left: 1h:9m:45s.
2024-05-16 22:52:01,444 - INFO - Trainer:0 - Epoch 701/1000 completed in 15.49 seconds.
2024-05-16 22:52:01,444 - INFO - Trainer:0 - Total running time so far: 2h:40m:54s.
2024-05-16 22:52:01,444 - INFO - Trainer:0 - Average time per epoch: 13.77 seconds.
2024-05-16 22:52:01,445 - INFO - Trainer:0 - Approximate time left: 1h:8m:37s.
2024-05-16 22:53:08,093 - INFO - Trainer:0 - Epoch 706/1000 completed in 13.33 seconds.
2024-05-16 22:53:08,093 - INFO - Trainer:0 - Total running time so far: 2h:42m:1s.
2024-05-16 22:53:08,093 - INFO - Trainer:0 - Average time per epoch: 13.77 seconds.
2024-05-16 22:53:08,093 - INFO - Trainer:0 - Approximate time left: 1h:7m:28s.
2024-05-16 22:54:15,799 - INFO - Trainer:0 - Epoch 711/1000 completed in 14.19 seconds.
2024-05-16 22:54:15,799 - INFO - Trainer:0 - Total running time so far: 2h:43m:8s.
2024-05-16 22:54:15,799 - INFO - Trainer:0 - Average time per epoch: 13.77 seconds.
2024-05-16 22:54:15,799 - INFO - Trainer:0 - Approximate time left: 1h:6m:18s.
2024-05-16 22:55:22,608 - INFO - Trainer:0 - Epoch 716/1000 completed in 13.36 seconds.
2024-05-16 22:55:22,609 - INFO - Trainer:0 - Total running time so far: 2h:44m:15s.
2024-05-16 22:55:22,609 - INFO - Trainer:0 - Average time per epoch: 13.76 seconds.
2024-05-16 22:55:22,609 - INFO - Trainer:0 - Approximate time left: 1h:5m:9s.
2024-05-16 22:56:29,418 - INFO - Trainer:0 - Epoch 721/1000 completed in 13.28 seconds.
2024-05-16 22:56:29,418 - INFO - Trainer:0 - Total running time so far: 2h:45m:22s.
2024-05-16 22:56:29,418 - INFO - Trainer:0 - Average time per epoch: 13.76 seconds.
2024-05-16 22:56:29,418 - INFO - Trainer:0 - Approximate time left: 1h:3m:59s.
2024-05-16 22:57:39,017 - INFO - Trainer:0 - Epoch 726/1000 completed in 14.20 seconds.
2024-05-16 22:57:39,018 - INFO - Trainer:0 - Total running time so far: 2h:46m:31s.
2024-05-16 22:57:39,018 - INFO - Trainer:0 - Average time per epoch: 13.76 seconds.
2024-05-16 22:57:39,018 - INFO - Trainer:0 - Approximate time left: 1h:2m:51s.
2024-05-16 22:58:46,389 - INFO - Trainer:0 - Epoch 731/1000 completed in 13.22 seconds.
2024-05-16 22:58:46,389 - INFO - Trainer:0 - Total running time so far: 2h:47m:39s.
2024-05-16 22:58:46,389 - INFO - Trainer:0 - Average time per epoch: 13.76 seconds.
2024-05-16 22:58:46,389 - INFO - Trainer:0 - Approximate time left: 1h:1m:41s.
2024-05-16 22:59:53,399 - INFO - Trainer:0 - Epoch 736/1000 completed in 13.37 seconds.
2024-05-16 22:59:53,400 - INFO - Trainer:0 - Total running time so far: 2h:48m:46s.
2024-05-16 22:59:53,400 - INFO - Trainer:0 - Average time per epoch: 13.76 seconds.
2024-05-16 22:59:53,400 - INFO - Trainer:0 - Approximate time left: 1h:0m:32s.
2024-05-16 23:01:03,170 - INFO - Trainer:0 - Epoch 741/1000 completed in 13.26 seconds.
2024-05-16 23:01:03,170 - INFO - Trainer:0 - Total running time so far: 2h:49m:56s.
2024-05-16 23:01:03,170 - INFO - Trainer:0 - Average time per epoch: 13.76 seconds.
2024-05-16 23:01:03,170 - INFO - Trainer:0 - Approximate time left: 0h:59m:23s.
2024-05-16 23:02:12,290 - INFO - Trainer:0 - Epoch 746/1000 completed in 14.25 seconds.
2024-05-16 23:02:12,290 - INFO - Trainer:0 - Total running time so far: 2h:51m:5s.
2024-05-16 23:02:12,290 - INFO - Trainer:0 - Average time per epoch: 13.76 seconds.
2024-05-16 23:02:12,290 - INFO - Trainer:0 - Approximate time left: 0h:58m:15s.
2024-05-16 23:03:21,191 - INFO - Trainer:0 - Epoch 751/1000 completed in 15.61 seconds.
2024-05-16 23:03:21,192 - INFO - Trainer:0 - Total running time so far: 2h:52m:14s.
2024-05-16 23:03:21,192 - INFO - Trainer:0 - Average time per epoch: 13.76 seconds.
2024-05-16 23:03:21,192 - INFO - Trainer:0 - Approximate time left: 0h:57m:6s.
2024-05-16 23:04:28,067 - INFO - Trainer:0 - Epoch 756/1000 completed in 13.42 seconds.
2024-05-16 23:04:28,067 - INFO - Trainer:0 - Total running time so far: 2h:53m:21s.
2024-05-16 23:04:28,067 - INFO - Trainer:0 - Average time per epoch: 13.76 seconds.
2024-05-16 23:04:28,067 - INFO - Trainer:0 - Approximate time left: 0h:55m:56s.
2024-05-16 23:05:34,958 - INFO - Trainer:0 - Epoch 761/1000 completed in 13.33 seconds.
2024-05-16 23:05:34,958 - INFO - Trainer:0 - Total running time so far: 2h:54m:27s.
2024-05-16 23:05:34,958 - INFO - Trainer:0 - Average time per epoch: 13.76 seconds.
2024-05-16 23:05:34,958 - INFO - Trainer:0 - Approximate time left: 0h:54m:47s.
