2024-05-09 11:43:57,016 - ERROR - Train:6 - Error saving checkpoint: join() argument must be str, bytes, or os.PathLike object, not 'NoneType'
Traceback (most recent call last):
  File "/data/Pein/Pytorch/Ascend-NPU-Parallel-Training/1-src/trainer.py", line 538, in save_checkpoint
    save_checkpoint_folder = os.path.join(
  File "/root/miniconda3/envs/Pein38/lib/python3.8/posixpath.py", line 90, in join
    genericpath._check_arg_types('join', a, *p)
  File "/root/miniconda3/envs/Pein38/lib/python3.8/genericpath.py", line 152, in _check_arg_types
    raise TypeError(f'{funcname}() argument must be str, bytes, or '
TypeError: join() argument must be str, bytes, or os.PathLike object, not 'NoneType'
2024-05-09 11:43:57,018 - INFO - Train:6 - Epoch 1/1500 completed in 43.00 seconds.
2024-05-09 11:43:57,018 - INFO - Train:6 - Approximate time left: 17 hours, 54 minutes
2024-05-09 11:44:13,703 - INFO - Train:6 - Epoch 2/1500 completed in 12.32 seconds.
2024-05-09 11:44:13,704 - INFO - Train:6 - Approximate time left: 11 hours, 30 minutes
2024-05-09 11:44:27,835 - INFO - Train:6 - Epoch 3/1500 completed in 11.56 seconds.
2024-05-09 11:44:27,836 - INFO - Train:6 - Approximate time left: 9 hours, 16 minutes
2024-05-09 11:44:42,537 - INFO - Train:6 - Epoch 4/1500 completed in 12.14 seconds.
2024-05-09 11:44:42,537 - INFO - Train:6 - Approximate time left: 8 hours, 12 minutes
2024-05-09 11:44:57,057 - INFO - Train:6 - Epoch 5/1500 completed in 11.87 seconds.
2024-05-09 11:44:57,058 - INFO - Train:6 - Approximate time left: 7 hours, 32 minutes
2024-05-09 11:45:12,052 - INFO - Train:6 - Epoch 6/1500 completed in 12.39 seconds.
2024-05-09 11:45:12,053 - INFO - Train:6 - Approximate time left: 7 hours, 8 minutes
2024-05-09 11:45:26,996 - INFO - Train:6 - Epoch 7/1500 completed in 12.34 seconds.
2024-05-09 11:45:26,996 - INFO - Train:6 - Approximate time left: 6 hours, 50 minutes
2024-05-09 11:45:41,912 - INFO - Train:6 - Epoch 8/1500 completed in 12.38 seconds.
2024-05-09 11:45:41,912 - INFO - Train:6 - Approximate time left: 6 hours, 37 minutes
2024-05-09 11:45:56,341 - INFO - Train:6 - Epoch 9/1500 completed in 12.23 seconds.
2024-05-09 11:45:56,341 - INFO - Train:6 - Approximate time left: 6 hours, 27 minutes
2024-05-09 11:46:11,469 - INFO - Train:6 - Epoch 10/1500 completed in 12.57 seconds.
2024-05-09 11:46:11,470 - INFO - Train:6 - Approximate time left: 6 hours, 19 minutes
2024-05-09 11:46:26,428 - INFO - Train:6 - Epoch 11/1500 completed in 12.41 seconds.
2024-05-09 11:46:26,428 - INFO - Train:6 - Approximate time left: 6 hours, 12 minutes
2024-05-09 11:46:41,007 - INFO - Train:6 - Epoch 12/1500 completed in 12.39 seconds.
2024-05-09 11:46:41,008 - INFO - Train:6 - Approximate time left: 6 hours, 7 minutes
2024-05-09 11:46:55,471 - INFO - Train:6 - Epoch 13/1500 completed in 11.98 seconds.
2024-05-09 11:46:55,471 - INFO - Train:6 - Approximate time left: 6 hours, 1 minutes
2024-05-09 11:47:09,451 - INFO - Train:6 - Epoch 14/1500 completed in 11.83 seconds.
2024-05-09 11:47:09,451 - INFO - Train:6 - Approximate time left: 5 hours, 56 minutes
2024-05-09 11:47:23,797 - INFO - Train:6 - Epoch 15/1500 completed in 11.83 seconds.
2024-05-09 11:47:23,797 - INFO - Train:6 - Approximate time left: 5 hours, 51 minutes
2024-05-09 11:47:37,909 - INFO - Train:6 - Epoch 16/1500 completed in 11.94 seconds.
2024-05-09 11:47:37,909 - INFO - Train:6 - Approximate time left: 5 hours, 48 minutes
2024-05-09 11:47:52,999 - INFO - Train:6 - Epoch 17/1500 completed in 12.89 seconds.
2024-05-09 11:47:52,999 - INFO - Train:6 - Approximate time left: 5 hours, 46 minutes
2024-05-09 11:48:08,064 - INFO - Train:6 - Epoch 18/1500 completed in 12.46 seconds.
2024-05-09 11:48:08,064 - INFO - Train:6 - Approximate time left: 5 hours, 43 minutes
2024-05-09 11:48:23,699 - INFO - Train:6 - Epoch 19/1500 completed in 13.04 seconds.
2024-05-09 11:48:23,700 - INFO - Train:6 - Approximate time left: 5 hours, 42 minutes
2024-05-09 11:48:37,856 - INFO - Train:6 - Epoch 20/1500 completed in 11.98 seconds.
2024-05-09 11:48:37,857 - INFO - Train:6 - Approximate time left: 5 hours, 39 minutes
2024-05-09 11:48:51,793 - INFO - Train:6 - Epoch 21/1500 completed in 11.76 seconds.
2024-05-09 11:48:51,793 - INFO - Train:6 - Approximate time left: 5 hours, 37 minutes
2024-05-09 11:49:05,803 - INFO - Train:6 - Epoch 22/1500 completed in 11.82 seconds.
2024-05-09 11:49:05,803 - INFO - Train:6 - Approximate time left: 5 hours, 34 minutes
2024-05-09 11:49:20,103 - INFO - Train:6 - Epoch 23/1500 completed in 11.74 seconds.
2024-05-09 11:49:20,104 - INFO - Train:6 - Approximate time left: 5 hours, 32 minutes
2024-05-09 11:49:34,701 - INFO - Train:6 - Epoch 24/1500 completed in 11.96 seconds.
2024-05-09 11:49:34,701 - INFO - Train:6 - Approximate time left: 5 hours, 30 minutes
2024-05-09 11:49:49,403 - INFO - Train:6 - Epoch 25/1500 completed in 12.23 seconds.
2024-05-09 11:49:49,404 - INFO - Train:6 - Approximate time left: 5 hours, 29 minutes
2024-05-09 11:50:03,587 - INFO - Train:6 - Epoch 26/1500 completed in 12.00 seconds.
2024-05-09 11:50:03,587 - INFO - Train:6 - Approximate time left: 5 hours, 27 minutes
2024-05-09 11:50:17,977 - INFO - Train:6 - Epoch 27/1500 completed in 11.79 seconds.
2024-05-09 11:50:17,977 - INFO - Train:6 - Approximate time left: 5 hours, 26 minutes
2024-05-09 11:50:31,864 - INFO - Train:6 - Epoch 28/1500 completed in 11.69 seconds.
2024-05-09 11:50:31,864 - INFO - Train:6 - Approximate time left: 5 hours, 24 minutes
2024-05-09 11:50:46,532 - INFO - Train:6 - Epoch 29/1500 completed in 12.04 seconds.
2024-05-09 11:50:46,532 - INFO - Train:6 - Approximate time left: 5 hours, 23 minutes
2024-05-09 11:51:00,820 - INFO - Train:6 - Epoch 30/1500 completed in 12.02 seconds.
2024-05-09 11:51:00,820 - INFO - Train:6 - Approximate time left: 5 hours, 22 minutes
2024-05-09 11:51:15,172 - INFO - Train:6 - Epoch 31/1500 completed in 12.07 seconds.
2024-05-09 11:51:15,172 - INFO - Train:6 - Approximate time left: 5 hours, 21 minutes
2024-05-09 11:51:29,771 - INFO - Train:6 - Epoch 32/1500 completed in 12.34 seconds.
2024-05-09 11:51:29,771 - INFO - Train:6 - Approximate time left: 5 hours, 20 minutes
2024-05-09 11:51:43,985 - INFO - Train:6 - Epoch 33/1500 completed in 11.98 seconds.
2024-05-09 11:51:43,986 - INFO - Train:6 - Approximate time left: 5 hours, 19 minutes
2024-05-09 11:51:59,111 - INFO - Train:6 - Epoch 34/1500 completed in 12.49 seconds.
2024-05-09 11:51:59,111 - INFO - Train:6 - Approximate time left: 5 hours, 18 minutes
2024-05-09 11:52:13,215 - INFO - Train:6 - Epoch 35/1500 completed in 11.56 seconds.
2024-05-09 11:52:13,216 - INFO - Train:6 - Approximate time left: 5 hours, 17 minutes
2024-05-09 11:52:27,892 - INFO - Train:6 - Epoch 36/1500 completed in 12.13 seconds.
2024-05-09 11:52:27,893 - INFO - Train:6 - Approximate time left: 5 hours, 16 minutes
2024-05-09 11:52:41,877 - INFO - Train:6 - Epoch 37/1500 completed in 11.80 seconds.
2024-05-09 11:52:41,878 - INFO - Train:6 - Approximate time left: 5 hours, 15 minutes
2024-05-09 11:52:57,049 - INFO - Train:6 - Epoch 38/1500 completed in 12.57 seconds.
2024-05-09 11:52:57,049 - INFO - Train:6 - Approximate time left: 5 hours, 15 minutes
2024-05-09 11:53:12,170 - INFO - Train:6 - Epoch 39/1500 completed in 12.62 seconds.
2024-05-09 11:53:12,170 - INFO - Train:6 - Approximate time left: 5 hours, 14 minutes
2024-05-09 11:53:27,397 - INFO - Train:6 - Epoch 40/1500 completed in 12.65 seconds.
2024-05-09 11:53:27,397 - INFO - Train:6 - Approximate time left: 5 hours, 14 minutes
2024-05-09 11:53:42,053 - INFO - Train:6 - Epoch 41/1500 completed in 12.46 seconds.
2024-05-09 11:53:42,053 - INFO - Train:6 - Approximate time left: 5 hours, 13 minutes
2024-05-09 11:53:56,189 - INFO - Train:6 - Epoch 42/1500 completed in 11.60 seconds.
2024-05-09 11:53:56,189 - INFO - Train:6 - Approximate time left: 5 hours, 12 minutes
2024-05-09 11:54:10,067 - INFO - Train:6 - Epoch 43/1500 completed in 11.68 seconds.
2024-05-09 11:54:10,067 - INFO - Train:6 - Approximate time left: 5 hours, 12 minutes
2024-05-09 11:54:24,499 - INFO - Train:6 - Epoch 44/1500 completed in 11.87 seconds.
2024-05-09 11:54:24,499 - INFO - Train:6 - Approximate time left: 5 hours, 11 minutes
2024-05-09 11:54:38,887 - INFO - Train:6 - Epoch 45/1500 completed in 12.22 seconds.
2024-05-09 11:54:38,887 - INFO - Train:6 - Approximate time left: 5 hours, 10 minutes
2024-05-09 11:54:53,513 - INFO - Train:6 - Epoch 46/1500 completed in 11.97 seconds.
2024-05-09 11:54:53,513 - INFO - Train:6 - Approximate time left: 5 hours, 10 minutes
2024-05-09 11:55:08,963 - INFO - Train:6 - Epoch 47/1500 completed in 12.88 seconds.
2024-05-09 11:55:08,963 - INFO - Train:6 - Approximate time left: 5 hours, 9 minutes
2024-05-09 11:55:24,044 - INFO - Train:6 - Epoch 48/1500 completed in 12.90 seconds.
2024-05-09 11:55:24,044 - INFO - Train:6 - Approximate time left: 5 hours, 9 minutes
2024-05-09 11:55:38,075 - INFO - Train:6 - Epoch 49/1500 completed in 11.87 seconds.
2024-05-09 11:55:38,076 - INFO - Train:6 - Approximate time left: 5 hours, 9 minutes
2024-05-09 11:55:52,390 - INFO - Train:6 - Epoch 50/1500 completed in 11.82 seconds.
2024-05-09 11:55:52,390 - INFO - Train:6 - Approximate time left: 5 hours, 8 minutes
2024-05-09 11:56:06,339 - INFO - Train:6 - Epoch 51/1500 completed in 11.76 seconds.
2024-05-09 11:56:06,340 - INFO - Train:6 - Approximate time left: 5 hours, 7 minutes
2024-05-09 11:56:20,326 - INFO - Train:6 - Epoch 52/1500 completed in 11.80 seconds.
2024-05-09 11:56:20,326 - INFO - Train:6 - Approximate time left: 5 hours, 7 minutes
2024-05-09 11:56:34,386 - INFO - Train:6 - Epoch 53/1500 completed in 11.85 seconds.
2024-05-09 11:56:34,386 - INFO - Train:6 - Approximate time left: 5 hours, 6 minutes
2024-05-09 11:56:48,425 - INFO - Train:6 - Epoch 54/1500 completed in 11.85 seconds.
2024-05-09 11:56:48,425 - INFO - Train:6 - Approximate time left: 5 hours, 5 minutes
2024-05-09 11:57:02,986 - INFO - Train:6 - Epoch 55/1500 completed in 12.01 seconds.
2024-05-09 11:57:02,986 - INFO - Train:6 - Approximate time left: 5 hours, 5 minutes
2024-05-09 11:57:16,854 - INFO - Train:6 - Epoch 56/1500 completed in 11.66 seconds.
2024-05-09 11:57:16,854 - INFO - Train:6 - Approximate time left: 5 hours, 4 minutes
2024-05-09 11:57:30,784 - INFO - Train:6 - Epoch 57/1500 completed in 11.77 seconds.
2024-05-09 11:57:30,785 - INFO - Train:6 - Approximate time left: 5 hours, 4 minutes
2024-05-09 11:57:45,018 - INFO - Train:6 - Epoch 58/1500 completed in 12.08 seconds.
2024-05-09 11:57:45,018 - INFO - Train:6 - Approximate time left: 5 hours, 3 minutes
2024-05-09 11:58:00,190 - INFO - Train:6 - Epoch 59/1500 completed in 12.98 seconds.
2024-05-09 11:58:00,190 - INFO - Train:6 - Approximate time left: 5 hours, 3 minutes
2024-05-09 11:58:15,174 - INFO - Train:6 - Epoch 60/1500 completed in 12.84 seconds.
2024-05-09 11:58:15,174 - INFO - Train:6 - Approximate time left: 5 hours, 3 minutes
2024-05-09 11:58:30,121 - INFO - Train:6 - Epoch 61/1500 completed in 12.78 seconds.
2024-05-09 11:58:30,121 - INFO - Train:6 - Approximate time left: 5 hours, 3 minutes
2024-05-09 11:58:44,385 - INFO - Train:6 - Epoch 62/1500 completed in 12.08 seconds.
2024-05-09 11:58:44,385 - INFO - Train:6 - Approximate time left: 5 hours, 2 minutes
2024-05-09 11:58:58,272 - INFO - Train:6 - Epoch 63/1500 completed in 11.66 seconds.
2024-05-09 11:58:58,272 - INFO - Train:6 - Approximate time left: 5 hours, 2 minutes
2024-05-09 11:59:12,334 - INFO - Train:6 - Epoch 64/1500 completed in 11.89 seconds.
2024-05-09 11:59:12,334 - INFO - Train:6 - Approximate time left: 5 hours, 1 minutes
2024-05-09 11:59:26,850 - INFO - Train:6 - Epoch 65/1500 completed in 12.25 seconds.
2024-05-09 11:59:26,850 - INFO - Train:6 - Approximate time left: 5 hours, 1 minutes
2024-05-09 11:59:41,360 - INFO - Train:6 - Epoch 66/1500 completed in 12.00 seconds.
2024-05-09 11:59:41,361 - INFO - Train:6 - Approximate time left: 5 hours, 1 minutes
2024-05-09 11:59:55,562 - INFO - Train:6 - Epoch 67/1500 completed in 12.06 seconds.
2024-05-09 11:59:55,562 - INFO - Train:6 - Approximate time left: 5 hours, 0 minutes
2024-05-09 12:00:09,392 - INFO - Train:6 - Epoch 68/1500 completed in 11.68 seconds.
2024-05-09 12:00:09,392 - INFO - Train:6 - Approximate time left: 5 hours, 0 minutes
2024-05-09 12:00:23,629 - INFO - Train:6 - Epoch 69/1500 completed in 11.68 seconds.
2024-05-09 12:00:23,629 - INFO - Train:6 - Approximate time left: 4 hours, 59 minutes
2024-05-09 12:00:37,644 - INFO - Train:6 - Epoch 70/1500 completed in 11.85 seconds.
2024-05-09 12:00:37,644 - INFO - Train:6 - Approximate time left: 4 hours, 59 minutes
2024-05-09 12:00:51,961 - INFO - Train:6 - Epoch 71/1500 completed in 12.16 seconds.
2024-05-09 12:00:51,962 - INFO - Train:6 - Approximate time left: 4 hours, 58 minutes
2024-05-09 12:01:06,338 - INFO - Train:6 - Epoch 72/1500 completed in 12.21 seconds.
2024-05-09 12:01:06,338 - INFO - Train:6 - Approximate time left: 4 hours, 58 minutes
2024-05-09 12:01:20,702 - INFO - Train:6 - Epoch 73/1500 completed in 12.17 seconds.
2024-05-09 12:01:20,702 - INFO - Train:6 - Approximate time left: 4 hours, 58 minutes
2024-05-09 12:01:34,931 - INFO - Train:6 - Epoch 74/1500 completed in 12.09 seconds.
2024-05-09 12:01:34,931 - INFO - Train:6 - Approximate time left: 4 hours, 57 minutes
2024-05-09 12:01:49,081 - INFO - Train:6 - Epoch 75/1500 completed in 11.99 seconds.
2024-05-09 12:01:49,081 - INFO - Train:6 - Approximate time left: 4 hours, 57 minutes
2024-05-09 12:02:03,556 - INFO - Train:6 - Epoch 76/1500 completed in 12.30 seconds.
2024-05-09 12:02:03,557 - INFO - Train:6 - Approximate time left: 4 hours, 57 minutes
2024-05-09 12:02:17,096 - INFO - Train:6 - Epoch 77/1500 completed in 11.37 seconds.
2024-05-09 12:02:17,097 - INFO - Train:6 - Approximate time left: 4 hours, 56 minutes
2024-05-09 12:02:30,249 - INFO - Train:6 - Epoch 78/1500 completed in 10.99 seconds.
2024-05-09 12:02:30,250 - INFO - Train:6 - Approximate time left: 4 hours, 55 minutes
2024-05-09 12:02:44,682 - INFO - Train:6 - Epoch 79/1500 completed in 11.95 seconds.
2024-05-09 12:02:44,682 - INFO - Train:6 - Approximate time left: 4 hours, 55 minutes
2024-05-09 12:02:58,766 - INFO - Train:6 - Epoch 80/1500 completed in 11.93 seconds.
2024-05-09 12:02:58,766 - INFO - Train:6 - Approximate time left: 4 hours, 55 minutes
2024-05-09 12:03:12,918 - INFO - Train:6 - Epoch 81/1500 completed in 11.95 seconds.
2024-05-09 12:03:12,919 - INFO - Train:6 - Approximate time left: 4 hours, 54 minutes
2024-05-09 12:03:26,605 - INFO - Train:6 - Epoch 82/1500 completed in 11.46 seconds.
2024-05-09 12:03:26,605 - INFO - Train:6 - Approximate time left: 4 hours, 54 minutes
2024-05-09 12:03:41,386 - INFO - Train:6 - Epoch 83/1500 completed in 12.23 seconds.
2024-05-09 12:03:41,386 - INFO - Train:6 - Approximate time left: 4 hours, 54 minutes
2024-05-09 12:03:55,056 - INFO - Train:6 - Epoch 84/1500 completed in 11.54 seconds.
2024-05-09 12:03:55,056 - INFO - Train:6 - Approximate time left: 4 hours, 53 minutes
2024-05-09 12:04:09,023 - INFO - Train:6 - Epoch 85/1500 completed in 11.79 seconds.
2024-05-09 12:04:09,023 - INFO - Train:6 - Approximate time left: 4 hours, 53 minutes
2024-05-09 12:04:23,911 - INFO - Train:6 - Epoch 86/1500 completed in 12.76 seconds.
2024-05-09 12:04:23,912 - INFO - Train:6 - Approximate time left: 4 hours, 53 minutes
2024-05-09 12:04:37,959 - INFO - Train:6 - Epoch 87/1500 completed in 11.88 seconds.
2024-05-09 12:04:37,960 - INFO - Train:6 - Approximate time left: 4 hours, 52 minutes
2024-05-09 12:04:51,726 - INFO - Train:6 - Epoch 88/1500 completed in 11.59 seconds.
2024-05-09 12:04:51,726 - INFO - Train:6 - Approximate time left: 4 hours, 52 minutes
2024-05-09 12:05:05,702 - INFO - Train:6 - Epoch 89/1500 completed in 11.79 seconds.
2024-05-09 12:05:05,702 - INFO - Train:6 - Approximate time left: 4 hours, 51 minutes
2024-05-09 12:05:19,666 - INFO - Train:6 - Epoch 90/1500 completed in 11.78 seconds.
2024-05-09 12:05:19,666 - INFO - Train:6 - Approximate time left: 4 hours, 51 minutes
2024-05-09 12:05:34,176 - INFO - Train:6 - Epoch 91/1500 completed in 11.96 seconds.
2024-05-09 12:05:34,176 - INFO - Train:6 - Approximate time left: 4 hours, 51 minutes
2024-05-09 12:05:47,374 - INFO - Train:6 - Epoch 92/1500 completed in 11.02 seconds.
2024-05-09 12:05:47,375 - INFO - Train:6 - Approximate time left: 4 hours, 50 minutes
2024-05-09 12:06:01,243 - INFO - Train:6 - Epoch 93/1500 completed in 11.66 seconds.
2024-05-09 12:06:01,244 - INFO - Train:6 - Approximate time left: 4 hours, 50 minutes
2024-05-09 12:06:15,029 - INFO - Train:6 - Epoch 94/1500 completed in 11.62 seconds.
2024-05-09 12:06:15,029 - INFO - Train:6 - Approximate time left: 4 hours, 49 minutes
2024-05-09 12:06:29,034 - INFO - Train:6 - Epoch 95/1500 completed in 11.84 seconds.
2024-05-09 12:06:29,034 - INFO - Train:6 - Approximate time left: 4 hours, 49 minutes
2024-05-09 12:06:42,629 - INFO - Train:6 - Epoch 96/1500 completed in 11.42 seconds.
2024-05-09 12:06:42,629 - INFO - Train:6 - Approximate time left: 4 hours, 49 minutes
2024-05-09 12:06:56,292 - INFO - Train:6 - Epoch 97/1500 completed in 11.49 seconds.
2024-05-09 12:06:56,292 - INFO - Train:6 - Approximate time left: 4 hours, 48 minutes
2024-05-09 12:07:10,363 - INFO - Train:6 - Epoch 98/1500 completed in 11.91 seconds.
2024-05-09 12:07:10,364 - INFO - Train:6 - Approximate time left: 4 hours, 48 minutes
2024-05-09 12:07:24,484 - INFO - Train:6 - Epoch 99/1500 completed in 11.87 seconds.
2024-05-09 12:07:24,485 - INFO - Train:6 - Approximate time left: 4 hours, 48 minutes
2024-05-09 12:07:38,406 - INFO - Train:6 - Epoch 100/1500 completed in 11.37 seconds.
2024-05-09 12:07:38,406 - INFO - Train:6 - Approximate time left: 4 hours, 47 minutes
2024-05-09 12:07:52,815 - INFO - Train:6 - Epoch 101/1500 completed in 11.89 seconds.
2024-05-09 12:07:52,816 - INFO - Train:6 - Approximate time left: 4 hours, 47 minutes
2024-05-09 12:08:06,733 - INFO - Train:6 - Epoch 102/1500 completed in 11.40 seconds.
2024-05-09 12:08:06,733 - INFO - Train:6 - Approximate time left: 4 hours, 46 minutes
2024-05-09 12:08:20,187 - INFO - Train:6 - Epoch 103/1500 completed in 11.32 seconds.
2024-05-09 12:08:20,187 - INFO - Train:6 - Approximate time left: 4 hours, 46 minutes
2024-05-09 12:08:35,113 - INFO - Train:6 - Epoch 104/1500 completed in 12.37 seconds.
2024-05-09 12:08:35,114 - INFO - Train:6 - Approximate time left: 4 hours, 46 minutes
2024-05-09 12:08:49,534 - INFO - Train:6 - Epoch 105/1500 completed in 12.25 seconds.
2024-05-09 12:08:49,534 - INFO - Train:6 - Approximate time left: 4 hours, 46 minutes
2024-05-09 12:09:03,130 - INFO - Train:6 - Epoch 106/1500 completed in 11.39 seconds.
2024-05-09 12:09:03,131 - INFO - Train:6 - Approximate time left: 4 hours, 45 minutes
2024-05-09 12:09:16,883 - INFO - Train:6 - Epoch 107/1500 completed in 11.58 seconds.
2024-05-09 12:09:16,884 - INFO - Train:6 - Approximate time left: 4 hours, 45 minutes
2024-05-09 12:09:31,671 - INFO - Train:6 - Epoch 108/1500 completed in 12.61 seconds.
2024-05-09 12:09:31,672 - INFO - Train:6 - Approximate time left: 4 hours, 45 minutes
2024-05-09 12:09:46,716 - INFO - Train:6 - Epoch 109/1500 completed in 12.84 seconds.
2024-05-09 12:09:46,717 - INFO - Train:6 - Approximate time left: 4 hours, 45 minutes
2024-05-09 12:10:01,802 - INFO - Train:6 - Epoch 110/1500 completed in 12.92 seconds.
2024-05-09 12:10:01,803 - INFO - Train:6 - Approximate time left: 4 hours, 45 minutes
2024-05-09 12:10:16,581 - INFO - Train:6 - Epoch 111/1500 completed in 12.63 seconds.
2024-05-09 12:10:16,581 - INFO - Train:6 - Approximate time left: 4 hours, 44 minutes
2024-05-09 12:10:31,311 - INFO - Train:6 - Epoch 112/1500 completed in 12.05 seconds.
2024-05-09 12:10:31,312 - INFO - Train:6 - Approximate time left: 4 hours, 44 minutes
2024-05-09 12:10:45,260 - INFO - Train:6 - Epoch 113/1500 completed in 11.70 seconds.
2024-05-09 12:10:45,261 - INFO - Train:6 - Approximate time left: 4 hours, 44 minutes
2024-05-09 12:10:59,514 - INFO - Train:6 - Epoch 114/1500 completed in 12.09 seconds.
2024-05-09 12:10:59,514 - INFO - Train:6 - Approximate time left: 4 hours, 44 minutes
2024-05-09 12:11:14,095 - INFO - Train:6 - Epoch 115/1500 completed in 12.41 seconds.
2024-05-09 12:11:14,095 - INFO - Train:6 - Approximate time left: 4 hours, 43 minutes
2024-05-09 12:11:28,701 - INFO - Train:6 - Epoch 116/1500 completed in 12.46 seconds.
2024-05-09 12:11:28,701 - INFO - Train:6 - Approximate time left: 4 hours, 43 minutes
2024-05-09 12:11:43,000 - INFO - Train:6 - Epoch 117/1500 completed in 12.16 seconds.
2024-05-09 12:11:43,001 - INFO - Train:6 - Approximate time left: 4 hours, 43 minutes
2024-05-09 12:11:57,870 - INFO - Train:6 - Epoch 118/1500 completed in 12.34 seconds.
2024-05-09 12:11:57,870 - INFO - Train:6 - Approximate time left: 4 hours, 43 minutes
2024-05-09 12:12:12,650 - INFO - Train:6 - Epoch 119/1500 completed in 12.59 seconds.
2024-05-09 12:12:12,651 - INFO - Train:6 - Approximate time left: 4 hours, 43 minutes
2024-05-09 12:12:27,400 - INFO - Train:6 - Epoch 120/1500 completed in 12.63 seconds.
2024-05-09 12:12:27,400 - INFO - Train:6 - Approximate time left: 4 hours, 42 minutes
2024-05-09 12:12:41,517 - INFO - Train:6 - Epoch 121/1500 completed in 11.96 seconds.
2024-05-09 12:12:41,517 - INFO - Train:6 - Approximate time left: 4 hours, 42 minutes
2024-05-09 12:12:55,862 - INFO - Train:6 - Epoch 122/1500 completed in 12.20 seconds.
2024-05-09 12:12:55,862 - INFO - Train:6 - Approximate time left: 4 hours, 42 minutes
2024-05-09 12:13:10,047 - INFO - Train:6 - Epoch 123/1500 completed in 12.04 seconds.
2024-05-09 12:13:10,047 - INFO - Train:6 - Approximate time left: 4 hours, 42 minutes
2024-05-09 12:13:24,477 - INFO - Train:6 - Epoch 124/1500 completed in 12.24 seconds.
2024-05-09 12:13:24,477 - INFO - Train:6 - Approximate time left: 4 hours, 41 minutes
2024-05-09 12:13:38,718 - INFO - Train:6 - Epoch 125/1500 completed in 12.10 seconds.
2024-05-09 12:13:38,718 - INFO - Train:6 - Approximate time left: 4 hours, 41 minutes
2024-05-09 12:13:52,588 - INFO - Train:6 - Epoch 126/1500 completed in 11.68 seconds.
2024-05-09 12:13:52,588 - INFO - Train:6 - Approximate time left: 4 hours, 41 minutes
2024-05-09 12:14:06,745 - INFO - Train:6 - Epoch 127/1500 completed in 11.97 seconds.
2024-05-09 12:14:06,745 - INFO - Train:6 - Approximate time left: 4 hours, 41 minutes
2024-05-09 12:14:21,049 - INFO - Train:6 - Epoch 128/1500 completed in 12.13 seconds.
2024-05-09 12:14:21,049 - INFO - Train:6 - Approximate time left: 4 hours, 40 minutes
2024-05-09 12:14:35,370 - INFO - Train:6 - Epoch 129/1500 completed in 12.16 seconds.
2024-05-09 12:14:35,370 - INFO - Train:6 - Approximate time left: 4 hours, 40 minutes
2024-05-09 12:14:49,407 - INFO - Train:6 - Epoch 130/1500 completed in 11.54 seconds.
2024-05-09 12:14:49,408 - INFO - Train:6 - Approximate time left: 4 hours, 40 minutes
2024-05-09 12:15:03,714 - INFO - Train:6 - Epoch 131/1500 completed in 12.13 seconds.
2024-05-09 12:15:03,715 - INFO - Train:6 - Approximate time left: 4 hours, 40 minutes
2024-05-09 12:15:18,358 - INFO - Train:6 - Epoch 132/1500 completed in 12.49 seconds.
2024-05-09 12:15:18,359 - INFO - Train:6 - Approximate time left: 4 hours, 39 minutes
2024-05-09 12:15:33,292 - INFO - Train:6 - Epoch 133/1500 completed in 12.76 seconds.
2024-05-09 12:15:33,292 - INFO - Train:6 - Approximate time left: 4 hours, 39 minutes
2024-05-09 12:15:47,526 - INFO - Train:6 - Epoch 134/1500 completed in 12.10 seconds.
2024-05-09 12:15:47,526 - INFO - Train:6 - Approximate time left: 4 hours, 39 minutes
2024-05-09 12:16:01,791 - INFO - Train:6 - Epoch 135/1500 completed in 12.10 seconds.
2024-05-09 12:16:01,792 - INFO - Train:6 - Approximate time left: 4 hours, 39 minutes
2024-05-09 12:16:15,946 - INFO - Train:6 - Epoch 136/1500 completed in 12.00 seconds.
2024-05-09 12:16:15,947 - INFO - Train:6 - Approximate time left: 4 hours, 39 minutes
2024-05-09 12:16:30,336 - INFO - Train:6 - Epoch 137/1500 completed in 12.25 seconds.
2024-05-09 12:16:30,336 - INFO - Train:6 - Approximate time left: 4 hours, 38 minutes
2024-05-09 12:16:44,497 - INFO - Train:6 - Epoch 138/1500 completed in 12.00 seconds.
2024-05-09 12:16:44,497 - INFO - Train:6 - Approximate time left: 4 hours, 38 minutes
2024-05-09 12:16:58,369 - INFO - Train:6 - Epoch 139/1500 completed in 11.70 seconds.
2024-05-09 12:16:58,369 - INFO - Train:6 - Approximate time left: 4 hours, 38 minutes
2024-05-09 12:17:13,113 - INFO - Train:6 - Epoch 140/1500 completed in 12.61 seconds.
2024-05-09 12:17:13,114 - INFO - Train:6 - Approximate time left: 4 hours, 38 minutes
2024-05-09 12:17:27,030 - INFO - Train:6 - Epoch 141/1500 completed in 11.75 seconds.
2024-05-09 12:17:27,030 - INFO - Train:6 - Approximate time left: 4 hours, 37 minutes
2024-05-09 12:17:41,448 - INFO - Train:6 - Epoch 142/1500 completed in 11.90 seconds.
2024-05-09 12:17:41,448 - INFO - Train:6 - Approximate time left: 4 hours, 37 minutes
2024-05-09 12:17:55,634 - INFO - Train:6 - Epoch 143/1500 completed in 12.05 seconds.
2024-05-09 12:17:55,634 - INFO - Train:6 - Approximate time left: 4 hours, 37 minutes
2024-05-09 12:18:09,442 - INFO - Train:6 - Epoch 144/1500 completed in 11.59 seconds.
2024-05-09 12:18:09,442 - INFO - Train:6 - Approximate time left: 4 hours, 37 minutes
2024-05-09 12:18:24,298 - INFO - Train:6 - Epoch 145/1500 completed in 12.70 seconds.
2024-05-09 12:18:24,299 - INFO - Train:6 - Approximate time left: 4 hours, 36 minutes
2024-05-09 12:18:38,292 - INFO - Train:6 - Epoch 146/1500 completed in 11.56 seconds.
2024-05-09 12:18:38,292 - INFO - Train:6 - Approximate time left: 4 hours, 36 minutes
2024-05-09 12:18:52,418 - INFO - Train:6 - Epoch 147/1500 completed in 11.99 seconds.
2024-05-09 12:18:52,419 - INFO - Train:6 - Approximate time left: 4 hours, 36 minutes
2024-05-09 12:19:06,610 - INFO - Train:6 - Epoch 148/1500 completed in 12.05 seconds.
2024-05-09 12:19:06,610 - INFO - Train:6 - Approximate time left: 4 hours, 36 minutes
2024-05-09 12:19:20,542 - INFO - Train:6 - Epoch 149/1500 completed in 11.84 seconds.
2024-05-09 12:19:20,542 - INFO - Train:6 - Approximate time left: 4 hours, 35 minutes
2024-05-09 12:19:34,426 - INFO - Train:6 - Epoch 150/1500 completed in 11.76 seconds.
2024-05-09 12:19:34,426 - INFO - Train:6 - Approximate time left: 4 hours, 35 minutes
2024-05-09 12:19:48,262 - INFO - Train:6 - Epoch 151/1500 completed in 11.71 seconds.
2024-05-09 12:19:48,262 - INFO - Train:6 - Approximate time left: 4 hours, 35 minutes
2024-05-09 12:20:02,441 - INFO - Train:6 - Epoch 152/1500 completed in 12.01 seconds.
2024-05-09 12:20:02,441 - INFO - Train:6 - Approximate time left: 4 hours, 35 minutes
2024-05-09 12:20:16,913 - INFO - Train:6 - Epoch 153/1500 completed in 11.98 seconds.
2024-05-09 12:20:16,914 - INFO - Train:6 - Approximate time left: 4 hours, 34 minutes
2024-05-09 12:20:31,120 - INFO - Train:6 - Epoch 154/1500 completed in 12.08 seconds.
2024-05-09 12:20:31,120 - INFO - Train:6 - Approximate time left: 4 hours, 34 minutes
2024-05-09 12:20:45,354 - INFO - Train:6 - Epoch 155/1500 completed in 11.68 seconds.
2024-05-09 12:20:45,354 - INFO - Train:6 - Approximate time left: 4 hours, 34 minutes
2024-05-09 12:20:59,425 - INFO - Train:6 - Epoch 156/1500 completed in 11.91 seconds.
2024-05-09 12:20:59,425 - INFO - Train:6 - Approximate time left: 4 hours, 34 minutes
2024-05-09 12:21:13,592 - INFO - Train:6 - Epoch 157/1500 completed in 11.59 seconds.
2024-05-09 12:21:13,592 - INFO - Train:6 - Approximate time left: 4 hours, 33 minutes
2024-05-09 12:21:27,204 - INFO - Train:6 - Epoch 158/1500 completed in 11.50 seconds.
2024-05-09 12:21:27,205 - INFO - Train:6 - Approximate time left: 4 hours, 33 minutes
2024-05-09 12:21:41,173 - INFO - Train:6 - Epoch 159/1500 completed in 11.84 seconds.
2024-05-09 12:21:41,173 - INFO - Train:6 - Approximate time left: 4 hours, 33 minutes
2024-05-09 12:21:55,856 - INFO - Train:6 - Epoch 160/1500 completed in 12.53 seconds.
2024-05-09 12:21:55,856 - INFO - Train:6 - Approximate time left: 4 hours, 33 minutes
2024-05-09 12:22:10,553 - INFO - Train:6 - Epoch 161/1500 completed in 12.56 seconds.
2024-05-09 12:22:10,553 - INFO - Train:6 - Approximate time left: 4 hours, 32 minutes
2024-05-09 12:22:24,821 - INFO - Train:6 - Epoch 162/1500 completed in 12.16 seconds.
2024-05-09 12:22:24,822 - INFO - Train:6 - Approximate time left: 4 hours, 32 minutes
2024-05-09 12:22:38,896 - INFO - Train:6 - Epoch 163/1500 completed in 11.95 seconds.
2024-05-09 12:22:38,897 - INFO - Train:6 - Approximate time left: 4 hours, 32 minutes
2024-05-09 12:22:53,096 - INFO - Train:6 - Epoch 164/1500 completed in 12.07 seconds.
2024-05-09 12:22:53,096 - INFO - Train:6 - Approximate time left: 4 hours, 32 minutes
2024-05-09 12:23:07,164 - INFO - Train:6 - Epoch 165/1500 completed in 11.92 seconds.
2024-05-09 12:23:07,164 - INFO - Train:6 - Approximate time left: 4 hours, 32 minutes
2024-05-09 12:23:21,022 - INFO - Train:6 - Epoch 166/1500 completed in 11.70 seconds.
2024-05-09 12:23:21,022 - INFO - Train:6 - Approximate time left: 4 hours, 31 minutes
2024-05-09 12:23:34,972 - INFO - Train:6 - Epoch 167/1500 completed in 11.79 seconds.
2024-05-09 12:23:34,972 - INFO - Train:6 - Approximate time left: 4 hours, 31 minutes
2024-05-09 12:23:49,180 - INFO - Train:6 - Epoch 168/1500 completed in 12.09 seconds.
2024-05-09 12:23:49,180 - INFO - Train:6 - Approximate time left: 4 hours, 31 minutes
2024-05-09 12:24:03,118 - INFO - Train:6 - Epoch 169/1500 completed in 11.79 seconds.
2024-05-09 12:24:03,118 - INFO - Train:6 - Approximate time left: 4 hours, 30 minutes
2024-05-09 12:24:17,506 - INFO - Train:6 - Epoch 170/1500 completed in 12.26 seconds.
2024-05-09 12:24:17,506 - INFO - Train:6 - Approximate time left: 4 hours, 30 minutes
2024-05-09 12:24:31,787 - INFO - Train:6 - Epoch 171/1500 completed in 12.11 seconds.
2024-05-09 12:24:31,787 - INFO - Train:6 - Approximate time left: 4 hours, 30 minutes
2024-05-09 12:24:45,708 - INFO - Train:6 - Epoch 172/1500 completed in 11.82 seconds.
2024-05-09 12:24:45,708 - INFO - Train:6 - Approximate time left: 4 hours, 30 minutes
2024-05-09 12:25:00,041 - INFO - Train:6 - Epoch 173/1500 completed in 12.20 seconds.
2024-05-09 12:25:00,041 - INFO - Train:6 - Approximate time left: 4 hours, 30 minutes
2024-05-09 12:25:14,194 - INFO - Train:6 - Epoch 174/1500 completed in 12.01 seconds.
2024-05-09 12:25:14,194 - INFO - Train:6 - Approximate time left: 4 hours, 29 minutes
2024-05-09 12:25:28,095 - INFO - Train:6 - Epoch 175/1500 completed in 11.71 seconds.
2024-05-09 12:25:28,095 - INFO - Train:6 - Approximate time left: 4 hours, 29 minutes
2024-05-09 12:25:42,122 - INFO - Train:6 - Epoch 176/1500 completed in 11.88 seconds.
2024-05-09 12:25:42,122 - INFO - Train:6 - Approximate time left: 4 hours, 29 minutes
2024-05-09 12:25:56,317 - INFO - Train:6 - Epoch 177/1500 completed in 12.01 seconds.
2024-05-09 12:25:56,317 - INFO - Train:6 - Approximate time left: 4 hours, 29 minutes
2024-05-09 12:26:09,984 - INFO - Train:6 - Epoch 178/1500 completed in 11.52 seconds.
2024-05-09 12:26:09,984 - INFO - Train:6 - Approximate time left: 4 hours, 28 minutes
2024-05-09 12:26:23,768 - INFO - Train:6 - Epoch 179/1500 completed in 11.67 seconds.
2024-05-09 12:26:23,768 - INFO - Train:6 - Approximate time left: 4 hours, 28 minutes
2024-05-09 12:26:37,442 - INFO - Train:6 - Epoch 180/1500 completed in 11.54 seconds.
2024-05-09 12:26:37,442 - INFO - Train:6 - Approximate time left: 4 hours, 28 minutes
2024-05-09 12:26:51,882 - INFO - Train:6 - Epoch 181/1500 completed in 11.92 seconds.
2024-05-09 12:26:51,883 - INFO - Train:6 - Approximate time left: 4 hours, 28 minutes
2024-05-09 12:27:05,568 - INFO - Train:6 - Epoch 182/1500 completed in 11.48 seconds.
2024-05-09 12:27:05,568 - INFO - Train:6 - Approximate time left: 4 hours, 27 minutes
2024-05-09 12:27:19,543 - INFO - Train:6 - Epoch 183/1500 completed in 11.86 seconds.
2024-05-09 12:27:19,543 - INFO - Train:6 - Approximate time left: 4 hours, 27 minutes
2024-05-09 12:27:33,549 - INFO - Train:6 - Epoch 184/1500 completed in 11.89 seconds.
2024-05-09 12:27:33,549 - INFO - Train:6 - Approximate time left: 4 hours, 27 minutes
2024-05-09 12:27:46,994 - INFO - Train:6 - Epoch 185/1500 completed in 11.30 seconds.
2024-05-09 12:27:46,994 - INFO - Train:6 - Approximate time left: 4 hours, 26 minutes
2024-05-09 12:28:01,095 - INFO - Train:6 - Epoch 186/1500 completed in 11.97 seconds.
2024-05-09 12:28:01,095 - INFO - Train:6 - Approximate time left: 4 hours, 26 minutes
2024-05-09 12:28:15,307 - INFO - Train:6 - Epoch 187/1500 completed in 12.07 seconds.
2024-05-09 12:28:15,307 - INFO - Train:6 - Approximate time left: 4 hours, 26 minutes
2024-05-09 12:28:29,772 - INFO - Train:6 - Epoch 188/1500 completed in 12.02 seconds.
2024-05-09 12:28:29,772 - INFO - Train:6 - Approximate time left: 4 hours, 26 minutes
2024-05-09 12:28:43,726 - INFO - Train:6 - Epoch 189/1500 completed in 11.84 seconds.
2024-05-09 12:28:43,726 - INFO - Train:6 - Approximate time left: 4 hours, 26 minutes
2024-05-09 12:28:57,961 - INFO - Train:6 - Epoch 190/1500 completed in 12.09 seconds.
2024-05-09 12:28:57,961 - INFO - Train:6 - Approximate time left: 4 hours, 25 minutes
2024-05-09 12:29:12,140 - INFO - Train:6 - Epoch 191/1500 completed in 12.05 seconds.
2024-05-09 12:29:12,140 - INFO - Train:6 - Approximate time left: 4 hours, 25 minutes
2024-05-09 12:29:26,254 - INFO - Train:6 - Epoch 192/1500 completed in 11.95 seconds.
2024-05-09 12:29:26,254 - INFO - Train:6 - Approximate time left: 4 hours, 25 minutes
2024-05-09 12:29:40,358 - INFO - Train:6 - Epoch 193/1500 completed in 11.97 seconds.
2024-05-09 12:29:40,359 - INFO - Train:6 - Approximate time left: 4 hours, 25 minutes
2024-05-09 12:29:54,296 - INFO - Train:6 - Epoch 194/1500 completed in 11.82 seconds.
2024-05-09 12:29:54,296 - INFO - Train:6 - Approximate time left: 4 hours, 24 minutes
2024-05-09 12:30:08,661 - INFO - Train:6 - Epoch 195/1500 completed in 12.26 seconds.
2024-05-09 12:30:08,662 - INFO - Train:6 - Approximate time left: 4 hours, 24 minutes
2024-05-09 12:30:23,755 - INFO - Train:6 - Epoch 196/1500 completed in 12.63 seconds.
2024-05-09 12:30:23,755 - INFO - Train:6 - Approximate time left: 4 hours, 24 minutes
2024-05-09 12:30:38,319 - INFO - Train:6 - Epoch 197/1500 completed in 12.11 seconds.
2024-05-09 12:30:38,319 - INFO - Train:6 - Approximate time left: 4 hours, 24 minutes
2024-05-09 12:30:52,714 - INFO - Train:6 - Epoch 198/1500 completed in 12.26 seconds.
2024-05-09 12:30:52,714 - INFO - Train:6 - Approximate time left: 4 hours, 24 minutes
2024-05-09 12:31:06,769 - INFO - Train:6 - Epoch 199/1500 completed in 11.93 seconds.
2024-05-09 12:31:06,770 - INFO - Train:6 - Approximate time left: 4 hours, 23 minutes
2024-05-09 12:31:21,041 - INFO - Train:6 - Epoch 200/1500 completed in 12.17 seconds.
2024-05-09 12:31:21,041 - INFO - Train:6 - Approximate time left: 4 hours, 23 minutes
2024-05-09 12:31:34,951 - ERROR - Train:6 - Error saving checkpoint: join() argument must be str, bytes, or os.PathLike object, not 'NoneType'
Traceback (most recent call last):
  File "/data/Pein/Pytorch/Ascend-NPU-Parallel-Training/1-src/trainer.py", line 538, in save_checkpoint
    save_checkpoint_folder = os.path.join(
  File "/root/miniconda3/envs/Pein38/lib/python3.8/posixpath.py", line 90, in join
    genericpath._check_arg_types('join', a, *p)
  File "/root/miniconda3/envs/Pein38/lib/python3.8/genericpath.py", line 152, in _check_arg_types
    raise TypeError(f'{funcname}() argument must be str, bytes, or '
TypeError: join() argument must be str, bytes, or os.PathLike object, not 'NoneType'
2024-05-09 12:31:34,952 - INFO - Train:6 - Epoch 201/1500 completed in 11.80 seconds.
2024-05-09 12:31:34,952 - INFO - Train:6 - Approximate time left: 4 hours, 23 minutes
2024-05-09 12:31:49,362 - INFO - Train:6 - Epoch 202/1500 completed in 11.95 seconds.
2024-05-09 12:31:49,362 - INFO - Train:6 - Approximate time left: 4 hours, 23 minutes
2024-05-09 12:32:03,293 - INFO - Train:6 - Epoch 203/1500 completed in 11.80 seconds.
2024-05-09 12:32:03,294 - INFO - Train:6 - Approximate time left: 4 hours, 23 minutes
2024-05-09 12:32:17,255 - INFO - Train:6 - Epoch 204/1500 completed in 11.82 seconds.
2024-05-09 12:32:17,256 - INFO - Train:6 - Approximate time left: 4 hours, 22 minutes
2024-05-09 12:32:31,420 - INFO - Train:6 - Epoch 205/1500 completed in 12.03 seconds.
2024-05-09 12:32:31,420 - INFO - Train:6 - Approximate time left: 4 hours, 22 minutes
2024-05-09 12:32:45,310 - INFO - Train:6 - Epoch 206/1500 completed in 11.77 seconds.
2024-05-09 12:32:45,310 - INFO - Train:6 - Approximate time left: 4 hours, 22 minutes
2024-05-09 12:32:59,245 - INFO - Train:6 - Epoch 207/1500 completed in 11.80 seconds.
2024-05-09 12:32:59,245 - INFO - Train:6 - Approximate time left: 4 hours, 22 minutes
2024-05-09 12:33:13,036 - INFO - Train:6 - Epoch 208/1500 completed in 11.69 seconds.
2024-05-09 12:33:13,036 - INFO - Train:6 - Approximate time left: 4 hours, 21 minutes
2024-05-09 12:33:27,436 - INFO - Train:6 - Epoch 209/1500 completed in 12.27 seconds.
2024-05-09 12:33:27,436 - INFO - Train:6 - Approximate time left: 4 hours, 21 minutes
2024-05-09 12:33:41,997 - INFO - Train:6 - Epoch 210/1500 completed in 12.44 seconds.
2024-05-09 12:33:41,997 - INFO - Train:6 - Approximate time left: 4 hours, 21 minutes
2024-05-09 12:33:55,908 - INFO - Train:6 - Epoch 211/1500 completed in 11.78 seconds.
2024-05-09 12:33:55,909 - INFO - Train:6 - Approximate time left: 4 hours, 21 minutes
2024-05-09 12:34:10,011 - INFO - Train:6 - Epoch 212/1500 completed in 11.99 seconds.
2024-05-09 12:34:10,012 - INFO - Train:6 - Approximate time left: 4 hours, 21 minutes
2024-05-09 12:34:24,127 - INFO - Train:6 - Epoch 213/1500 completed in 11.99 seconds.
2024-05-09 12:34:24,127 - INFO - Train:6 - Approximate time left: 4 hours, 20 minutes
2024-05-09 12:34:38,185 - INFO - Train:6 - Epoch 214/1500 completed in 11.92 seconds.
2024-05-09 12:34:38,185 - INFO - Train:6 - Approximate time left: 4 hours, 20 minutes
2024-05-09 12:34:52,263 - INFO - Train:6 - Epoch 215/1500 completed in 11.91 seconds.
2024-05-09 12:34:52,263 - INFO - Train:6 - Approximate time left: 4 hours, 20 minutes
2024-05-09 12:35:06,265 - INFO - Train:6 - Epoch 216/1500 completed in 11.88 seconds.
2024-05-09 12:35:06,265 - INFO - Train:6 - Approximate time left: 4 hours, 20 minutes
2024-05-09 12:35:20,404 - INFO - Train:6 - Epoch 217/1500 completed in 12.01 seconds.
2024-05-09 12:35:20,404 - INFO - Train:6 - Approximate time left: 4 hours, 19 minutes
2024-05-09 12:35:34,810 - INFO - Train:6 - Epoch 218/1500 completed in 12.29 seconds.
2024-05-09 12:35:34,810 - INFO - Train:6 - Approximate time left: 4 hours, 19 minutes
2024-05-09 12:35:48,588 - INFO - Train:6 - Epoch 219/1500 completed in 11.67 seconds.
2024-05-09 12:35:48,588 - INFO - Train:6 - Approximate time left: 4 hours, 19 minutes
2024-05-09 12:36:02,457 - INFO - Train:6 - Epoch 220/1500 completed in 11.75 seconds.
2024-05-09 12:36:02,458 - INFO - Train:6 - Approximate time left: 4 hours, 19 minutes
2024-05-09 12:36:17,003 - INFO - Train:6 - Epoch 221/1500 completed in 12.42 seconds.
2024-05-09 12:36:17,004 - INFO - Train:6 - Approximate time left: 4 hours, 19 minutes
2024-05-09 12:36:30,915 - INFO - Train:6 - Epoch 222/1500 completed in 11.76 seconds.
2024-05-09 12:36:30,915 - INFO - Train:6 - Approximate time left: 4 hours, 18 minutes
2024-05-09 12:36:45,997 - INFO - Train:6 - Epoch 223/1500 completed in 12.98 seconds.
2024-05-09 12:36:45,997 - INFO - Train:6 - Approximate time left: 4 hours, 18 minutes
2024-05-09 12:36:59,856 - INFO - Train:6 - Epoch 224/1500 completed in 11.75 seconds.
2024-05-09 12:36:59,856 - INFO - Train:6 - Approximate time left: 4 hours, 18 minutes
2024-05-09 12:37:14,024 - INFO - Train:6 - Epoch 225/1500 completed in 12.06 seconds.
2024-05-09 12:37:14,024 - INFO - Train:6 - Approximate time left: 4 hours, 18 minutes
2024-05-09 12:37:28,121 - INFO - Train:6 - Epoch 226/1500 completed in 11.98 seconds.
2024-05-09 12:37:28,122 - INFO - Train:6 - Approximate time left: 4 hours, 18 minutes
2024-05-09 12:37:43,067 - INFO - Train:6 - Epoch 227/1500 completed in 12.83 seconds.
2024-05-09 12:37:43,067 - INFO - Train:6 - Approximate time left: 4 hours, 17 minutes
2024-05-09 12:37:57,258 - INFO - Train:6 - Epoch 228/1500 completed in 12.08 seconds.
2024-05-09 12:37:57,258 - INFO - Train:6 - Approximate time left: 4 hours, 17 minutes
2024-05-09 12:38:11,453 - INFO - Train:6 - Epoch 229/1500 completed in 12.09 seconds.
2024-05-09 12:38:11,454 - INFO - Train:6 - Approximate time left: 4 hours, 17 minutes
2024-05-09 12:38:25,806 - INFO - Train:6 - Epoch 230/1500 completed in 11.90 seconds.
2024-05-09 12:38:25,806 - INFO - Train:6 - Approximate time left: 4 hours, 17 minutes
2024-05-09 12:38:39,892 - INFO - Train:6 - Epoch 231/1500 completed in 11.99 seconds.
2024-05-09 12:38:39,892 - INFO - Train:6 - Approximate time left: 4 hours, 17 minutes
2024-05-09 12:38:53,819 - INFO - Train:6 - Epoch 232/1500 completed in 11.80 seconds.
2024-05-09 12:38:53,819 - INFO - Train:6 - Approximate time left: 4 hours, 16 minutes
2024-05-09 12:39:07,759 - INFO - Train:6 - Epoch 233/1500 completed in 11.81 seconds.
2024-05-09 12:39:07,759 - INFO - Train:6 - Approximate time left: 4 hours, 16 minutes
2024-05-09 12:39:21,900 - INFO - Train:6 - Epoch 234/1500 completed in 12.00 seconds.
2024-05-09 12:39:21,900 - INFO - Train:6 - Approximate time left: 4 hours, 16 minutes
2024-05-09 12:39:35,907 - INFO - Train:6 - Epoch 235/1500 completed in 11.91 seconds.
2024-05-09 12:39:35,908 - INFO - Train:6 - Approximate time left: 4 hours, 16 minutes
2024-05-09 12:39:50,205 - INFO - Train:6 - Epoch 236/1500 completed in 12.18 seconds.
2024-05-09 12:39:50,205 - INFO - Train:6 - Approximate time left: 4 hours, 15 minutes
2024-05-09 12:40:04,263 - INFO - Train:6 - Epoch 237/1500 completed in 11.94 seconds.
2024-05-09 12:40:04,263 - INFO - Train:6 - Approximate time left: 4 hours, 15 minutes
2024-05-09 12:40:18,299 - INFO - Train:6 - Epoch 238/1500 completed in 11.88 seconds.
2024-05-09 12:40:18,299 - INFO - Train:6 - Approximate time left: 4 hours, 15 minutes
2024-05-09 12:40:32,534 - INFO - Train:6 - Epoch 239/1500 completed in 12.08 seconds.
2024-05-09 12:40:32,534 - INFO - Train:6 - Approximate time left: 4 hours, 15 minutes
2024-05-09 12:40:46,701 - INFO - Train:6 - Epoch 240/1500 completed in 12.05 seconds.
2024-05-09 12:40:46,701 - INFO - Train:6 - Approximate time left: 4 hours, 15 minutes
2024-05-09 12:41:00,983 - INFO - Train:6 - Epoch 241/1500 completed in 12.09 seconds.
2024-05-09 12:41:00,984 - INFO - Train:6 - Approximate time left: 4 hours, 14 minutes
2024-05-09 12:41:15,064 - INFO - Train:6 - Epoch 242/1500 completed in 12.00 seconds.
2024-05-09 12:41:15,065 - INFO - Train:6 - Approximate time left: 4 hours, 14 minutes
2024-05-09 12:41:29,328 - INFO - Train:6 - Epoch 243/1500 completed in 12.15 seconds.
2024-05-09 12:41:29,328 - INFO - Train:6 - Approximate time left: 4 hours, 14 minutes
2024-05-09 12:41:43,509 - INFO - Train:6 - Epoch 244/1500 completed in 12.04 seconds.
2024-05-09 12:41:43,509 - INFO - Train:6 - Approximate time left: 4 hours, 14 minutes
2024-05-09 12:41:57,926 - INFO - Train:6 - Epoch 245/1500 completed in 12.00 seconds.
2024-05-09 12:41:57,926 - INFO - Train:6 - Approximate time left: 4 hours, 14 minutes
2024-05-09 12:42:11,909 - INFO - Train:6 - Epoch 246/1500 completed in 11.86 seconds.
2024-05-09 12:42:11,909 - INFO - Train:6 - Approximate time left: 4 hours, 13 minutes
2024-05-09 12:42:25,815 - INFO - Train:6 - Epoch 247/1500 completed in 11.78 seconds.
2024-05-09 12:42:25,815 - INFO - Train:6 - Approximate time left: 4 hours, 13 minutes
2024-05-09 12:42:40,205 - INFO - Train:6 - Epoch 248/1500 completed in 12.28 seconds.
2024-05-09 12:42:40,205 - INFO - Train:6 - Approximate time left: 4 hours, 13 minutes
2024-05-09 12:42:54,409 - INFO - Train:6 - Epoch 249/1500 completed in 12.03 seconds.
2024-05-09 12:42:54,409 - INFO - Train:6 - Approximate time left: 4 hours, 13 minutes
2024-05-09 12:43:09,141 - INFO - Train:6 - Epoch 250/1500 completed in 12.59 seconds.
2024-05-09 12:43:09,142 - INFO - Train:6 - Approximate time left: 4 hours, 12 minutes
2024-05-09 12:43:23,675 - INFO - Train:6 - Epoch 251/1500 completed in 12.45 seconds.
2024-05-09 12:43:23,675 - INFO - Train:6 - Approximate time left: 4 hours, 12 minutes
2024-05-09 12:43:37,946 - INFO - Train:6 - Epoch 252/1500 completed in 12.09 seconds.
2024-05-09 12:43:37,947 - INFO - Train:6 - Approximate time left: 4 hours, 12 minutes
2024-05-09 12:43:51,989 - INFO - Train:6 - Epoch 253/1500 completed in 11.90 seconds.
2024-05-09 12:43:51,990 - INFO - Train:6 - Approximate time left: 4 hours, 12 minutes
2024-05-09 12:44:06,158 - INFO - Train:6 - Epoch 254/1500 completed in 12.03 seconds.
2024-05-09 12:44:06,158 - INFO - Train:6 - Approximate time left: 4 hours, 12 minutes
2024-05-09 12:44:20,573 - INFO - Train:6 - Epoch 255/1500 completed in 12.34 seconds.
2024-05-09 12:44:20,573 - INFO - Train:6 - Approximate time left: 4 hours, 11 minutes
2024-05-09 12:44:35,328 - INFO - Train:6 - Epoch 256/1500 completed in 12.65 seconds.
2024-05-09 12:44:35,328 - INFO - Train:6 - Approximate time left: 4 hours, 11 minutes
2024-05-09 12:44:49,927 - INFO - Train:6 - Epoch 257/1500 completed in 12.53 seconds.
2024-05-09 12:44:49,927 - INFO - Train:6 - Approximate time left: 4 hours, 11 minutes
2024-05-09 12:45:04,662 - INFO - Train:6 - Epoch 258/1500 completed in 12.60 seconds.
2024-05-09 12:45:04,662 - INFO - Train:6 - Approximate time left: 4 hours, 11 minutes
2024-05-09 12:45:18,379 - INFO - Train:6 - Epoch 259/1500 completed in 11.60 seconds.
2024-05-09 12:45:18,379 - INFO - Train:6 - Approximate time left: 4 hours, 11 minutes
2024-05-09 12:45:32,217 - INFO - Train:6 - Epoch 260/1500 completed in 11.74 seconds.
2024-05-09 12:45:32,217 - INFO - Train:6 - Approximate time left: 4 hours, 10 minutes
2024-05-09 12:45:45,694 - INFO - Train:6 - Epoch 261/1500 completed in 11.36 seconds.
2024-05-09 12:45:45,694 - INFO - Train:6 - Approximate time left: 4 hours, 10 minutes
2024-05-09 12:46:00,416 - INFO - Train:6 - Epoch 262/1500 completed in 12.62 seconds.
2024-05-09 12:46:00,416 - INFO - Train:6 - Approximate time left: 4 hours, 10 minutes
2024-05-09 12:46:14,404 - INFO - Train:6 - Epoch 263/1500 completed in 11.88 seconds.
2024-05-09 12:46:14,404 - INFO - Train:6 - Approximate time left: 4 hours, 10 minutes
2024-05-09 12:46:29,170 - INFO - Train:6 - Epoch 264/1500 completed in 12.65 seconds.
2024-05-09 12:46:29,170 - INFO - Train:6 - Approximate time left: 4 hours, 10 minutes
2024-05-09 12:46:42,984 - INFO - Train:6 - Epoch 265/1500 completed in 11.63 seconds.
2024-05-09 12:46:42,985 - INFO - Train:6 - Approximate time left: 4 hours, 9 minutes
2024-05-09 12:46:57,056 - INFO - Train:6 - Epoch 266/1500 completed in 11.96 seconds.
2024-05-09 12:46:57,056 - INFO - Train:6 - Approximate time left: 4 hours, 9 minutes
2024-05-09 12:47:11,201 - INFO - Train:6 - Epoch 267/1500 completed in 12.05 seconds.
2024-05-09 12:47:11,201 - INFO - Train:6 - Approximate time left: 4 hours, 9 minutes
2024-05-09 12:47:25,285 - INFO - Train:6 - Epoch 268/1500 completed in 11.95 seconds.
2024-05-09 12:47:25,285 - INFO - Train:6 - Approximate time left: 4 hours, 9 minutes
2024-05-09 12:47:39,139 - INFO - Train:6 - Epoch 269/1500 completed in 11.78 seconds.
2024-05-09 12:47:39,139 - INFO - Train:6 - Approximate time left: 4 hours, 9 minutes
2024-05-09 12:47:53,338 - INFO - Train:6 - Epoch 270/1500 completed in 12.05 seconds.
2024-05-09 12:47:53,338 - INFO - Train:6 - Approximate time left: 4 hours, 8 minutes
2024-05-09 12:48:07,345 - INFO - Train:6 - Epoch 271/1500 completed in 11.92 seconds.
2024-05-09 12:48:07,345 - INFO - Train:6 - Approximate time left: 4 hours, 8 minutes
2024-05-09 12:48:21,543 - INFO - Train:6 - Epoch 272/1500 completed in 12.10 seconds.
2024-05-09 12:48:21,544 - INFO - Train:6 - Approximate time left: 4 hours, 8 minutes
2024-05-09 12:48:35,550 - INFO - Train:6 - Epoch 273/1500 completed in 11.92 seconds.
2024-05-09 12:48:35,550 - INFO - Train:6 - Approximate time left: 4 hours, 8 minutes
2024-05-09 12:48:49,580 - INFO - Train:6 - Epoch 274/1500 completed in 11.91 seconds.
2024-05-09 12:48:49,581 - INFO - Train:6 - Approximate time left: 4 hours, 7 minutes
2024-05-09 12:49:03,700 - INFO - Train:6 - Epoch 275/1500 completed in 12.01 seconds.
2024-05-09 12:49:03,700 - INFO - Train:6 - Approximate time left: 4 hours, 7 minutes
2024-05-09 12:49:17,567 - INFO - Train:6 - Epoch 276/1500 completed in 11.75 seconds.
2024-05-09 12:49:17,567 - INFO - Train:6 - Approximate time left: 4 hours, 7 minutes
2024-05-09 12:49:31,472 - INFO - Train:6 - Epoch 277/1500 completed in 11.79 seconds.
2024-05-09 12:49:31,472 - INFO - Train:6 - Approximate time left: 4 hours, 7 minutes
2024-05-09 12:49:45,888 - INFO - Train:6 - Epoch 278/1500 completed in 12.29 seconds.
2024-05-09 12:49:45,889 - INFO - Train:6 - Approximate time left: 4 hours, 7 minutes
2024-05-09 12:50:00,452 - INFO - Train:6 - Epoch 279/1500 completed in 12.43 seconds.
2024-05-09 12:50:00,453 - INFO - Train:6 - Approximate time left: 4 hours, 6 minutes
2024-05-09 12:50:14,718 - INFO - Train:6 - Epoch 280/1500 completed in 12.15 seconds.
2024-05-09 12:50:14,718 - INFO - Train:6 - Approximate time left: 4 hours, 6 minutes
2024-05-09 12:50:28,938 - INFO - Train:6 - Epoch 281/1500 completed in 12.10 seconds.
2024-05-09 12:50:28,938 - INFO - Train:6 - Approximate time left: 4 hours, 6 minutes
2024-05-09 12:50:42,698 - INFO - Train:6 - Epoch 282/1500 completed in 11.63 seconds.
2024-05-09 12:50:42,698 - INFO - Train:6 - Approximate time left: 4 hours, 6 minutes
2024-05-09 12:50:56,807 - INFO - Train:6 - Epoch 283/1500 completed in 11.97 seconds.
2024-05-09 12:50:56,807 - INFO - Train:6 - Approximate time left: 4 hours, 6 minutes
2024-05-09 12:51:10,782 - INFO - Train:6 - Epoch 284/1500 completed in 11.85 seconds.
2024-05-09 12:51:10,782 - INFO - Train:6 - Approximate time left: 4 hours, 5 minutes
2024-05-09 12:51:24,901 - INFO - Train:6 - Epoch 285/1500 completed in 11.98 seconds.
2024-05-09 12:51:24,902 - INFO - Train:6 - Approximate time left: 4 hours, 5 minutes
2024-05-09 12:51:39,022 - INFO - Train:6 - Epoch 286/1500 completed in 11.94 seconds.
2024-05-09 12:51:39,022 - INFO - Train:6 - Approximate time left: 4 hours, 5 minutes
2024-05-09 12:51:53,116 - INFO - Train:6 - Epoch 287/1500 completed in 11.97 seconds.
2024-05-09 12:51:53,117 - INFO - Train:6 - Approximate time left: 4 hours, 5 minutes
2024-05-09 12:52:07,302 - INFO - Train:6 - Epoch 288/1500 completed in 12.07 seconds.
2024-05-09 12:52:07,303 - INFO - Train:6 - Approximate time left: 4 hours, 5 minutes
2024-05-09 12:52:21,340 - INFO - Train:6 - Epoch 289/1500 completed in 11.95 seconds.
2024-05-09 12:52:21,340 - INFO - Train:6 - Approximate time left: 4 hours, 4 minutes
2024-05-09 12:52:34,777 - INFO - Train:6 - Epoch 290/1500 completed in 11.30 seconds.
2024-05-09 12:52:34,777 - INFO - Train:6 - Approximate time left: 4 hours, 4 minutes
2024-05-09 12:52:48,491 - INFO - Train:6 - Epoch 291/1500 completed in 11.62 seconds.
2024-05-09 12:52:48,491 - INFO - Train:6 - Approximate time left: 4 hours, 4 minutes
2024-05-09 12:53:02,579 - INFO - Train:6 - Epoch 292/1500 completed in 11.98 seconds.
2024-05-09 12:53:02,580 - INFO - Train:6 - Approximate time left: 4 hours, 4 minutes
2024-05-09 12:53:16,723 - INFO - Train:6 - Epoch 293/1500 completed in 12.01 seconds.
2024-05-09 12:53:16,723 - INFO - Train:6 - Approximate time left: 4 hours, 3 minutes
2024-05-09 12:53:30,875 - INFO - Train:6 - Epoch 294/1500 completed in 12.02 seconds.
2024-05-09 12:53:30,875 - INFO - Train:6 - Approximate time left: 4 hours, 3 minutes
2024-05-09 12:53:44,885 - INFO - Train:6 - Epoch 295/1500 completed in 11.81 seconds.
2024-05-09 12:53:44,886 - INFO - Train:6 - Approximate time left: 4 hours, 3 minutes
2024-05-09 12:53:59,537 - INFO - Train:6 - Epoch 296/1500 completed in 12.57 seconds.
2024-05-09 12:53:59,538 - INFO - Train:6 - Approximate time left: 4 hours, 3 minutes
2024-05-09 12:54:13,567 - INFO - Train:6 - Epoch 297/1500 completed in 11.91 seconds.
2024-05-09 12:54:13,568 - INFO - Train:6 - Approximate time left: 4 hours, 3 minutes
2024-05-09 12:54:27,704 - INFO - Train:6 - Epoch 298/1500 completed in 12.01 seconds.
2024-05-09 12:54:27,704 - INFO - Train:6 - Approximate time left: 4 hours, 2 minutes
2024-05-09 12:54:42,120 - INFO - Train:6 - Epoch 299/1500 completed in 12.21 seconds.
2024-05-09 12:54:42,120 - INFO - Train:6 - Approximate time left: 4 hours, 2 minutes
2024-05-09 12:54:56,330 - INFO - Train:6 - Epoch 300/1500 completed in 12.09 seconds.
2024-05-09 12:54:56,330 - INFO - Train:6 - Approximate time left: 4 hours, 2 minutes
2024-05-09 12:55:10,229 - INFO - Train:6 - Epoch 301/1500 completed in 11.77 seconds.
2024-05-09 12:55:10,229 - INFO - Train:6 - Approximate time left: 4 hours, 2 minutes
2024-05-09 12:55:23,879 - INFO - Train:6 - Epoch 302/1500 completed in 11.54 seconds.
2024-05-09 12:55:23,879 - INFO - Train:6 - Approximate time left: 4 hours, 1 minutes
2024-05-09 12:55:38,102 - INFO - Train:6 - Epoch 303/1500 completed in 12.11 seconds.
2024-05-09 12:55:38,102 - INFO - Train:6 - Approximate time left: 4 hours, 1 minutes
2024-05-09 12:55:52,212 - INFO - Train:6 - Epoch 304/1500 completed in 11.97 seconds.
2024-05-09 12:55:52,212 - INFO - Train:6 - Approximate time left: 4 hours, 1 minutes
2024-05-09 12:56:07,457 - INFO - Train:6 - Epoch 305/1500 completed in 13.11 seconds.
2024-05-09 12:56:07,457 - INFO - Train:6 - Approximate time left: 4 hours, 1 minutes
2024-05-09 12:56:22,076 - INFO - Train:6 - Epoch 306/1500 completed in 12.48 seconds.
2024-05-09 12:56:22,076 - INFO - Train:6 - Approximate time left: 4 hours, 1 minutes
2024-05-09 12:56:35,754 - INFO - Train:6 - Epoch 307/1500 completed in 11.58 seconds.
2024-05-09 12:56:35,754 - INFO - Train:6 - Approximate time left: 4 hours, 1 minutes
2024-05-09 12:56:49,136 - INFO - Train:6 - Epoch 308/1500 completed in 11.27 seconds.
2024-05-09 12:56:49,136 - INFO - Train:6 - Approximate time left: 4 hours, 0 minutes
2024-05-09 12:57:03,150 - INFO - Train:6 - Epoch 309/1500 completed in 11.90 seconds.
2024-05-09 12:57:03,150 - INFO - Train:6 - Approximate time left: 4 hours, 0 minutes
2024-05-09 12:57:17,075 - INFO - Train:6 - Epoch 310/1500 completed in 11.83 seconds.
2024-05-09 12:57:17,075 - INFO - Train:6 - Approximate time left: 4 hours, 0 minutes
2024-05-09 12:57:31,377 - INFO - Train:6 - Epoch 311/1500 completed in 11.83 seconds.
2024-05-09 12:57:31,377 - INFO - Train:6 - Approximate time left: 4 hours, 0 minutes
2024-05-09 12:57:45,371 - INFO - Train:6 - Epoch 312/1500 completed in 11.88 seconds.
2024-05-09 12:57:45,372 - INFO - Train:6 - Approximate time left: 3 hours, 59 minutes
2024-05-09 12:57:59,883 - INFO - Train:6 - Epoch 313/1500 completed in 12.03 seconds.
2024-05-09 12:57:59,883 - INFO - Train:6 - Approximate time left: 3 hours, 59 minutes
2024-05-09 12:58:14,232 - INFO - Train:6 - Epoch 314/1500 completed in 12.25 seconds.
2024-05-09 12:58:14,232 - INFO - Train:6 - Approximate time left: 3 hours, 59 minutes
2024-05-09 12:58:28,385 - INFO - Train:6 - Epoch 315/1500 completed in 12.01 seconds.
2024-05-09 12:58:28,386 - INFO - Train:6 - Approximate time left: 3 hours, 59 minutes
2024-05-09 12:58:42,551 - INFO - Train:6 - Epoch 316/1500 completed in 12.02 seconds.
2024-05-09 12:58:42,552 - INFO - Train:6 - Approximate time left: 3 hours, 59 minutes
2024-05-09 12:58:57,037 - INFO - Train:6 - Epoch 317/1500 completed in 12.31 seconds.
2024-05-09 12:58:57,038 - INFO - Train:6 - Approximate time left: 3 hours, 58 minutes
2024-05-09 12:59:11,999 - INFO - Train:6 - Epoch 318/1500 completed in 12.83 seconds.
2024-05-09 12:59:11,999 - INFO - Train:6 - Approximate time left: 3 hours, 58 minutes
2024-05-09 12:59:26,912 - INFO - Train:6 - Epoch 319/1500 completed in 12.77 seconds.
2024-05-09 12:59:26,912 - INFO - Train:6 - Approximate time left: 3 hours, 58 minutes
2024-05-09 12:59:41,285 - INFO - Train:6 - Epoch 320/1500 completed in 12.25 seconds.
2024-05-09 12:59:41,285 - INFO - Train:6 - Approximate time left: 3 hours, 58 minutes
2024-05-09 12:59:55,713 - INFO - Train:6 - Epoch 321/1500 completed in 12.32 seconds.
2024-05-09 12:59:55,713 - INFO - Train:6 - Approximate time left: 3 hours, 58 minutes
2024-05-09 13:00:10,192 - INFO - Train:6 - Epoch 322/1500 completed in 12.33 seconds.
2024-05-09 13:00:10,193 - INFO - Train:6 - Approximate time left: 3 hours, 57 minutes
2024-05-09 13:00:24,365 - INFO - Train:6 - Epoch 323/1500 completed in 12.05 seconds.
2024-05-09 13:00:24,365 - INFO - Train:6 - Approximate time left: 3 hours, 57 minutes
2024-05-09 13:00:38,543 - INFO - Train:6 - Epoch 324/1500 completed in 12.06 seconds.
2024-05-09 13:00:38,543 - INFO - Train:6 - Approximate time left: 3 hours, 57 minutes
2024-05-09 13:00:52,652 - INFO - Train:6 - Epoch 325/1500 completed in 11.97 seconds.
2024-05-09 13:00:52,652 - INFO - Train:6 - Approximate time left: 3 hours, 57 minutes
2024-05-09 13:01:06,879 - INFO - Train:6 - Epoch 326/1500 completed in 12.06 seconds.
2024-05-09 13:01:06,879 - INFO - Train:6 - Approximate time left: 3 hours, 57 minutes
2024-05-09 13:01:21,404 - INFO - Train:6 - Epoch 327/1500 completed in 12.36 seconds.
2024-05-09 13:01:21,405 - INFO - Train:6 - Approximate time left: 3 hours, 56 minutes
2024-05-09 13:01:36,007 - INFO - Train:6 - Epoch 328/1500 completed in 12.46 seconds.
2024-05-09 13:01:36,007 - INFO - Train:6 - Approximate time left: 3 hours, 56 minutes
2024-05-09 13:01:50,639 - INFO - Train:6 - Epoch 329/1500 completed in 12.52 seconds.
2024-05-09 13:01:50,639 - INFO - Train:6 - Approximate time left: 3 hours, 56 minutes
2024-05-09 13:02:05,479 - INFO - Train:6 - Epoch 330/1500 completed in 12.74 seconds.
2024-05-09 13:02:05,479 - INFO - Train:6 - Approximate time left: 3 hours, 56 minutes
2024-05-09 13:02:20,766 - INFO - Train:6 - Epoch 331/1500 completed in 13.21 seconds.
2024-05-09 13:02:20,766 - INFO - Train:6 - Approximate time left: 3 hours, 56 minutes
2024-05-09 13:02:34,789 - INFO - Train:6 - Epoch 332/1500 completed in 11.89 seconds.
2024-05-09 13:02:34,789 - INFO - Train:6 - Approximate time left: 3 hours, 56 minutes
2024-05-09 13:02:48,954 - INFO - Train:6 - Epoch 333/1500 completed in 12.05 seconds.
2024-05-09 13:02:48,954 - INFO - Train:6 - Approximate time left: 3 hours, 55 minutes
2024-05-09 13:03:03,115 - INFO - Train:6 - Epoch 334/1500 completed in 12.06 seconds.
2024-05-09 13:03:03,115 - INFO - Train:6 - Approximate time left: 3 hours, 55 minutes
2024-05-09 13:03:17,417 - INFO - Train:6 - Epoch 335/1500 completed in 12.14 seconds.
2024-05-09 13:03:17,417 - INFO - Train:6 - Approximate time left: 3 hours, 55 minutes
2024-05-09 13:03:31,195 - INFO - Train:6 - Epoch 336/1500 completed in 11.57 seconds.
2024-05-09 13:03:31,195 - INFO - Train:6 - Approximate time left: 3 hours, 55 minutes
2024-05-09 13:03:45,118 - INFO - Train:6 - Epoch 337/1500 completed in 11.80 seconds.
2024-05-09 13:03:45,119 - INFO - Train:6 - Approximate time left: 3 hours, 55 minutes
2024-05-09 13:03:58,958 - INFO - Train:6 - Epoch 338/1500 completed in 11.66 seconds.
2024-05-09 13:03:58,959 - INFO - Train:6 - Approximate time left: 3 hours, 54 minutes
2024-05-09 13:04:13,025 - INFO - Train:6 - Epoch 339/1500 completed in 11.94 seconds.
2024-05-09 13:04:13,026 - INFO - Train:6 - Approximate time left: 3 hours, 54 minutes
2024-05-09 13:04:26,977 - INFO - Train:6 - Epoch 340/1500 completed in 11.85 seconds.
2024-05-09 13:04:26,977 - INFO - Train:6 - Approximate time left: 3 hours, 54 minutes
2024-05-09 13:04:41,321 - INFO - Train:6 - Epoch 341/1500 completed in 12.21 seconds.
2024-05-09 13:04:41,321 - INFO - Train:6 - Approximate time left: 3 hours, 54 minutes
2024-05-09 13:04:55,376 - INFO - Train:6 - Epoch 342/1500 completed in 11.97 seconds.
2024-05-09 13:04:55,376 - INFO - Train:6 - Approximate time left: 3 hours, 53 minutes
2024-05-09 13:05:09,321 - INFO - Train:6 - Epoch 343/1500 completed in 11.78 seconds.
2024-05-09 13:05:09,322 - INFO - Train:6 - Approximate time left: 3 hours, 53 minutes
2024-05-09 13:05:22,873 - INFO - Train:6 - Epoch 344/1500 completed in 11.36 seconds.
2024-05-09 13:05:22,874 - INFO - Train:6 - Approximate time left: 3 hours, 53 minutes
2024-05-09 13:05:36,627 - INFO - Train:6 - Epoch 345/1500 completed in 11.62 seconds.
2024-05-09 13:05:36,627 - INFO - Train:6 - Approximate time left: 3 hours, 53 minutes
2024-05-09 13:05:50,573 - INFO - Train:6 - Epoch 346/1500 completed in 11.82 seconds.
2024-05-09 13:05:50,573 - INFO - Train:6 - Approximate time left: 3 hours, 53 minutes
2024-05-09 13:06:04,770 - INFO - Train:6 - Epoch 347/1500 completed in 12.11 seconds.
2024-05-09 13:06:04,770 - INFO - Train:6 - Approximate time left: 3 hours, 52 minutes
2024-05-09 13:06:18,984 - INFO - Train:6 - Epoch 348/1500 completed in 12.10 seconds.
2024-05-09 13:06:18,984 - INFO - Train:6 - Approximate time left: 3 hours, 52 minutes
2024-05-09 13:06:33,213 - INFO - Train:6 - Epoch 349/1500 completed in 12.13 seconds.
2024-05-09 13:06:33,213 - INFO - Train:6 - Approximate time left: 3 hours, 52 minutes
2024-05-09 13:06:47,261 - INFO - Train:6 - Epoch 350/1500 completed in 11.92 seconds.
2024-05-09 13:06:47,261 - INFO - Train:6 - Approximate time left: 3 hours, 52 minutes
2024-05-09 13:07:01,655 - INFO - Train:6 - Epoch 351/1500 completed in 12.25 seconds.
2024-05-09 13:07:01,656 - INFO - Train:6 - Approximate time left: 3 hours, 52 minutes
2024-05-09 13:07:15,384 - INFO - Train:6 - Epoch 352/1500 completed in 11.55 seconds.
2024-05-09 13:07:15,385 - INFO - Train:6 - Approximate time left: 3 hours, 51 minutes
2024-05-09 13:07:29,525 - INFO - Train:6 - Epoch 353/1500 completed in 12.01 seconds.
2024-05-09 13:07:29,526 - INFO - Train:6 - Approximate time left: 3 hours, 51 minutes
2024-05-09 13:07:43,902 - INFO - Train:6 - Epoch 354/1500 completed in 12.23 seconds.
2024-05-09 13:07:43,902 - INFO - Train:6 - Approximate time left: 3 hours, 51 minutes
2024-05-09 13:07:58,165 - INFO - Train:6 - Epoch 355/1500 completed in 12.07 seconds.
2024-05-09 13:07:58,165 - INFO - Train:6 - Approximate time left: 3 hours, 51 minutes
2024-05-09 13:08:12,565 - INFO - Train:6 - Epoch 356/1500 completed in 12.23 seconds.
2024-05-09 13:08:12,565 - INFO - Train:6 - Approximate time left: 3 hours, 50 minutes
2024-05-09 13:08:26,608 - INFO - Train:6 - Epoch 357/1500 completed in 11.93 seconds.
2024-05-09 13:08:26,608 - INFO - Train:6 - Approximate time left: 3 hours, 50 minutes
2024-05-09 13:08:40,789 - INFO - Train:6 - Epoch 358/1500 completed in 12.06 seconds.
2024-05-09 13:08:40,789 - INFO - Train:6 - Approximate time left: 3 hours, 50 minutes
2024-05-09 13:08:54,977 - INFO - Train:6 - Epoch 359/1500 completed in 12.07 seconds.
2024-05-09 13:08:54,977 - INFO - Train:6 - Approximate time left: 3 hours, 50 minutes
2024-05-09 13:09:09,451 - INFO - Train:6 - Epoch 360/1500 completed in 12.32 seconds.
2024-05-09 13:09:09,451 - INFO - Train:6 - Approximate time left: 3 hours, 50 minutes
2024-05-09 13:09:23,795 - INFO - Train:6 - Epoch 361/1500 completed in 12.20 seconds.
2024-05-09 13:09:23,796 - INFO - Train:6 - Approximate time left: 3 hours, 49 minutes
2024-05-09 13:09:38,092 - INFO - Train:6 - Epoch 362/1500 completed in 12.19 seconds.
2024-05-09 13:09:38,092 - INFO - Train:6 - Approximate time left: 3 hours, 49 minutes
2024-05-09 13:09:52,262 - INFO - Train:6 - Epoch 363/1500 completed in 11.99 seconds.
2024-05-09 13:09:52,263 - INFO - Train:6 - Approximate time left: 3 hours, 49 minutes
2024-05-09 13:10:05,752 - INFO - Train:6 - Epoch 364/1500 completed in 11.40 seconds.
2024-05-09 13:10:05,752 - INFO - Train:6 - Approximate time left: 3 hours, 49 minutes
2024-05-09 13:10:19,738 - INFO - Train:6 - Epoch 365/1500 completed in 11.83 seconds.
2024-05-09 13:10:19,739 - INFO - Train:6 - Approximate time left: 3 hours, 49 minutes
2024-05-09 13:10:34,171 - INFO - Train:6 - Epoch 366/1500 completed in 12.26 seconds.
2024-05-09 13:10:34,172 - INFO - Train:6 - Approximate time left: 3 hours, 48 minutes
2024-05-09 13:10:48,741 - INFO - Train:6 - Epoch 367/1500 completed in 12.39 seconds.
2024-05-09 13:10:48,741 - INFO - Train:6 - Approximate time left: 3 hours, 48 minutes
2024-05-09 13:11:02,707 - INFO - Train:6 - Epoch 368/1500 completed in 11.78 seconds.
2024-05-09 13:11:02,707 - INFO - Train:6 - Approximate time left: 3 hours, 48 minutes
2024-05-09 13:11:16,916 - INFO - Train:6 - Epoch 369/1500 completed in 12.06 seconds.
2024-05-09 13:11:16,916 - INFO - Train:6 - Approximate time left: 3 hours, 48 minutes
2024-05-09 13:11:30,832 - INFO - Train:6 - Epoch 370/1500 completed in 11.74 seconds.
2024-05-09 13:11:30,832 - INFO - Train:6 - Approximate time left: 3 hours, 48 minutes
2024-05-09 13:11:45,633 - INFO - Train:6 - Epoch 371/1500 completed in 12.65 seconds.
2024-05-09 13:11:45,634 - INFO - Train:6 - Approximate time left: 3 hours, 47 minutes
2024-05-09 13:12:00,196 - INFO - Train:6 - Epoch 372/1500 completed in 12.38 seconds.
2024-05-09 13:12:00,197 - INFO - Train:6 - Approximate time left: 3 hours, 47 minutes
2024-05-09 13:12:14,318 - INFO - Train:6 - Epoch 373/1500 completed in 11.92 seconds.
2024-05-09 13:12:14,318 - INFO - Train:6 - Approximate time left: 3 hours, 47 minutes
2024-05-09 13:12:28,432 - INFO - Train:6 - Epoch 374/1500 completed in 11.97 seconds.
2024-05-09 13:12:28,432 - INFO - Train:6 - Approximate time left: 3 hours, 47 minutes
2024-05-09 13:12:42,483 - INFO - Train:6 - Epoch 375/1500 completed in 11.90 seconds.
2024-05-09 13:12:42,483 - INFO - Train:6 - Approximate time left: 3 hours, 47 minutes
2024-05-09 13:12:56,496 - INFO - Train:6 - Epoch 376/1500 completed in 11.86 seconds.
2024-05-09 13:12:56,496 - INFO - Train:6 - Approximate time left: 3 hours, 46 minutes
2024-05-09 13:13:11,004 - INFO - Train:6 - Epoch 377/1500 completed in 12.33 seconds.
2024-05-09 13:13:11,004 - INFO - Train:6 - Approximate time left: 3 hours, 46 minutes
2024-05-09 13:13:24,940 - INFO - Train:6 - Epoch 378/1500 completed in 11.83 seconds.
2024-05-09 13:13:24,940 - INFO - Train:6 - Approximate time left: 3 hours, 46 minutes
2024-05-09 13:13:38,968 - INFO - Train:6 - Epoch 379/1500 completed in 11.87 seconds.
2024-05-09 13:13:38,968 - INFO - Train:6 - Approximate time left: 3 hours, 46 minutes
2024-05-09 13:13:52,909 - INFO - Train:6 - Epoch 380/1500 completed in 11.82 seconds.
2024-05-09 13:13:52,909 - INFO - Train:6 - Approximate time left: 3 hours, 46 minutes
2024-05-09 13:14:07,196 - INFO - Train:6 - Epoch 381/1500 completed in 12.17 seconds.
2024-05-09 13:14:07,196 - INFO - Train:6 - Approximate time left: 3 hours, 45 minutes
2024-05-09 13:14:21,035 - INFO - Train:6 - Epoch 382/1500 completed in 11.71 seconds.
2024-05-09 13:14:21,035 - INFO - Train:6 - Approximate time left: 3 hours, 45 minutes
2024-05-09 13:14:35,159 - INFO - Train:6 - Epoch 383/1500 completed in 12.05 seconds.
2024-05-09 13:14:35,159 - INFO - Train:6 - Approximate time left: 3 hours, 45 minutes
2024-05-09 13:14:48,606 - INFO - Train:6 - Epoch 384/1500 completed in 11.28 seconds.
2024-05-09 13:14:48,606 - INFO - Train:6 - Approximate time left: 3 hours, 45 minutes
2024-05-09 13:15:02,422 - INFO - Train:6 - Epoch 385/1500 completed in 11.68 seconds.
2024-05-09 13:15:02,422 - INFO - Train:6 - Approximate time left: 3 hours, 44 minutes
2024-05-09 13:15:16,026 - INFO - Train:6 - Epoch 386/1500 completed in 11.48 seconds.
2024-05-09 13:15:16,026 - INFO - Train:6 - Approximate time left: 3 hours, 44 minutes
2024-05-09 13:15:29,999 - INFO - Train:6 - Epoch 387/1500 completed in 11.89 seconds.
2024-05-09 13:15:29,999 - INFO - Train:6 - Approximate time left: 3 hours, 44 minutes
2024-05-09 13:15:44,073 - INFO - Train:6 - Epoch 388/1500 completed in 11.98 seconds.
2024-05-09 13:15:44,073 - INFO - Train:6 - Approximate time left: 3 hours, 44 minutes
2024-05-09 13:15:58,310 - INFO - Train:6 - Epoch 389/1500 completed in 12.11 seconds.
2024-05-09 13:15:58,311 - INFO - Train:6 - Approximate time left: 3 hours, 44 minutes
2024-05-09 13:16:13,139 - INFO - Train:6 - Epoch 390/1500 completed in 12.38 seconds.
2024-05-09 13:16:13,139 - INFO - Train:6 - Approximate time left: 3 hours, 43 minutes
2024-05-09 13:16:27,335 - INFO - Train:6 - Epoch 391/1500 completed in 12.09 seconds.
2024-05-09 13:16:27,335 - INFO - Train:6 - Approximate time left: 3 hours, 43 minutes
2024-05-09 13:16:41,556 - INFO - Train:6 - Epoch 392/1500 completed in 12.09 seconds.
2024-05-09 13:16:41,556 - INFO - Train:6 - Approximate time left: 3 hours, 43 minutes
2024-05-09 13:16:56,438 - INFO - Train:6 - Epoch 393/1500 completed in 12.76 seconds.
2024-05-09 13:16:56,439 - INFO - Train:6 - Approximate time left: 3 hours, 43 minutes
2024-05-09 13:17:10,658 - INFO - Train:6 - Epoch 394/1500 completed in 12.11 seconds.
2024-05-09 13:17:10,658 - INFO - Train:6 - Approximate time left: 3 hours, 43 minutes
2024-05-09 13:17:24,721 - INFO - Train:6 - Epoch 395/1500 completed in 12.02 seconds.
2024-05-09 13:17:24,722 - INFO - Train:6 - Approximate time left: 3 hours, 42 minutes
2024-05-09 13:17:38,915 - INFO - Train:6 - Epoch 396/1500 completed in 12.06 seconds.
2024-05-09 13:17:38,915 - INFO - Train:6 - Approximate time left: 3 hours, 42 minutes
2024-05-09 13:17:53,110 - INFO - Train:6 - Epoch 397/1500 completed in 12.07 seconds.
2024-05-09 13:17:53,110 - INFO - Train:6 - Approximate time left: 3 hours, 42 minutes
2024-05-09 13:18:07,389 - INFO - Train:6 - Epoch 398/1500 completed in 12.16 seconds.
2024-05-09 13:18:07,389 - INFO - Train:6 - Approximate time left: 3 hours, 42 minutes
2024-05-09 13:18:21,542 - INFO - Train:6 - Epoch 399/1500 completed in 12.06 seconds.
2024-05-09 13:18:21,542 - INFO - Train:6 - Approximate time left: 3 hours, 42 minutes
2024-05-09 13:18:35,729 - INFO - Train:6 - Epoch 400/1500 completed in 11.71 seconds.
2024-05-09 13:18:35,729 - INFO - Train:6 - Approximate time left: 3 hours, 41 minutes
2024-05-09 13:18:50,286 - ERROR - Train:6 - Error saving checkpoint: join() argument must be str, bytes, or os.PathLike object, not 'NoneType'
Traceback (most recent call last):
  File "/data/Pein/Pytorch/Ascend-NPU-Parallel-Training/1-src/trainer.py", line 538, in save_checkpoint
    save_checkpoint_folder = os.path.join(
  File "/root/miniconda3/envs/Pein38/lib/python3.8/posixpath.py", line 90, in join
    genericpath._check_arg_types('join', a, *p)
  File "/root/miniconda3/envs/Pein38/lib/python3.8/genericpath.py", line 152, in _check_arg_types
    raise TypeError(f'{funcname}() argument must be str, bytes, or '
TypeError: join() argument must be str, bytes, or os.PathLike object, not 'NoneType'
2024-05-09 13:18:50,286 - INFO - Train:6 - Epoch 401/1500 completed in 12.39 seconds.
2024-05-09 13:18:50,286 - INFO - Train:6 - Approximate time left: 3 hours, 41 minutes
2024-05-09 13:19:04,826 - INFO - Train:6 - Epoch 402/1500 completed in 11.99 seconds.
2024-05-09 13:19:04,826 - INFO - Train:6 - Approximate time left: 3 hours, 41 minutes
2024-05-09 13:19:19,424 - INFO - Train:6 - Epoch 403/1500 completed in 12.49 seconds.
2024-05-09 13:19:19,424 - INFO - Train:6 - Approximate time left: 3 hours, 41 minutes
2024-05-09 13:19:33,445 - INFO - Train:6 - Epoch 404/1500 completed in 11.92 seconds.
2024-05-09 13:19:33,445 - INFO - Train:6 - Approximate time left: 3 hours, 41 minutes
2024-05-09 13:19:47,641 - INFO - Train:6 - Epoch 405/1500 completed in 12.01 seconds.
2024-05-09 13:19:47,641 - INFO - Train:6 - Approximate time left: 3 hours, 40 minutes
2024-05-09 13:20:01,534 - INFO - Train:6 - Epoch 406/1500 completed in 11.70 seconds.
2024-05-09 13:20:01,534 - INFO - Train:6 - Approximate time left: 3 hours, 40 minutes
2024-05-09 13:20:15,712 - INFO - Train:6 - Epoch 407/1500 completed in 12.02 seconds.
2024-05-09 13:20:15,712 - INFO - Train:6 - Approximate time left: 3 hours, 40 minutes
2024-05-09 13:20:29,269 - INFO - Train:6 - Epoch 408/1500 completed in 11.40 seconds.
2024-05-09 13:20:29,270 - INFO - Train:6 - Approximate time left: 3 hours, 40 minutes
2024-05-09 13:20:43,486 - INFO - Train:6 - Epoch 409/1500 completed in 12.05 seconds.
2024-05-09 13:20:43,487 - INFO - Train:6 - Approximate time left: 3 hours, 40 minutes
2024-05-09 13:20:56,881 - INFO - Train:6 - Epoch 410/1500 completed in 11.32 seconds.
2024-05-09 13:20:56,881 - INFO - Train:6 - Approximate time left: 3 hours, 39 minutes
2024-05-09 13:21:10,123 - INFO - Train:6 - Epoch 411/1500 completed in 11.08 seconds.
2024-05-09 13:21:10,123 - INFO - Train:6 - Approximate time left: 3 hours, 39 minutes
2024-05-09 13:21:23,382 - INFO - Train:6 - Epoch 412/1500 completed in 11.15 seconds.
2024-05-09 13:21:23,383 - INFO - Train:6 - Approximate time left: 3 hours, 39 minutes
2024-05-09 13:21:36,779 - INFO - Train:6 - Epoch 413/1500 completed in 11.29 seconds.
2024-05-09 13:21:36,779 - INFO - Train:6 - Approximate time left: 3 hours, 39 minutes
2024-05-09 13:21:50,361 - INFO - Train:6 - Epoch 414/1500 completed in 11.47 seconds.
2024-05-09 13:21:50,362 - INFO - Train:6 - Approximate time left: 3 hours, 38 minutes
2024-05-09 13:22:04,060 - INFO - Train:6 - Epoch 415/1500 completed in 11.61 seconds.
2024-05-09 13:22:04,061 - INFO - Train:6 - Approximate time left: 3 hours, 38 minutes
2024-05-09 13:22:18,591 - INFO - Train:6 - Epoch 416/1500 completed in 12.40 seconds.
2024-05-09 13:22:18,591 - INFO - Train:6 - Approximate time left: 3 hours, 38 minutes
2024-05-09 13:22:33,203 - INFO - Train:6 - Epoch 417/1500 completed in 12.48 seconds.
2024-05-09 13:22:33,203 - INFO - Train:6 - Approximate time left: 3 hours, 38 minutes
2024-05-09 13:22:46,811 - INFO - Train:6 - Epoch 418/1500 completed in 11.48 seconds.
2024-05-09 13:22:46,812 - INFO - Train:6 - Approximate time left: 3 hours, 38 minutes
2024-05-09 13:23:00,781 - INFO - Train:6 - Epoch 419/1500 completed in 11.83 seconds.
2024-05-09 13:23:00,781 - INFO - Train:6 - Approximate time left: 3 hours, 37 minutes
2024-05-09 13:23:14,371 - INFO - Train:6 - Epoch 420/1500 completed in 11.51 seconds.
2024-05-09 13:23:14,372 - INFO - Train:6 - Approximate time left: 3 hours, 37 minutes
2024-05-09 13:23:27,828 - INFO - Train:6 - Epoch 421/1500 completed in 11.34 seconds.
2024-05-09 13:23:27,828 - INFO - Train:6 - Approximate time left: 3 hours, 37 minutes
2024-05-09 13:23:42,019 - INFO - Train:6 - Epoch 422/1500 completed in 12.00 seconds.
2024-05-09 13:23:42,019 - INFO - Train:6 - Approximate time left: 3 hours, 37 minutes
2024-05-09 13:23:56,192 - INFO - Train:6 - Epoch 423/1500 completed in 11.99 seconds.
2024-05-09 13:23:56,192 - INFO - Train:6 - Approximate time left: 3 hours, 36 minutes
2024-05-09 13:24:10,213 - INFO - Train:6 - Epoch 424/1500 completed in 11.84 seconds.
2024-05-09 13:24:10,213 - INFO - Train:6 - Approximate time left: 3 hours, 36 minutes
2024-05-09 13:24:24,276 - INFO - Train:6 - Epoch 425/1500 completed in 11.96 seconds.
2024-05-09 13:24:24,276 - INFO - Train:6 - Approximate time left: 3 hours, 36 minutes
2024-05-09 13:24:38,439 - INFO - Train:6 - Epoch 426/1500 completed in 12.03 seconds.
2024-05-09 13:24:38,440 - INFO - Train:6 - Approximate time left: 3 hours, 36 minutes
2024-05-09 13:24:52,642 - INFO - Train:6 - Epoch 427/1500 completed in 12.01 seconds.
2024-05-09 13:24:52,642 - INFO - Train:6 - Approximate time left: 3 hours, 36 minutes
2024-05-09 13:25:06,819 - INFO - Train:6 - Epoch 428/1500 completed in 12.05 seconds.
2024-05-09 13:25:06,820 - INFO - Train:6 - Approximate time left: 3 hours, 35 minutes
2024-05-09 13:25:21,412 - INFO - Train:6 - Epoch 429/1500 completed in 12.16 seconds.
2024-05-09 13:25:21,413 - INFO - Train:6 - Approximate time left: 3 hours, 35 minutes
2024-05-09 13:25:35,658 - INFO - Train:6 - Epoch 430/1500 completed in 12.14 seconds.
2024-05-09 13:25:35,658 - INFO - Train:6 - Approximate time left: 3 hours, 35 minutes
2024-05-09 13:25:49,676 - INFO - Train:6 - Epoch 431/1500 completed in 11.90 seconds.
2024-05-09 13:25:49,676 - INFO - Train:6 - Approximate time left: 3 hours, 35 minutes
2024-05-09 13:26:03,800 - INFO - Train:6 - Epoch 432/1500 completed in 12.01 seconds.
2024-05-09 13:26:03,800 - INFO - Train:6 - Approximate time left: 3 hours, 35 minutes
2024-05-09 13:26:17,988 - INFO - Train:6 - Epoch 433/1500 completed in 12.07 seconds.
2024-05-09 13:26:17,988 - INFO - Train:6 - Approximate time left: 3 hours, 34 minutes
2024-05-09 13:26:32,026 - INFO - Train:6 - Epoch 434/1500 completed in 11.97 seconds.
2024-05-09 13:26:32,026 - INFO - Train:6 - Approximate time left: 3 hours, 34 minutes
2024-05-09 13:26:46,141 - INFO - Train:6 - Epoch 435/1500 completed in 12.02 seconds.
2024-05-09 13:26:46,141 - INFO - Train:6 - Approximate time left: 3 hours, 34 minutes
2024-05-09 13:27:00,233 - INFO - Train:6 - Epoch 436/1500 completed in 12.01 seconds.
2024-05-09 13:27:00,233 - INFO - Train:6 - Approximate time left: 3 hours, 34 minutes
2024-05-09 13:27:14,271 - INFO - Train:6 - Epoch 437/1500 completed in 11.91 seconds.
2024-05-09 13:27:14,271 - INFO - Train:6 - Approximate time left: 3 hours, 34 minutes
2024-05-09 13:27:28,206 - INFO - Train:6 - Epoch 438/1500 completed in 11.82 seconds.
2024-05-09 13:27:28,207 - INFO - Train:6 - Approximate time left: 3 hours, 33 minutes
2024-05-09 13:27:42,308 - INFO - Train:6 - Epoch 439/1500 completed in 11.96 seconds.
2024-05-09 13:27:42,308 - INFO - Train:6 - Approximate time left: 3 hours, 33 minutes
2024-05-09 13:27:56,802 - INFO - Train:6 - Epoch 440/1500 completed in 12.30 seconds.
2024-05-09 13:27:56,802 - INFO - Train:6 - Approximate time left: 3 hours, 33 minutes
2024-05-09 13:28:11,187 - INFO - Train:6 - Epoch 441/1500 completed in 12.21 seconds.
2024-05-09 13:28:11,188 - INFO - Train:6 - Approximate time left: 3 hours, 33 minutes
2024-05-09 13:28:25,162 - INFO - Train:6 - Epoch 442/1500 completed in 11.79 seconds.
2024-05-09 13:28:25,163 - INFO - Train:6 - Approximate time left: 3 hours, 33 minutes
2024-05-09 13:28:39,517 - INFO - Train:6 - Epoch 443/1500 completed in 12.18 seconds.
2024-05-09 13:28:39,517 - INFO - Train:6 - Approximate time left: 3 hours, 32 minutes
2024-05-09 13:28:53,734 - INFO - Train:6 - Epoch 444/1500 completed in 12.03 seconds.
2024-05-09 13:28:53,734 - INFO - Train:6 - Approximate time left: 3 hours, 32 minutes
2024-05-09 13:29:07,511 - INFO - Train:6 - Epoch 445/1500 completed in 11.63 seconds.
2024-05-09 13:29:07,511 - INFO - Train:6 - Approximate time left: 3 hours, 32 minutes
2024-05-09 13:29:21,422 - INFO - Train:6 - Epoch 446/1500 completed in 11.82 seconds.
2024-05-09 13:29:21,422 - INFO - Train:6 - Approximate time left: 3 hours, 32 minutes
2024-05-09 13:29:35,493 - INFO - Train:6 - Epoch 447/1500 completed in 11.92 seconds.
2024-05-09 13:29:35,494 - INFO - Train:6 - Approximate time left: 3 hours, 32 minutes
2024-05-09 13:29:49,527 - INFO - Train:6 - Epoch 448/1500 completed in 11.88 seconds.
2024-05-09 13:29:49,527 - INFO - Train:6 - Approximate time left: 3 hours, 31 minutes
2024-05-09 13:30:03,660 - INFO - Train:6 - Epoch 449/1500 completed in 12.01 seconds.
2024-05-09 13:30:03,660 - INFO - Train:6 - Approximate time left: 3 hours, 31 minutes
2024-05-09 13:30:17,825 - INFO - Train:6 - Epoch 450/1500 completed in 12.02 seconds.
2024-05-09 13:30:17,825 - INFO - Train:6 - Approximate time left: 3 hours, 31 minutes
2024-05-09 13:30:31,996 - INFO - Train:6 - Epoch 451/1500 completed in 12.04 seconds.
2024-05-09 13:30:31,996 - INFO - Train:6 - Approximate time left: 3 hours, 31 minutes
2024-05-09 13:30:46,100 - INFO - Train:6 - Epoch 452/1500 completed in 12.02 seconds.
2024-05-09 13:30:46,101 - INFO - Train:6 - Approximate time left: 3 hours, 30 minutes
2024-05-09 13:31:00,233 - INFO - Train:6 - Epoch 453/1500 completed in 12.04 seconds.
2024-05-09 13:31:00,233 - INFO - Train:6 - Approximate time left: 3 hours, 30 minutes
2024-05-09 13:31:13,741 - INFO - Train:6 - Epoch 454/1500 completed in 11.41 seconds.
2024-05-09 13:31:13,741 - INFO - Train:6 - Approximate time left: 3 hours, 30 minutes
2024-05-09 13:31:27,849 - INFO - Train:6 - Epoch 455/1500 completed in 11.97 seconds.
2024-05-09 13:31:27,849 - INFO - Train:6 - Approximate time left: 3 hours, 30 minutes
2024-05-09 13:31:41,967 - INFO - Train:6 - Epoch 456/1500 completed in 12.00 seconds.
2024-05-09 13:31:41,968 - INFO - Train:6 - Approximate time left: 3 hours, 30 minutes
2024-05-09 13:31:56,700 - INFO - Train:6 - Epoch 457/1500 completed in 12.59 seconds.
2024-05-09 13:31:56,700 - INFO - Train:6 - Approximate time left: 3 hours, 29 minutes
2024-05-09 13:32:10,608 - INFO - Train:6 - Epoch 458/1500 completed in 11.77 seconds.
2024-05-09 13:32:10,609 - INFO - Train:6 - Approximate time left: 3 hours, 29 minutes
2024-05-09 13:32:24,847 - INFO - Train:6 - Epoch 459/1500 completed in 12.13 seconds.
2024-05-09 13:32:24,847 - INFO - Train:6 - Approximate time left: 3 hours, 29 minutes
2024-05-09 13:32:39,141 - INFO - Train:6 - Epoch 460/1500 completed in 12.21 seconds.
2024-05-09 13:32:39,142 - INFO - Train:6 - Approximate time left: 3 hours, 29 minutes
2024-05-09 13:32:52,606 - INFO - Train:6 - Epoch 461/1500 completed in 11.36 seconds.
2024-05-09 13:32:52,606 - INFO - Train:6 - Approximate time left: 3 hours, 29 minutes
2024-05-09 13:33:06,405 - INFO - Train:6 - Epoch 462/1500 completed in 11.66 seconds.
2024-05-09 13:33:06,405 - INFO - Train:6 - Approximate time left: 3 hours, 28 minutes
2024-05-09 13:33:20,507 - INFO - Train:6 - Epoch 463/1500 completed in 11.94 seconds.
2024-05-09 13:33:20,507 - INFO - Train:6 - Approximate time left: 3 hours, 28 minutes
2024-05-09 13:33:34,651 - INFO - Train:6 - Epoch 464/1500 completed in 11.96 seconds.
2024-05-09 13:33:34,651 - INFO - Train:6 - Approximate time left: 3 hours, 28 minutes
2024-05-09 13:33:48,757 - INFO - Train:6 - Epoch 465/1500 completed in 11.95 seconds.
2024-05-09 13:33:48,757 - INFO - Train:6 - Approximate time left: 3 hours, 28 minutes
2024-05-09 13:34:02,456 - INFO - Train:6 - Epoch 466/1500 completed in 11.51 seconds.
2024-05-09 13:34:02,456 - INFO - Train:6 - Approximate time left: 3 hours, 28 minutes
2024-05-09 13:34:15,857 - INFO - Train:6 - Epoch 467/1500 completed in 11.30 seconds.
2024-05-09 13:34:15,858 - INFO - Train:6 - Approximate time left: 3 hours, 27 minutes
2024-05-09 13:34:29,664 - INFO - Train:6 - Epoch 468/1500 completed in 11.71 seconds.
2024-05-09 13:34:29,664 - INFO - Train:6 - Approximate time left: 3 hours, 27 minutes
2024-05-09 13:34:43,813 - INFO - Train:6 - Epoch 469/1500 completed in 11.97 seconds.
2024-05-09 13:34:43,813 - INFO - Train:6 - Approximate time left: 3 hours, 27 minutes
2024-05-09 13:34:57,980 - INFO - Train:6 - Epoch 470/1500 completed in 12.00 seconds.
2024-05-09 13:34:57,980 - INFO - Train:6 - Approximate time left: 3 hours, 27 minutes
2024-05-09 13:35:12,119 - INFO - Train:6 - Epoch 471/1500 completed in 11.95 seconds.
2024-05-09 13:35:12,119 - INFO - Train:6 - Approximate time left: 3 hours, 27 minutes
2024-05-09 13:35:26,371 - INFO - Train:6 - Epoch 472/1500 completed in 12.03 seconds.
2024-05-09 13:35:26,371 - INFO - Train:6 - Approximate time left: 3 hours, 26 minutes
2024-05-09 13:35:40,643 - INFO - Train:6 - Epoch 473/1500 completed in 12.10 seconds.
2024-05-09 13:35:40,643 - INFO - Train:6 - Approximate time left: 3 hours, 26 minutes
2024-05-09 13:35:54,916 - INFO - Train:6 - Epoch 474/1500 completed in 12.06 seconds.
2024-05-09 13:35:54,916 - INFO - Train:6 - Approximate time left: 3 hours, 26 minutes
2024-05-09 13:36:09,118 - INFO - Train:6 - Epoch 475/1500 completed in 12.03 seconds.
2024-05-09 13:36:09,118 - INFO - Train:6 - Approximate time left: 3 hours, 26 minutes
2024-05-09 13:36:23,343 - INFO - Train:6 - Epoch 476/1500 completed in 12.13 seconds.
2024-05-09 13:36:23,343 - INFO - Train:6 - Approximate time left: 3 hours, 26 minutes
2024-05-09 13:36:37,749 - INFO - Train:6 - Epoch 477/1500 completed in 12.28 seconds.
2024-05-09 13:36:37,749 - INFO - Train:6 - Approximate time left: 3 hours, 25 minutes
2024-05-09 13:36:51,359 - INFO - Train:6 - Epoch 478/1500 completed in 11.50 seconds.
2024-05-09 13:36:51,360 - INFO - Train:6 - Approximate time left: 3 hours, 25 minutes
2024-05-09 13:37:05,517 - INFO - Train:6 - Epoch 479/1500 completed in 12.05 seconds.
2024-05-09 13:37:05,517 - INFO - Train:6 - Approximate time left: 3 hours, 25 minutes
2024-05-09 13:37:19,662 - INFO - Train:6 - Epoch 480/1500 completed in 12.03 seconds.
2024-05-09 13:37:19,663 - INFO - Train:6 - Approximate time left: 3 hours, 25 minutes
2024-05-09 13:37:32,979 - INFO - Train:6 - Epoch 481/1500 completed in 11.22 seconds.
2024-05-09 13:37:32,980 - INFO - Train:6 - Approximate time left: 3 hours, 24 minutes
2024-05-09 13:37:46,292 - INFO - Train:6 - Epoch 482/1500 completed in 11.22 seconds.
2024-05-09 13:37:46,292 - INFO - Train:6 - Approximate time left: 3 hours, 24 minutes
2024-05-09 13:38:00,171 - INFO - Train:6 - Epoch 483/1500 completed in 11.77 seconds.
2024-05-09 13:38:00,171 - INFO - Train:6 - Approximate time left: 3 hours, 24 minutes
2024-05-09 13:38:14,100 - INFO - Train:6 - Epoch 484/1500 completed in 11.76 seconds.
2024-05-09 13:38:14,100 - INFO - Train:6 - Approximate time left: 3 hours, 24 minutes
2024-05-09 13:38:28,169 - INFO - Train:6 - Epoch 485/1500 completed in 11.94 seconds.
2024-05-09 13:38:28,169 - INFO - Train:6 - Approximate time left: 3 hours, 24 minutes
2024-05-09 13:38:42,266 - INFO - Train:6 - Epoch 486/1500 completed in 11.95 seconds.
2024-05-09 13:38:42,266 - INFO - Train:6 - Approximate time left: 3 hours, 23 minutes
2024-05-09 13:38:56,351 - INFO - Train:6 - Epoch 487/1500 completed in 12.01 seconds.
2024-05-09 13:38:56,351 - INFO - Train:6 - Approximate time left: 3 hours, 23 minutes
2024-05-09 13:39:10,437 - INFO - Train:6 - Epoch 488/1500 completed in 11.96 seconds.
2024-05-09 13:39:10,437 - INFO - Train:6 - Approximate time left: 3 hours, 23 minutes
2024-05-09 13:39:24,615 - INFO - Train:6 - Epoch 489/1500 completed in 12.08 seconds.
2024-05-09 13:39:24,616 - INFO - Train:6 - Approximate time left: 3 hours, 23 minutes
2024-05-09 13:39:38,855 - INFO - Train:6 - Epoch 490/1500 completed in 12.13 seconds.
2024-05-09 13:39:38,855 - INFO - Train:6 - Approximate time left: 3 hours, 23 minutes
2024-05-09 13:39:53,109 - INFO - Train:6 - Epoch 491/1500 completed in 12.16 seconds.
2024-05-09 13:39:53,110 - INFO - Train:6 - Approximate time left: 3 hours, 22 minutes
2024-05-09 13:40:06,311 - INFO - Train:6 - Epoch 492/1500 completed in 11.10 seconds.
2024-05-09 13:40:06,311 - INFO - Train:6 - Approximate time left: 3 hours, 22 minutes
2024-05-09 13:40:19,887 - INFO - Train:6 - Epoch 493/1500 completed in 11.45 seconds.
2024-05-09 13:40:19,887 - INFO - Train:6 - Approximate time left: 3 hours, 22 minutes
2024-05-09 13:40:33,148 - INFO - Train:6 - Epoch 494/1500 completed in 11.17 seconds.
2024-05-09 13:40:33,148 - INFO - Train:6 - Approximate time left: 3 hours, 22 minutes
2024-05-09 13:40:47,537 - INFO - Train:6 - Epoch 495/1500 completed in 12.25 seconds.
2024-05-09 13:40:47,538 - INFO - Train:6 - Approximate time left: 3 hours, 22 minutes
2024-05-09 13:41:01,748 - INFO - Train:6 - Epoch 496/1500 completed in 12.11 seconds.
2024-05-09 13:41:01,748 - INFO - Train:6 - Approximate time left: 3 hours, 21 minutes
2024-05-09 13:41:16,077 - INFO - Train:6 - Epoch 497/1500 completed in 12.24 seconds.
2024-05-09 13:41:16,077 - INFO - Train:6 - Approximate time left: 3 hours, 21 minutes
2024-05-09 13:41:30,339 - INFO - Train:6 - Epoch 498/1500 completed in 11.80 seconds.
2024-05-09 13:41:30,340 - INFO - Train:6 - Approximate time left: 3 hours, 21 minutes
2024-05-09 13:41:44,555 - INFO - Train:6 - Epoch 499/1500 completed in 12.11 seconds.
2024-05-09 13:41:44,555 - INFO - Train:6 - Approximate time left: 3 hours, 21 minutes
2024-05-09 13:41:58,359 - INFO - Train:6 - Epoch 500/1500 completed in 11.69 seconds.
2024-05-09 13:41:58,359 - INFO - Train:6 - Approximate time left: 3 hours, 20 minutes
2024-05-09 13:42:12,006 - INFO - Train:6 - Epoch 501/1500 completed in 11.53 seconds.
2024-05-09 13:42:12,006 - INFO - Train:6 - Approximate time left: 3 hours, 20 minutes
2024-05-09 13:42:25,683 - INFO - Train:6 - Epoch 502/1500 completed in 11.61 seconds.
2024-05-09 13:42:25,684 - INFO - Train:6 - Approximate time left: 3 hours, 20 minutes
2024-05-09 13:42:39,559 - INFO - Train:6 - Epoch 503/1500 completed in 11.49 seconds.
2024-05-09 13:42:39,560 - INFO - Train:6 - Approximate time left: 3 hours, 20 minutes
2024-05-09 13:42:53,212 - INFO - Train:6 - Epoch 504/1500 completed in 11.53 seconds.
2024-05-09 13:42:53,212 - INFO - Train:6 - Approximate time left: 3 hours, 20 minutes
2024-05-09 13:43:06,865 - INFO - Train:6 - Epoch 505/1500 completed in 11.55 seconds.
2024-05-09 13:43:06,865 - INFO - Train:6 - Approximate time left: 3 hours, 19 minutes
2024-05-09 13:43:20,698 - INFO - Train:6 - Epoch 506/1500 completed in 11.72 seconds.
2024-05-09 13:43:20,698 - INFO - Train:6 - Approximate time left: 3 hours, 19 minutes
2024-05-09 13:43:34,717 - INFO - Train:6 - Epoch 507/1500 completed in 11.96 seconds.
2024-05-09 13:43:34,718 - INFO - Train:6 - Approximate time left: 3 hours, 19 minutes
2024-05-09 13:43:48,816 - INFO - Train:6 - Epoch 508/1500 completed in 11.98 seconds.
2024-05-09 13:43:48,817 - INFO - Train:6 - Approximate time left: 3 hours, 19 minutes
2024-05-09 13:44:02,833 - INFO - Train:6 - Epoch 509/1500 completed in 11.91 seconds.
2024-05-09 13:44:02,834 - INFO - Train:6 - Approximate time left: 3 hours, 19 minutes
2024-05-09 13:44:16,817 - INFO - Train:6 - Epoch 510/1500 completed in 11.89 seconds.
2024-05-09 13:44:16,818 - INFO - Train:6 - Approximate time left: 3 hours, 18 minutes
2024-05-09 13:44:30,491 - INFO - Train:6 - Epoch 511/1500 completed in 11.55 seconds.
2024-05-09 13:44:30,492 - INFO - Train:6 - Approximate time left: 3 hours, 18 minutes
2024-05-09 13:44:44,124 - INFO - Train:6 - Epoch 512/1500 completed in 11.53 seconds.
2024-05-09 13:44:44,124 - INFO - Train:6 - Approximate time left: 3 hours, 18 minutes
2024-05-09 13:44:58,530 - INFO - Train:6 - Epoch 513/1500 completed in 12.27 seconds.
2024-05-09 13:44:58,530 - INFO - Train:6 - Approximate time left: 3 hours, 18 minutes
2024-05-09 13:45:12,536 - INFO - Train:6 - Epoch 514/1500 completed in 11.88 seconds.
2024-05-09 13:45:12,536 - INFO - Train:6 - Approximate time left: 3 hours, 18 minutes
2024-05-09 13:45:26,725 - INFO - Train:6 - Epoch 515/1500 completed in 12.07 seconds.
2024-05-09 13:45:26,725 - INFO - Train:6 - Approximate time left: 3 hours, 17 minutes
2024-05-09 13:45:40,801 - INFO - Train:6 - Epoch 516/1500 completed in 11.94 seconds.
2024-05-09 13:45:40,801 - INFO - Train:6 - Approximate time left: 3 hours, 17 minutes
2024-05-09 13:45:54,658 - INFO - Train:6 - Epoch 517/1500 completed in 11.75 seconds.
2024-05-09 13:45:54,658 - INFO - Train:6 - Approximate time left: 3 hours, 17 minutes
2024-05-09 13:46:08,824 - INFO - Train:6 - Epoch 518/1500 completed in 12.07 seconds.
2024-05-09 13:46:08,824 - INFO - Train:6 - Approximate time left: 3 hours, 17 minutes
2024-05-09 13:46:22,622 - INFO - Train:6 - Epoch 519/1500 completed in 11.71 seconds.
2024-05-09 13:46:22,623 - INFO - Train:6 - Approximate time left: 3 hours, 17 minutes
2024-05-09 13:46:36,430 - INFO - Train:6 - Epoch 520/1500 completed in 11.69 seconds.
2024-05-09 13:46:36,431 - INFO - Train:6 - Approximate time left: 3 hours, 16 minutes
2024-05-09 13:46:49,792 - INFO - Train:6 - Epoch 521/1500 completed in 11.27 seconds.
2024-05-09 13:46:49,793 - INFO - Train:6 - Approximate time left: 3 hours, 16 minutes
2024-05-09 13:47:03,320 - INFO - Train:6 - Epoch 522/1500 completed in 11.41 seconds.
2024-05-09 13:47:03,320 - INFO - Train:6 - Approximate time left: 3 hours, 16 minutes
2024-05-09 13:47:17,392 - INFO - Train:6 - Epoch 523/1500 completed in 11.92 seconds.
2024-05-09 13:47:17,392 - INFO - Train:6 - Approximate time left: 3 hours, 16 minutes
2024-05-09 13:47:31,484 - INFO - Train:6 - Epoch 524/1500 completed in 11.95 seconds.
2024-05-09 13:47:31,484 - INFO - Train:6 - Approximate time left: 3 hours, 15 minutes
2024-05-09 13:47:45,412 - INFO - Train:6 - Epoch 525/1500 completed in 11.80 seconds.
2024-05-09 13:47:45,412 - INFO - Train:6 - Approximate time left: 3 hours, 15 minutes
2024-05-09 13:47:59,556 - INFO - Train:6 - Epoch 526/1500 completed in 12.01 seconds.
2024-05-09 13:47:59,556 - INFO - Train:6 - Approximate time left: 3 hours, 15 minutes
2024-05-09 13:48:13,571 - INFO - Train:6 - Epoch 527/1500 completed in 11.89 seconds.
2024-05-09 13:48:13,572 - INFO - Train:6 - Approximate time left: 3 hours, 15 minutes
2024-05-09 13:48:27,836 - INFO - Train:6 - Epoch 528/1500 completed in 12.17 seconds.
2024-05-09 13:48:27,837 - INFO - Train:6 - Approximate time left: 3 hours, 15 minutes
2024-05-09 13:48:41,769 - INFO - Train:6 - Epoch 529/1500 completed in 11.82 seconds.
2024-05-09 13:48:41,770 - INFO - Train:6 - Approximate time left: 3 hours, 14 minutes
2024-05-09 13:48:56,258 - INFO - Train:6 - Epoch 530/1500 completed in 12.03 seconds.
2024-05-09 13:48:56,258 - INFO - Train:6 - Approximate time left: 3 hours, 14 minutes
2024-05-09 13:49:10,640 - INFO - Train:6 - Epoch 531/1500 completed in 12.25 seconds.
2024-05-09 13:49:10,640 - INFO - Train:6 - Approximate time left: 3 hours, 14 minutes
2024-05-09 13:49:24,934 - INFO - Train:6 - Epoch 532/1500 completed in 12.17 seconds.
2024-05-09 13:49:24,934 - INFO - Train:6 - Approximate time left: 3 hours, 14 minutes
2024-05-09 13:49:39,205 - INFO - Train:6 - Epoch 533/1500 completed in 12.16 seconds.
2024-05-09 13:49:39,205 - INFO - Train:6 - Approximate time left: 3 hours, 14 minutes
2024-05-09 13:49:53,310 - INFO - Train:6 - Epoch 534/1500 completed in 11.97 seconds.
2024-05-09 13:49:53,310 - INFO - Train:6 - Approximate time left: 3 hours, 13 minutes
2024-05-09 13:50:07,548 - INFO - Train:6 - Epoch 535/1500 completed in 12.11 seconds.
2024-05-09 13:50:07,549 - INFO - Train:6 - Approximate time left: 3 hours, 13 minutes
2024-05-09 13:50:21,825 - INFO - Train:6 - Epoch 536/1500 completed in 12.05 seconds.
2024-05-09 13:50:21,826 - INFO - Train:6 - Approximate time left: 3 hours, 13 minutes
2024-05-09 13:50:35,730 - INFO - Train:6 - Epoch 537/1500 completed in 11.78 seconds.
2024-05-09 13:50:35,730 - INFO - Train:6 - Approximate time left: 3 hours, 13 minutes
2024-05-09 13:50:49,765 - INFO - Train:6 - Epoch 538/1500 completed in 11.91 seconds.
2024-05-09 13:50:49,766 - INFO - Train:6 - Approximate time left: 3 hours, 13 minutes
2024-05-09 13:51:03,992 - INFO - Train:6 - Epoch 539/1500 completed in 12.10 seconds.
2024-05-09 13:51:03,993 - INFO - Train:6 - Approximate time left: 3 hours, 12 minutes
2024-05-09 13:51:18,024 - INFO - Train:6 - Epoch 540/1500 completed in 11.94 seconds.
2024-05-09 13:51:18,024 - INFO - Train:6 - Approximate time left: 3 hours, 12 minutes
2024-05-09 13:51:31,735 - INFO - Train:6 - Epoch 541/1500 completed in 11.65 seconds.
2024-05-09 13:51:31,735 - INFO - Train:6 - Approximate time left: 3 hours, 12 minutes
2024-05-09 13:51:45,771 - INFO - Train:6 - Epoch 542/1500 completed in 11.93 seconds.
2024-05-09 13:51:45,772 - INFO - Train:6 - Approximate time left: 3 hours, 12 minutes
2024-05-09 13:52:00,623 - INFO - Train:6 - Epoch 543/1500 completed in 12.76 seconds.
2024-05-09 13:52:00,623 - INFO - Train:6 - Approximate time left: 3 hours, 12 minutes
2024-05-09 13:52:14,818 - INFO - Train:6 - Epoch 544/1500 completed in 12.09 seconds.
2024-05-09 13:52:14,819 - INFO - Train:6 - Approximate time left: 3 hours, 11 minutes
2024-05-09 13:52:29,062 - INFO - Train:6 - Epoch 545/1500 completed in 12.13 seconds.
2024-05-09 13:52:29,062 - INFO - Train:6 - Approximate time left: 3 hours, 11 minutes
2024-05-09 13:52:43,366 - INFO - Train:6 - Epoch 546/1500 completed in 12.18 seconds.
2024-05-09 13:52:43,366 - INFO - Train:6 - Approximate time left: 3 hours, 11 minutes
2024-05-09 13:52:57,535 - INFO - Train:6 - Epoch 547/1500 completed in 12.09 seconds.
2024-05-09 13:52:57,535 - INFO - Train:6 - Approximate time left: 3 hours, 11 minutes
2024-05-09 13:53:11,995 - INFO - Train:6 - Epoch 548/1500 completed in 12.33 seconds.
2024-05-09 13:53:11,996 - INFO - Train:6 - Approximate time left: 3 hours, 11 minutes
2024-05-09 13:53:25,990 - INFO - Train:6 - Epoch 549/1500 completed in 11.88 seconds.
2024-05-09 13:53:25,990 - INFO - Train:6 - Approximate time left: 3 hours, 10 minutes
2024-05-09 13:53:28,112 - INFO - Train:6 - Early stopping triggered across all processes at epoch:548
