2024-05-09 11:43:57,028 - ERROR - Train:4 - Error saving checkpoint: join() argument must be str, bytes, or os.PathLike object, not 'NoneType'
Traceback (most recent call last):
  File "/data/Pein/Pytorch/Ascend-NPU-Parallel-Training/1-src/trainer.py", line 538, in save_checkpoint
    save_checkpoint_folder = os.path.join(
  File "/root/miniconda3/envs/Pein38/lib/python3.8/posixpath.py", line 90, in join
    genericpath._check_arg_types('join', a, *p)
  File "/root/miniconda3/envs/Pein38/lib/python3.8/genericpath.py", line 152, in _check_arg_types
    raise TypeError(f'{funcname}() argument must be str, bytes, or '
TypeError: join() argument must be str, bytes, or os.PathLike object, not 'NoneType'
2024-05-09 11:43:57,030 - INFO - Train:4 - Epoch 1/1500 completed in 41.83 seconds.
2024-05-09 11:43:57,030 - INFO - Train:4 - Approximate time left: 17 hours, 24 minutes
2024-05-09 11:44:13,712 - INFO - Train:4 - Epoch 2/1500 completed in 12.33 seconds.
2024-05-09 11:44:13,713 - INFO - Train:4 - Approximate time left: 11 hours, 16 minutes
2024-05-09 11:44:27,840 - INFO - Train:4 - Epoch 3/1500 completed in 11.57 seconds.
2024-05-09 11:44:27,840 - INFO - Train:4 - Approximate time left: 9 hours, 6 minutes
2024-05-09 11:44:42,555 - INFO - Train:4 - Epoch 4/1500 completed in 12.16 seconds.
2024-05-09 11:44:42,556 - INFO - Train:4 - Approximate time left: 8 hours, 5 minutes
2024-05-09 11:44:57,076 - INFO - Train:4 - Epoch 5/1500 completed in 11.88 seconds.
2024-05-09 11:44:57,076 - INFO - Train:4 - Approximate time left: 7 hours, 27 minutes
2024-05-09 11:45:12,070 - INFO - Train:4 - Epoch 6/1500 completed in 12.41 seconds.
2024-05-09 11:45:12,070 - INFO - Train:4 - Approximate time left: 7 hours, 4 minutes
2024-05-09 11:45:27,001 - INFO - Train:4 - Epoch 7/1500 completed in 12.35 seconds.
2024-05-09 11:45:27,001 - INFO - Train:4 - Approximate time left: 6 hours, 47 minutes
2024-05-09 11:45:41,911 - INFO - Train:4 - Epoch 8/1500 completed in 12.38 seconds.
2024-05-09 11:45:41,911 - INFO - Train:4 - Approximate time left: 6 hours, 34 minutes
2024-05-09 11:45:56,365 - INFO - Train:4 - Epoch 9/1500 completed in 12.26 seconds.
2024-05-09 11:45:56,365 - INFO - Train:4 - Approximate time left: 6 hours, 24 minutes
2024-05-09 11:46:11,483 - INFO - Train:4 - Epoch 10/1500 completed in 12.59 seconds.
2024-05-09 11:46:11,483 - INFO - Train:4 - Approximate time left: 6 hours, 16 minutes
2024-05-09 11:46:26,407 - INFO - Train:4 - Epoch 11/1500 completed in 12.39 seconds.
2024-05-09 11:46:26,407 - INFO - Train:4 - Approximate time left: 6 hours, 10 minutes
2024-05-09 11:46:40,986 - INFO - Train:4 - Epoch 12/1500 completed in 12.37 seconds.
2024-05-09 11:46:40,986 - INFO - Train:4 - Approximate time left: 6 hours, 4 minutes
2024-05-09 11:46:55,446 - INFO - Train:4 - Epoch 13/1500 completed in 11.95 seconds.
2024-05-09 11:46:55,446 - INFO - Train:4 - Approximate time left: 5 hours, 59 minutes
2024-05-09 11:47:09,455 - INFO - Train:4 - Epoch 14/1500 completed in 11.83 seconds.
2024-05-09 11:47:09,455 - INFO - Train:4 - Approximate time left: 5 hours, 54 minutes
2024-05-09 11:47:23,804 - INFO - Train:4 - Epoch 15/1500 completed in 11.84 seconds.
2024-05-09 11:47:23,805 - INFO - Train:4 - Approximate time left: 5 hours, 50 minutes
2024-05-09 11:47:37,885 - INFO - Train:4 - Epoch 16/1500 completed in 11.91 seconds.
2024-05-09 11:47:37,886 - INFO - Train:4 - Approximate time left: 5 hours, 46 minutes
2024-05-09 11:47:53,000 - INFO - Train:4 - Epoch 17/1500 completed in 12.89 seconds.
2024-05-09 11:47:53,001 - INFO - Train:4 - Approximate time left: 5 hours, 44 minutes
2024-05-09 11:48:08,053 - INFO - Train:4 - Epoch 18/1500 completed in 12.45 seconds.
2024-05-09 11:48:08,053 - INFO - Train:4 - Approximate time left: 5 hours, 42 minutes
2024-05-09 11:48:23,671 - INFO - Train:4 - Epoch 19/1500 completed in 13.01 seconds.
2024-05-09 11:48:23,671 - INFO - Train:4 - Approximate time left: 5 hours, 40 minutes
2024-05-09 11:48:37,837 - INFO - Train:4 - Epoch 20/1500 completed in 11.96 seconds.
2024-05-09 11:48:37,837 - INFO - Train:4 - Approximate time left: 5 hours, 38 minutes
2024-05-09 11:48:51,798 - INFO - Train:4 - Epoch 21/1500 completed in 11.76 seconds.
2024-05-09 11:48:51,798 - INFO - Train:4 - Approximate time left: 5 hours, 35 minutes
2024-05-09 11:49:05,803 - INFO - Train:4 - Epoch 22/1500 completed in 11.82 seconds.
2024-05-09 11:49:05,803 - INFO - Train:4 - Approximate time left: 5 hours, 33 minutes
2024-05-09 11:49:20,100 - INFO - Train:4 - Epoch 23/1500 completed in 11.74 seconds.
2024-05-09 11:49:20,100 - INFO - Train:4 - Approximate time left: 5 hours, 31 minutes
2024-05-09 11:49:34,646 - INFO - Train:4 - Epoch 24/1500 completed in 11.90 seconds.
2024-05-09 11:49:34,646 - INFO - Train:4 - Approximate time left: 5 hours, 29 minutes
2024-05-09 11:49:49,405 - INFO - Train:4 - Epoch 25/1500 completed in 12.23 seconds.
2024-05-09 11:49:49,405 - INFO - Train:4 - Approximate time left: 5 hours, 28 minutes
2024-05-09 11:50:03,567 - INFO - Train:4 - Epoch 26/1500 completed in 11.98 seconds.
2024-05-09 11:50:03,567 - INFO - Train:4 - Approximate time left: 5 hours, 26 minutes
2024-05-09 11:50:17,953 - INFO - Train:4 - Epoch 27/1500 completed in 11.76 seconds.
2024-05-09 11:50:17,954 - INFO - Train:4 - Approximate time left: 5 hours, 25 minutes
2024-05-09 11:50:31,881 - INFO - Train:4 - Epoch 28/1500 completed in 11.71 seconds.
2024-05-09 11:50:31,881 - INFO - Train:4 - Approximate time left: 5 hours, 23 minutes
2024-05-09 11:50:46,538 - INFO - Train:4 - Epoch 29/1500 completed in 12.05 seconds.
2024-05-09 11:50:46,539 - INFO - Train:4 - Approximate time left: 5 hours, 22 minutes
2024-05-09 11:51:00,849 - INFO - Train:4 - Epoch 30/1500 completed in 12.05 seconds.
2024-05-09 11:51:00,850 - INFO - Train:4 - Approximate time left: 5 hours, 21 minutes
2024-05-09 11:51:15,174 - INFO - Train:4 - Epoch 31/1500 completed in 12.07 seconds.
2024-05-09 11:51:15,174 - INFO - Train:4 - Approximate time left: 5 hours, 20 minutes
2024-05-09 11:51:29,751 - INFO - Train:4 - Epoch 32/1500 completed in 12.32 seconds.
2024-05-09 11:51:29,751 - INFO - Train:4 - Approximate time left: 5 hours, 19 minutes
2024-05-09 11:51:43,946 - INFO - Train:4 - Epoch 33/1500 completed in 11.95 seconds.
2024-05-09 11:51:43,946 - INFO - Train:4 - Approximate time left: 5 hours, 18 minutes
2024-05-09 11:51:59,099 - INFO - Train:4 - Epoch 34/1500 completed in 12.48 seconds.
2024-05-09 11:51:59,100 - INFO - Train:4 - Approximate time left: 5 hours, 17 minutes
2024-05-09 11:52:13,223 - INFO - Train:4 - Epoch 35/1500 completed in 11.56 seconds.
2024-05-09 11:52:13,223 - INFO - Train:4 - Approximate time left: 5 hours, 16 minutes
2024-05-09 11:52:27,897 - INFO - Train:4 - Epoch 36/1500 completed in 12.14 seconds.
2024-05-09 11:52:27,898 - INFO - Train:4 - Approximate time left: 5 hours, 15 minutes
2024-05-09 11:52:41,876 - INFO - Train:4 - Epoch 37/1500 completed in 11.80 seconds.
2024-05-09 11:52:41,877 - INFO - Train:4 - Approximate time left: 5 hours, 14 minutes
2024-05-09 11:52:57,020 - INFO - Train:4 - Epoch 38/1500 completed in 12.54 seconds.
2024-05-09 11:52:57,021 - INFO - Train:4 - Approximate time left: 5 hours, 14 minutes
2024-05-09 11:53:12,142 - INFO - Train:4 - Epoch 39/1500 completed in 12.59 seconds.
2024-05-09 11:53:12,143 - INFO - Train:4 - Approximate time left: 5 hours, 13 minutes
2024-05-09 11:53:27,397 - INFO - Train:4 - Epoch 40/1500 completed in 12.65 seconds.
2024-05-09 11:53:27,397 - INFO - Train:4 - Approximate time left: 5 hours, 13 minutes
2024-05-09 11:53:42,053 - INFO - Train:4 - Epoch 41/1500 completed in 12.46 seconds.
2024-05-09 11:53:42,053 - INFO - Train:4 - Approximate time left: 5 hours, 13 minutes
2024-05-09 11:53:56,167 - INFO - Train:4 - Epoch 42/1500 completed in 11.58 seconds.
2024-05-09 11:53:56,167 - INFO - Train:4 - Approximate time left: 5 hours, 12 minutes
2024-05-09 11:54:10,069 - INFO - Train:4 - Epoch 43/1500 completed in 11.69 seconds.
2024-05-09 11:54:10,069 - INFO - Train:4 - Approximate time left: 5 hours, 11 minutes
2024-05-09 11:54:24,483 - INFO - Train:4 - Epoch 44/1500 completed in 11.85 seconds.
2024-05-09 11:54:24,484 - INFO - Train:4 - Approximate time left: 5 hours, 10 minutes
2024-05-09 11:54:38,899 - INFO - Train:4 - Epoch 45/1500 completed in 12.24 seconds.
2024-05-09 11:54:38,899 - INFO - Train:4 - Approximate time left: 5 hours, 10 minutes
2024-05-09 11:54:53,497 - INFO - Train:4 - Epoch 46/1500 completed in 11.96 seconds.
2024-05-09 11:54:53,497 - INFO - Train:4 - Approximate time left: 5 hours, 9 minutes
2024-05-09 11:55:08,989 - INFO - Train:4 - Epoch 47/1500 completed in 12.91 seconds.
2024-05-09 11:55:08,989 - INFO - Train:4 - Approximate time left: 5 hours, 9 minutes
2024-05-09 11:55:24,027 - INFO - Train:4 - Epoch 48/1500 completed in 12.89 seconds.
2024-05-09 11:55:24,027 - INFO - Train:4 - Approximate time left: 5 hours, 9 minutes
2024-05-09 11:55:38,074 - INFO - Train:4 - Epoch 49/1500 completed in 11.87 seconds.
2024-05-09 11:55:38,074 - INFO - Train:4 - Approximate time left: 5 hours, 8 minutes
2024-05-09 11:55:52,380 - INFO - Train:4 - Epoch 50/1500 completed in 11.81 seconds.
2024-05-09 11:55:52,381 - INFO - Train:4 - Approximate time left: 5 hours, 7 minutes
2024-05-09 11:56:06,320 - INFO - Train:4 - Epoch 51/1500 completed in 11.74 seconds.
2024-05-09 11:56:06,320 - INFO - Train:4 - Approximate time left: 5 hours, 7 minutes
2024-05-09 11:56:20,309 - INFO - Train:4 - Epoch 52/1500 completed in 11.78 seconds.
2024-05-09 11:56:20,309 - INFO - Train:4 - Approximate time left: 5 hours, 6 minutes
2024-05-09 11:56:34,399 - INFO - Train:4 - Epoch 53/1500 completed in 11.86 seconds.
2024-05-09 11:56:34,399 - INFO - Train:4 - Approximate time left: 5 hours, 5 minutes
2024-05-09 11:56:48,429 - INFO - Train:4 - Epoch 54/1500 completed in 11.85 seconds.
2024-05-09 11:56:48,430 - INFO - Train:4 - Approximate time left: 5 hours, 5 minutes
2024-05-09 11:57:02,946 - INFO - Train:4 - Epoch 55/1500 completed in 11.97 seconds.
2024-05-09 11:57:02,946 - INFO - Train:4 - Approximate time left: 5 hours, 4 minutes
2024-05-09 11:57:16,870 - INFO - Train:4 - Epoch 56/1500 completed in 11.68 seconds.
2024-05-09 11:57:16,871 - INFO - Train:4 - Approximate time left: 5 hours, 4 minutes
2024-05-09 11:57:30,799 - INFO - Train:4 - Epoch 57/1500 completed in 11.78 seconds.
2024-05-09 11:57:30,800 - INFO - Train:4 - Approximate time left: 5 hours, 3 minutes
2024-05-09 11:57:45,044 - INFO - Train:4 - Epoch 58/1500 completed in 12.11 seconds.
2024-05-09 11:57:45,044 - INFO - Train:4 - Approximate time left: 5 hours, 3 minutes
2024-05-09 11:58:00,202 - INFO - Train:4 - Epoch 59/1500 completed in 12.99 seconds.
2024-05-09 11:58:00,202 - INFO - Train:4 - Approximate time left: 5 hours, 3 minutes
2024-05-09 11:58:15,172 - INFO - Train:4 - Epoch 60/1500 completed in 12.84 seconds.
2024-05-09 11:58:15,172 - INFO - Train:4 - Approximate time left: 5 hours, 2 minutes
2024-05-09 11:58:30,132 - INFO - Train:4 - Epoch 61/1500 completed in 12.80 seconds.
2024-05-09 11:58:30,132 - INFO - Train:4 - Approximate time left: 5 hours, 2 minutes
2024-05-09 11:58:44,379 - INFO - Train:4 - Epoch 62/1500 completed in 12.07 seconds.
2024-05-09 11:58:44,380 - INFO - Train:4 - Approximate time left: 5 hours, 2 minutes
2024-05-09 11:58:58,271 - INFO - Train:4 - Epoch 63/1500 completed in 11.66 seconds.
2024-05-09 11:58:58,272 - INFO - Train:4 - Approximate time left: 5 hours, 1 minutes
2024-05-09 11:59:12,335 - INFO - Train:4 - Epoch 64/1500 completed in 11.89 seconds.
2024-05-09 11:59:12,335 - INFO - Train:4 - Approximate time left: 5 hours, 1 minutes
2024-05-09 11:59:26,852 - INFO - Train:4 - Epoch 65/1500 completed in 12.25 seconds.
2024-05-09 11:59:26,852 - INFO - Train:4 - Approximate time left: 5 hours, 0 minutes
2024-05-09 11:59:41,360 - INFO - Train:4 - Epoch 66/1500 completed in 12.00 seconds.
2024-05-09 11:59:41,360 - INFO - Train:4 - Approximate time left: 5 hours, 0 minutes
2024-05-09 11:59:55,569 - INFO - Train:4 - Epoch 67/1500 completed in 12.07 seconds.
2024-05-09 11:59:55,569 - INFO - Train:4 - Approximate time left: 5 hours, 0 minutes
2024-05-09 12:00:09,393 - INFO - Train:4 - Epoch 68/1500 completed in 11.68 seconds.
2024-05-09 12:00:09,393 - INFO - Train:4 - Approximate time left: 4 hours, 59 minutes
2024-05-09 12:00:23,616 - INFO - Train:4 - Epoch 69/1500 completed in 11.67 seconds.
2024-05-09 12:00:23,616 - INFO - Train:4 - Approximate time left: 4 hours, 59 minutes
2024-05-09 12:00:37,640 - INFO - Train:4 - Epoch 70/1500 completed in 11.85 seconds.
2024-05-09 12:00:37,641 - INFO - Train:4 - Approximate time left: 4 hours, 58 minutes
2024-05-09 12:00:51,942 - INFO - Train:4 - Epoch 71/1500 completed in 12.14 seconds.
2024-05-09 12:00:51,943 - INFO - Train:4 - Approximate time left: 4 hours, 58 minutes
2024-05-09 12:01:06,346 - INFO - Train:4 - Epoch 72/1500 completed in 12.22 seconds.
2024-05-09 12:01:06,346 - INFO - Train:4 - Approximate time left: 4 hours, 58 minutes
2024-05-09 12:01:20,688 - INFO - Train:4 - Epoch 73/1500 completed in 12.16 seconds.
2024-05-09 12:01:20,688 - INFO - Train:4 - Approximate time left: 4 hours, 57 minutes
2024-05-09 12:01:34,919 - INFO - Train:4 - Epoch 74/1500 completed in 12.08 seconds.
2024-05-09 12:01:34,919 - INFO - Train:4 - Approximate time left: 4 hours, 57 minutes
2024-05-09 12:01:49,070 - INFO - Train:4 - Epoch 75/1500 completed in 11.98 seconds.
2024-05-09 12:01:49,070 - INFO - Train:4 - Approximate time left: 4 hours, 56 minutes
2024-05-09 12:02:03,560 - INFO - Train:4 - Epoch 76/1500 completed in 12.30 seconds.
2024-05-09 12:02:03,560 - INFO - Train:4 - Approximate time left: 4 hours, 56 minutes
2024-05-09 12:02:17,096 - INFO - Train:4 - Epoch 77/1500 completed in 11.37 seconds.
2024-05-09 12:02:17,096 - INFO - Train:4 - Approximate time left: 4 hours, 56 minutes
2024-05-09 12:02:30,267 - INFO - Train:4 - Epoch 78/1500 completed in 11.01 seconds.
2024-05-09 12:02:30,267 - INFO - Train:4 - Approximate time left: 4 hours, 55 minutes
2024-05-09 12:02:44,650 - INFO - Train:4 - Epoch 79/1500 completed in 11.92 seconds.
2024-05-09 12:02:44,650 - INFO - Train:4 - Approximate time left: 4 hours, 55 minutes
2024-05-09 12:02:58,770 - INFO - Train:4 - Epoch 80/1500 completed in 11.93 seconds.
2024-05-09 12:02:58,771 - INFO - Train:4 - Approximate time left: 4 hours, 54 minutes
2024-05-09 12:03:12,926 - INFO - Train:4 - Epoch 81/1500 completed in 11.96 seconds.
2024-05-09 12:03:12,926 - INFO - Train:4 - Approximate time left: 4 hours, 54 minutes
2024-05-09 12:03:26,587 - INFO - Train:4 - Epoch 82/1500 completed in 11.44 seconds.
2024-05-09 12:03:26,587 - INFO - Train:4 - Approximate time left: 4 hours, 53 minutes
2024-05-09 12:03:41,353 - INFO - Train:4 - Epoch 83/1500 completed in 12.20 seconds.
2024-05-09 12:03:41,353 - INFO - Train:4 - Approximate time left: 4 hours, 53 minutes
2024-05-09 12:03:55,019 - INFO - Train:4 - Epoch 84/1500 completed in 11.50 seconds.
2024-05-09 12:03:55,019 - INFO - Train:4 - Approximate time left: 4 hours, 53 minutes
2024-05-09 12:04:08,978 - INFO - Train:4 - Epoch 85/1500 completed in 11.74 seconds.
2024-05-09 12:04:08,978 - INFO - Train:4 - Approximate time left: 4 hours, 52 minutes
2024-05-09 12:04:23,882 - INFO - Train:4 - Epoch 86/1500 completed in 12.73 seconds.
2024-05-09 12:04:23,883 - INFO - Train:4 - Approximate time left: 4 hours, 52 minutes
2024-05-09 12:04:37,932 - INFO - Train:4 - Epoch 87/1500 completed in 11.85 seconds.
2024-05-09 12:04:37,933 - INFO - Train:4 - Approximate time left: 4 hours, 52 minutes
2024-05-09 12:04:51,700 - INFO - Train:4 - Epoch 88/1500 completed in 11.56 seconds.
2024-05-09 12:04:51,701 - INFO - Train:4 - Approximate time left: 4 hours, 51 minutes
2024-05-09 12:05:05,700 - INFO - Train:4 - Epoch 89/1500 completed in 11.78 seconds.
2024-05-09 12:05:05,701 - INFO - Train:4 - Approximate time left: 4 hours, 51 minutes
2024-05-09 12:05:19,674 - INFO - Train:4 - Epoch 90/1500 completed in 11.79 seconds.
2024-05-09 12:05:19,674 - INFO - Train:4 - Approximate time left: 4 hours, 51 minutes
2024-05-09 12:05:34,180 - INFO - Train:4 - Epoch 91/1500 completed in 11.96 seconds.
2024-05-09 12:05:34,180 - INFO - Train:4 - Approximate time left: 4 hours, 50 minutes
2024-05-09 12:05:47,389 - INFO - Train:4 - Epoch 92/1500 completed in 11.03 seconds.
2024-05-09 12:05:47,389 - INFO - Train:4 - Approximate time left: 4 hours, 50 minutes
2024-05-09 12:06:01,255 - INFO - Train:4 - Epoch 93/1500 completed in 11.67 seconds.
2024-05-09 12:06:01,256 - INFO - Train:4 - Approximate time left: 4 hours, 49 minutes
2024-05-09 12:06:15,019 - INFO - Train:4 - Epoch 94/1500 completed in 11.61 seconds.
2024-05-09 12:06:15,019 - INFO - Train:4 - Approximate time left: 4 hours, 49 minutes
2024-05-09 12:06:29,013 - INFO - Train:4 - Epoch 95/1500 completed in 11.82 seconds.
2024-05-09 12:06:29,013 - INFO - Train:4 - Approximate time left: 4 hours, 49 minutes
2024-05-09 12:06:42,652 - INFO - Train:4 - Epoch 96/1500 completed in 11.45 seconds.
2024-05-09 12:06:42,653 - INFO - Train:4 - Approximate time left: 4 hours, 48 minutes
2024-05-09 12:06:56,287 - INFO - Train:4 - Epoch 97/1500 completed in 11.48 seconds.
2024-05-09 12:06:56,288 - INFO - Train:4 - Approximate time left: 4 hours, 48 minutes
2024-05-09 12:07:10,380 - INFO - Train:4 - Epoch 98/1500 completed in 11.93 seconds.
2024-05-09 12:07:10,380 - INFO - Train:4 - Approximate time left: 4 hours, 47 minutes
2024-05-09 12:07:24,483 - INFO - Train:4 - Epoch 99/1500 completed in 11.87 seconds.
2024-05-09 12:07:24,483 - INFO - Train:4 - Approximate time left: 4 hours, 47 minutes
2024-05-09 12:07:38,443 - INFO - Train:4 - Epoch 100/1500 completed in 11.40 seconds.
2024-05-09 12:07:38,444 - INFO - Train:4 - Approximate time left: 4 hours, 47 minutes
2024-05-09 12:07:52,800 - INFO - Train:4 - Epoch 101/1500 completed in 11.87 seconds.
2024-05-09 12:07:52,800 - INFO - Train:4 - Approximate time left: 4 hours, 46 minutes
2024-05-09 12:08:06,710 - INFO - Train:4 - Epoch 102/1500 completed in 11.38 seconds.
2024-05-09 12:08:06,710 - INFO - Train:4 - Approximate time left: 4 hours, 46 minutes
2024-05-09 12:08:20,198 - INFO - Train:4 - Epoch 103/1500 completed in 11.33 seconds.
2024-05-09 12:08:20,198 - INFO - Train:4 - Approximate time left: 4 hours, 46 minutes
2024-05-09 12:08:35,127 - INFO - Train:4 - Epoch 104/1500 completed in 12.39 seconds.
2024-05-09 12:08:35,127 - INFO - Train:4 - Approximate time left: 4 hours, 45 minutes
2024-05-09 12:08:49,546 - INFO - Train:4 - Epoch 105/1500 completed in 12.26 seconds.
2024-05-09 12:08:49,546 - INFO - Train:4 - Approximate time left: 4 hours, 45 minutes
2024-05-09 12:09:03,131 - INFO - Train:4 - Epoch 106/1500 completed in 11.39 seconds.
2024-05-09 12:09:03,131 - INFO - Train:4 - Approximate time left: 4 hours, 45 minutes
2024-05-09 12:09:16,859 - INFO - Train:4 - Epoch 107/1500 completed in 11.56 seconds.
2024-05-09 12:09:16,860 - INFO - Train:4 - Approximate time left: 4 hours, 44 minutes
2024-05-09 12:09:31,634 - INFO - Train:4 - Epoch 108/1500 completed in 12.57 seconds.
2024-05-09 12:09:31,634 - INFO - Train:4 - Approximate time left: 4 hours, 44 minutes
2024-05-09 12:09:46,759 - INFO - Train:4 - Epoch 109/1500 completed in 12.88 seconds.
2024-05-09 12:09:46,760 - INFO - Train:4 - Approximate time left: 4 hours, 44 minutes
2024-05-09 12:10:01,799 - INFO - Train:4 - Epoch 110/1500 completed in 12.92 seconds.
2024-05-09 12:10:01,799 - INFO - Train:4 - Approximate time left: 4 hours, 44 minutes
2024-05-09 12:10:16,588 - INFO - Train:4 - Epoch 111/1500 completed in 12.63 seconds.
2024-05-09 12:10:16,589 - INFO - Train:4 - Approximate time left: 4 hours, 44 minutes
2024-05-09 12:10:31,307 - INFO - Train:4 - Epoch 112/1500 completed in 12.05 seconds.
2024-05-09 12:10:31,307 - INFO - Train:4 - Approximate time left: 4 hours, 44 minutes
2024-05-09 12:10:45,262 - INFO - Train:4 - Epoch 113/1500 completed in 11.70 seconds.
2024-05-09 12:10:45,263 - INFO - Train:4 - Approximate time left: 4 hours, 43 minutes
2024-05-09 12:10:59,495 - INFO - Train:4 - Epoch 114/1500 completed in 12.07 seconds.
2024-05-09 12:10:59,495 - INFO - Train:4 - Approximate time left: 4 hours, 43 minutes
2024-05-09 12:11:14,076 - INFO - Train:4 - Epoch 115/1500 completed in 12.40 seconds.
2024-05-09 12:11:14,076 - INFO - Train:4 - Approximate time left: 4 hours, 43 minutes
2024-05-09 12:11:28,688 - INFO - Train:4 - Epoch 116/1500 completed in 12.45 seconds.
2024-05-09 12:11:28,689 - INFO - Train:4 - Approximate time left: 4 hours, 43 minutes
2024-05-09 12:11:42,999 - INFO - Train:4 - Epoch 117/1500 completed in 12.16 seconds.
2024-05-09 12:11:42,999 - INFO - Train:4 - Approximate time left: 4 hours, 43 minutes
2024-05-09 12:11:57,878 - INFO - Train:4 - Epoch 118/1500 completed in 12.35 seconds.
2024-05-09 12:11:57,879 - INFO - Train:4 - Approximate time left: 4 hours, 42 minutes
2024-05-09 12:12:12,603 - INFO - Train:4 - Epoch 119/1500 completed in 12.55 seconds.
2024-05-09 12:12:12,603 - INFO - Train:4 - Approximate time left: 4 hours, 42 minutes
2024-05-09 12:12:27,400 - INFO - Train:4 - Epoch 120/1500 completed in 12.63 seconds.
2024-05-09 12:12:27,400 - INFO - Train:4 - Approximate time left: 4 hours, 42 minutes
2024-05-09 12:12:41,549 - INFO - Train:4 - Epoch 121/1500 completed in 11.99 seconds.
2024-05-09 12:12:41,549 - INFO - Train:4 - Approximate time left: 4 hours, 42 minutes
2024-05-09 12:12:55,874 - INFO - Train:4 - Epoch 122/1500 completed in 12.21 seconds.
2024-05-09 12:12:55,874 - INFO - Train:4 - Approximate time left: 4 hours, 42 minutes
2024-05-09 12:13:10,053 - INFO - Train:4 - Epoch 123/1500 completed in 12.04 seconds.
2024-05-09 12:13:10,054 - INFO - Train:4 - Approximate time left: 4 hours, 41 minutes
2024-05-09 12:13:24,510 - INFO - Train:4 - Epoch 124/1500 completed in 12.28 seconds.
2024-05-09 12:13:24,510 - INFO - Train:4 - Approximate time left: 4 hours, 41 minutes
2024-05-09 12:13:38,770 - INFO - Train:4 - Epoch 125/1500 completed in 12.15 seconds.
2024-05-09 12:13:38,771 - INFO - Train:4 - Approximate time left: 4 hours, 41 minutes
2024-05-09 12:13:52,602 - INFO - Train:4 - Epoch 126/1500 completed in 11.70 seconds.
2024-05-09 12:13:52,603 - INFO - Train:4 - Approximate time left: 4 hours, 41 minutes
2024-05-09 12:14:06,758 - INFO - Train:4 - Epoch 127/1500 completed in 11.98 seconds.
2024-05-09 12:14:06,759 - INFO - Train:4 - Approximate time left: 4 hours, 40 minutes
2024-05-09 12:14:21,050 - INFO - Train:4 - Epoch 128/1500 completed in 12.13 seconds.
2024-05-09 12:14:21,050 - INFO - Train:4 - Approximate time left: 4 hours, 40 minutes
2024-05-09 12:14:35,384 - INFO - Train:4 - Epoch 129/1500 completed in 12.18 seconds.
2024-05-09 12:14:35,385 - INFO - Train:4 - Approximate time left: 4 hours, 40 minutes
2024-05-09 12:14:49,405 - INFO - Train:4 - Epoch 130/1500 completed in 11.54 seconds.
2024-05-09 12:14:49,405 - INFO - Train:4 - Approximate time left: 4 hours, 40 minutes
2024-05-09 12:15:03,700 - INFO - Train:4 - Epoch 131/1500 completed in 12.12 seconds.
2024-05-09 12:15:03,700 - INFO - Train:4 - Approximate time left: 4 hours, 39 minutes
2024-05-09 12:15:18,376 - INFO - Train:4 - Epoch 132/1500 completed in 12.51 seconds.
2024-05-09 12:15:18,377 - INFO - Train:4 - Approximate time left: 4 hours, 39 minutes
2024-05-09 12:15:33,284 - INFO - Train:4 - Epoch 133/1500 completed in 12.75 seconds.
2024-05-09 12:15:33,285 - INFO - Train:4 - Approximate time left: 4 hours, 39 minutes
2024-05-09 12:15:47,491 - INFO - Train:4 - Epoch 134/1500 completed in 12.07 seconds.
2024-05-09 12:15:47,491 - INFO - Train:4 - Approximate time left: 4 hours, 39 minutes
2024-05-09 12:16:01,797 - INFO - Train:4 - Epoch 135/1500 completed in 12.11 seconds.
2024-05-09 12:16:01,798 - INFO - Train:4 - Approximate time left: 4 hours, 39 minutes
2024-05-09 12:16:15,910 - INFO - Train:4 - Epoch 136/1500 completed in 11.97 seconds.
2024-05-09 12:16:15,910 - INFO - Train:4 - Approximate time left: 4 hours, 38 minutes
2024-05-09 12:16:30,338 - INFO - Train:4 - Epoch 137/1500 completed in 12.25 seconds.
2024-05-09 12:16:30,338 - INFO - Train:4 - Approximate time left: 4 hours, 38 minutes
2024-05-09 12:16:44,486 - INFO - Train:4 - Epoch 138/1500 completed in 11.99 seconds.
2024-05-09 12:16:44,486 - INFO - Train:4 - Approximate time left: 4 hours, 38 minutes
2024-05-09 12:16:58,319 - INFO - Train:4 - Epoch 139/1500 completed in 11.65 seconds.
2024-05-09 12:16:58,319 - INFO - Train:4 - Approximate time left: 4 hours, 38 minutes
2024-05-09 12:17:13,139 - INFO - Train:4 - Epoch 140/1500 completed in 12.64 seconds.
2024-05-09 12:17:13,139 - INFO - Train:4 - Approximate time left: 4 hours, 37 minutes
2024-05-09 12:17:27,057 - INFO - Train:4 - Epoch 141/1500 completed in 11.77 seconds.
2024-05-09 12:17:27,057 - INFO - Train:4 - Approximate time left: 4 hours, 37 minutes
2024-05-09 12:17:41,490 - INFO - Train:4 - Epoch 142/1500 completed in 11.94 seconds.
2024-05-09 12:17:41,491 - INFO - Train:4 - Approximate time left: 4 hours, 37 minutes
2024-05-09 12:17:55,683 - INFO - Train:4 - Epoch 143/1500 completed in 12.10 seconds.
2024-05-09 12:17:55,683 - INFO - Train:4 - Approximate time left: 4 hours, 37 minutes
2024-05-09 12:18:09,461 - INFO - Train:4 - Epoch 144/1500 completed in 11.61 seconds.
2024-05-09 12:18:09,461 - INFO - Train:4 - Approximate time left: 4 hours, 36 minutes
2024-05-09 12:18:24,285 - INFO - Train:4 - Epoch 145/1500 completed in 12.69 seconds.
2024-05-09 12:18:24,286 - INFO - Train:4 - Approximate time left: 4 hours, 36 minutes
2024-05-09 12:18:38,263 - INFO - Train:4 - Epoch 146/1500 completed in 11.53 seconds.
2024-05-09 12:18:38,263 - INFO - Train:4 - Approximate time left: 4 hours, 36 minutes
2024-05-09 12:18:52,425 - INFO - Train:4 - Epoch 147/1500 completed in 11.99 seconds.
2024-05-09 12:18:52,425 - INFO - Train:4 - Approximate time left: 4 hours, 36 minutes
2024-05-09 12:19:06,561 - INFO - Train:4 - Epoch 148/1500 completed in 12.00 seconds.
2024-05-09 12:19:06,562 - INFO - Train:4 - Approximate time left: 4 hours, 35 minutes
2024-05-09 12:19:20,507 - INFO - Train:4 - Epoch 149/1500 completed in 11.80 seconds.
2024-05-09 12:19:20,507 - INFO - Train:4 - Approximate time left: 4 hours, 35 minutes
2024-05-09 12:19:34,411 - INFO - Train:4 - Epoch 150/1500 completed in 11.75 seconds.
2024-05-09 12:19:34,411 - INFO - Train:4 - Approximate time left: 4 hours, 35 minutes
2024-05-09 12:19:48,255 - INFO - Train:4 - Epoch 151/1500 completed in 11.70 seconds.
2024-05-09 12:19:48,255 - INFO - Train:4 - Approximate time left: 4 hours, 35 minutes
2024-05-09 12:20:02,444 - INFO - Train:4 - Epoch 152/1500 completed in 12.02 seconds.
2024-05-09 12:20:02,445 - INFO - Train:4 - Approximate time left: 4 hours, 34 minutes
2024-05-09 12:20:16,916 - INFO - Train:4 - Epoch 153/1500 completed in 11.99 seconds.
2024-05-09 12:20:16,916 - INFO - Train:4 - Approximate time left: 4 hours, 34 minutes
2024-05-09 12:20:31,146 - INFO - Train:4 - Epoch 154/1500 completed in 12.11 seconds.
2024-05-09 12:20:31,147 - INFO - Train:4 - Approximate time left: 4 hours, 34 minutes
2024-05-09 12:20:45,352 - INFO - Train:4 - Epoch 155/1500 completed in 11.68 seconds.
2024-05-09 12:20:45,352 - INFO - Train:4 - Approximate time left: 4 hours, 34 minutes
2024-05-09 12:20:59,452 - INFO - Train:4 - Epoch 156/1500 completed in 11.94 seconds.
2024-05-09 12:20:59,453 - INFO - Train:4 - Approximate time left: 4 hours, 33 minutes
2024-05-09 12:21:13,555 - INFO - Train:4 - Epoch 157/1500 completed in 11.55 seconds.
2024-05-09 12:21:13,555 - INFO - Train:4 - Approximate time left: 4 hours, 33 minutes
2024-05-09 12:21:27,203 - INFO - Train:4 - Epoch 158/1500 completed in 11.50 seconds.
2024-05-09 12:21:27,203 - INFO - Train:4 - Approximate time left: 4 hours, 33 minutes
2024-05-09 12:21:41,176 - INFO - Train:4 - Epoch 159/1500 completed in 11.84 seconds.
2024-05-09 12:21:41,177 - INFO - Train:4 - Approximate time left: 4 hours, 33 minutes
2024-05-09 12:21:55,856 - INFO - Train:4 - Epoch 160/1500 completed in 12.53 seconds.
2024-05-09 12:21:55,856 - INFO - Train:4 - Approximate time left: 4 hours, 32 minutes
2024-05-09 12:22:10,535 - INFO - Train:4 - Epoch 161/1500 completed in 12.54 seconds.
2024-05-09 12:22:10,536 - INFO - Train:4 - Approximate time left: 4 hours, 32 minutes
2024-05-09 12:22:24,800 - INFO - Train:4 - Epoch 162/1500 completed in 12.13 seconds.
2024-05-09 12:22:24,800 - INFO - Train:4 - Approximate time left: 4 hours, 32 minutes
2024-05-09 12:22:38,897 - INFO - Train:4 - Epoch 163/1500 completed in 11.95 seconds.
2024-05-09 12:22:38,898 - INFO - Train:4 - Approximate time left: 4 hours, 32 minutes
2024-05-09 12:22:53,084 - INFO - Train:4 - Epoch 164/1500 completed in 12.06 seconds.
2024-05-09 12:22:53,085 - INFO - Train:4 - Approximate time left: 4 hours, 32 minutes
2024-05-09 12:23:07,157 - INFO - Train:4 - Epoch 165/1500 completed in 11.91 seconds.
2024-05-09 12:23:07,158 - INFO - Train:4 - Approximate time left: 4 hours, 31 minutes
2024-05-09 12:23:21,017 - INFO - Train:4 - Epoch 166/1500 completed in 11.70 seconds.
2024-05-09 12:23:21,018 - INFO - Train:4 - Approximate time left: 4 hours, 31 minutes
2024-05-09 12:23:34,939 - INFO - Train:4 - Epoch 167/1500 completed in 11.76 seconds.
2024-05-09 12:23:34,940 - INFO - Train:4 - Approximate time left: 4 hours, 31 minutes
2024-05-09 12:23:49,180 - INFO - Train:4 - Epoch 168/1500 completed in 12.09 seconds.
2024-05-09 12:23:49,180 - INFO - Train:4 - Approximate time left: 4 hours, 31 minutes
2024-05-09 12:24:03,089 - INFO - Train:4 - Epoch 169/1500 completed in 11.77 seconds.
2024-05-09 12:24:03,089 - INFO - Train:4 - Approximate time left: 4 hours, 30 minutes
2024-05-09 12:24:17,524 - INFO - Train:4 - Epoch 170/1500 completed in 12.27 seconds.
2024-05-09 12:24:17,525 - INFO - Train:4 - Approximate time left: 4 hours, 30 minutes
2024-05-09 12:24:31,767 - INFO - Train:4 - Epoch 171/1500 completed in 12.09 seconds.
2024-05-09 12:24:31,767 - INFO - Train:4 - Approximate time left: 4 hours, 30 minutes
2024-05-09 12:24:45,684 - INFO - Train:4 - Epoch 172/1500 completed in 11.79 seconds.
2024-05-09 12:24:45,685 - INFO - Train:4 - Approximate time left: 4 hours, 30 minutes
2024-05-09 12:25:00,015 - INFO - Train:4 - Epoch 173/1500 completed in 12.17 seconds.
2024-05-09 12:25:00,015 - INFO - Train:4 - Approximate time left: 4 hours, 29 minutes
2024-05-09 12:25:14,200 - INFO - Train:4 - Epoch 174/1500 completed in 12.02 seconds.
2024-05-09 12:25:14,200 - INFO - Train:4 - Approximate time left: 4 hours, 29 minutes
2024-05-09 12:25:28,102 - INFO - Train:4 - Epoch 175/1500 completed in 11.71 seconds.
2024-05-09 12:25:28,102 - INFO - Train:4 - Approximate time left: 4 hours, 29 minutes
2024-05-09 12:25:42,123 - INFO - Train:4 - Epoch 176/1500 completed in 11.88 seconds.
2024-05-09 12:25:42,123 - INFO - Train:4 - Approximate time left: 4 hours, 29 minutes
2024-05-09 12:25:56,320 - INFO - Train:4 - Epoch 177/1500 completed in 12.02 seconds.
2024-05-09 12:25:56,320 - INFO - Train:4 - Approximate time left: 4 hours, 28 minutes
2024-05-09 12:26:09,978 - INFO - Train:4 - Epoch 178/1500 completed in 11.51 seconds.
2024-05-09 12:26:09,978 - INFO - Train:4 - Approximate time left: 4 hours, 28 minutes
2024-05-09 12:26:23,748 - INFO - Train:4 - Epoch 179/1500 completed in 11.65 seconds.
2024-05-09 12:26:23,748 - INFO - Train:4 - Approximate time left: 4 hours, 28 minutes
2024-05-09 12:26:37,409 - INFO - Train:4 - Epoch 180/1500 completed in 11.51 seconds.
2024-05-09 12:26:37,409 - INFO - Train:4 - Approximate time left: 4 hours, 28 minutes
2024-05-09 12:26:51,870 - INFO - Train:4 - Epoch 181/1500 completed in 11.91 seconds.
2024-05-09 12:26:51,870 - INFO - Train:4 - Approximate time left: 4 hours, 27 minutes
2024-05-09 12:27:05,581 - INFO - Train:4 - Epoch 182/1500 completed in 11.50 seconds.
2024-05-09 12:27:05,581 - INFO - Train:4 - Approximate time left: 4 hours, 27 minutes
2024-05-09 12:27:19,555 - INFO - Train:4 - Epoch 183/1500 completed in 11.88 seconds.
2024-05-09 12:27:19,555 - INFO - Train:4 - Approximate time left: 4 hours, 27 minutes
2024-05-09 12:27:33,568 - INFO - Train:4 - Epoch 184/1500 completed in 11.91 seconds.
2024-05-09 12:27:33,568 - INFO - Train:4 - Approximate time left: 4 hours, 27 minutes
2024-05-09 12:27:47,021 - INFO - Train:4 - Epoch 185/1500 completed in 11.33 seconds.
2024-05-09 12:27:47,021 - INFO - Train:4 - Approximate time left: 4 hours, 26 minutes
2024-05-09 12:28:01,119 - INFO - Train:4 - Epoch 186/1500 completed in 11.99 seconds.
2024-05-09 12:28:01,119 - INFO - Train:4 - Approximate time left: 4 hours, 26 minutes
2024-05-09 12:28:15,288 - INFO - Train:4 - Epoch 187/1500 completed in 12.05 seconds.
2024-05-09 12:28:15,289 - INFO - Train:4 - Approximate time left: 4 hours, 26 minutes
2024-05-09 12:28:29,751 - INFO - Train:4 - Epoch 188/1500 completed in 12.00 seconds.
2024-05-09 12:28:29,751 - INFO - Train:4 - Approximate time left: 4 hours, 26 minutes
2024-05-09 12:28:43,712 - INFO - Train:4 - Epoch 189/1500 completed in 11.82 seconds.
2024-05-09 12:28:43,712 - INFO - Train:4 - Approximate time left: 4 hours, 25 minutes
2024-05-09 12:28:57,924 - INFO - Train:4 - Epoch 190/1500 completed in 12.06 seconds.
2024-05-09 12:28:57,924 - INFO - Train:4 - Approximate time left: 4 hours, 25 minutes
2024-05-09 12:29:12,190 - INFO - Train:4 - Epoch 191/1500 completed in 12.10 seconds.
2024-05-09 12:29:12,191 - INFO - Train:4 - Approximate time left: 4 hours, 25 minutes
2024-05-09 12:29:26,259 - INFO - Train:4 - Epoch 192/1500 completed in 11.95 seconds.
2024-05-09 12:29:26,259 - INFO - Train:4 - Approximate time left: 4 hours, 25 minutes
2024-05-09 12:29:40,355 - INFO - Train:4 - Epoch 193/1500 completed in 11.97 seconds.
2024-05-09 12:29:40,355 - INFO - Train:4 - Approximate time left: 4 hours, 25 minutes
2024-05-09 12:29:54,335 - INFO - Train:4 - Epoch 194/1500 completed in 11.86 seconds.
2024-05-09 12:29:54,335 - INFO - Train:4 - Approximate time left: 4 hours, 24 minutes
2024-05-09 12:30:08,644 - INFO - Train:4 - Epoch 195/1500 completed in 12.24 seconds.
2024-05-09 12:30:08,644 - INFO - Train:4 - Approximate time left: 4 hours, 24 minutes
2024-05-09 12:30:23,743 - INFO - Train:4 - Epoch 196/1500 completed in 12.62 seconds.
2024-05-09 12:30:23,744 - INFO - Train:4 - Approximate time left: 4 hours, 24 minutes
2024-05-09 12:30:38,341 - INFO - Train:4 - Epoch 197/1500 completed in 12.14 seconds.
2024-05-09 12:30:38,341 - INFO - Train:4 - Approximate time left: 4 hours, 24 minutes
2024-05-09 12:30:52,715 - INFO - Train:4 - Epoch 198/1500 completed in 12.26 seconds.
2024-05-09 12:30:52,715 - INFO - Train:4 - Approximate time left: 4 hours, 24 minutes
2024-05-09 12:31:06,730 - INFO - Train:4 - Epoch 199/1500 completed in 11.89 seconds.
2024-05-09 12:31:06,730 - INFO - Train:4 - Approximate time left: 4 hours, 23 minutes
2024-05-09 12:31:21,027 - INFO - Train:4 - Epoch 200/1500 completed in 12.16 seconds.
2024-05-09 12:31:21,028 - INFO - Train:4 - Approximate time left: 4 hours, 23 minutes
2024-05-09 12:31:34,943 - ERROR - Train:4 - Error saving checkpoint: join() argument must be str, bytes, or os.PathLike object, not 'NoneType'
Traceback (most recent call last):
  File "/data/Pein/Pytorch/Ascend-NPU-Parallel-Training/1-src/trainer.py", line 538, in save_checkpoint
    save_checkpoint_folder = os.path.join(
  File "/root/miniconda3/envs/Pein38/lib/python3.8/posixpath.py", line 90, in join
    genericpath._check_arg_types('join', a, *p)
  File "/root/miniconda3/envs/Pein38/lib/python3.8/genericpath.py", line 152, in _check_arg_types
    raise TypeError(f'{funcname}() argument must be str, bytes, or '
TypeError: join() argument must be str, bytes, or os.PathLike object, not 'NoneType'
2024-05-09 12:31:34,944 - INFO - Train:4 - Epoch 201/1500 completed in 11.79 seconds.
2024-05-09 12:31:34,944 - INFO - Train:4 - Approximate time left: 4 hours, 23 minutes
2024-05-09 12:31:49,357 - INFO - Train:4 - Epoch 202/1500 completed in 11.95 seconds.
2024-05-09 12:31:49,358 - INFO - Train:4 - Approximate time left: 4 hours, 23 minutes
2024-05-09 12:32:03,290 - INFO - Train:4 - Epoch 203/1500 completed in 11.80 seconds.
2024-05-09 12:32:03,291 - INFO - Train:4 - Approximate time left: 4 hours, 22 minutes
2024-05-09 12:32:17,272 - INFO - Train:4 - Epoch 204/1500 completed in 11.84 seconds.
2024-05-09 12:32:17,272 - INFO - Train:4 - Approximate time left: 4 hours, 22 minutes
2024-05-09 12:32:31,407 - INFO - Train:4 - Epoch 205/1500 completed in 12.02 seconds.
2024-05-09 12:32:31,407 - INFO - Train:4 - Approximate time left: 4 hours, 22 minutes
2024-05-09 12:32:45,303 - INFO - Train:4 - Epoch 206/1500 completed in 11.76 seconds.
2024-05-09 12:32:45,304 - INFO - Train:4 - Approximate time left: 4 hours, 22 minutes
2024-05-09 12:32:59,222 - INFO - Train:4 - Epoch 207/1500 completed in 11.78 seconds.
2024-05-09 12:32:59,222 - INFO - Train:4 - Approximate time left: 4 hours, 21 minutes
2024-05-09 12:33:13,081 - INFO - Train:4 - Epoch 208/1500 completed in 11.74 seconds.
2024-05-09 12:33:13,081 - INFO - Train:4 - Approximate time left: 4 hours, 21 minutes
2024-05-09 12:33:27,399 - INFO - Train:4 - Epoch 209/1500 completed in 12.24 seconds.
2024-05-09 12:33:27,400 - INFO - Train:4 - Approximate time left: 4 hours, 21 minutes
2024-05-09 12:33:41,966 - INFO - Train:4 - Epoch 210/1500 completed in 12.41 seconds.
2024-05-09 12:33:41,966 - INFO - Train:4 - Approximate time left: 4 hours, 21 minutes
2024-05-09 12:33:55,944 - INFO - Train:4 - Epoch 211/1500 completed in 11.82 seconds.
2024-05-09 12:33:55,945 - INFO - Train:4 - Approximate time left: 4 hours, 21 minutes
2024-05-09 12:34:10,021 - INFO - Train:4 - Epoch 212/1500 completed in 12.00 seconds.
2024-05-09 12:34:10,022 - INFO - Train:4 - Approximate time left: 4 hours, 20 minutes
2024-05-09 12:34:24,116 - INFO - Train:4 - Epoch 213/1500 completed in 11.98 seconds.
2024-05-09 12:34:24,117 - INFO - Train:4 - Approximate time left: 4 hours, 20 minutes
2024-05-09 12:34:38,209 - INFO - Train:4 - Epoch 214/1500 completed in 11.94 seconds.
2024-05-09 12:34:38,209 - INFO - Train:4 - Approximate time left: 4 hours, 20 minutes
2024-05-09 12:34:52,276 - INFO - Train:4 - Epoch 215/1500 completed in 11.92 seconds.
2024-05-09 12:34:52,277 - INFO - Train:4 - Approximate time left: 4 hours, 20 minutes
2024-05-09 12:35:06,266 - INFO - Train:4 - Epoch 216/1500 completed in 11.88 seconds.
2024-05-09 12:35:06,266 - INFO - Train:4 - Approximate time left: 4 hours, 19 minutes
2024-05-09 12:35:20,394 - INFO - Train:4 - Epoch 217/1500 completed in 12.00 seconds.
2024-05-09 12:35:20,394 - INFO - Train:4 - Approximate time left: 4 hours, 19 minutes
2024-05-09 12:35:34,833 - INFO - Train:4 - Epoch 218/1500 completed in 12.31 seconds.
2024-05-09 12:35:34,833 - INFO - Train:4 - Approximate time left: 4 hours, 19 minutes
2024-05-09 12:35:48,587 - INFO - Train:4 - Epoch 219/1500 completed in 11.67 seconds.
2024-05-09 12:35:48,588 - INFO - Train:4 - Approximate time left: 4 hours, 19 minutes
2024-05-09 12:36:02,485 - INFO - Train:4 - Epoch 220/1500 completed in 11.78 seconds.
2024-05-09 12:36:02,486 - INFO - Train:4 - Approximate time left: 4 hours, 19 minutes
2024-05-09 12:36:17,016 - INFO - Train:4 - Epoch 221/1500 completed in 12.43 seconds.
2024-05-09 12:36:17,016 - INFO - Train:4 - Approximate time left: 4 hours, 18 minutes
2024-05-09 12:36:30,924 - INFO - Train:4 - Epoch 222/1500 completed in 11.77 seconds.
2024-05-09 12:36:30,925 - INFO - Train:4 - Approximate time left: 4 hours, 18 minutes
2024-05-09 12:36:46,012 - INFO - Train:4 - Epoch 223/1500 completed in 12.99 seconds.
2024-05-09 12:36:46,012 - INFO - Train:4 - Approximate time left: 4 hours, 18 minutes
2024-05-09 12:36:59,839 - INFO - Train:4 - Epoch 224/1500 completed in 11.73 seconds.
2024-05-09 12:36:59,840 - INFO - Train:4 - Approximate time left: 4 hours, 18 minutes
2024-05-09 12:37:14,015 - INFO - Train:4 - Epoch 225/1500 completed in 12.05 seconds.
2024-05-09 12:37:14,015 - INFO - Train:4 - Approximate time left: 4 hours, 18 minutes
2024-05-09 12:37:28,135 - INFO - Train:4 - Epoch 226/1500 completed in 12.00 seconds.
2024-05-09 12:37:28,135 - INFO - Train:4 - Approximate time left: 4 hours, 17 minutes
2024-05-09 12:37:43,067 - INFO - Train:4 - Epoch 227/1500 completed in 12.83 seconds.
2024-05-09 12:37:43,067 - INFO - Train:4 - Approximate time left: 4 hours, 17 minutes
2024-05-09 12:37:57,250 - INFO - Train:4 - Epoch 228/1500 completed in 12.07 seconds.
2024-05-09 12:37:57,250 - INFO - Train:4 - Approximate time left: 4 hours, 17 minutes
2024-05-09 12:38:11,450 - INFO - Train:4 - Epoch 229/1500 completed in 12.09 seconds.
2024-05-09 12:38:11,451 - INFO - Train:4 - Approximate time left: 4 hours, 17 minutes
2024-05-09 12:38:25,800 - INFO - Train:4 - Epoch 230/1500 completed in 11.90 seconds.
2024-05-09 12:38:25,800 - INFO - Train:4 - Approximate time left: 4 hours, 17 minutes
2024-05-09 12:38:39,891 - INFO - Train:4 - Epoch 231/1500 completed in 11.99 seconds.
2024-05-09 12:38:39,891 - INFO - Train:4 - Approximate time left: 4 hours, 16 minutes
2024-05-09 12:38:53,832 - INFO - Train:4 - Epoch 232/1500 completed in 11.81 seconds.
2024-05-09 12:38:53,833 - INFO - Train:4 - Approximate time left: 4 hours, 16 minutes
2024-05-09 12:39:07,754 - INFO - Train:4 - Epoch 233/1500 completed in 11.80 seconds.
2024-05-09 12:39:07,754 - INFO - Train:4 - Approximate time left: 4 hours, 16 minutes
2024-05-09 12:39:21,885 - INFO - Train:4 - Epoch 234/1500 completed in 11.98 seconds.
2024-05-09 12:39:21,885 - INFO - Train:4 - Approximate time left: 4 hours, 16 minutes
2024-05-09 12:39:35,897 - INFO - Train:4 - Epoch 235/1500 completed in 11.90 seconds.
2024-05-09 12:39:35,897 - INFO - Train:4 - Approximate time left: 4 hours, 15 minutes
2024-05-09 12:39:50,185 - INFO - Train:4 - Epoch 236/1500 completed in 12.16 seconds.
2024-05-09 12:39:50,185 - INFO - Train:4 - Approximate time left: 4 hours, 15 minutes
2024-05-09 12:40:04,251 - INFO - Train:4 - Epoch 237/1500 completed in 11.93 seconds.
2024-05-09 12:40:04,251 - INFO - Train:4 - Approximate time left: 4 hours, 15 minutes
2024-05-09 12:40:18,319 - INFO - Train:4 - Epoch 238/1500 completed in 11.90 seconds.
2024-05-09 12:40:18,319 - INFO - Train:4 - Approximate time left: 4 hours, 15 minutes
2024-05-09 12:40:32,523 - INFO - Train:4 - Epoch 239/1500 completed in 12.07 seconds.
2024-05-09 12:40:32,523 - INFO - Train:4 - Approximate time left: 4 hours, 15 minutes
2024-05-09 12:40:46,703 - INFO - Train:4 - Epoch 240/1500 completed in 12.06 seconds.
2024-05-09 12:40:46,703 - INFO - Train:4 - Approximate time left: 4 hours, 14 minutes
2024-05-09 12:41:00,973 - INFO - Train:4 - Epoch 241/1500 completed in 12.08 seconds.
2024-05-09 12:41:00,973 - INFO - Train:4 - Approximate time left: 4 hours, 14 minutes
2024-05-09 12:41:15,028 - INFO - Train:4 - Epoch 242/1500 completed in 11.96 seconds.
2024-05-09 12:41:15,028 - INFO - Train:4 - Approximate time left: 4 hours, 14 minutes
2024-05-09 12:41:29,290 - INFO - Train:4 - Epoch 243/1500 completed in 12.11 seconds.
2024-05-09 12:41:29,290 - INFO - Train:4 - Approximate time left: 4 hours, 14 minutes
2024-05-09 12:41:43,516 - INFO - Train:4 - Epoch 244/1500 completed in 12.05 seconds.
2024-05-09 12:41:43,516 - INFO - Train:4 - Approximate time left: 4 hours, 14 minutes
2024-05-09 12:41:57,945 - INFO - Train:4 - Epoch 245/1500 completed in 12.02 seconds.
2024-05-09 12:41:57,945 - INFO - Train:4 - Approximate time left: 4 hours, 13 minutes
2024-05-09 12:42:11,913 - INFO - Train:4 - Epoch 246/1500 completed in 11.86 seconds.
2024-05-09 12:42:11,914 - INFO - Train:4 - Approximate time left: 4 hours, 13 minutes
2024-05-09 12:42:25,801 - INFO - Train:4 - Epoch 247/1500 completed in 11.76 seconds.
2024-05-09 12:42:25,801 - INFO - Train:4 - Approximate time left: 4 hours, 13 minutes
2024-05-09 12:42:40,215 - INFO - Train:4 - Epoch 248/1500 completed in 12.29 seconds.
2024-05-09 12:42:40,215 - INFO - Train:4 - Approximate time left: 4 hours, 13 minutes
2024-05-09 12:42:54,405 - INFO - Train:4 - Epoch 249/1500 completed in 12.02 seconds.
2024-05-09 12:42:54,405 - INFO - Train:4 - Approximate time left: 4 hours, 12 minutes
2024-05-09 12:43:09,123 - INFO - Train:4 - Epoch 250/1500 completed in 12.57 seconds.
2024-05-09 12:43:09,124 - INFO - Train:4 - Approximate time left: 4 hours, 12 minutes
2024-05-09 12:43:23,674 - INFO - Train:4 - Epoch 251/1500 completed in 12.44 seconds.
2024-05-09 12:43:23,675 - INFO - Train:4 - Approximate time left: 4 hours, 12 minutes
2024-05-09 12:43:37,945 - INFO - Train:4 - Epoch 252/1500 completed in 12.08 seconds.
2024-05-09 12:43:37,945 - INFO - Train:4 - Approximate time left: 4 hours, 12 minutes
2024-05-09 12:43:51,983 - INFO - Train:4 - Epoch 253/1500 completed in 11.90 seconds.
2024-05-09 12:43:51,984 - INFO - Train:4 - Approximate time left: 4 hours, 12 minutes
2024-05-09 12:44:06,125 - INFO - Train:4 - Epoch 254/1500 completed in 12.00 seconds.
2024-05-09 12:44:06,126 - INFO - Train:4 - Approximate time left: 4 hours, 12 minutes
2024-05-09 12:44:20,550 - INFO - Train:4 - Epoch 255/1500 completed in 12.31 seconds.
2024-05-09 12:44:20,550 - INFO - Train:4 - Approximate time left: 4 hours, 11 minutes
2024-05-09 12:44:35,278 - INFO - Train:4 - Epoch 256/1500 completed in 12.60 seconds.
2024-05-09 12:44:35,279 - INFO - Train:4 - Approximate time left: 4 hours, 11 minutes
2024-05-09 12:44:49,994 - INFO - Train:4 - Epoch 257/1500 completed in 12.60 seconds.
2024-05-09 12:44:49,994 - INFO - Train:4 - Approximate time left: 4 hours, 11 minutes
2024-05-09 12:45:04,651 - INFO - Train:4 - Epoch 258/1500 completed in 12.59 seconds.
2024-05-09 12:45:04,652 - INFO - Train:4 - Approximate time left: 4 hours, 11 minutes
2024-05-09 12:45:18,365 - INFO - Train:4 - Epoch 259/1500 completed in 11.59 seconds.
2024-05-09 12:45:18,365 - INFO - Train:4 - Approximate time left: 4 hours, 11 minutes
2024-05-09 12:45:32,221 - INFO - Train:4 - Epoch 260/1500 completed in 11.74 seconds.
2024-05-09 12:45:32,221 - INFO - Train:4 - Approximate time left: 4 hours, 10 minutes
2024-05-09 12:45:45,655 - INFO - Train:4 - Epoch 261/1500 completed in 11.32 seconds.
2024-05-09 12:45:45,655 - INFO - Train:4 - Approximate time left: 4 hours, 10 minutes
2024-05-09 12:46:00,419 - INFO - Train:4 - Epoch 262/1500 completed in 12.62 seconds.
2024-05-09 12:46:00,419 - INFO - Train:4 - Approximate time left: 4 hours, 10 minutes
2024-05-09 12:46:14,387 - INFO - Train:4 - Epoch 263/1500 completed in 11.86 seconds.
2024-05-09 12:46:14,387 - INFO - Train:4 - Approximate time left: 4 hours, 10 minutes
2024-05-09 12:46:29,184 - INFO - Train:4 - Epoch 264/1500 completed in 12.67 seconds.
2024-05-09 12:46:29,184 - INFO - Train:4 - Approximate time left: 4 hours, 10 minutes
2024-05-09 12:46:43,001 - INFO - Train:4 - Epoch 265/1500 completed in 11.64 seconds.
2024-05-09 12:46:43,001 - INFO - Train:4 - Approximate time left: 4 hours, 9 minutes
2024-05-09 12:46:57,060 - INFO - Train:4 - Epoch 266/1500 completed in 11.96 seconds.
2024-05-09 12:46:57,060 - INFO - Train:4 - Approximate time left: 4 hours, 9 minutes
2024-05-09 12:47:11,216 - INFO - Train:4 - Epoch 267/1500 completed in 12.06 seconds.
2024-05-09 12:47:11,216 - INFO - Train:4 - Approximate time left: 4 hours, 9 minutes
2024-05-09 12:47:25,254 - INFO - Train:4 - Epoch 268/1500 completed in 11.92 seconds.
2024-05-09 12:47:25,254 - INFO - Train:4 - Approximate time left: 4 hours, 9 minutes
2024-05-09 12:47:39,147 - INFO - Train:4 - Epoch 269/1500 completed in 11.79 seconds.
2024-05-09 12:47:39,148 - INFO - Train:4 - Approximate time left: 4 hours, 8 minutes
2024-05-09 12:47:53,312 - INFO - Train:4 - Epoch 270/1500 completed in 12.03 seconds.
2024-05-09 12:47:53,312 - INFO - Train:4 - Approximate time left: 4 hours, 8 minutes
2024-05-09 12:48:07,349 - INFO - Train:4 - Epoch 271/1500 completed in 11.93 seconds.
2024-05-09 12:48:07,350 - INFO - Train:4 - Approximate time left: 4 hours, 8 minutes
2024-05-09 12:48:21,535 - INFO - Train:4 - Epoch 272/1500 completed in 12.09 seconds.
2024-05-09 12:48:21,535 - INFO - Train:4 - Approximate time left: 4 hours, 8 minutes
2024-05-09 12:48:35,550 - INFO - Train:4 - Epoch 273/1500 completed in 11.92 seconds.
2024-05-09 12:48:35,550 - INFO - Train:4 - Approximate time left: 4 hours, 8 minutes
2024-05-09 12:48:49,595 - INFO - Train:4 - Epoch 274/1500 completed in 11.92 seconds.
2024-05-09 12:48:49,596 - INFO - Train:4 - Approximate time left: 4 hours, 7 minutes
2024-05-09 12:49:03,727 - INFO - Train:4 - Epoch 275/1500 completed in 12.04 seconds.
2024-05-09 12:49:03,727 - INFO - Train:4 - Approximate time left: 4 hours, 7 minutes
2024-05-09 12:49:17,541 - INFO - Train:4 - Epoch 276/1500 completed in 11.72 seconds.
2024-05-09 12:49:17,541 - INFO - Train:4 - Approximate time left: 4 hours, 7 minutes
2024-05-09 12:49:31,477 - INFO - Train:4 - Epoch 277/1500 completed in 11.79 seconds.
2024-05-09 12:49:31,477 - INFO - Train:4 - Approximate time left: 4 hours, 7 minutes
2024-05-09 12:49:45,881 - INFO - Train:4 - Epoch 278/1500 completed in 12.28 seconds.
2024-05-09 12:49:45,882 - INFO - Train:4 - Approximate time left: 4 hours, 6 minutes
2024-05-09 12:50:00,444 - INFO - Train:4 - Epoch 279/1500 completed in 12.42 seconds.
2024-05-09 12:50:00,444 - INFO - Train:4 - Approximate time left: 4 hours, 6 minutes
2024-05-09 12:50:14,703 - INFO - Train:4 - Epoch 280/1500 completed in 12.13 seconds.
2024-05-09 12:50:14,703 - INFO - Train:4 - Approximate time left: 4 hours, 6 minutes
2024-05-09 12:50:28,936 - INFO - Train:4 - Epoch 281/1500 completed in 12.09 seconds.
2024-05-09 12:50:28,936 - INFO - Train:4 - Approximate time left: 4 hours, 6 minutes
2024-05-09 12:50:42,685 - INFO - Train:4 - Epoch 282/1500 completed in 11.62 seconds.
2024-05-09 12:50:42,686 - INFO - Train:4 - Approximate time left: 4 hours, 6 minutes
2024-05-09 12:50:56,815 - INFO - Train:4 - Epoch 283/1500 completed in 11.98 seconds.
2024-05-09 12:50:56,815 - INFO - Train:4 - Approximate time left: 4 hours, 5 minutes
2024-05-09 12:51:10,814 - INFO - Train:4 - Epoch 284/1500 completed in 11.88 seconds.
2024-05-09 12:51:10,814 - INFO - Train:4 - Approximate time left: 4 hours, 5 minutes
2024-05-09 12:51:24,903 - INFO - Train:4 - Epoch 285/1500 completed in 11.98 seconds.
2024-05-09 12:51:24,904 - INFO - Train:4 - Approximate time left: 4 hours, 5 minutes
2024-05-09 12:51:39,017 - INFO - Train:4 - Epoch 286/1500 completed in 11.93 seconds.
2024-05-09 12:51:39,017 - INFO - Train:4 - Approximate time left: 4 hours, 5 minutes
2024-05-09 12:51:53,112 - INFO - Train:4 - Epoch 287/1500 completed in 11.97 seconds.
2024-05-09 12:51:53,112 - INFO - Train:4 - Approximate time left: 4 hours, 5 minutes
2024-05-09 12:52:07,267 - INFO - Train:4 - Epoch 288/1500 completed in 12.04 seconds.
2024-05-09 12:52:07,267 - INFO - Train:4 - Approximate time left: 4 hours, 4 minutes
2024-05-09 12:52:21,335 - INFO - Train:4 - Epoch 289/1500 completed in 11.95 seconds.
2024-05-09 12:52:21,336 - INFO - Train:4 - Approximate time left: 4 hours, 4 minutes
2024-05-09 12:52:34,757 - INFO - Train:4 - Epoch 290/1500 completed in 11.28 seconds.
2024-05-09 12:52:34,758 - INFO - Train:4 - Approximate time left: 4 hours, 4 minutes
2024-05-09 12:52:48,522 - INFO - Train:4 - Epoch 291/1500 completed in 11.65 seconds.
2024-05-09 12:52:48,522 - INFO - Train:4 - Approximate time left: 4 hours, 4 minutes
2024-05-09 12:53:02,588 - INFO - Train:4 - Epoch 292/1500 completed in 11.99 seconds.
2024-05-09 12:53:02,588 - INFO - Train:4 - Approximate time left: 4 hours, 3 minutes
2024-05-09 12:53:16,720 - INFO - Train:4 - Epoch 293/1500 completed in 12.01 seconds.
2024-05-09 12:53:16,721 - INFO - Train:4 - Approximate time left: 4 hours, 3 minutes
2024-05-09 12:53:30,898 - INFO - Train:4 - Epoch 294/1500 completed in 12.04 seconds.
2024-05-09 12:53:30,898 - INFO - Train:4 - Approximate time left: 4 hours, 3 minutes
2024-05-09 12:53:44,834 - INFO - Train:4 - Epoch 295/1500 completed in 11.76 seconds.
2024-05-09 12:53:44,835 - INFO - Train:4 - Approximate time left: 4 hours, 3 minutes
2024-05-09 12:53:59,527 - INFO - Train:4 - Epoch 296/1500 completed in 12.56 seconds.
2024-05-09 12:53:59,527 - INFO - Train:4 - Approximate time left: 4 hours, 3 minutes
2024-05-09 12:54:13,583 - INFO - Train:4 - Epoch 297/1500 completed in 11.92 seconds.
2024-05-09 12:54:13,584 - INFO - Train:4 - Approximate time left: 4 hours, 2 minutes
2024-05-09 12:54:27,732 - INFO - Train:4 - Epoch 298/1500 completed in 12.04 seconds.
2024-05-09 12:54:27,732 - INFO - Train:4 - Approximate time left: 4 hours, 2 minutes
2024-05-09 12:54:42,129 - INFO - Train:4 - Epoch 299/1500 completed in 12.22 seconds.
2024-05-09 12:54:42,129 - INFO - Train:4 - Approximate time left: 4 hours, 2 minutes
2024-05-09 12:54:56,328 - INFO - Train:4 - Epoch 300/1500 completed in 12.09 seconds.
2024-05-09 12:54:56,329 - INFO - Train:4 - Approximate time left: 4 hours, 2 minutes
2024-05-09 12:55:10,200 - INFO - Train:4 - Epoch 301/1500 completed in 11.74 seconds.
2024-05-09 12:55:10,200 - INFO - Train:4 - Approximate time left: 4 hours, 2 minutes
2024-05-09 12:55:23,903 - INFO - Train:4 - Epoch 302/1500 completed in 11.57 seconds.
2024-05-09 12:55:23,904 - INFO - Train:4 - Approximate time left: 4 hours, 1 minutes
2024-05-09 12:55:38,172 - INFO - Train:4 - Epoch 303/1500 completed in 12.18 seconds.
2024-05-09 12:55:38,172 - INFO - Train:4 - Approximate time left: 4 hours, 1 minutes
2024-05-09 12:55:52,238 - INFO - Train:4 - Epoch 304/1500 completed in 11.99 seconds.
2024-05-09 12:55:52,239 - INFO - Train:4 - Approximate time left: 4 hours, 1 minutes
2024-05-09 12:56:07,482 - INFO - Train:4 - Epoch 305/1500 completed in 13.14 seconds.
2024-05-09 12:56:07,482 - INFO - Train:4 - Approximate time left: 4 hours, 1 minutes
2024-05-09 12:56:22,063 - INFO - Train:4 - Epoch 306/1500 completed in 12.47 seconds.
2024-05-09 12:56:22,063 - INFO - Train:4 - Approximate time left: 4 hours, 1 minutes
2024-05-09 12:56:35,745 - INFO - Train:4 - Epoch 307/1500 completed in 11.57 seconds.
2024-05-09 12:56:35,746 - INFO - Train:4 - Approximate time left: 4 hours, 0 minutes
2024-05-09 12:56:49,135 - INFO - Train:4 - Epoch 308/1500 completed in 11.27 seconds.
2024-05-09 12:56:49,135 - INFO - Train:4 - Approximate time left: 4 hours, 0 minutes
2024-05-09 12:57:03,141 - INFO - Train:4 - Epoch 309/1500 completed in 11.90 seconds.
2024-05-09 12:57:03,141 - INFO - Train:4 - Approximate time left: 4 hours, 0 minutes
2024-05-09 12:57:17,073 - INFO - Train:4 - Epoch 310/1500 completed in 11.83 seconds.
2024-05-09 12:57:17,073 - INFO - Train:4 - Approximate time left: 4 hours, 0 minutes
2024-05-09 12:57:31,409 - INFO - Train:4 - Epoch 311/1500 completed in 11.86 seconds.
2024-05-09 12:57:31,409 - INFO - Train:4 - Approximate time left: 3 hours, 59 minutes
2024-05-09 12:57:45,363 - INFO - Train:4 - Epoch 312/1500 completed in 11.87 seconds.
2024-05-09 12:57:45,363 - INFO - Train:4 - Approximate time left: 3 hours, 59 minutes
2024-05-09 12:57:59,872 - INFO - Train:4 - Epoch 313/1500 completed in 12.02 seconds.
2024-05-09 12:57:59,872 - INFO - Train:4 - Approximate time left: 3 hours, 59 minutes
2024-05-09 12:58:14,230 - INFO - Train:4 - Epoch 314/1500 completed in 12.25 seconds.
2024-05-09 12:58:14,231 - INFO - Train:4 - Approximate time left: 3 hours, 59 minutes
2024-05-09 12:58:28,349 - INFO - Train:4 - Epoch 315/1500 completed in 11.98 seconds.
2024-05-09 12:58:28,349 - INFO - Train:4 - Approximate time left: 3 hours, 59 minutes
2024-05-09 12:58:42,563 - INFO - Train:4 - Epoch 316/1500 completed in 12.03 seconds.
2024-05-09 12:58:42,563 - INFO - Train:4 - Approximate time left: 3 hours, 58 minutes
2024-05-09 12:58:57,047 - INFO - Train:4 - Epoch 317/1500 completed in 12.32 seconds.
2024-05-09 12:58:57,047 - INFO - Train:4 - Approximate time left: 3 hours, 58 minutes
2024-05-09 12:59:11,998 - INFO - Train:4 - Epoch 318/1500 completed in 12.83 seconds.
2024-05-09 12:59:11,998 - INFO - Train:4 - Approximate time left: 3 hours, 58 minutes
2024-05-09 12:59:26,902 - INFO - Train:4 - Epoch 319/1500 completed in 12.76 seconds.
2024-05-09 12:59:26,903 - INFO - Train:4 - Approximate time left: 3 hours, 58 minutes
2024-05-09 12:59:41,285 - INFO - Train:4 - Epoch 320/1500 completed in 12.25 seconds.
2024-05-09 12:59:41,285 - INFO - Train:4 - Approximate time left: 3 hours, 58 minutes
2024-05-09 12:59:55,698 - INFO - Train:4 - Epoch 321/1500 completed in 12.31 seconds.
2024-05-09 12:59:55,698 - INFO - Train:4 - Approximate time left: 3 hours, 58 minutes
2024-05-09 13:00:10,191 - INFO - Train:4 - Epoch 322/1500 completed in 12.33 seconds.
2024-05-09 13:00:10,191 - INFO - Train:4 - Approximate time left: 3 hours, 57 minutes
2024-05-09 13:00:24,385 - INFO - Train:4 - Epoch 323/1500 completed in 12.07 seconds.
2024-05-09 13:00:24,385 - INFO - Train:4 - Approximate time left: 3 hours, 57 minutes
2024-05-09 13:00:38,549 - INFO - Train:4 - Epoch 324/1500 completed in 12.06 seconds.
2024-05-09 13:00:38,550 - INFO - Train:4 - Approximate time left: 3 hours, 57 minutes
2024-05-09 13:00:52,644 - INFO - Train:4 - Epoch 325/1500 completed in 11.96 seconds.
2024-05-09 13:00:52,644 - INFO - Train:4 - Approximate time left: 3 hours, 57 minutes
2024-05-09 13:01:06,838 - INFO - Train:4 - Epoch 326/1500 completed in 12.02 seconds.
2024-05-09 13:01:06,838 - INFO - Train:4 - Approximate time left: 3 hours, 57 minutes
2024-05-09 13:01:21,435 - INFO - Train:4 - Epoch 327/1500 completed in 12.39 seconds.
2024-05-09 13:01:21,435 - INFO - Train:4 - Approximate time left: 3 hours, 56 minutes
2024-05-09 13:01:36,045 - INFO - Train:4 - Epoch 328/1500 completed in 12.50 seconds.
2024-05-09 13:01:36,045 - INFO - Train:4 - Approximate time left: 3 hours, 56 minutes
2024-05-09 13:01:50,670 - INFO - Train:4 - Epoch 329/1500 completed in 12.55 seconds.
2024-05-09 13:01:50,670 - INFO - Train:4 - Approximate time left: 3 hours, 56 minutes
2024-05-09 13:02:05,452 - INFO - Train:4 - Epoch 330/1500 completed in 12.71 seconds.
2024-05-09 13:02:05,452 - INFO - Train:4 - Approximate time left: 3 hours, 56 minutes
2024-05-09 13:02:20,765 - INFO - Train:4 - Epoch 331/1500 completed in 13.20 seconds.
2024-05-09 13:02:20,765 - INFO - Train:4 - Approximate time left: 3 hours, 56 minutes
2024-05-09 13:02:34,800 - INFO - Train:4 - Epoch 332/1500 completed in 11.91 seconds.
2024-05-09 13:02:34,800 - INFO - Train:4 - Approximate time left: 3 hours, 55 minutes
2024-05-09 13:02:48,905 - INFO - Train:4 - Epoch 333/1500 completed in 12.00 seconds.
2024-05-09 13:02:48,906 - INFO - Train:4 - Approximate time left: 3 hours, 55 minutes
2024-05-09 13:03:03,077 - INFO - Train:4 - Epoch 334/1500 completed in 12.02 seconds.
2024-05-09 13:03:03,077 - INFO - Train:4 - Approximate time left: 3 hours, 55 minutes
2024-05-09 13:03:17,453 - INFO - Train:4 - Epoch 335/1500 completed in 12.18 seconds.
2024-05-09 13:03:17,453 - INFO - Train:4 - Approximate time left: 3 hours, 55 minutes
2024-05-09 13:03:31,187 - INFO - Train:4 - Epoch 336/1500 completed in 11.56 seconds.
2024-05-09 13:03:31,188 - INFO - Train:4 - Approximate time left: 3 hours, 55 minutes
2024-05-09 13:03:45,121 - INFO - Train:4 - Epoch 337/1500 completed in 11.80 seconds.
2024-05-09 13:03:45,121 - INFO - Train:4 - Approximate time left: 3 hours, 54 minutes
2024-05-09 13:03:58,991 - INFO - Train:4 - Epoch 338/1500 completed in 11.69 seconds.
2024-05-09 13:03:58,991 - INFO - Train:4 - Approximate time left: 3 hours, 54 minutes
2024-05-09 13:04:13,056 - INFO - Train:4 - Epoch 339/1500 completed in 11.97 seconds.
2024-05-09 13:04:13,056 - INFO - Train:4 - Approximate time left: 3 hours, 54 minutes
2024-05-09 13:04:26,982 - INFO - Train:4 - Epoch 340/1500 completed in 11.86 seconds.
2024-05-09 13:04:26,982 - INFO - Train:4 - Approximate time left: 3 hours, 54 minutes
2024-05-09 13:04:41,276 - INFO - Train:4 - Epoch 341/1500 completed in 12.16 seconds.
2024-05-09 13:04:41,277 - INFO - Train:4 - Approximate time left: 3 hours, 54 minutes
2024-05-09 13:04:55,358 - INFO - Train:4 - Epoch 342/1500 completed in 11.95 seconds.
2024-05-09 13:04:55,358 - INFO - Train:4 - Approximate time left: 3 hours, 53 minutes
2024-05-09 13:05:09,299 - INFO - Train:4 - Epoch 343/1500 completed in 11.76 seconds.
2024-05-09 13:05:09,300 - INFO - Train:4 - Approximate time left: 3 hours, 53 minutes
2024-05-09 13:05:22,854 - INFO - Train:4 - Epoch 344/1500 completed in 11.34 seconds.
2024-05-09 13:05:22,854 - INFO - Train:4 - Approximate time left: 3 hours, 53 minutes
2024-05-09 13:05:36,641 - INFO - Train:4 - Epoch 345/1500 completed in 11.64 seconds.
2024-05-09 13:05:36,641 - INFO - Train:4 - Approximate time left: 3 hours, 53 minutes
2024-05-09 13:05:50,592 - INFO - Train:4 - Epoch 346/1500 completed in 11.83 seconds.
2024-05-09 13:05:50,592 - INFO - Train:4 - Approximate time left: 3 hours, 52 minutes
2024-05-09 13:06:04,787 - INFO - Train:4 - Epoch 347/1500 completed in 12.12 seconds.
2024-05-09 13:06:04,787 - INFO - Train:4 - Approximate time left: 3 hours, 52 minutes
2024-05-09 13:06:19,021 - INFO - Train:4 - Epoch 348/1500 completed in 12.13 seconds.
2024-05-09 13:06:19,022 - INFO - Train:4 - Approximate time left: 3 hours, 52 minutes
2024-05-09 13:06:33,212 - INFO - Train:4 - Epoch 349/1500 completed in 12.12 seconds.
2024-05-09 13:06:33,212 - INFO - Train:4 - Approximate time left: 3 hours, 52 minutes
2024-05-09 13:06:47,307 - INFO - Train:4 - Epoch 350/1500 completed in 11.97 seconds.
2024-05-09 13:06:47,307 - INFO - Train:4 - Approximate time left: 3 hours, 52 minutes
2024-05-09 13:07:01,654 - INFO - Train:4 - Epoch 351/1500 completed in 12.25 seconds.
2024-05-09 13:07:01,654 - INFO - Train:4 - Approximate time left: 3 hours, 51 minutes
2024-05-09 13:07:15,412 - INFO - Train:4 - Epoch 352/1500 completed in 11.58 seconds.
2024-05-09 13:07:15,412 - INFO - Train:4 - Approximate time left: 3 hours, 51 minutes
2024-05-09 13:07:29,528 - INFO - Train:4 - Epoch 353/1500 completed in 12.01 seconds.
2024-05-09 13:07:29,528 - INFO - Train:4 - Approximate time left: 3 hours, 51 minutes
2024-05-09 13:07:43,931 - INFO - Train:4 - Epoch 354/1500 completed in 12.26 seconds.
2024-05-09 13:07:43,932 - INFO - Train:4 - Approximate time left: 3 hours, 51 minutes
2024-05-09 13:07:58,150 - INFO - Train:4 - Epoch 355/1500 completed in 12.05 seconds.
2024-05-09 13:07:58,150 - INFO - Train:4 - Approximate time left: 3 hours, 51 minutes
2024-05-09 13:08:12,566 - INFO - Train:4 - Epoch 356/1500 completed in 12.23 seconds.
2024-05-09 13:08:12,567 - INFO - Train:4 - Approximate time left: 3 hours, 50 minutes
2024-05-09 13:08:26,610 - INFO - Train:4 - Epoch 357/1500 completed in 11.94 seconds.
2024-05-09 13:08:26,610 - INFO - Train:4 - Approximate time left: 3 hours, 50 minutes
2024-05-09 13:08:40,765 - INFO - Train:4 - Epoch 358/1500 completed in 12.03 seconds.
2024-05-09 13:08:40,765 - INFO - Train:4 - Approximate time left: 3 hours, 50 minutes
2024-05-09 13:08:54,945 - INFO - Train:4 - Epoch 359/1500 completed in 12.04 seconds.
2024-05-09 13:08:54,945 - INFO - Train:4 - Approximate time left: 3 hours, 50 minutes
2024-05-09 13:09:09,469 - INFO - Train:4 - Epoch 360/1500 completed in 12.34 seconds.
2024-05-09 13:09:09,469 - INFO - Train:4 - Approximate time left: 3 hours, 50 minutes
2024-05-09 13:09:23,784 - INFO - Train:4 - Epoch 361/1500 completed in 12.19 seconds.
2024-05-09 13:09:23,784 - INFO - Train:4 - Approximate time left: 3 hours, 49 minutes
2024-05-09 13:09:38,070 - INFO - Train:4 - Epoch 362/1500 completed in 12.17 seconds.
2024-05-09 13:09:38,070 - INFO - Train:4 - Approximate time left: 3 hours, 49 minutes
2024-05-09 13:09:52,260 - INFO - Train:4 - Epoch 363/1500 completed in 11.99 seconds.
2024-05-09 13:09:52,260 - INFO - Train:4 - Approximate time left: 3 hours, 49 minutes
2024-05-09 13:10:05,753 - INFO - Train:4 - Epoch 364/1500 completed in 11.40 seconds.
2024-05-09 13:10:05,754 - INFO - Train:4 - Approximate time left: 3 hours, 49 minutes
2024-05-09 13:10:19,740 - INFO - Train:4 - Epoch 365/1500 completed in 11.83 seconds.
2024-05-09 13:10:19,741 - INFO - Train:4 - Approximate time left: 3 hours, 49 minutes
2024-05-09 13:10:34,153 - INFO - Train:4 - Epoch 366/1500 completed in 12.24 seconds.
2024-05-09 13:10:34,153 - INFO - Train:4 - Approximate time left: 3 hours, 48 minutes
2024-05-09 13:10:48,733 - INFO - Train:4 - Epoch 367/1500 completed in 12.38 seconds.
2024-05-09 13:10:48,733 - INFO - Train:4 - Approximate time left: 3 hours, 48 minutes
2024-05-09 13:11:02,694 - INFO - Train:4 - Epoch 368/1500 completed in 11.77 seconds.
2024-05-09 13:11:02,694 - INFO - Train:4 - Approximate time left: 3 hours, 48 minutes
2024-05-09 13:11:16,929 - INFO - Train:4 - Epoch 369/1500 completed in 12.07 seconds.
2024-05-09 13:11:16,929 - INFO - Train:4 - Approximate time left: 3 hours, 48 minutes
2024-05-09 13:11:30,822 - INFO - Train:4 - Epoch 370/1500 completed in 11.73 seconds.
2024-05-09 13:11:30,823 - INFO - Train:4 - Approximate time left: 3 hours, 48 minutes
2024-05-09 13:11:45,621 - INFO - Train:4 - Epoch 371/1500 completed in 12.64 seconds.
2024-05-09 13:11:45,621 - INFO - Train:4 - Approximate time left: 3 hours, 47 minutes
2024-05-09 13:12:00,240 - INFO - Train:4 - Epoch 372/1500 completed in 12.43 seconds.
2024-05-09 13:12:00,240 - INFO - Train:4 - Approximate time left: 3 hours, 47 minutes
2024-05-09 13:12:14,298 - INFO - Train:4 - Epoch 373/1500 completed in 11.90 seconds.
2024-05-09 13:12:14,299 - INFO - Train:4 - Approximate time left: 3 hours, 47 minutes
2024-05-09 13:12:28,411 - INFO - Train:4 - Epoch 374/1500 completed in 11.95 seconds.
2024-05-09 13:12:28,411 - INFO - Train:4 - Approximate time left: 3 hours, 47 minutes
2024-05-09 13:12:42,458 - INFO - Train:4 - Epoch 375/1500 completed in 11.87 seconds.
2024-05-09 13:12:42,458 - INFO - Train:4 - Approximate time left: 3 hours, 47 minutes
2024-05-09 13:12:56,485 - INFO - Train:4 - Epoch 376/1500 completed in 11.85 seconds.
2024-05-09 13:12:56,485 - INFO - Train:4 - Approximate time left: 3 hours, 46 minutes
2024-05-09 13:13:10,983 - INFO - Train:4 - Epoch 377/1500 completed in 12.31 seconds.
2024-05-09 13:13:10,983 - INFO - Train:4 - Approximate time left: 3 hours, 46 minutes
2024-05-09 13:13:24,954 - INFO - Train:4 - Epoch 378/1500 completed in 11.84 seconds.
2024-05-09 13:13:24,955 - INFO - Train:4 - Approximate time left: 3 hours, 46 minutes
2024-05-09 13:13:38,964 - INFO - Train:4 - Epoch 379/1500 completed in 11.87 seconds.
2024-05-09 13:13:38,964 - INFO - Train:4 - Approximate time left: 3 hours, 46 minutes
2024-05-09 13:13:52,887 - INFO - Train:4 - Epoch 380/1500 completed in 11.79 seconds.
2024-05-09 13:13:52,888 - INFO - Train:4 - Approximate time left: 3 hours, 45 minutes
2024-05-09 13:14:07,192 - INFO - Train:4 - Epoch 381/1500 completed in 12.16 seconds.
2024-05-09 13:14:07,192 - INFO - Train:4 - Approximate time left: 3 hours, 45 minutes
2024-05-09 13:14:21,023 - INFO - Train:4 - Epoch 382/1500 completed in 11.69 seconds.
2024-05-09 13:14:21,023 - INFO - Train:4 - Approximate time left: 3 hours, 45 minutes
2024-05-09 13:14:35,150 - INFO - Train:4 - Epoch 383/1500 completed in 12.04 seconds.
2024-05-09 13:14:35,150 - INFO - Train:4 - Approximate time left: 3 hours, 45 minutes
2024-05-09 13:14:48,635 - INFO - Train:4 - Epoch 384/1500 completed in 11.31 seconds.
2024-05-09 13:14:48,635 - INFO - Train:4 - Approximate time left: 3 hours, 45 minutes
2024-05-09 13:15:02,415 - INFO - Train:4 - Epoch 385/1500 completed in 11.67 seconds.
2024-05-09 13:15:02,415 - INFO - Train:4 - Approximate time left: 3 hours, 44 minutes
2024-05-09 13:15:16,030 - INFO - Train:4 - Epoch 386/1500 completed in 11.48 seconds.
2024-05-09 13:15:16,030 - INFO - Train:4 - Approximate time left: 3 hours, 44 minutes
2024-05-09 13:15:29,992 - INFO - Train:4 - Epoch 387/1500 completed in 11.88 seconds.
2024-05-09 13:15:29,992 - INFO - Train:4 - Approximate time left: 3 hours, 44 minutes
2024-05-09 13:15:44,071 - INFO - Train:4 - Epoch 388/1500 completed in 11.98 seconds.
2024-05-09 13:15:44,071 - INFO - Train:4 - Approximate time left: 3 hours, 44 minutes
2024-05-09 13:15:58,310 - INFO - Train:4 - Epoch 389/1500 completed in 12.11 seconds.
2024-05-09 13:15:58,311 - INFO - Train:4 - Approximate time left: 3 hours, 44 minutes
2024-05-09 13:16:13,073 - INFO - Train:4 - Epoch 390/1500 completed in 12.32 seconds.
2024-05-09 13:16:13,073 - INFO - Train:4 - Approximate time left: 3 hours, 43 minutes
2024-05-09 13:16:27,372 - INFO - Train:4 - Epoch 391/1500 completed in 12.13 seconds.
2024-05-09 13:16:27,373 - INFO - Train:4 - Approximate time left: 3 hours, 43 minutes
2024-05-09 13:16:41,546 - INFO - Train:4 - Epoch 392/1500 completed in 12.08 seconds.
2024-05-09 13:16:41,547 - INFO - Train:4 - Approximate time left: 3 hours, 43 minutes
2024-05-09 13:16:56,394 - INFO - Train:4 - Epoch 393/1500 completed in 12.72 seconds.
2024-05-09 13:16:56,394 - INFO - Train:4 - Approximate time left: 3 hours, 43 minutes
2024-05-09 13:17:10,602 - INFO - Train:4 - Epoch 394/1500 completed in 12.05 seconds.
2024-05-09 13:17:10,603 - INFO - Train:4 - Approximate time left: 3 hours, 43 minutes
2024-05-09 13:17:24,742 - INFO - Train:4 - Epoch 395/1500 completed in 12.04 seconds.
2024-05-09 13:17:24,742 - INFO - Train:4 - Approximate time left: 3 hours, 42 minutes
2024-05-09 13:17:38,975 - INFO - Train:4 - Epoch 396/1500 completed in 12.12 seconds.
2024-05-09 13:17:38,975 - INFO - Train:4 - Approximate time left: 3 hours, 42 minutes
2024-05-09 13:17:53,113 - INFO - Train:4 - Epoch 397/1500 completed in 12.07 seconds.
2024-05-09 13:17:53,113 - INFO - Train:4 - Approximate time left: 3 hours, 42 minutes
2024-05-09 13:18:07,378 - INFO - Train:4 - Epoch 398/1500 completed in 12.15 seconds.
2024-05-09 13:18:07,378 - INFO - Train:4 - Approximate time left: 3 hours, 42 minutes
2024-05-09 13:18:21,579 - INFO - Train:4 - Epoch 399/1500 completed in 12.10 seconds.
2024-05-09 13:18:21,579 - INFO - Train:4 - Approximate time left: 3 hours, 42 minutes
2024-05-09 13:18:35,712 - INFO - Train:4 - Epoch 400/1500 completed in 11.70 seconds.
2024-05-09 13:18:35,713 - INFO - Train:4 - Approximate time left: 3 hours, 41 minutes
2024-05-09 13:18:50,316 - ERROR - Train:4 - Error saving checkpoint: join() argument must be str, bytes, or os.PathLike object, not 'NoneType'
Traceback (most recent call last):
  File "/data/Pein/Pytorch/Ascend-NPU-Parallel-Training/1-src/trainer.py", line 538, in save_checkpoint
    save_checkpoint_folder = os.path.join(
  File "/root/miniconda3/envs/Pein38/lib/python3.8/posixpath.py", line 90, in join
    genericpath._check_arg_types('join', a, *p)
  File "/root/miniconda3/envs/Pein38/lib/python3.8/genericpath.py", line 152, in _check_arg_types
    raise TypeError(f'{funcname}() argument must be str, bytes, or '
TypeError: join() argument must be str, bytes, or os.PathLike object, not 'NoneType'
2024-05-09 13:18:50,316 - INFO - Train:4 - Epoch 401/1500 completed in 12.42 seconds.
2024-05-09 13:18:50,316 - INFO - Train:4 - Approximate time left: 3 hours, 41 minutes
2024-05-09 13:19:04,814 - INFO - Train:4 - Epoch 402/1500 completed in 11.98 seconds.
2024-05-09 13:19:04,814 - INFO - Train:4 - Approximate time left: 3 hours, 41 minutes
2024-05-09 13:19:19,430 - INFO - Train:4 - Epoch 403/1500 completed in 12.50 seconds.
2024-05-09 13:19:19,430 - INFO - Train:4 - Approximate time left: 3 hours, 41 minutes
2024-05-09 13:19:33,459 - INFO - Train:4 - Epoch 404/1500 completed in 11.94 seconds.
2024-05-09 13:19:33,459 - INFO - Train:4 - Approximate time left: 3 hours, 41 minutes
2024-05-09 13:19:47,640 - INFO - Train:4 - Epoch 405/1500 completed in 12.01 seconds.
2024-05-09 13:19:47,640 - INFO - Train:4 - Approximate time left: 3 hours, 40 minutes
2024-05-09 13:20:01,547 - INFO - Train:4 - Epoch 406/1500 completed in 11.72 seconds.
2024-05-09 13:20:01,547 - INFO - Train:4 - Approximate time left: 3 hours, 40 minutes
2024-05-09 13:20:15,712 - INFO - Train:4 - Epoch 407/1500 completed in 12.02 seconds.
2024-05-09 13:20:15,712 - INFO - Train:4 - Approximate time left: 3 hours, 40 minutes
2024-05-09 13:20:29,286 - INFO - Train:4 - Epoch 408/1500 completed in 11.42 seconds.
2024-05-09 13:20:29,287 - INFO - Train:4 - Approximate time left: 3 hours, 40 minutes
2024-05-09 13:20:43,461 - INFO - Train:4 - Epoch 409/1500 completed in 12.02 seconds.
2024-05-09 13:20:43,462 - INFO - Train:4 - Approximate time left: 3 hours, 39 minutes
2024-05-09 13:20:56,908 - INFO - Train:4 - Epoch 410/1500 completed in 11.35 seconds.
2024-05-09 13:20:56,909 - INFO - Train:4 - Approximate time left: 3 hours, 39 minutes
2024-05-09 13:21:10,078 - INFO - Train:4 - Epoch 411/1500 completed in 11.03 seconds.
2024-05-09 13:21:10,078 - INFO - Train:4 - Approximate time left: 3 hours, 39 minutes
2024-05-09 13:21:23,354 - INFO - Train:4 - Epoch 412/1500 completed in 11.12 seconds.
2024-05-09 13:21:23,354 - INFO - Train:4 - Approximate time left: 3 hours, 39 minutes
2024-05-09 13:21:36,758 - INFO - Train:4 - Epoch 413/1500 completed in 11.27 seconds.
2024-05-09 13:21:36,758 - INFO - Train:4 - Approximate time left: 3 hours, 38 minutes
2024-05-09 13:21:50,353 - INFO - Train:4 - Epoch 414/1500 completed in 11.46 seconds.
2024-05-09 13:21:50,353 - INFO - Train:4 - Approximate time left: 3 hours, 38 minutes
2024-05-09 13:22:04,054 - INFO - Train:4 - Epoch 415/1500 completed in 11.60 seconds.
2024-05-09 13:22:04,054 - INFO - Train:4 - Approximate time left: 3 hours, 38 minutes
2024-05-09 13:22:18,620 - INFO - Train:4 - Epoch 416/1500 completed in 12.43 seconds.
2024-05-09 13:22:18,620 - INFO - Train:4 - Approximate time left: 3 hours, 38 minutes
2024-05-09 13:22:33,205 - INFO - Train:4 - Epoch 417/1500 completed in 12.48 seconds.
2024-05-09 13:22:33,206 - INFO - Train:4 - Approximate time left: 3 hours, 38 minutes
2024-05-09 13:22:46,811 - INFO - Train:4 - Epoch 418/1500 completed in 11.48 seconds.
2024-05-09 13:22:46,812 - INFO - Train:4 - Approximate time left: 3 hours, 37 minutes
2024-05-09 13:23:00,741 - INFO - Train:4 - Epoch 419/1500 completed in 11.79 seconds.
2024-05-09 13:23:00,741 - INFO - Train:4 - Approximate time left: 3 hours, 37 minutes
2024-05-09 13:23:14,368 - INFO - Train:4 - Epoch 420/1500 completed in 11.51 seconds.
2024-05-09 13:23:14,368 - INFO - Train:4 - Approximate time left: 3 hours, 37 minutes
2024-05-09 13:23:27,838 - INFO - Train:4 - Epoch 421/1500 completed in 11.35 seconds.
2024-05-09 13:23:27,839 - INFO - Train:4 - Approximate time left: 3 hours, 37 minutes
2024-05-09 13:23:42,025 - INFO - Train:4 - Epoch 422/1500 completed in 12.00 seconds.
2024-05-09 13:23:42,026 - INFO - Train:4 - Approximate time left: 3 hours, 37 minutes
2024-05-09 13:23:56,234 - INFO - Train:4 - Epoch 423/1500 completed in 12.03 seconds.
2024-05-09 13:23:56,234 - INFO - Train:4 - Approximate time left: 3 hours, 36 minutes
2024-05-09 13:24:10,219 - INFO - Train:4 - Epoch 424/1500 completed in 11.85 seconds.
2024-05-09 13:24:10,219 - INFO - Train:4 - Approximate time left: 3 hours, 36 minutes
2024-05-09 13:24:24,302 - INFO - Train:4 - Epoch 425/1500 completed in 11.98 seconds.
2024-05-09 13:24:24,303 - INFO - Train:4 - Approximate time left: 3 hours, 36 minutes
2024-05-09 13:24:38,471 - INFO - Train:4 - Epoch 426/1500 completed in 12.06 seconds.
2024-05-09 13:24:38,471 - INFO - Train:4 - Approximate time left: 3 hours, 36 minutes
2024-05-09 13:24:52,643 - INFO - Train:4 - Epoch 427/1500 completed in 12.02 seconds.
2024-05-09 13:24:52,644 - INFO - Train:4 - Approximate time left: 3 hours, 36 minutes
2024-05-09 13:25:06,855 - INFO - Train:4 - Epoch 428/1500 completed in 12.08 seconds.
2024-05-09 13:25:06,855 - INFO - Train:4 - Approximate time left: 3 hours, 35 minutes
2024-05-09 13:25:21,426 - INFO - Train:4 - Epoch 429/1500 completed in 12.17 seconds.
2024-05-09 13:25:21,426 - INFO - Train:4 - Approximate time left: 3 hours, 35 minutes
2024-05-09 13:25:35,660 - INFO - Train:4 - Epoch 430/1500 completed in 12.14 seconds.
2024-05-09 13:25:35,660 - INFO - Train:4 - Approximate time left: 3 hours, 35 minutes
2024-05-09 13:25:49,692 - INFO - Train:4 - Epoch 431/1500 completed in 11.91 seconds.
2024-05-09 13:25:49,692 - INFO - Train:4 - Approximate time left: 3 hours, 35 minutes
2024-05-09 13:26:03,803 - INFO - Train:4 - Epoch 432/1500 completed in 12.01 seconds.
2024-05-09 13:26:03,803 - INFO - Train:4 - Approximate time left: 3 hours, 35 minutes
2024-05-09 13:26:17,958 - INFO - Train:4 - Epoch 433/1500 completed in 12.04 seconds.
2024-05-09 13:26:17,958 - INFO - Train:4 - Approximate time left: 3 hours, 34 minutes
2024-05-09 13:26:32,030 - INFO - Train:4 - Epoch 434/1500 completed in 11.98 seconds.
2024-05-09 13:26:32,030 - INFO - Train:4 - Approximate time left: 3 hours, 34 minutes
2024-05-09 13:26:46,118 - INFO - Train:4 - Epoch 435/1500 completed in 11.99 seconds.
2024-05-09 13:26:46,118 - INFO - Train:4 - Approximate time left: 3 hours, 34 minutes
2024-05-09 13:27:00,252 - INFO - Train:4 - Epoch 436/1500 completed in 12.03 seconds.
2024-05-09 13:27:00,253 - INFO - Train:4 - Approximate time left: 3 hours, 34 minutes
2024-05-09 13:27:14,297 - INFO - Train:4 - Epoch 437/1500 completed in 11.94 seconds.
2024-05-09 13:27:14,298 - INFO - Train:4 - Approximate time left: 3 hours, 34 minutes
2024-05-09 13:27:28,233 - INFO - Train:4 - Epoch 438/1500 completed in 11.85 seconds.
2024-05-09 13:27:28,233 - INFO - Train:4 - Approximate time left: 3 hours, 33 minutes
2024-05-09 13:27:42,308 - INFO - Train:4 - Epoch 439/1500 completed in 11.96 seconds.
2024-05-09 13:27:42,308 - INFO - Train:4 - Approximate time left: 3 hours, 33 minutes
2024-05-09 13:27:56,782 - INFO - Train:4 - Epoch 440/1500 completed in 12.28 seconds.
2024-05-09 13:27:56,782 - INFO - Train:4 - Approximate time left: 3 hours, 33 minutes
2024-05-09 13:28:11,230 - INFO - Train:4 - Epoch 441/1500 completed in 12.25 seconds.
2024-05-09 13:28:11,231 - INFO - Train:4 - Approximate time left: 3 hours, 33 minutes
2024-05-09 13:28:25,149 - INFO - Train:4 - Epoch 442/1500 completed in 11.78 seconds.
2024-05-09 13:28:25,149 - INFO - Train:4 - Approximate time left: 3 hours, 32 minutes
2024-05-09 13:28:39,491 - INFO - Train:4 - Epoch 443/1500 completed in 12.15 seconds.
2024-05-09 13:28:39,492 - INFO - Train:4 - Approximate time left: 3 hours, 32 minutes
2024-05-09 13:28:53,730 - INFO - Train:4 - Epoch 444/1500 completed in 12.02 seconds.
2024-05-09 13:28:53,730 - INFO - Train:4 - Approximate time left: 3 hours, 32 minutes
2024-05-09 13:29:07,489 - INFO - Train:4 - Epoch 445/1500 completed in 11.61 seconds.
2024-05-09 13:29:07,489 - INFO - Train:4 - Approximate time left: 3 hours, 32 minutes
2024-05-09 13:29:21,381 - INFO - Train:4 - Epoch 446/1500 completed in 11.77 seconds.
2024-05-09 13:29:21,382 - INFO - Train:4 - Approximate time left: 3 hours, 32 minutes
2024-05-09 13:29:35,495 - INFO - Train:4 - Epoch 447/1500 completed in 11.92 seconds.
2024-05-09 13:29:35,496 - INFO - Train:4 - Approximate time left: 3 hours, 31 minutes
2024-05-09 13:29:49,514 - INFO - Train:4 - Epoch 448/1500 completed in 11.86 seconds.
2024-05-09 13:29:49,514 - INFO - Train:4 - Approximate time left: 3 hours, 31 minutes
2024-05-09 13:30:03,672 - INFO - Train:4 - Epoch 449/1500 completed in 12.03 seconds.
2024-05-09 13:30:03,673 - INFO - Train:4 - Approximate time left: 3 hours, 31 minutes
2024-05-09 13:30:17,818 - INFO - Train:4 - Epoch 450/1500 completed in 12.01 seconds.
2024-05-09 13:30:17,819 - INFO - Train:4 - Approximate time left: 3 hours, 31 minutes
2024-05-09 13:30:31,963 - INFO - Train:4 - Epoch 451/1500 completed in 12.01 seconds.
2024-05-09 13:30:31,964 - INFO - Train:4 - Approximate time left: 3 hours, 31 minutes
2024-05-09 13:30:46,126 - INFO - Train:4 - Epoch 452/1500 completed in 12.05 seconds.
2024-05-09 13:30:46,126 - INFO - Train:4 - Approximate time left: 3 hours, 30 minutes
2024-05-09 13:31:00,228 - INFO - Train:4 - Epoch 453/1500 completed in 12.03 seconds.
2024-05-09 13:31:00,228 - INFO - Train:4 - Approximate time left: 3 hours, 30 minutes
2024-05-09 13:31:13,739 - INFO - Train:4 - Epoch 454/1500 completed in 11.41 seconds.
2024-05-09 13:31:13,740 - INFO - Train:4 - Approximate time left: 3 hours, 30 minutes
2024-05-09 13:31:27,853 - INFO - Train:4 - Epoch 455/1500 completed in 11.97 seconds.
2024-05-09 13:31:27,853 - INFO - Train:4 - Approximate time left: 3 hours, 30 minutes
2024-05-09 13:31:41,972 - INFO - Train:4 - Epoch 456/1500 completed in 12.01 seconds.
2024-05-09 13:31:41,972 - INFO - Train:4 - Approximate time left: 3 hours, 30 minutes
2024-05-09 13:31:56,709 - INFO - Train:4 - Epoch 457/1500 completed in 12.59 seconds.
2024-05-09 13:31:56,709 - INFO - Train:4 - Approximate time left: 3 hours, 29 minutes
2024-05-09 13:32:10,612 - INFO - Train:4 - Epoch 458/1500 completed in 11.77 seconds.
2024-05-09 13:32:10,612 - INFO - Train:4 - Approximate time left: 3 hours, 29 minutes
2024-05-09 13:32:24,841 - INFO - Train:4 - Epoch 459/1500 completed in 12.12 seconds.
2024-05-09 13:32:24,841 - INFO - Train:4 - Approximate time left: 3 hours, 29 minutes
2024-05-09 13:32:39,141 - INFO - Train:4 - Epoch 460/1500 completed in 12.21 seconds.
2024-05-09 13:32:39,141 - INFO - Train:4 - Approximate time left: 3 hours, 29 minutes
2024-05-09 13:32:52,606 - INFO - Train:4 - Epoch 461/1500 completed in 11.36 seconds.
2024-05-09 13:32:52,606 - INFO - Train:4 - Approximate time left: 3 hours, 29 minutes
2024-05-09 13:33:06,407 - INFO - Train:4 - Epoch 462/1500 completed in 11.66 seconds.
2024-05-09 13:33:06,407 - INFO - Train:4 - Approximate time left: 3 hours, 28 minutes
2024-05-09 13:33:20,504 - INFO - Train:4 - Epoch 463/1500 completed in 11.93 seconds.
2024-05-09 13:33:20,504 - INFO - Train:4 - Approximate time left: 3 hours, 28 minutes
2024-05-09 13:33:34,629 - INFO - Train:4 - Epoch 464/1500 completed in 11.93 seconds.
2024-05-09 13:33:34,629 - INFO - Train:4 - Approximate time left: 3 hours, 28 minutes
2024-05-09 13:33:48,746 - INFO - Train:4 - Epoch 465/1500 completed in 11.94 seconds.
2024-05-09 13:33:48,747 - INFO - Train:4 - Approximate time left: 3 hours, 28 minutes
2024-05-09 13:34:02,410 - INFO - Train:4 - Epoch 466/1500 completed in 11.47 seconds.
2024-05-09 13:34:02,411 - INFO - Train:4 - Approximate time left: 3 hours, 28 minutes
2024-05-09 13:34:15,817 - INFO - Train:4 - Epoch 467/1500 completed in 11.26 seconds.
2024-05-09 13:34:15,818 - INFO - Train:4 - Approximate time left: 3 hours, 27 minutes
2024-05-09 13:34:29,638 - INFO - Train:4 - Epoch 468/1500 completed in 11.68 seconds.
2024-05-09 13:34:29,639 - INFO - Train:4 - Approximate time left: 3 hours, 27 minutes
2024-05-09 13:34:43,812 - INFO - Train:4 - Epoch 469/1500 completed in 11.97 seconds.
2024-05-09 13:34:43,813 - INFO - Train:4 - Approximate time left: 3 hours, 27 minutes
2024-05-09 13:34:57,998 - INFO - Train:4 - Epoch 470/1500 completed in 12.02 seconds.
2024-05-09 13:34:57,998 - INFO - Train:4 - Approximate time left: 3 hours, 27 minutes
2024-05-09 13:35:12,118 - INFO - Train:4 - Epoch 471/1500 completed in 11.95 seconds.
2024-05-09 13:35:12,118 - INFO - Train:4 - Approximate time left: 3 hours, 26 minutes
2024-05-09 13:35:26,357 - INFO - Train:4 - Epoch 472/1500 completed in 12.02 seconds.
2024-05-09 13:35:26,357 - INFO - Train:4 - Approximate time left: 3 hours, 26 minutes
2024-05-09 13:35:40,684 - INFO - Train:4 - Epoch 473/1500 completed in 12.14 seconds.
2024-05-09 13:35:40,684 - INFO - Train:4 - Approximate time left: 3 hours, 26 minutes
2024-05-09 13:35:54,878 - INFO - Train:4 - Epoch 474/1500 completed in 12.02 seconds.
2024-05-09 13:35:54,879 - INFO - Train:4 - Approximate time left: 3 hours, 26 minutes
2024-05-09 13:36:09,062 - INFO - Train:4 - Epoch 475/1500 completed in 11.97 seconds.
2024-05-09 13:36:09,063 - INFO - Train:4 - Approximate time left: 3 hours, 26 minutes
2024-05-09 13:36:23,302 - INFO - Train:4 - Epoch 476/1500 completed in 12.09 seconds.
2024-05-09 13:36:23,302 - INFO - Train:4 - Approximate time left: 3 hours, 25 minutes
2024-05-09 13:36:37,724 - INFO - Train:4 - Epoch 477/1500 completed in 12.26 seconds.
2024-05-09 13:36:37,725 - INFO - Train:4 - Approximate time left: 3 hours, 25 minutes
2024-05-09 13:36:51,356 - INFO - Train:4 - Epoch 478/1500 completed in 11.50 seconds.
2024-05-09 13:36:51,357 - INFO - Train:4 - Approximate time left: 3 hours, 25 minutes
2024-05-09 13:37:05,517 - INFO - Train:4 - Epoch 479/1500 completed in 12.05 seconds.
2024-05-09 13:37:05,517 - INFO - Train:4 - Approximate time left: 3 hours, 25 minutes
2024-05-09 13:37:19,689 - INFO - Train:4 - Epoch 480/1500 completed in 12.05 seconds.
2024-05-09 13:37:19,689 - INFO - Train:4 - Approximate time left: 3 hours, 25 minutes
2024-05-09 13:37:32,978 - INFO - Train:4 - Epoch 481/1500 completed in 11.22 seconds.
2024-05-09 13:37:32,979 - INFO - Train:4 - Approximate time left: 3 hours, 24 minutes
2024-05-09 13:37:46,264 - INFO - Train:4 - Epoch 482/1500 completed in 11.19 seconds.
2024-05-09 13:37:46,264 - INFO - Train:4 - Approximate time left: 3 hours, 24 minutes
2024-05-09 13:38:00,143 - INFO - Train:4 - Epoch 483/1500 completed in 11.74 seconds.
2024-05-09 13:38:00,143 - INFO - Train:4 - Approximate time left: 3 hours, 24 minutes
2024-05-09 13:38:14,091 - INFO - Train:4 - Epoch 484/1500 completed in 11.75 seconds.
2024-05-09 13:38:14,092 - INFO - Train:4 - Approximate time left: 3 hours, 24 minutes
2024-05-09 13:38:28,203 - INFO - Train:4 - Epoch 485/1500 completed in 11.98 seconds.
2024-05-09 13:38:28,203 - INFO - Train:4 - Approximate time left: 3 hours, 24 minutes
2024-05-09 13:38:42,245 - INFO - Train:4 - Epoch 486/1500 completed in 11.92 seconds.
2024-05-09 13:38:42,245 - INFO - Train:4 - Approximate time left: 3 hours, 23 minutes
2024-05-09 13:38:56,329 - INFO - Train:4 - Epoch 487/1500 completed in 11.99 seconds.
2024-05-09 13:38:56,330 - INFO - Train:4 - Approximate time left: 3 hours, 23 minutes
2024-05-09 13:39:10,420 - INFO - Train:4 - Epoch 488/1500 completed in 11.94 seconds.
2024-05-09 13:39:10,421 - INFO - Train:4 - Approximate time left: 3 hours, 23 minutes
2024-05-09 13:39:24,625 - INFO - Train:4 - Epoch 489/1500 completed in 12.09 seconds.
2024-05-09 13:39:24,626 - INFO - Train:4 - Approximate time left: 3 hours, 23 minutes
2024-05-09 13:39:38,855 - INFO - Train:4 - Epoch 490/1500 completed in 12.13 seconds.
2024-05-09 13:39:38,855 - INFO - Train:4 - Approximate time left: 3 hours, 23 minutes
2024-05-09 13:39:53,088 - INFO - Train:4 - Epoch 491/1500 completed in 12.14 seconds.
2024-05-09 13:39:53,088 - INFO - Train:4 - Approximate time left: 3 hours, 22 minutes
2024-05-09 13:40:06,347 - INFO - Train:4 - Epoch 492/1500 completed in 11.13 seconds.
2024-05-09 13:40:06,347 - INFO - Train:4 - Approximate time left: 3 hours, 22 minutes
2024-05-09 13:40:19,863 - INFO - Train:4 - Epoch 493/1500 completed in 11.42 seconds.
2024-05-09 13:40:19,863 - INFO - Train:4 - Approximate time left: 3 hours, 22 minutes
2024-05-09 13:40:33,169 - INFO - Train:4 - Epoch 494/1500 completed in 11.19 seconds.
2024-05-09 13:40:33,169 - INFO - Train:4 - Approximate time left: 3 hours, 22 minutes
2024-05-09 13:40:47,493 - INFO - Train:4 - Epoch 495/1500 completed in 12.21 seconds.
2024-05-09 13:40:47,494 - INFO - Train:4 - Approximate time left: 3 hours, 21 minutes
2024-05-09 13:41:01,731 - INFO - Train:4 - Epoch 496/1500 completed in 12.09 seconds.
2024-05-09 13:41:01,731 - INFO - Train:4 - Approximate time left: 3 hours, 21 minutes
2024-05-09 13:41:16,073 - INFO - Train:4 - Epoch 497/1500 completed in 12.24 seconds.
2024-05-09 13:41:16,074 - INFO - Train:4 - Approximate time left: 3 hours, 21 minutes
2024-05-09 13:41:30,320 - INFO - Train:4 - Epoch 498/1500 completed in 11.78 seconds.
2024-05-09 13:41:30,320 - INFO - Train:4 - Approximate time left: 3 hours, 21 minutes
2024-05-09 13:41:44,554 - INFO - Train:4 - Epoch 499/1500 completed in 12.11 seconds.
2024-05-09 13:41:44,554 - INFO - Train:4 - Approximate time left: 3 hours, 21 minutes
2024-05-09 13:41:58,368 - INFO - Train:4 - Epoch 500/1500 completed in 11.70 seconds.
2024-05-09 13:41:58,368 - INFO - Train:4 - Approximate time left: 3 hours, 20 minutes
2024-05-09 13:42:11,970 - INFO - Train:4 - Epoch 501/1500 completed in 11.49 seconds.
2024-05-09 13:42:11,970 - INFO - Train:4 - Approximate time left: 3 hours, 20 minutes
2024-05-09 13:42:25,654 - INFO - Train:4 - Epoch 502/1500 completed in 11.58 seconds.
2024-05-09 13:42:25,654 - INFO - Train:4 - Approximate time left: 3 hours, 20 minutes
2024-05-09 13:42:39,541 - INFO - Train:4 - Epoch 503/1500 completed in 11.47 seconds.
2024-05-09 13:42:39,542 - INFO - Train:4 - Approximate time left: 3 hours, 20 minutes
2024-05-09 13:42:53,211 - INFO - Train:4 - Epoch 504/1500 completed in 11.53 seconds.
2024-05-09 13:42:53,211 - INFO - Train:4 - Approximate time left: 3 hours, 20 minutes
2024-05-09 13:43:06,886 - INFO - Train:4 - Epoch 505/1500 completed in 11.58 seconds.
2024-05-09 13:43:06,887 - INFO - Train:4 - Approximate time left: 3 hours, 19 minutes
2024-05-09 13:43:20,645 - INFO - Train:4 - Epoch 506/1500 completed in 11.67 seconds.
2024-05-09 13:43:20,645 - INFO - Train:4 - Approximate time left: 3 hours, 19 minutes
2024-05-09 13:43:34,686 - INFO - Train:4 - Epoch 507/1500 completed in 11.93 seconds.
2024-05-09 13:43:34,686 - INFO - Train:4 - Approximate time left: 3 hours, 19 minutes
2024-05-09 13:43:48,792 - INFO - Train:4 - Epoch 508/1500 completed in 11.96 seconds.
2024-05-09 13:43:48,793 - INFO - Train:4 - Approximate time left: 3 hours, 19 minutes
2024-05-09 13:44:02,849 - INFO - Train:4 - Epoch 509/1500 completed in 11.93 seconds.
2024-05-09 13:44:02,850 - INFO - Train:4 - Approximate time left: 3 hours, 19 minutes
2024-05-09 13:44:16,834 - INFO - Train:4 - Epoch 510/1500 completed in 11.90 seconds.
2024-05-09 13:44:16,835 - INFO - Train:4 - Approximate time left: 3 hours, 18 minutes
2024-05-09 13:44:30,505 - INFO - Train:4 - Epoch 511/1500 completed in 11.57 seconds.
2024-05-09 13:44:30,505 - INFO - Train:4 - Approximate time left: 3 hours, 18 minutes
2024-05-09 13:44:44,172 - INFO - Train:4 - Epoch 512/1500 completed in 11.58 seconds.
2024-05-09 13:44:44,172 - INFO - Train:4 - Approximate time left: 3 hours, 18 minutes
2024-05-09 13:44:58,570 - INFO - Train:4 - Epoch 513/1500 completed in 12.31 seconds.
2024-05-09 13:44:58,570 - INFO - Train:4 - Approximate time left: 3 hours, 18 minutes
2024-05-09 13:45:12,546 - INFO - Train:4 - Epoch 514/1500 completed in 11.89 seconds.
2024-05-09 13:45:12,546 - INFO - Train:4 - Approximate time left: 3 hours, 17 minutes
2024-05-09 13:45:26,714 - INFO - Train:4 - Epoch 515/1500 completed in 12.06 seconds.
2024-05-09 13:45:26,714 - INFO - Train:4 - Approximate time left: 3 hours, 17 minutes
2024-05-09 13:45:40,811 - INFO - Train:4 - Epoch 516/1500 completed in 11.95 seconds.
2024-05-09 13:45:40,812 - INFO - Train:4 - Approximate time left: 3 hours, 17 minutes
2024-05-09 13:45:54,649 - INFO - Train:4 - Epoch 517/1500 completed in 11.74 seconds.
2024-05-09 13:45:54,649 - INFO - Train:4 - Approximate time left: 3 hours, 17 minutes
2024-05-09 13:46:08,832 - INFO - Train:4 - Epoch 518/1500 completed in 12.08 seconds.
2024-05-09 13:46:08,832 - INFO - Train:4 - Approximate time left: 3 hours, 17 minutes
2024-05-09 13:46:22,623 - INFO - Train:4 - Epoch 519/1500 completed in 11.71 seconds.
2024-05-09 13:46:22,623 - INFO - Train:4 - Approximate time left: 3 hours, 16 minutes
2024-05-09 13:46:36,418 - INFO - Train:4 - Epoch 520/1500 completed in 11.67 seconds.
2024-05-09 13:46:36,418 - INFO - Train:4 - Approximate time left: 3 hours, 16 minutes
2024-05-09 13:46:49,810 - INFO - Train:4 - Epoch 521/1500 completed in 11.29 seconds.
2024-05-09 13:46:49,810 - INFO - Train:4 - Approximate time left: 3 hours, 16 minutes
2024-05-09 13:47:03,339 - INFO - Train:4 - Epoch 522/1500 completed in 11.43 seconds.
2024-05-09 13:47:03,340 - INFO - Train:4 - Approximate time left: 3 hours, 16 minutes
2024-05-09 13:47:17,437 - INFO - Train:4 - Epoch 523/1500 completed in 11.97 seconds.
2024-05-09 13:47:17,437 - INFO - Train:4 - Approximate time left: 3 hours, 16 minutes
2024-05-09 13:47:31,476 - INFO - Train:4 - Epoch 524/1500 completed in 11.95 seconds.
2024-05-09 13:47:31,476 - INFO - Train:4 - Approximate time left: 3 hours, 15 minutes
2024-05-09 13:47:45,412 - INFO - Train:4 - Epoch 525/1500 completed in 11.80 seconds.
2024-05-09 13:47:45,412 - INFO - Train:4 - Approximate time left: 3 hours, 15 minutes
2024-05-09 13:47:59,557 - INFO - Train:4 - Epoch 526/1500 completed in 12.01 seconds.
2024-05-09 13:47:59,558 - INFO - Train:4 - Approximate time left: 3 hours, 15 minutes
2024-05-09 13:48:13,573 - INFO - Train:4 - Epoch 527/1500 completed in 11.89 seconds.
2024-05-09 13:48:13,573 - INFO - Train:4 - Approximate time left: 3 hours, 15 minutes
2024-05-09 13:48:27,840 - INFO - Train:4 - Epoch 528/1500 completed in 12.17 seconds.
2024-05-09 13:48:27,840 - INFO - Train:4 - Approximate time left: 3 hours, 15 minutes
2024-05-09 13:48:41,777 - INFO - Train:4 - Epoch 529/1500 completed in 11.83 seconds.
2024-05-09 13:48:41,777 - INFO - Train:4 - Approximate time left: 3 hours, 14 minutes
2024-05-09 13:48:56,258 - INFO - Train:4 - Epoch 530/1500 completed in 12.03 seconds.
2024-05-09 13:48:56,258 - INFO - Train:4 - Approximate time left: 3 hours, 14 minutes
2024-05-09 13:49:10,643 - INFO - Train:4 - Epoch 531/1500 completed in 12.25 seconds.
2024-05-09 13:49:10,643 - INFO - Train:4 - Approximate time left: 3 hours, 14 minutes
2024-05-09 13:49:24,933 - INFO - Train:4 - Epoch 532/1500 completed in 12.17 seconds.
2024-05-09 13:49:24,933 - INFO - Train:4 - Approximate time left: 3 hours, 14 minutes
2024-05-09 13:49:39,221 - INFO - Train:4 - Epoch 533/1500 completed in 12.18 seconds.
2024-05-09 13:49:39,221 - INFO - Train:4 - Approximate time left: 3 hours, 14 minutes
2024-05-09 13:49:53,295 - INFO - Train:4 - Epoch 534/1500 completed in 11.96 seconds.
2024-05-09 13:49:53,295 - INFO - Train:4 - Approximate time left: 3 hours, 13 minutes
2024-05-09 13:50:07,560 - INFO - Train:4 - Epoch 535/1500 completed in 12.12 seconds.
2024-05-09 13:50:07,560 - INFO - Train:4 - Approximate time left: 3 hours, 13 minutes
2024-05-09 13:50:21,833 - INFO - Train:4 - Epoch 536/1500 completed in 12.06 seconds.
2024-05-09 13:50:21,834 - INFO - Train:4 - Approximate time left: 3 hours, 13 minutes
2024-05-09 13:50:35,733 - INFO - Train:4 - Epoch 537/1500 completed in 11.79 seconds.
2024-05-09 13:50:35,733 - INFO - Train:4 - Approximate time left: 3 hours, 13 minutes
2024-05-09 13:50:49,756 - INFO - Train:4 - Epoch 538/1500 completed in 11.90 seconds.
2024-05-09 13:50:49,756 - INFO - Train:4 - Approximate time left: 3 hours, 13 minutes
2024-05-09 13:51:03,958 - INFO - Train:4 - Epoch 539/1500 completed in 12.06 seconds.
2024-05-09 13:51:03,958 - INFO - Train:4 - Approximate time left: 3 hours, 12 minutes
2024-05-09 13:51:17,972 - INFO - Train:4 - Epoch 540/1500 completed in 11.89 seconds.
2024-05-09 13:51:17,972 - INFO - Train:4 - Approximate time left: 3 hours, 12 minutes
2024-05-09 13:51:31,745 - INFO - Train:4 - Epoch 541/1500 completed in 11.66 seconds.
2024-05-09 13:51:31,745 - INFO - Train:4 - Approximate time left: 3 hours, 12 minutes
2024-05-09 13:51:45,725 - INFO - Train:4 - Epoch 542/1500 completed in 11.88 seconds.
2024-05-09 13:51:45,725 - INFO - Train:4 - Approximate time left: 3 hours, 12 minutes
2024-05-09 13:52:00,627 - INFO - Train:4 - Epoch 543/1500 completed in 12.76 seconds.
2024-05-09 13:52:00,627 - INFO - Train:4 - Approximate time left: 3 hours, 12 minutes
2024-05-09 13:52:14,812 - INFO - Train:4 - Epoch 544/1500 completed in 12.08 seconds.
2024-05-09 13:52:14,812 - INFO - Train:4 - Approximate time left: 3 hours, 11 minutes
2024-05-09 13:52:29,062 - INFO - Train:4 - Epoch 545/1500 completed in 12.13 seconds.
2024-05-09 13:52:29,062 - INFO - Train:4 - Approximate time left: 3 hours, 11 minutes
2024-05-09 13:52:43,337 - INFO - Train:4 - Epoch 546/1500 completed in 12.15 seconds.
2024-05-09 13:52:43,337 - INFO - Train:4 - Approximate time left: 3 hours, 11 minutes
2024-05-09 13:52:57,523 - INFO - Train:4 - Epoch 547/1500 completed in 12.08 seconds.
2024-05-09 13:52:57,524 - INFO - Train:4 - Approximate time left: 3 hours, 11 minutes
2024-05-09 13:53:11,989 - INFO - Train:4 - Epoch 548/1500 completed in 12.33 seconds.
2024-05-09 13:53:11,989 - INFO - Train:4 - Approximate time left: 3 hours, 11 minutes
2024-05-09 13:53:26,007 - INFO - Train:4 - Epoch 549/1500 completed in 11.90 seconds.
2024-05-09 13:53:26,007 - INFO - Train:4 - Approximate time left: 3 hours, 10 minutes
2024-05-09 13:53:28,112 - INFO - Train:4 - Early stopping triggered across all processes at epoch:548
