2024-05-09 11:43:56,992 - ERROR - Train:5 - Error saving checkpoint: join() argument must be str, bytes, or os.PathLike object, not 'NoneType'
Traceback (most recent call last):
  File "/data/Pein/Pytorch/Ascend-NPU-Parallel-Training/1-src/trainer.py", line 538, in save_checkpoint
    save_checkpoint_folder = os.path.join(
  File "/root/miniconda3/envs/Pein38/lib/python3.8/posixpath.py", line 90, in join
    genericpath._check_arg_types('join', a, *p)
  File "/root/miniconda3/envs/Pein38/lib/python3.8/genericpath.py", line 152, in _check_arg_types
    raise TypeError(f'{funcname}() argument must be str, bytes, or '
TypeError: join() argument must be str, bytes, or os.PathLike object, not 'NoneType'
2024-05-09 11:43:56,993 - INFO - Train:5 - Epoch 1/1500 completed in 42.16 seconds.
2024-05-09 11:43:56,993 - INFO - Train:5 - Approximate time left: 17 hours, 33 minutes
2024-05-09 11:44:13,731 - INFO - Train:5 - Epoch 2/1500 completed in 12.35 seconds.
2024-05-09 11:44:13,731 - INFO - Train:5 - Approximate time left: 11 hours, 20 minutes
2024-05-09 11:44:27,847 - INFO - Train:5 - Epoch 3/1500 completed in 11.57 seconds.
2024-05-09 11:44:27,848 - INFO - Train:5 - Approximate time left: 9 hours, 9 minutes
2024-05-09 11:44:42,580 - INFO - Train:5 - Epoch 4/1500 completed in 12.18 seconds.
2024-05-09 11:44:42,580 - INFO - Train:5 - Approximate time left: 8 hours, 7 minutes
2024-05-09 11:44:57,095 - INFO - Train:5 - Epoch 5/1500 completed in 11.90 seconds.
2024-05-09 11:44:57,095 - INFO - Train:5 - Approximate time left: 7 hours, 29 minutes
2024-05-09 11:45:12,072 - INFO - Train:5 - Epoch 6/1500 completed in 12.41 seconds.
2024-05-09 11:45:12,073 - INFO - Train:5 - Approximate time left: 7 hours, 5 minutes
2024-05-09 11:45:26,998 - INFO - Train:5 - Epoch 7/1500 completed in 12.34 seconds.
2024-05-09 11:45:26,999 - INFO - Train:5 - Approximate time left: 6 hours, 48 minutes
2024-05-09 11:45:41,925 - INFO - Train:5 - Epoch 8/1500 completed in 12.39 seconds.
2024-05-09 11:45:41,925 - INFO - Train:5 - Approximate time left: 6 hours, 35 minutes
2024-05-09 11:45:56,401 - INFO - Train:5 - Epoch 9/1500 completed in 12.29 seconds.
2024-05-09 11:45:56,401 - INFO - Train:5 - Approximate time left: 6 hours, 25 minutes
2024-05-09 11:46:11,520 - INFO - Train:5 - Epoch 10/1500 completed in 12.63 seconds.
2024-05-09 11:46:11,521 - INFO - Train:5 - Approximate time left: 6 hours, 18 minutes
2024-05-09 11:46:26,449 - INFO - Train:5 - Epoch 11/1500 completed in 12.44 seconds.
2024-05-09 11:46:26,449 - INFO - Train:5 - Approximate time left: 6 hours, 11 minutes
2024-05-09 11:46:40,982 - INFO - Train:5 - Epoch 12/1500 completed in 12.36 seconds.
2024-05-09 11:46:40,982 - INFO - Train:5 - Approximate time left: 6 hours, 5 minutes
2024-05-09 11:46:55,457 - INFO - Train:5 - Epoch 13/1500 completed in 11.96 seconds.
2024-05-09 11:46:55,457 - INFO - Train:5 - Approximate time left: 6 hours, 0 minutes
2024-05-09 11:47:09,482 - INFO - Train:5 - Epoch 14/1500 completed in 11.86 seconds.
2024-05-09 11:47:09,482 - INFO - Train:5 - Approximate time left: 5 hours, 55 minutes
2024-05-09 11:47:23,806 - INFO - Train:5 - Epoch 15/1500 completed in 11.84 seconds.
2024-05-09 11:47:23,807 - INFO - Train:5 - Approximate time left: 5 hours, 50 minutes
2024-05-09 11:47:37,928 - INFO - Train:5 - Epoch 16/1500 completed in 11.96 seconds.
2024-05-09 11:47:37,929 - INFO - Train:5 - Approximate time left: 5 hours, 47 minutes
2024-05-09 11:47:53,051 - INFO - Train:5 - Epoch 17/1500 completed in 12.95 seconds.
2024-05-09 11:47:53,051 - INFO - Train:5 - Approximate time left: 5 hours, 45 minutes
2024-05-09 11:48:08,108 - INFO - Train:5 - Epoch 18/1500 completed in 12.51 seconds.
2024-05-09 11:48:08,108 - INFO - Train:5 - Approximate time left: 5 hours, 43 minutes
2024-05-09 11:48:23,728 - INFO - Train:5 - Epoch 19/1500 completed in 13.07 seconds.
2024-05-09 11:48:23,729 - INFO - Train:5 - Approximate time left: 5 hours, 41 minutes
2024-05-09 11:48:37,860 - INFO - Train:5 - Epoch 20/1500 completed in 11.98 seconds.
2024-05-09 11:48:37,860 - INFO - Train:5 - Approximate time left: 5 hours, 39 minutes
2024-05-09 11:48:51,823 - INFO - Train:5 - Epoch 21/1500 completed in 11.79 seconds.
2024-05-09 11:48:51,823 - INFO - Train:5 - Approximate time left: 5 hours, 36 minutes
2024-05-09 11:49:05,829 - INFO - Train:5 - Epoch 22/1500 completed in 11.85 seconds.
2024-05-09 11:49:05,829 - INFO - Train:5 - Approximate time left: 5 hours, 34 minutes
2024-05-09 11:49:20,151 - INFO - Train:5 - Epoch 23/1500 completed in 11.79 seconds.
2024-05-09 11:49:20,151 - INFO - Train:5 - Approximate time left: 5 hours, 32 minutes
2024-05-09 11:49:34,693 - INFO - Train:5 - Epoch 24/1500 completed in 11.95 seconds.
2024-05-09 11:49:34,693 - INFO - Train:5 - Approximate time left: 5 hours, 30 minutes
2024-05-09 11:49:49,433 - INFO - Train:5 - Epoch 25/1500 completed in 12.26 seconds.
2024-05-09 11:49:49,433 - INFO - Train:5 - Approximate time left: 5 hours, 29 minutes
2024-05-09 11:50:03,601 - INFO - Train:5 - Epoch 26/1500 completed in 12.02 seconds.
2024-05-09 11:50:03,602 - INFO - Train:5 - Approximate time left: 5 hours, 27 minutes
2024-05-09 11:50:17,988 - INFO - Train:5 - Epoch 27/1500 completed in 11.80 seconds.
2024-05-09 11:50:17,989 - INFO - Train:5 - Approximate time left: 5 hours, 26 minutes
2024-05-09 11:50:31,875 - INFO - Train:5 - Epoch 28/1500 completed in 11.70 seconds.
2024-05-09 11:50:31,875 - INFO - Train:5 - Approximate time left: 5 hours, 24 minutes
2024-05-09 11:50:46,527 - INFO - Train:5 - Epoch 29/1500 completed in 12.04 seconds.
2024-05-09 11:50:46,527 - INFO - Train:5 - Approximate time left: 5 hours, 23 minutes
2024-05-09 11:51:00,866 - INFO - Train:5 - Epoch 30/1500 completed in 12.07 seconds.
2024-05-09 11:51:00,867 - INFO - Train:5 - Approximate time left: 5 hours, 22 minutes
2024-05-09 11:51:15,214 - INFO - Train:5 - Epoch 31/1500 completed in 12.11 seconds.
2024-05-09 11:51:15,215 - INFO - Train:5 - Approximate time left: 5 hours, 21 minutes
2024-05-09 11:51:29,768 - INFO - Train:5 - Epoch 32/1500 completed in 12.34 seconds.
2024-05-09 11:51:29,768 - INFO - Train:5 - Approximate time left: 5 hours, 20 minutes
2024-05-09 11:51:43,994 - INFO - Train:5 - Epoch 33/1500 completed in 11.99 seconds.
2024-05-09 11:51:43,995 - INFO - Train:5 - Approximate time left: 5 hours, 19 minutes
2024-05-09 11:51:59,138 - INFO - Train:5 - Epoch 34/1500 completed in 12.51 seconds.
2024-05-09 11:51:59,139 - INFO - Train:5 - Approximate time left: 5 hours, 18 minutes
2024-05-09 11:52:13,230 - INFO - Train:5 - Epoch 35/1500 completed in 11.57 seconds.
2024-05-09 11:52:13,230 - INFO - Train:5 - Approximate time left: 5 hours, 17 minutes
2024-05-09 11:52:27,916 - INFO - Train:5 - Epoch 36/1500 completed in 12.15 seconds.
2024-05-09 11:52:27,917 - INFO - Train:5 - Approximate time left: 5 hours, 16 minutes
2024-05-09 11:52:41,907 - INFO - Train:5 - Epoch 37/1500 completed in 11.83 seconds.
2024-05-09 11:52:41,908 - INFO - Train:5 - Approximate time left: 5 hours, 15 minutes
2024-05-09 11:52:57,037 - INFO - Train:5 - Epoch 38/1500 completed in 12.56 seconds.
2024-05-09 11:52:57,038 - INFO - Train:5 - Approximate time left: 5 hours, 15 minutes
2024-05-09 11:53:12,183 - INFO - Train:5 - Epoch 39/1500 completed in 12.63 seconds.
2024-05-09 11:53:12,184 - INFO - Train:5 - Approximate time left: 5 hours, 14 minutes
2024-05-09 11:53:27,450 - INFO - Train:5 - Epoch 40/1500 completed in 12.70 seconds.
2024-05-09 11:53:27,451 - INFO - Train:5 - Approximate time left: 5 hours, 14 minutes
2024-05-09 11:53:42,107 - INFO - Train:5 - Epoch 41/1500 completed in 12.52 seconds.
2024-05-09 11:53:42,107 - INFO - Train:5 - Approximate time left: 5 hours, 13 minutes
2024-05-09 11:53:56,186 - INFO - Train:5 - Epoch 42/1500 completed in 11.59 seconds.
2024-05-09 11:53:56,186 - INFO - Train:5 - Approximate time left: 5 hours, 12 minutes
2024-05-09 11:54:10,079 - INFO - Train:5 - Epoch 43/1500 completed in 11.70 seconds.
2024-05-09 11:54:10,080 - INFO - Train:5 - Approximate time left: 5 hours, 12 minutes
2024-05-09 11:54:24,518 - INFO - Train:5 - Epoch 44/1500 completed in 11.89 seconds.
2024-05-09 11:54:24,518 - INFO - Train:5 - Approximate time left: 5 hours, 11 minutes
2024-05-09 11:54:38,932 - INFO - Train:5 - Epoch 45/1500 completed in 12.27 seconds.
2024-05-09 11:54:38,933 - INFO - Train:5 - Approximate time left: 5 hours, 10 minutes
2024-05-09 11:54:53,556 - INFO - Train:5 - Epoch 46/1500 completed in 12.02 seconds.
2024-05-09 11:54:53,556 - INFO - Train:5 - Approximate time left: 5 hours, 10 minutes
2024-05-09 11:55:09,025 - INFO - Train:5 - Epoch 47/1500 completed in 12.95 seconds.
2024-05-09 11:55:09,025 - INFO - Train:5 - Approximate time left: 5 hours, 10 minutes
2024-05-09 11:55:24,075 - INFO - Train:5 - Epoch 48/1500 completed in 12.94 seconds.
2024-05-09 11:55:24,076 - INFO - Train:5 - Approximate time left: 5 hours, 9 minutes
2024-05-09 11:55:38,064 - INFO - Train:5 - Epoch 49/1500 completed in 11.86 seconds.
2024-05-09 11:55:38,064 - INFO - Train:5 - Approximate time left: 5 hours, 9 minutes
2024-05-09 11:55:52,430 - INFO - Train:5 - Epoch 50/1500 completed in 11.86 seconds.
2024-05-09 11:55:52,430 - INFO - Train:5 - Approximate time left: 5 hours, 8 minutes
2024-05-09 11:56:06,374 - INFO - Train:5 - Epoch 51/1500 completed in 11.80 seconds.
2024-05-09 11:56:06,375 - INFO - Train:5 - Approximate time left: 5 hours, 7 minutes
2024-05-09 11:56:20,324 - INFO - Train:5 - Epoch 52/1500 completed in 11.80 seconds.
2024-05-09 11:56:20,325 - INFO - Train:5 - Approximate time left: 5 hours, 7 minutes
2024-05-09 11:56:34,406 - INFO - Train:5 - Epoch 53/1500 completed in 11.87 seconds.
2024-05-09 11:56:34,406 - INFO - Train:5 - Approximate time left: 5 hours, 6 minutes
2024-05-09 11:56:48,415 - INFO - Train:5 - Epoch 54/1500 completed in 11.84 seconds.
2024-05-09 11:56:48,416 - INFO - Train:5 - Approximate time left: 5 hours, 6 minutes
2024-05-09 11:57:02,962 - INFO - Train:5 - Epoch 55/1500 completed in 11.98 seconds.
2024-05-09 11:57:02,962 - INFO - Train:5 - Approximate time left: 5 hours, 5 minutes
2024-05-09 11:57:16,865 - INFO - Train:5 - Epoch 56/1500 completed in 11.68 seconds.
2024-05-09 11:57:16,865 - INFO - Train:5 - Approximate time left: 5 hours, 4 minutes
2024-05-09 11:57:30,790 - INFO - Train:5 - Epoch 57/1500 completed in 11.77 seconds.
2024-05-09 11:57:30,791 - INFO - Train:5 - Approximate time left: 5 hours, 4 minutes
2024-05-09 11:57:45,064 - INFO - Train:5 - Epoch 58/1500 completed in 12.13 seconds.
2024-05-09 11:57:45,065 - INFO - Train:5 - Approximate time left: 5 hours, 3 minutes
2024-05-09 11:58:00,217 - INFO - Train:5 - Epoch 59/1500 completed in 13.01 seconds.
2024-05-09 11:58:00,217 - INFO - Train:5 - Approximate time left: 5 hours, 3 minutes
2024-05-09 11:58:15,203 - INFO - Train:5 - Epoch 60/1500 completed in 12.87 seconds.
2024-05-09 11:58:15,203 - INFO - Train:5 - Approximate time left: 5 hours, 3 minutes
2024-05-09 11:58:30,176 - INFO - Train:5 - Epoch 61/1500 completed in 12.84 seconds.
2024-05-09 11:58:30,176 - INFO - Train:5 - Approximate time left: 5 hours, 3 minutes
2024-05-09 11:58:44,394 - INFO - Train:5 - Epoch 62/1500 completed in 12.09 seconds.
2024-05-09 11:58:44,394 - INFO - Train:5 - Approximate time left: 5 hours, 3 minutes
2024-05-09 11:58:58,280 - INFO - Train:5 - Epoch 63/1500 completed in 11.67 seconds.
2024-05-09 11:58:58,281 - INFO - Train:5 - Approximate time left: 5 hours, 2 minutes
2024-05-09 11:59:12,376 - INFO - Train:5 - Epoch 64/1500 completed in 11.94 seconds.
2024-05-09 11:59:12,376 - INFO - Train:5 - Approximate time left: 5 hours, 2 minutes
2024-05-09 11:59:26,893 - INFO - Train:5 - Epoch 65/1500 completed in 12.29 seconds.
2024-05-09 11:59:26,894 - INFO - Train:5 - Approximate time left: 5 hours, 1 minutes
2024-05-09 11:59:41,383 - INFO - Train:5 - Epoch 66/1500 completed in 12.02 seconds.
2024-05-09 11:59:41,383 - INFO - Train:5 - Approximate time left: 5 hours, 1 minutes
2024-05-09 11:59:55,594 - INFO - Train:5 - Epoch 67/1500 completed in 12.09 seconds.
2024-05-09 11:59:55,594 - INFO - Train:5 - Approximate time left: 5 hours, 0 minutes
2024-05-09 12:00:09,404 - INFO - Train:5 - Epoch 68/1500 completed in 11.69 seconds.
2024-05-09 12:00:09,404 - INFO - Train:5 - Approximate time left: 5 hours, 0 minutes
2024-05-09 12:00:23,649 - INFO - Train:5 - Epoch 69/1500 completed in 11.70 seconds.
2024-05-09 12:00:23,649 - INFO - Train:5 - Approximate time left: 4 hours, 59 minutes
2024-05-09 12:00:37,662 - INFO - Train:5 - Epoch 70/1500 completed in 11.87 seconds.
2024-05-09 12:00:37,663 - INFO - Train:5 - Approximate time left: 4 hours, 59 minutes
2024-05-09 12:00:51,990 - INFO - Train:5 - Epoch 71/1500 completed in 12.19 seconds.
2024-05-09 12:00:51,991 - INFO - Train:5 - Approximate time left: 4 hours, 59 minutes
2024-05-09 12:01:06,399 - INFO - Train:5 - Epoch 72/1500 completed in 12.28 seconds.
2024-05-09 12:01:06,399 - INFO - Train:5 - Approximate time left: 4 hours, 58 minutes
2024-05-09 12:01:20,728 - INFO - Train:5 - Epoch 73/1500 completed in 12.20 seconds.
2024-05-09 12:01:20,728 - INFO - Train:5 - Approximate time left: 4 hours, 58 minutes
2024-05-09 12:01:34,950 - INFO - Train:5 - Epoch 74/1500 completed in 12.11 seconds.
2024-05-09 12:01:34,950 - INFO - Train:5 - Approximate time left: 4 hours, 58 minutes
2024-05-09 12:01:49,053 - INFO - Train:5 - Epoch 75/1500 completed in 11.97 seconds.
2024-05-09 12:01:49,053 - INFO - Train:5 - Approximate time left: 4 hours, 57 minutes
2024-05-09 12:02:03,564 - INFO - Train:5 - Epoch 76/1500 completed in 12.31 seconds.
2024-05-09 12:02:03,564 - INFO - Train:5 - Approximate time left: 4 hours, 57 minutes
2024-05-09 12:02:17,113 - INFO - Train:5 - Epoch 77/1500 completed in 11.38 seconds.
2024-05-09 12:02:17,113 - INFO - Train:5 - Approximate time left: 4 hours, 56 minutes
2024-05-09 12:02:30,273 - INFO - Train:5 - Epoch 78/1500 completed in 11.01 seconds.
2024-05-09 12:02:30,273 - INFO - Train:5 - Approximate time left: 4 hours, 56 minutes
2024-05-09 12:02:44,679 - INFO - Train:5 - Epoch 79/1500 completed in 11.95 seconds.
2024-05-09 12:02:44,679 - INFO - Train:5 - Approximate time left: 4 hours, 55 minutes
2024-05-09 12:02:58,800 - INFO - Train:5 - Epoch 80/1500 completed in 11.96 seconds.
2024-05-09 12:02:58,800 - INFO - Train:5 - Approximate time left: 4 hours, 55 minutes
2024-05-09 12:03:12,943 - INFO - Train:5 - Epoch 81/1500 completed in 11.97 seconds.
2024-05-09 12:03:12,943 - INFO - Train:5 - Approximate time left: 4 hours, 55 minutes
2024-05-09 12:03:26,602 - INFO - Train:5 - Epoch 82/1500 completed in 11.46 seconds.
2024-05-09 12:03:26,602 - INFO - Train:5 - Approximate time left: 4 hours, 54 minutes
2024-05-09 12:03:41,368 - INFO - Train:5 - Epoch 83/1500 completed in 12.21 seconds.
2024-05-09 12:03:41,368 - INFO - Train:5 - Approximate time left: 4 hours, 54 minutes
2024-05-09 12:03:55,045 - INFO - Train:5 - Epoch 84/1500 completed in 11.53 seconds.
2024-05-09 12:03:55,045 - INFO - Train:5 - Approximate time left: 4 hours, 53 minutes
2024-05-09 12:04:09,027 - INFO - Train:5 - Epoch 85/1500 completed in 11.79 seconds.
2024-05-09 12:04:09,027 - INFO - Train:5 - Approximate time left: 4 hours, 53 minutes
2024-05-09 12:04:23,957 - INFO - Train:5 - Epoch 86/1500 completed in 12.81 seconds.
2024-05-09 12:04:23,957 - INFO - Train:5 - Approximate time left: 4 hours, 53 minutes
2024-05-09 12:04:37,964 - INFO - Train:5 - Epoch 87/1500 completed in 11.88 seconds.
2024-05-09 12:04:37,964 - INFO - Train:5 - Approximate time left: 4 hours, 52 minutes
2024-05-09 12:04:51,718 - INFO - Train:5 - Epoch 88/1500 completed in 11.58 seconds.
2024-05-09 12:04:51,718 - INFO - Train:5 - Approximate time left: 4 hours, 52 minutes
2024-05-09 12:05:05,733 - INFO - Train:5 - Epoch 89/1500 completed in 11.82 seconds.
2024-05-09 12:05:05,733 - INFO - Train:5 - Approximate time left: 4 hours, 52 minutes
2024-05-09 12:05:19,682 - INFO - Train:5 - Epoch 90/1500 completed in 11.80 seconds.
2024-05-09 12:05:19,682 - INFO - Train:5 - Approximate time left: 4 hours, 51 minutes
2024-05-09 12:05:34,184 - INFO - Train:5 - Epoch 91/1500 completed in 11.97 seconds.
2024-05-09 12:05:34,184 - INFO - Train:5 - Approximate time left: 4 hours, 51 minutes
2024-05-09 12:05:47,424 - INFO - Train:5 - Epoch 92/1500 completed in 11.07 seconds.
2024-05-09 12:05:47,424 - INFO - Train:5 - Approximate time left: 4 hours, 50 minutes
2024-05-09 12:06:01,273 - INFO - Train:5 - Epoch 93/1500 completed in 11.69 seconds.
2024-05-09 12:06:01,273 - INFO - Train:5 - Approximate time left: 4 hours, 50 minutes
2024-05-09 12:06:15,040 - INFO - Train:5 - Epoch 94/1500 completed in 11.63 seconds.
2024-05-09 12:06:15,040 - INFO - Train:5 - Approximate time left: 4 hours, 50 minutes
2024-05-09 12:06:29,047 - INFO - Train:5 - Epoch 95/1500 completed in 11.85 seconds.
2024-05-09 12:06:29,048 - INFO - Train:5 - Approximate time left: 4 hours, 49 minutes
2024-05-09 12:06:42,642 - INFO - Train:5 - Epoch 96/1500 completed in 11.44 seconds.
2024-05-09 12:06:42,642 - INFO - Train:5 - Approximate time left: 4 hours, 49 minutes
2024-05-09 12:06:56,298 - INFO - Train:5 - Epoch 97/1500 completed in 11.49 seconds.
2024-05-09 12:06:56,298 - INFO - Train:5 - Approximate time left: 4 hours, 48 minutes
2024-05-09 12:07:10,403 - INFO - Train:5 - Epoch 98/1500 completed in 11.95 seconds.
2024-05-09 12:07:10,403 - INFO - Train:5 - Approximate time left: 4 hours, 48 minutes
2024-05-09 12:07:24,528 - INFO - Train:5 - Epoch 99/1500 completed in 11.92 seconds.
2024-05-09 12:07:24,529 - INFO - Train:5 - Approximate time left: 4 hours, 48 minutes
2024-05-09 12:07:38,437 - INFO - Train:5 - Epoch 100/1500 completed in 11.40 seconds.
2024-05-09 12:07:38,437 - INFO - Train:5 - Approximate time left: 4 hours, 47 minutes
2024-05-09 12:07:52,812 - INFO - Train:5 - Epoch 101/1500 completed in 11.89 seconds.
2024-05-09 12:07:52,812 - INFO - Train:5 - Approximate time left: 4 hours, 47 minutes
2024-05-09 12:08:06,690 - INFO - Train:5 - Epoch 102/1500 completed in 11.36 seconds.
2024-05-09 12:08:06,690 - INFO - Train:5 - Approximate time left: 4 hours, 47 minutes
2024-05-09 12:08:20,184 - INFO - Train:5 - Epoch 103/1500 completed in 11.32 seconds.
2024-05-09 12:08:20,184 - INFO - Train:5 - Approximate time left: 4 hours, 46 minutes
2024-05-09 12:08:35,139 - INFO - Train:5 - Epoch 104/1500 completed in 12.40 seconds.
2024-05-09 12:08:35,139 - INFO - Train:5 - Approximate time left: 4 hours, 46 minutes
2024-05-09 12:08:49,564 - INFO - Train:5 - Epoch 105/1500 completed in 12.28 seconds.
2024-05-09 12:08:49,564 - INFO - Train:5 - Approximate time left: 4 hours, 46 minutes
2024-05-09 12:09:03,142 - INFO - Train:5 - Epoch 106/1500 completed in 11.40 seconds.
2024-05-09 12:09:03,142 - INFO - Train:5 - Approximate time left: 4 hours, 45 minutes
2024-05-09 12:09:16,873 - INFO - Train:5 - Epoch 107/1500 completed in 11.57 seconds.
2024-05-09 12:09:16,874 - INFO - Train:5 - Approximate time left: 4 hours, 45 minutes
2024-05-09 12:09:31,704 - INFO - Train:5 - Epoch 108/1500 completed in 12.64 seconds.
2024-05-09 12:09:31,704 - INFO - Train:5 - Approximate time left: 4 hours, 45 minutes
2024-05-09 12:09:46,778 - INFO - Train:5 - Epoch 109/1500 completed in 12.90 seconds.
2024-05-09 12:09:46,778 - INFO - Train:5 - Approximate time left: 4 hours, 45 minutes
2024-05-09 12:10:01,866 - INFO - Train:5 - Epoch 110/1500 completed in 12.98 seconds.
2024-05-09 12:10:01,866 - INFO - Train:5 - Approximate time left: 4 hours, 45 minutes
2024-05-09 12:10:16,642 - INFO - Train:5 - Epoch 111/1500 completed in 12.69 seconds.
2024-05-09 12:10:16,642 - INFO - Train:5 - Approximate time left: 4 hours, 45 minutes
2024-05-09 12:10:31,336 - INFO - Train:5 - Epoch 112/1500 completed in 12.08 seconds.
2024-05-09 12:10:31,337 - INFO - Train:5 - Approximate time left: 4 hours, 44 minutes
2024-05-09 12:10:45,281 - INFO - Train:5 - Epoch 113/1500 completed in 11.72 seconds.
2024-05-09 12:10:45,281 - INFO - Train:5 - Approximate time left: 4 hours, 44 minutes
2024-05-09 12:10:59,509 - INFO - Train:5 - Epoch 114/1500 completed in 12.08 seconds.
2024-05-09 12:10:59,509 - INFO - Train:5 - Approximate time left: 4 hours, 44 minutes
2024-05-09 12:11:14,088 - INFO - Train:5 - Epoch 115/1500 completed in 12.41 seconds.
2024-05-09 12:11:14,088 - INFO - Train:5 - Approximate time left: 4 hours, 44 minutes
2024-05-09 12:11:28,719 - INFO - Train:5 - Epoch 116/1500 completed in 12.48 seconds.
2024-05-09 12:11:28,719 - INFO - Train:5 - Approximate time left: 4 hours, 43 minutes
2024-05-09 12:11:43,031 - INFO - Train:5 - Epoch 117/1500 completed in 12.20 seconds.
2024-05-09 12:11:43,031 - INFO - Train:5 - Approximate time left: 4 hours, 43 minutes
2024-05-09 12:11:57,915 - INFO - Train:5 - Epoch 118/1500 completed in 12.39 seconds.
2024-05-09 12:11:57,915 - INFO - Train:5 - Approximate time left: 4 hours, 43 minutes
2024-05-09 12:12:12,655 - INFO - Train:5 - Epoch 119/1500 completed in 12.60 seconds.
2024-05-09 12:12:12,655 - INFO - Train:5 - Approximate time left: 4 hours, 43 minutes
2024-05-09 12:12:27,455 - INFO - Train:5 - Epoch 120/1500 completed in 12.68 seconds.
2024-05-09 12:12:27,456 - INFO - Train:5 - Approximate time left: 4 hours, 43 minutes
2024-05-09 12:12:41,576 - INFO - Train:5 - Epoch 121/1500 completed in 12.02 seconds.
2024-05-09 12:12:41,576 - INFO - Train:5 - Approximate time left: 4 hours, 43 minutes
2024-05-09 12:12:55,884 - INFO - Train:5 - Epoch 122/1500 completed in 12.22 seconds.
2024-05-09 12:12:55,885 - INFO - Train:5 - Approximate time left: 4 hours, 42 minutes
2024-05-09 12:13:10,079 - INFO - Train:5 - Epoch 123/1500 completed in 12.07 seconds.
2024-05-09 12:13:10,080 - INFO - Train:5 - Approximate time left: 4 hours, 42 minutes
2024-05-09 12:13:24,479 - INFO - Train:5 - Epoch 124/1500 completed in 12.25 seconds.
2024-05-09 12:13:24,480 - INFO - Train:5 - Approximate time left: 4 hours, 42 minutes
2024-05-09 12:13:38,743 - INFO - Train:5 - Epoch 125/1500 completed in 12.12 seconds.
2024-05-09 12:13:38,743 - INFO - Train:5 - Approximate time left: 4 hours, 42 minutes
2024-05-09 12:13:52,604 - INFO - Train:5 - Epoch 126/1500 completed in 11.70 seconds.
2024-05-09 12:13:52,605 - INFO - Train:5 - Approximate time left: 4 hours, 41 minutes
2024-05-09 12:14:06,793 - INFO - Train:5 - Epoch 127/1500 completed in 12.02 seconds.
2024-05-09 12:14:06,793 - INFO - Train:5 - Approximate time left: 4 hours, 41 minutes
2024-05-09 12:14:21,090 - INFO - Train:5 - Epoch 128/1500 completed in 12.17 seconds.
2024-05-09 12:14:21,091 - INFO - Train:5 - Approximate time left: 4 hours, 41 minutes
2024-05-09 12:14:35,384 - INFO - Train:5 - Epoch 129/1500 completed in 12.17 seconds.
2024-05-09 12:14:35,384 - INFO - Train:5 - Approximate time left: 4 hours, 41 minutes
2024-05-09 12:14:49,421 - INFO - Train:5 - Epoch 130/1500 completed in 11.56 seconds.
2024-05-09 12:14:49,422 - INFO - Train:5 - Approximate time left: 4 hours, 40 minutes
2024-05-09 12:15:03,726 - INFO - Train:5 - Epoch 131/1500 completed in 12.14 seconds.
2024-05-09 12:15:03,726 - INFO - Train:5 - Approximate time left: 4 hours, 40 minutes
2024-05-09 12:15:18,417 - INFO - Train:5 - Epoch 132/1500 completed in 12.55 seconds.
2024-05-09 12:15:18,418 - INFO - Train:5 - Approximate time left: 4 hours, 40 minutes
2024-05-09 12:15:33,333 - INFO - Train:5 - Epoch 133/1500 completed in 12.80 seconds.
2024-05-09 12:15:33,333 - INFO - Train:5 - Approximate time left: 4 hours, 40 minutes
2024-05-09 12:15:47,535 - INFO - Train:5 - Epoch 134/1500 completed in 12.11 seconds.
2024-05-09 12:15:47,535 - INFO - Train:5 - Approximate time left: 4 hours, 39 minutes
2024-05-09 12:16:01,818 - INFO - Train:5 - Epoch 135/1500 completed in 12.13 seconds.
2024-05-09 12:16:01,818 - INFO - Train:5 - Approximate time left: 4 hours, 39 minutes
2024-05-09 12:16:15,964 - INFO - Train:5 - Epoch 136/1500 completed in 12.02 seconds.
2024-05-09 12:16:15,964 - INFO - Train:5 - Approximate time left: 4 hours, 39 minutes
2024-05-09 12:16:30,349 - INFO - Train:5 - Epoch 137/1500 completed in 12.26 seconds.
2024-05-09 12:16:30,349 - INFO - Train:5 - Approximate time left: 4 hours, 39 minutes
2024-05-09 12:16:44,496 - INFO - Train:5 - Epoch 138/1500 completed in 12.00 seconds.
2024-05-09 12:16:44,496 - INFO - Train:5 - Approximate time left: 4 hours, 39 minutes
2024-05-09 12:16:58,383 - INFO - Train:5 - Epoch 139/1500 completed in 11.71 seconds.
2024-05-09 12:16:58,383 - INFO - Train:5 - Approximate time left: 4 hours, 38 minutes
2024-05-09 12:17:13,132 - INFO - Train:5 - Epoch 140/1500 completed in 12.63 seconds.
2024-05-09 12:17:13,132 - INFO - Train:5 - Approximate time left: 4 hours, 38 minutes
2024-05-09 12:17:27,061 - INFO - Train:5 - Epoch 141/1500 completed in 11.78 seconds.
2024-05-09 12:17:27,061 - INFO - Train:5 - Approximate time left: 4 hours, 38 minutes
2024-05-09 12:17:41,462 - INFO - Train:5 - Epoch 142/1500 completed in 11.91 seconds.
2024-05-09 12:17:41,462 - INFO - Train:5 - Approximate time left: 4 hours, 38 minutes
2024-05-09 12:17:55,671 - INFO - Train:5 - Epoch 143/1500 completed in 12.09 seconds.
2024-05-09 12:17:55,671 - INFO - Train:5 - Approximate time left: 4 hours, 37 minutes
2024-05-09 12:18:09,466 - INFO - Train:5 - Epoch 144/1500 completed in 11.62 seconds.
2024-05-09 12:18:09,466 - INFO - Train:5 - Approximate time left: 4 hours, 37 minutes
2024-05-09 12:18:24,344 - INFO - Train:5 - Epoch 145/1500 completed in 12.75 seconds.
2024-05-09 12:18:24,345 - INFO - Train:5 - Approximate time left: 4 hours, 37 minutes
2024-05-09 12:18:38,288 - INFO - Train:5 - Epoch 146/1500 completed in 11.56 seconds.
2024-05-09 12:18:38,288 - INFO - Train:5 - Approximate time left: 4 hours, 37 minutes
2024-05-09 12:18:52,424 - INFO - Train:5 - Epoch 147/1500 completed in 11.99 seconds.
2024-05-09 12:18:52,424 - INFO - Train:5 - Approximate time left: 4 hours, 36 minutes
2024-05-09 12:19:06,597 - INFO - Train:5 - Epoch 148/1500 completed in 12.04 seconds.
2024-05-09 12:19:06,598 - INFO - Train:5 - Approximate time left: 4 hours, 36 minutes
2024-05-09 12:19:20,551 - INFO - Train:5 - Epoch 149/1500 completed in 11.84 seconds.
2024-05-09 12:19:20,551 - INFO - Train:5 - Approximate time left: 4 hours, 36 minutes
2024-05-09 12:19:34,451 - INFO - Train:5 - Epoch 150/1500 completed in 11.79 seconds.
2024-05-09 12:19:34,451 - INFO - Train:5 - Approximate time left: 4 hours, 35 minutes
2024-05-09 12:19:48,298 - INFO - Train:5 - Epoch 151/1500 completed in 11.74 seconds.
2024-05-09 12:19:48,298 - INFO - Train:5 - Approximate time left: 4 hours, 35 minutes
2024-05-09 12:20:02,468 - INFO - Train:5 - Epoch 152/1500 completed in 12.04 seconds.
2024-05-09 12:20:02,469 - INFO - Train:5 - Approximate time left: 4 hours, 35 minutes
2024-05-09 12:20:16,894 - INFO - Train:5 - Epoch 153/1500 completed in 11.96 seconds.
2024-05-09 12:20:16,894 - INFO - Train:5 - Approximate time left: 4 hours, 35 minutes
2024-05-09 12:20:31,142 - INFO - Train:5 - Epoch 154/1500 completed in 12.10 seconds.
2024-05-09 12:20:31,142 - INFO - Train:5 - Approximate time left: 4 hours, 35 minutes
2024-05-09 12:20:45,354 - INFO - Train:5 - Epoch 155/1500 completed in 11.68 seconds.
2024-05-09 12:20:45,354 - INFO - Train:5 - Approximate time left: 4 hours, 34 minutes
2024-05-09 12:20:59,441 - INFO - Train:5 - Epoch 156/1500 completed in 11.93 seconds.
2024-05-09 12:20:59,441 - INFO - Train:5 - Approximate time left: 4 hours, 34 minutes
2024-05-09 12:21:13,566 - INFO - Train:5 - Epoch 157/1500 completed in 11.56 seconds.
2024-05-09 12:21:13,566 - INFO - Train:5 - Approximate time left: 4 hours, 34 minutes
2024-05-09 12:21:27,236 - INFO - Train:5 - Epoch 158/1500 completed in 11.53 seconds.
2024-05-09 12:21:27,237 - INFO - Train:5 - Approximate time left: 4 hours, 33 minutes
2024-05-09 12:21:41,216 - INFO - Train:5 - Epoch 159/1500 completed in 11.88 seconds.
2024-05-09 12:21:41,216 - INFO - Train:5 - Approximate time left: 4 hours, 33 minutes
2024-05-09 12:21:55,888 - INFO - Train:5 - Epoch 160/1500 completed in 12.56 seconds.
2024-05-09 12:21:55,888 - INFO - Train:5 - Approximate time left: 4 hours, 33 minutes
2024-05-09 12:22:10,580 - INFO - Train:5 - Epoch 161/1500 completed in 12.58 seconds.
2024-05-09 12:22:10,580 - INFO - Train:5 - Approximate time left: 4 hours, 33 minutes
2024-05-09 12:22:24,827 - INFO - Train:5 - Epoch 162/1500 completed in 12.16 seconds.
2024-05-09 12:22:24,828 - INFO - Train:5 - Approximate time left: 4 hours, 33 minutes
2024-05-09 12:22:38,910 - INFO - Train:5 - Epoch 163/1500 completed in 11.97 seconds.
2024-05-09 12:22:38,911 - INFO - Train:5 - Approximate time left: 4 hours, 32 minutes
2024-05-09 12:22:53,130 - INFO - Train:5 - Epoch 164/1500 completed in 12.10 seconds.
2024-05-09 12:22:53,130 - INFO - Train:5 - Approximate time left: 4 hours, 32 minutes
2024-05-09 12:23:07,185 - INFO - Train:5 - Epoch 165/1500 completed in 11.94 seconds.
2024-05-09 12:23:07,185 - INFO - Train:5 - Approximate time left: 4 hours, 32 minutes
2024-05-09 12:23:21,062 - INFO - Train:5 - Epoch 166/1500 completed in 11.74 seconds.
2024-05-09 12:23:21,063 - INFO - Train:5 - Approximate time left: 4 hours, 32 minutes
2024-05-09 12:23:34,980 - INFO - Train:5 - Epoch 167/1500 completed in 11.80 seconds.
2024-05-09 12:23:34,980 - INFO - Train:5 - Approximate time left: 4 hours, 31 minutes
2024-05-09 12:23:49,202 - INFO - Train:5 - Epoch 168/1500 completed in 12.11 seconds.
2024-05-09 12:23:49,203 - INFO - Train:5 - Approximate time left: 4 hours, 31 minutes
2024-05-09 12:24:03,136 - INFO - Train:5 - Epoch 169/1500 completed in 11.81 seconds.
2024-05-09 12:24:03,136 - INFO - Train:5 - Approximate time left: 4 hours, 31 minutes
2024-05-09 12:24:17,542 - INFO - Train:5 - Epoch 170/1500 completed in 12.29 seconds.
2024-05-09 12:24:17,543 - INFO - Train:5 - Approximate time left: 4 hours, 31 minutes
2024-05-09 12:24:31,770 - INFO - Train:5 - Epoch 171/1500 completed in 12.09 seconds.
2024-05-09 12:24:31,770 - INFO - Train:5 - Approximate time left: 4 hours, 30 minutes
2024-05-09 12:24:45,711 - INFO - Train:5 - Epoch 172/1500 completed in 11.82 seconds.
2024-05-09 12:24:45,711 - INFO - Train:5 - Approximate time left: 4 hours, 30 minutes
2024-05-09 12:25:00,030 - INFO - Train:5 - Epoch 173/1500 completed in 12.18 seconds.
2024-05-09 12:25:00,030 - INFO - Train:5 - Approximate time left: 4 hours, 30 minutes
2024-05-09 12:25:14,188 - INFO - Train:5 - Epoch 174/1500 completed in 12.01 seconds.
2024-05-09 12:25:14,188 - INFO - Train:5 - Approximate time left: 4 hours, 30 minutes
2024-05-09 12:25:28,142 - INFO - Train:5 - Epoch 175/1500 completed in 11.75 seconds.
2024-05-09 12:25:28,142 - INFO - Train:5 - Approximate time left: 4 hours, 29 minutes
2024-05-09 12:25:42,133 - INFO - Train:5 - Epoch 176/1500 completed in 11.89 seconds.
2024-05-09 12:25:42,133 - INFO - Train:5 - Approximate time left: 4 hours, 29 minutes
2024-05-09 12:25:56,351 - INFO - Train:5 - Epoch 177/1500 completed in 12.05 seconds.
2024-05-09 12:25:56,351 - INFO - Train:5 - Approximate time left: 4 hours, 29 minutes
2024-05-09 12:26:09,987 - INFO - Train:5 - Epoch 178/1500 completed in 11.52 seconds.
2024-05-09 12:26:09,988 - INFO - Train:5 - Approximate time left: 4 hours, 29 minutes
2024-05-09 12:26:23,789 - INFO - Train:5 - Epoch 179/1500 completed in 11.69 seconds.
2024-05-09 12:26:23,789 - INFO - Train:5 - Approximate time left: 4 hours, 28 minutes
2024-05-09 12:26:37,442 - INFO - Train:5 - Epoch 180/1500 completed in 11.54 seconds.
2024-05-09 12:26:37,442 - INFO - Train:5 - Approximate time left: 4 hours, 28 minutes
2024-05-09 12:26:51,909 - INFO - Train:5 - Epoch 181/1500 completed in 11.95 seconds.
2024-05-09 12:26:51,909 - INFO - Train:5 - Approximate time left: 4 hours, 28 minutes
2024-05-09 12:27:05,589 - INFO - Train:5 - Epoch 182/1500 completed in 11.50 seconds.
2024-05-09 12:27:05,589 - INFO - Train:5 - Approximate time left: 4 hours, 28 minutes
2024-05-09 12:27:19,544 - INFO - Train:5 - Epoch 183/1500 completed in 11.86 seconds.
2024-05-09 12:27:19,544 - INFO - Train:5 - Approximate time left: 4 hours, 27 minutes
2024-05-09 12:27:33,590 - INFO - Train:5 - Epoch 184/1500 completed in 11.93 seconds.
2024-05-09 12:27:33,590 - INFO - Train:5 - Approximate time left: 4 hours, 27 minutes
2024-05-09 12:27:47,002 - INFO - Train:5 - Epoch 185/1500 completed in 11.31 seconds.
2024-05-09 12:27:47,002 - INFO - Train:5 - Approximate time left: 4 hours, 27 minutes
2024-05-09 12:28:01,122 - INFO - Train:5 - Epoch 186/1500 completed in 12.00 seconds.
2024-05-09 12:28:01,122 - INFO - Train:5 - Approximate time left: 4 hours, 27 minutes
2024-05-09 12:28:15,325 - INFO - Train:5 - Epoch 187/1500 completed in 12.09 seconds.
2024-05-09 12:28:15,325 - INFO - Train:5 - Approximate time left: 4 hours, 26 minutes
2024-05-09 12:28:29,773 - INFO - Train:5 - Epoch 188/1500 completed in 12.02 seconds.
2024-05-09 12:28:29,773 - INFO - Train:5 - Approximate time left: 4 hours, 26 minutes
2024-05-09 12:28:43,750 - INFO - Train:5 - Epoch 189/1500 completed in 11.86 seconds.
2024-05-09 12:28:43,750 - INFO - Train:5 - Approximate time left: 4 hours, 26 minutes
2024-05-09 12:28:57,927 - INFO - Train:5 - Epoch 190/1500 completed in 12.06 seconds.
2024-05-09 12:28:57,927 - INFO - Train:5 - Approximate time left: 4 hours, 26 minutes
2024-05-09 12:29:12,193 - INFO - Train:5 - Epoch 191/1500 completed in 12.10 seconds.
2024-05-09 12:29:12,193 - INFO - Train:5 - Approximate time left: 4 hours, 25 minutes
2024-05-09 12:29:26,284 - INFO - Train:5 - Epoch 192/1500 completed in 11.98 seconds.
2024-05-09 12:29:26,284 - INFO - Train:5 - Approximate time left: 4 hours, 25 minutes
2024-05-09 12:29:40,373 - INFO - Train:5 - Epoch 193/1500 completed in 11.98 seconds.
2024-05-09 12:29:40,373 - INFO - Train:5 - Approximate time left: 4 hours, 25 minutes
2024-05-09 12:29:54,322 - INFO - Train:5 - Epoch 194/1500 completed in 11.85 seconds.
2024-05-09 12:29:54,322 - INFO - Train:5 - Approximate time left: 4 hours, 25 minutes
2024-05-09 12:30:08,692 - INFO - Train:5 - Epoch 195/1500 completed in 12.29 seconds.
2024-05-09 12:30:08,692 - INFO - Train:5 - Approximate time left: 4 hours, 25 minutes
2024-05-09 12:30:23,787 - INFO - Train:5 - Epoch 196/1500 completed in 12.67 seconds.
2024-05-09 12:30:23,787 - INFO - Train:5 - Approximate time left: 4 hours, 24 minutes
2024-05-09 12:30:38,352 - INFO - Train:5 - Epoch 197/1500 completed in 12.15 seconds.
2024-05-09 12:30:38,353 - INFO - Train:5 - Approximate time left: 4 hours, 24 minutes
2024-05-09 12:30:52,743 - INFO - Train:5 - Epoch 198/1500 completed in 12.29 seconds.
2024-05-09 12:30:52,743 - INFO - Train:5 - Approximate time left: 4 hours, 24 minutes
2024-05-09 12:31:06,787 - INFO - Train:5 - Epoch 199/1500 completed in 11.94 seconds.
2024-05-09 12:31:06,788 - INFO - Train:5 - Approximate time left: 4 hours, 24 minutes
2024-05-09 12:31:21,031 - INFO - Train:5 - Epoch 200/1500 completed in 12.16 seconds.
2024-05-09 12:31:21,031 - INFO - Train:5 - Approximate time left: 4 hours, 24 minutes
2024-05-09 12:31:34,968 - ERROR - Train:5 - Error saving checkpoint: join() argument must be str, bytes, or os.PathLike object, not 'NoneType'
Traceback (most recent call last):
  File "/data/Pein/Pytorch/Ascend-NPU-Parallel-Training/1-src/trainer.py", line 538, in save_checkpoint
    save_checkpoint_folder = os.path.join(
  File "/root/miniconda3/envs/Pein38/lib/python3.8/posixpath.py", line 90, in join
    genericpath._check_arg_types('join', a, *p)
  File "/root/miniconda3/envs/Pein38/lib/python3.8/genericpath.py", line 152, in _check_arg_types
    raise TypeError(f'{funcname}() argument must be str, bytes, or '
TypeError: join() argument must be str, bytes, or os.PathLike object, not 'NoneType'
2024-05-09 12:31:34,968 - INFO - Train:5 - Epoch 201/1500 completed in 11.82 seconds.
2024-05-09 12:31:34,969 - INFO - Train:5 - Approximate time left: 4 hours, 23 minutes
2024-05-09 12:31:49,376 - INFO - Train:5 - Epoch 202/1500 completed in 11.97 seconds.
2024-05-09 12:31:49,376 - INFO - Train:5 - Approximate time left: 4 hours, 23 minutes
2024-05-09 12:32:03,330 - INFO - Train:5 - Epoch 203/1500 completed in 11.84 seconds.
2024-05-09 12:32:03,330 - INFO - Train:5 - Approximate time left: 4 hours, 23 minutes
2024-05-09 12:32:17,294 - INFO - Train:5 - Epoch 204/1500 completed in 11.86 seconds.
2024-05-09 12:32:17,294 - INFO - Train:5 - Approximate time left: 4 hours, 23 minutes
2024-05-09 12:32:31,440 - INFO - Train:5 - Epoch 205/1500 completed in 12.05 seconds.
2024-05-09 12:32:31,440 - INFO - Train:5 - Approximate time left: 4 hours, 22 minutes
2024-05-09 12:32:45,337 - INFO - Train:5 - Epoch 206/1500 completed in 11.79 seconds.
2024-05-09 12:32:45,338 - INFO - Train:5 - Approximate time left: 4 hours, 22 minutes
2024-05-09 12:32:59,241 - INFO - Train:5 - Epoch 207/1500 completed in 11.80 seconds.
2024-05-09 12:32:59,241 - INFO - Train:5 - Approximate time left: 4 hours, 22 minutes
2024-05-09 12:33:13,068 - INFO - Train:5 - Epoch 208/1500 completed in 11.73 seconds.
2024-05-09 12:33:13,069 - INFO - Train:5 - Approximate time left: 4 hours, 22 minutes
2024-05-09 12:33:27,435 - INFO - Train:5 - Epoch 209/1500 completed in 12.27 seconds.
2024-05-09 12:33:27,436 - INFO - Train:5 - Approximate time left: 4 hours, 22 minutes
2024-05-09 12:33:41,975 - INFO - Train:5 - Epoch 210/1500 completed in 12.42 seconds.
2024-05-09 12:33:41,975 - INFO - Train:5 - Approximate time left: 4 hours, 21 minutes
2024-05-09 12:33:55,910 - INFO - Train:5 - Epoch 211/1500 completed in 11.78 seconds.
2024-05-09 12:33:55,910 - INFO - Train:5 - Approximate time left: 4 hours, 21 minutes
2024-05-09 12:34:10,033 - INFO - Train:5 - Epoch 212/1500 completed in 12.02 seconds.
2024-05-09 12:34:10,033 - INFO - Train:5 - Approximate time left: 4 hours, 21 minutes
2024-05-09 12:34:24,153 - INFO - Train:5 - Epoch 213/1500 completed in 12.02 seconds.
2024-05-09 12:34:24,153 - INFO - Train:5 - Approximate time left: 4 hours, 21 minutes
2024-05-09 12:34:38,240 - INFO - Train:5 - Epoch 214/1500 completed in 11.97 seconds.
2024-05-09 12:34:38,240 - INFO - Train:5 - Approximate time left: 4 hours, 20 minutes
2024-05-09 12:34:52,308 - INFO - Train:5 - Epoch 215/1500 completed in 11.95 seconds.
2024-05-09 12:34:52,309 - INFO - Train:5 - Approximate time left: 4 hours, 20 minutes
2024-05-09 12:35:06,299 - INFO - Train:5 - Epoch 216/1500 completed in 11.91 seconds.
2024-05-09 12:35:06,299 - INFO - Train:5 - Approximate time left: 4 hours, 20 minutes
2024-05-09 12:35:20,440 - INFO - Train:5 - Epoch 217/1500 completed in 12.04 seconds.
2024-05-09 12:35:20,441 - INFO - Train:5 - Approximate time left: 4 hours, 20 minutes
2024-05-09 12:35:34,822 - INFO - Train:5 - Epoch 218/1500 completed in 12.30 seconds.
2024-05-09 12:35:34,822 - INFO - Train:5 - Approximate time left: 4 hours, 20 minutes
2024-05-09 12:35:48,628 - INFO - Train:5 - Epoch 219/1500 completed in 11.71 seconds.
2024-05-09 12:35:48,629 - INFO - Train:5 - Approximate time left: 4 hours, 19 minutes
2024-05-09 12:36:02,466 - INFO - Train:5 - Epoch 220/1500 completed in 11.76 seconds.
2024-05-09 12:36:02,466 - INFO - Train:5 - Approximate time left: 4 hours, 19 minutes
2024-05-09 12:36:17,010 - INFO - Train:5 - Epoch 221/1500 completed in 12.42 seconds.
2024-05-09 12:36:17,010 - INFO - Train:5 - Approximate time left: 4 hours, 19 minutes
2024-05-09 12:36:30,920 - INFO - Train:5 - Epoch 222/1500 completed in 11.77 seconds.
2024-05-09 12:36:30,920 - INFO - Train:5 - Approximate time left: 4 hours, 19 minutes
2024-05-09 12:36:46,050 - INFO - Train:5 - Epoch 223/1500 completed in 13.03 seconds.
2024-05-09 12:36:46,051 - INFO - Train:5 - Approximate time left: 4 hours, 19 minutes
2024-05-09 12:36:59,883 - INFO - Train:5 - Epoch 224/1500 completed in 11.78 seconds.
2024-05-09 12:36:59,883 - INFO - Train:5 - Approximate time left: 4 hours, 18 minutes
2024-05-09 12:37:14,041 - INFO - Train:5 - Epoch 225/1500 completed in 12.08 seconds.
2024-05-09 12:37:14,042 - INFO - Train:5 - Approximate time left: 4 hours, 18 minutes
2024-05-09 12:37:28,156 - INFO - Train:5 - Epoch 226/1500 completed in 12.02 seconds.
2024-05-09 12:37:28,156 - INFO - Train:5 - Approximate time left: 4 hours, 18 minutes
2024-05-09 12:37:43,076 - INFO - Train:5 - Epoch 227/1500 completed in 12.84 seconds.
2024-05-09 12:37:43,077 - INFO - Train:5 - Approximate time left: 4 hours, 18 minutes
2024-05-09 12:37:57,271 - INFO - Train:5 - Epoch 228/1500 completed in 12.09 seconds.
2024-05-09 12:37:57,271 - INFO - Train:5 - Approximate time left: 4 hours, 18 minutes
2024-05-09 12:38:11,491 - INFO - Train:5 - Epoch 229/1500 completed in 12.13 seconds.
2024-05-09 12:38:11,492 - INFO - Train:5 - Approximate time left: 4 hours, 17 minutes
2024-05-09 12:38:25,811 - INFO - Train:5 - Epoch 230/1500 completed in 11.91 seconds.
2024-05-09 12:38:25,811 - INFO - Train:5 - Approximate time left: 4 hours, 17 minutes
2024-05-09 12:38:39,912 - INFO - Train:5 - Epoch 231/1500 completed in 12.01 seconds.
2024-05-09 12:38:39,912 - INFO - Train:5 - Approximate time left: 4 hours, 17 minutes
2024-05-09 12:38:53,854 - INFO - Train:5 - Epoch 232/1500 completed in 11.83 seconds.
2024-05-09 12:38:53,854 - INFO - Train:5 - Approximate time left: 4 hours, 17 minutes
2024-05-09 12:39:07,796 - INFO - Train:5 - Epoch 233/1500 completed in 11.84 seconds.
2024-05-09 12:39:07,796 - INFO - Train:5 - Approximate time left: 4 hours, 16 minutes
2024-05-09 12:39:21,899 - INFO - Train:5 - Epoch 234/1500 completed in 12.00 seconds.
2024-05-09 12:39:21,900 - INFO - Train:5 - Approximate time left: 4 hours, 16 minutes
2024-05-09 12:39:35,912 - INFO - Train:5 - Epoch 235/1500 completed in 11.91 seconds.
2024-05-09 12:39:35,912 - INFO - Train:5 - Approximate time left: 4 hours, 16 minutes
2024-05-09 12:39:50,221 - INFO - Train:5 - Epoch 236/1500 completed in 12.19 seconds.
2024-05-09 12:39:50,221 - INFO - Train:5 - Approximate time left: 4 hours, 16 minutes
2024-05-09 12:40:04,275 - INFO - Train:5 - Epoch 237/1500 completed in 11.95 seconds.
2024-05-09 12:40:04,275 - INFO - Train:5 - Approximate time left: 4 hours, 16 minutes
2024-05-09 12:40:18,296 - INFO - Train:5 - Epoch 238/1500 completed in 11.88 seconds.
2024-05-09 12:40:18,297 - INFO - Train:5 - Approximate time left: 4 hours, 15 minutes
2024-05-09 12:40:32,557 - INFO - Train:5 - Epoch 239/1500 completed in 12.10 seconds.
2024-05-09 12:40:32,557 - INFO - Train:5 - Approximate time left: 4 hours, 15 minutes
2024-05-09 12:40:46,747 - INFO - Train:5 - Epoch 240/1500 completed in 12.10 seconds.
2024-05-09 12:40:46,748 - INFO - Train:5 - Approximate time left: 4 hours, 15 minutes
2024-05-09 12:41:00,999 - INFO - Train:5 - Epoch 241/1500 completed in 12.10 seconds.
2024-05-09 12:41:01,000 - INFO - Train:5 - Approximate time left: 4 hours, 15 minutes
2024-05-09 12:41:15,070 - INFO - Train:5 - Epoch 242/1500 completed in 12.00 seconds.
2024-05-09 12:41:15,070 - INFO - Train:5 - Approximate time left: 4 hours, 14 minutes
2024-05-09 12:41:29,330 - INFO - Train:5 - Epoch 243/1500 completed in 12.15 seconds.
2024-05-09 12:41:29,330 - INFO - Train:5 - Approximate time left: 4 hours, 14 minutes
2024-05-09 12:41:43,544 - INFO - Train:5 - Epoch 244/1500 completed in 12.08 seconds.
2024-05-09 12:41:43,545 - INFO - Train:5 - Approximate time left: 4 hours, 14 minutes
2024-05-09 12:41:57,974 - INFO - Train:5 - Epoch 245/1500 completed in 12.04 seconds.
2024-05-09 12:41:57,974 - INFO - Train:5 - Approximate time left: 4 hours, 14 minutes
2024-05-09 12:42:11,937 - INFO - Train:5 - Epoch 246/1500 completed in 11.88 seconds.
2024-05-09 12:42:11,937 - INFO - Train:5 - Approximate time left: 4 hours, 14 minutes
2024-05-09 12:42:25,815 - INFO - Train:5 - Epoch 247/1500 completed in 11.78 seconds.
2024-05-09 12:42:25,816 - INFO - Train:5 - Approximate time left: 4 hours, 13 minutes
2024-05-09 12:42:40,219 - INFO - Train:5 - Epoch 248/1500 completed in 12.29 seconds.
2024-05-09 12:42:40,219 - INFO - Train:5 - Approximate time left: 4 hours, 13 minutes
2024-05-09 12:42:54,465 - INFO - Train:5 - Epoch 249/1500 completed in 12.08 seconds.
2024-05-09 12:42:54,465 - INFO - Train:5 - Approximate time left: 4 hours, 13 minutes
2024-05-09 12:43:09,181 - INFO - Train:5 - Epoch 250/1500 completed in 12.63 seconds.
2024-05-09 12:43:09,181 - INFO - Train:5 - Approximate time left: 4 hours, 13 minutes
2024-05-09 12:43:23,715 - INFO - Train:5 - Epoch 251/1500 completed in 12.49 seconds.
2024-05-09 12:43:23,716 - INFO - Train:5 - Approximate time left: 4 hours, 13 minutes
2024-05-09 12:43:37,939 - INFO - Train:5 - Epoch 252/1500 completed in 12.08 seconds.
2024-05-09 12:43:37,940 - INFO - Train:5 - Approximate time left: 4 hours, 12 minutes
2024-05-09 12:43:51,999 - INFO - Train:5 - Epoch 253/1500 completed in 11.91 seconds.
2024-05-09 12:43:51,999 - INFO - Train:5 - Approximate time left: 4 hours, 12 minutes
2024-05-09 12:44:06,172 - INFO - Train:5 - Epoch 254/1500 completed in 12.05 seconds.
2024-05-09 12:44:06,173 - INFO - Train:5 - Approximate time left: 4 hours, 12 minutes
2024-05-09 12:44:20,578 - INFO - Train:5 - Epoch 255/1500 completed in 12.34 seconds.
2024-05-09 12:44:20,579 - INFO - Train:5 - Approximate time left: 4 hours, 12 minutes
2024-05-09 12:44:35,328 - INFO - Train:5 - Epoch 256/1500 completed in 12.65 seconds.
2024-05-09 12:44:35,328 - INFO - Train:5 - Approximate time left: 4 hours, 12 minutes
2024-05-09 12:44:49,961 - INFO - Train:5 - Epoch 257/1500 completed in 12.56 seconds.
2024-05-09 12:44:49,961 - INFO - Train:5 - Approximate time left: 4 hours, 11 minutes
2024-05-09 12:45:04,703 - INFO - Train:5 - Epoch 258/1500 completed in 12.64 seconds.
2024-05-09 12:45:04,703 - INFO - Train:5 - Approximate time left: 4 hours, 11 minutes
2024-05-09 12:45:18,375 - INFO - Train:5 - Epoch 259/1500 completed in 11.60 seconds.
2024-05-09 12:45:18,375 - INFO - Train:5 - Approximate time left: 4 hours, 11 minutes
2024-05-09 12:45:32,233 - INFO - Train:5 - Epoch 260/1500 completed in 11.76 seconds.
2024-05-09 12:45:32,233 - INFO - Train:5 - Approximate time left: 4 hours, 11 minutes
2024-05-09 12:45:45,685 - INFO - Train:5 - Epoch 261/1500 completed in 11.35 seconds.
2024-05-09 12:45:45,685 - INFO - Train:5 - Approximate time left: 4 hours, 11 minutes
2024-05-09 12:46:00,480 - INFO - Train:5 - Epoch 262/1500 completed in 12.68 seconds.
2024-05-09 12:46:00,481 - INFO - Train:5 - Approximate time left: 4 hours, 10 minutes
2024-05-09 12:46:14,395 - INFO - Train:5 - Epoch 263/1500 completed in 11.87 seconds.
2024-05-09 12:46:14,395 - INFO - Train:5 - Approximate time left: 4 hours, 10 minutes
2024-05-09 12:46:29,188 - INFO - Train:5 - Epoch 264/1500 completed in 12.67 seconds.
2024-05-09 12:46:29,188 - INFO - Train:5 - Approximate time left: 4 hours, 10 minutes
2024-05-09 12:46:43,014 - INFO - Train:5 - Epoch 265/1500 completed in 11.66 seconds.
2024-05-09 12:46:43,014 - INFO - Train:5 - Approximate time left: 4 hours, 10 minutes
2024-05-09 12:46:57,093 - INFO - Train:5 - Epoch 266/1500 completed in 12.00 seconds.
2024-05-09 12:46:57,093 - INFO - Train:5 - Approximate time left: 4 hours, 10 minutes
2024-05-09 12:47:11,236 - INFO - Train:5 - Epoch 267/1500 completed in 12.08 seconds.
2024-05-09 12:47:11,236 - INFO - Train:5 - Approximate time left: 4 hours, 9 minutes
2024-05-09 12:47:25,274 - INFO - Train:5 - Epoch 268/1500 completed in 11.94 seconds.
2024-05-09 12:47:25,274 - INFO - Train:5 - Approximate time left: 4 hours, 9 minutes
2024-05-09 12:47:39,161 - INFO - Train:5 - Epoch 269/1500 completed in 11.80 seconds.
2024-05-09 12:47:39,162 - INFO - Train:5 - Approximate time left: 4 hours, 9 minutes
2024-05-09 12:47:53,347 - INFO - Train:5 - Epoch 270/1500 completed in 12.06 seconds.
2024-05-09 12:47:53,347 - INFO - Train:5 - Approximate time left: 4 hours, 9 minutes
2024-05-09 12:48:07,376 - INFO - Train:5 - Epoch 271/1500 completed in 11.95 seconds.
2024-05-09 12:48:07,376 - INFO - Train:5 - Approximate time left: 4 hours, 8 minutes
2024-05-09 12:48:21,559 - INFO - Train:5 - Epoch 272/1500 completed in 12.12 seconds.
2024-05-09 12:48:21,560 - INFO - Train:5 - Approximate time left: 4 hours, 8 minutes
2024-05-09 12:48:35,591 - INFO - Train:5 - Epoch 273/1500 completed in 11.96 seconds.
2024-05-09 12:48:35,592 - INFO - Train:5 - Approximate time left: 4 hours, 8 minutes
2024-05-09 12:48:49,577 - INFO - Train:5 - Epoch 274/1500 completed in 11.90 seconds.
2024-05-09 12:48:49,578 - INFO - Train:5 - Approximate time left: 4 hours, 8 minutes
2024-05-09 12:49:03,735 - INFO - Train:5 - Epoch 275/1500 completed in 12.05 seconds.
2024-05-09 12:49:03,736 - INFO - Train:5 - Approximate time left: 4 hours, 8 minutes
2024-05-09 12:49:17,533 - INFO - Train:5 - Epoch 276/1500 completed in 11.72 seconds.
2024-05-09 12:49:17,534 - INFO - Train:5 - Approximate time left: 4 hours, 7 minutes
2024-05-09 12:49:31,475 - INFO - Train:5 - Epoch 277/1500 completed in 11.79 seconds.
2024-05-09 12:49:31,475 - INFO - Train:5 - Approximate time left: 4 hours, 7 minutes
2024-05-09 12:49:45,910 - INFO - Train:5 - Epoch 278/1500 completed in 12.31 seconds.
2024-05-09 12:49:45,910 - INFO - Train:5 - Approximate time left: 4 hours, 7 minutes
2024-05-09 12:50:00,459 - INFO - Train:5 - Epoch 279/1500 completed in 12.43 seconds.
2024-05-09 12:50:00,459 - INFO - Train:5 - Approximate time left: 4 hours, 7 minutes
2024-05-09 12:50:14,729 - INFO - Train:5 - Epoch 280/1500 completed in 12.16 seconds.
2024-05-09 12:50:14,729 - INFO - Train:5 - Approximate time left: 4 hours, 7 minutes
2024-05-09 12:50:28,946 - INFO - Train:5 - Epoch 281/1500 completed in 12.10 seconds.
2024-05-09 12:50:28,947 - INFO - Train:5 - Approximate time left: 4 hours, 6 minutes
2024-05-09 12:50:42,714 - INFO - Train:5 - Epoch 282/1500 completed in 11.65 seconds.
2024-05-09 12:50:42,714 - INFO - Train:5 - Approximate time left: 4 hours, 6 minutes
2024-05-09 12:50:56,840 - INFO - Train:5 - Epoch 283/1500 completed in 12.00 seconds.
2024-05-09 12:50:56,841 - INFO - Train:5 - Approximate time left: 4 hours, 6 minutes
2024-05-09 12:51:10,812 - INFO - Train:5 - Epoch 284/1500 completed in 11.88 seconds.
2024-05-09 12:51:10,812 - INFO - Train:5 - Approximate time left: 4 hours, 6 minutes
2024-05-09 12:51:24,935 - INFO - Train:5 - Epoch 285/1500 completed in 12.01 seconds.
2024-05-09 12:51:24,936 - INFO - Train:5 - Approximate time left: 4 hours, 5 minutes
2024-05-09 12:51:39,026 - INFO - Train:5 - Epoch 286/1500 completed in 11.94 seconds.
2024-05-09 12:51:39,026 - INFO - Train:5 - Approximate time left: 4 hours, 5 minutes
2024-05-09 12:51:53,133 - INFO - Train:5 - Epoch 287/1500 completed in 11.99 seconds.
2024-05-09 12:51:53,133 - INFO - Train:5 - Approximate time left: 4 hours, 5 minutes
2024-05-09 12:52:07,312 - INFO - Train:5 - Epoch 288/1500 completed in 12.08 seconds.
2024-05-09 12:52:07,312 - INFO - Train:5 - Approximate time left: 4 hours, 5 minutes
2024-05-09 12:52:21,366 - INFO - Train:5 - Epoch 289/1500 completed in 11.98 seconds.
2024-05-09 12:52:21,366 - INFO - Train:5 - Approximate time left: 4 hours, 5 minutes
2024-05-09 12:52:34,771 - INFO - Train:5 - Epoch 290/1500 completed in 11.29 seconds.
2024-05-09 12:52:34,771 - INFO - Train:5 - Approximate time left: 4 hours, 4 minutes
2024-05-09 12:52:48,511 - INFO - Train:5 - Epoch 291/1500 completed in 11.64 seconds.
2024-05-09 12:52:48,511 - INFO - Train:5 - Approximate time left: 4 hours, 4 minutes
2024-05-09 12:53:02,605 - INFO - Train:5 - Epoch 292/1500 completed in 12.00 seconds.
2024-05-09 12:53:02,605 - INFO - Train:5 - Approximate time left: 4 hours, 4 minutes
2024-05-09 12:53:16,760 - INFO - Train:5 - Epoch 293/1500 completed in 12.05 seconds.
2024-05-09 12:53:16,761 - INFO - Train:5 - Approximate time left: 4 hours, 4 minutes
2024-05-09 12:53:30,919 - INFO - Train:5 - Epoch 294/1500 completed in 12.06 seconds.
2024-05-09 12:53:30,919 - INFO - Train:5 - Approximate time left: 4 hours, 4 minutes
2024-05-09 12:53:44,865 - INFO - Train:5 - Epoch 295/1500 completed in 11.79 seconds.
2024-05-09 12:53:44,866 - INFO - Train:5 - Approximate time left: 4 hours, 3 minutes
2024-05-09 12:53:59,570 - INFO - Train:5 - Epoch 296/1500 completed in 12.61 seconds.
2024-05-09 12:53:59,571 - INFO - Train:5 - Approximate time left: 4 hours, 3 minutes
2024-05-09 12:54:13,607 - INFO - Train:5 - Epoch 297/1500 completed in 11.95 seconds.
2024-05-09 12:54:13,607 - INFO - Train:5 - Approximate time left: 4 hours, 3 minutes
2024-05-09 12:54:27,714 - INFO - Train:5 - Epoch 298/1500 completed in 12.02 seconds.
2024-05-09 12:54:27,715 - INFO - Train:5 - Approximate time left: 4 hours, 3 minutes
2024-05-09 12:54:42,152 - INFO - Train:5 - Epoch 299/1500 completed in 12.25 seconds.
2024-05-09 12:54:42,153 - INFO - Train:5 - Approximate time left: 4 hours, 3 minutes
2024-05-09 12:54:56,364 - INFO - Train:5 - Epoch 300/1500 completed in 12.12 seconds.
2024-05-09 12:54:56,364 - INFO - Train:5 - Approximate time left: 4 hours, 2 minutes
2024-05-09 12:55:10,200 - INFO - Train:5 - Epoch 301/1500 completed in 11.74 seconds.
2024-05-09 12:55:10,200 - INFO - Train:5 - Approximate time left: 4 hours, 2 minutes
2024-05-09 12:55:23,871 - INFO - Train:5 - Epoch 302/1500 completed in 11.53 seconds.
2024-05-09 12:55:23,871 - INFO - Train:5 - Approximate time left: 4 hours, 2 minutes
2024-05-09 12:55:38,114 - INFO - Train:5 - Epoch 303/1500 completed in 12.12 seconds.
2024-05-09 12:55:38,114 - INFO - Train:5 - Approximate time left: 4 hours, 2 minutes
2024-05-09 12:55:52,236 - INFO - Train:5 - Epoch 304/1500 completed in 11.99 seconds.
2024-05-09 12:55:52,236 - INFO - Train:5 - Approximate time left: 4 hours, 1 minutes
2024-05-09 12:56:07,488 - INFO - Train:5 - Epoch 305/1500 completed in 13.14 seconds.
2024-05-09 12:56:07,489 - INFO - Train:5 - Approximate time left: 4 hours, 1 minutes
2024-05-09 12:56:22,060 - INFO - Train:5 - Epoch 306/1500 completed in 12.46 seconds.
2024-05-09 12:56:22,060 - INFO - Train:5 - Approximate time left: 4 hours, 1 minutes
2024-05-09 12:56:35,779 - INFO - Train:5 - Epoch 307/1500 completed in 11.61 seconds.
2024-05-09 12:56:35,779 - INFO - Train:5 - Approximate time left: 4 hours, 1 minutes
2024-05-09 12:56:49,142 - INFO - Train:5 - Epoch 308/1500 completed in 11.27 seconds.
2024-05-09 12:56:49,142 - INFO - Train:5 - Approximate time left: 4 hours, 1 minutes
2024-05-09 12:57:03,153 - INFO - Train:5 - Epoch 309/1500 completed in 11.91 seconds.
2024-05-09 12:57:03,153 - INFO - Train:5 - Approximate time left: 4 hours, 0 minutes
2024-05-09 12:57:17,125 - INFO - Train:5 - Epoch 310/1500 completed in 11.88 seconds.
2024-05-09 12:57:17,125 - INFO - Train:5 - Approximate time left: 4 hours, 0 minutes
2024-05-09 12:57:31,400 - INFO - Train:5 - Epoch 311/1500 completed in 11.86 seconds.
2024-05-09 12:57:31,400 - INFO - Train:5 - Approximate time left: 4 hours, 0 minutes
2024-05-09 12:57:45,394 - INFO - Train:5 - Epoch 312/1500 completed in 11.90 seconds.
2024-05-09 12:57:45,394 - INFO - Train:5 - Approximate time left: 4 hours, 0 minutes
2024-05-09 12:57:59,887 - INFO - Train:5 - Epoch 313/1500 completed in 12.03 seconds.
2024-05-09 12:57:59,888 - INFO - Train:5 - Approximate time left: 4 hours, 0 minutes
2024-05-09 12:58:14,223 - INFO - Train:5 - Epoch 314/1500 completed in 12.24 seconds.
2024-05-09 12:58:14,223 - INFO - Train:5 - Approximate time left: 3 hours, 59 minutes
2024-05-09 12:58:28,411 - INFO - Train:5 - Epoch 315/1500 completed in 12.04 seconds.
2024-05-09 12:58:28,411 - INFO - Train:5 - Approximate time left: 3 hours, 59 minutes
2024-05-09 12:58:42,594 - INFO - Train:5 - Epoch 316/1500 completed in 12.06 seconds.
2024-05-09 12:58:42,594 - INFO - Train:5 - Approximate time left: 3 hours, 59 minutes
2024-05-09 12:58:57,069 - INFO - Train:5 - Epoch 317/1500 completed in 12.34 seconds.
2024-05-09 12:58:57,069 - INFO - Train:5 - Approximate time left: 3 hours, 59 minutes
2024-05-09 12:59:12,039 - INFO - Train:5 - Epoch 318/1500 completed in 12.87 seconds.
2024-05-09 12:59:12,039 - INFO - Train:5 - Approximate time left: 3 hours, 59 minutes
2024-05-09 12:59:26,960 - INFO - Train:5 - Epoch 319/1500 completed in 12.82 seconds.
2024-05-09 12:59:26,960 - INFO - Train:5 - Approximate time left: 3 hours, 58 minutes
2024-05-09 12:59:41,328 - INFO - Train:5 - Epoch 320/1500 completed in 12.29 seconds.
2024-05-09 12:59:41,328 - INFO - Train:5 - Approximate time left: 3 hours, 58 minutes
2024-05-09 12:59:55,748 - INFO - Train:5 - Epoch 321/1500 completed in 12.36 seconds.
2024-05-09 12:59:55,748 - INFO - Train:5 - Approximate time left: 3 hours, 58 minutes
2024-05-09 13:00:10,214 - INFO - Train:5 - Epoch 322/1500 completed in 12.36 seconds.
2024-05-09 13:00:10,214 - INFO - Train:5 - Approximate time left: 3 hours, 58 minutes
2024-05-09 13:00:24,381 - INFO - Train:5 - Epoch 323/1500 completed in 12.07 seconds.
2024-05-09 13:00:24,381 - INFO - Train:5 - Approximate time left: 3 hours, 58 minutes
2024-05-09 13:00:38,562 - INFO - Train:5 - Epoch 324/1500 completed in 12.08 seconds.
2024-05-09 13:00:38,563 - INFO - Train:5 - Approximate time left: 3 hours, 57 minutes
2024-05-09 13:00:52,671 - INFO - Train:5 - Epoch 325/1500 completed in 11.99 seconds.
2024-05-09 13:00:52,671 - INFO - Train:5 - Approximate time left: 3 hours, 57 minutes
2024-05-09 13:01:06,868 - INFO - Train:5 - Epoch 326/1500 completed in 12.05 seconds.
2024-05-09 13:01:06,868 - INFO - Train:5 - Approximate time left: 3 hours, 57 minutes
2024-05-09 13:01:21,432 - INFO - Train:5 - Epoch 327/1500 completed in 12.39 seconds.
2024-05-09 13:01:21,433 - INFO - Train:5 - Approximate time left: 3 hours, 57 minutes
2024-05-09 13:01:36,033 - INFO - Train:5 - Epoch 328/1500 completed in 12.49 seconds.
2024-05-09 13:01:36,034 - INFO - Train:5 - Approximate time left: 3 hours, 57 minutes
2024-05-09 13:01:50,653 - INFO - Train:5 - Epoch 329/1500 completed in 12.54 seconds.
2024-05-09 13:01:50,653 - INFO - Train:5 - Approximate time left: 3 hours, 56 minutes
2024-05-09 13:02:05,477 - INFO - Train:5 - Epoch 330/1500 completed in 12.73 seconds.
2024-05-09 13:02:05,477 - INFO - Train:5 - Approximate time left: 3 hours, 56 minutes
2024-05-09 13:02:20,794 - INFO - Train:5 - Epoch 331/1500 completed in 13.23 seconds.
2024-05-09 13:02:20,794 - INFO - Train:5 - Approximate time left: 3 hours, 56 minutes
2024-05-09 13:02:34,821 - INFO - Train:5 - Epoch 332/1500 completed in 11.93 seconds.
2024-05-09 13:02:34,821 - INFO - Train:5 - Approximate time left: 3 hours, 56 minutes
2024-05-09 13:02:48,945 - INFO - Train:5 - Epoch 333/1500 completed in 12.04 seconds.
2024-05-09 13:02:48,945 - INFO - Train:5 - Approximate time left: 3 hours, 56 minutes
2024-05-09 13:03:03,122 - INFO - Train:5 - Epoch 334/1500 completed in 12.07 seconds.
2024-05-09 13:03:03,122 - INFO - Train:5 - Approximate time left: 3 hours, 56 minutes
2024-05-09 13:03:17,476 - INFO - Train:5 - Epoch 335/1500 completed in 12.20 seconds.
2024-05-09 13:03:17,476 - INFO - Train:5 - Approximate time left: 3 hours, 55 minutes
2024-05-09 13:03:31,237 - INFO - Train:5 - Epoch 336/1500 completed in 11.61 seconds.
2024-05-09 13:03:31,237 - INFO - Train:5 - Approximate time left: 3 hours, 55 minutes
2024-05-09 13:03:45,119 - INFO - Train:5 - Epoch 337/1500 completed in 11.80 seconds.
2024-05-09 13:03:45,120 - INFO - Train:5 - Approximate time left: 3 hours, 55 minutes
2024-05-09 13:03:58,969 - INFO - Train:5 - Epoch 338/1500 completed in 11.67 seconds.
2024-05-09 13:03:58,969 - INFO - Train:5 - Approximate time left: 3 hours, 55 minutes
2024-05-09 13:04:13,034 - INFO - Train:5 - Epoch 339/1500 completed in 11.94 seconds.
2024-05-09 13:04:13,034 - INFO - Train:5 - Approximate time left: 3 hours, 54 minutes
2024-05-09 13:04:26,983 - INFO - Train:5 - Epoch 340/1500 completed in 11.86 seconds.
2024-05-09 13:04:26,983 - INFO - Train:5 - Approximate time left: 3 hours, 54 minutes
2024-05-09 13:04:41,325 - INFO - Train:5 - Epoch 341/1500 completed in 12.21 seconds.
2024-05-09 13:04:41,325 - INFO - Train:5 - Approximate time left: 3 hours, 54 minutes
2024-05-09 13:04:55,377 - INFO - Train:5 - Epoch 342/1500 completed in 11.97 seconds.
2024-05-09 13:04:55,377 - INFO - Train:5 - Approximate time left: 3 hours, 54 minutes
2024-05-09 13:05:09,328 - INFO - Train:5 - Epoch 343/1500 completed in 11.78 seconds.
2024-05-09 13:05:09,328 - INFO - Train:5 - Approximate time left: 3 hours, 54 minutes
2024-05-09 13:05:22,900 - INFO - Train:5 - Epoch 344/1500 completed in 11.39 seconds.
2024-05-09 13:05:22,900 - INFO - Train:5 - Approximate time left: 3 hours, 53 minutes
2024-05-09 13:05:36,641 - INFO - Train:5 - Epoch 345/1500 completed in 11.64 seconds.
2024-05-09 13:05:36,642 - INFO - Train:5 - Approximate time left: 3 hours, 53 minutes
2024-05-09 13:05:50,579 - INFO - Train:5 - Epoch 346/1500 completed in 11.82 seconds.
2024-05-09 13:05:50,579 - INFO - Train:5 - Approximate time left: 3 hours, 53 minutes
2024-05-09 13:06:04,804 - INFO - Train:5 - Epoch 347/1500 completed in 12.14 seconds.
2024-05-09 13:06:04,804 - INFO - Train:5 - Approximate time left: 3 hours, 53 minutes
2024-05-09 13:06:19,030 - INFO - Train:5 - Epoch 348/1500 completed in 12.14 seconds.
2024-05-09 13:06:19,031 - INFO - Train:5 - Approximate time left: 3 hours, 52 minutes
2024-05-09 13:06:33,237 - INFO - Train:5 - Epoch 349/1500 completed in 12.15 seconds.
2024-05-09 13:06:33,237 - INFO - Train:5 - Approximate time left: 3 hours, 52 minutes
2024-05-09 13:06:47,315 - INFO - Train:5 - Epoch 350/1500 completed in 11.98 seconds.
2024-05-09 13:06:47,316 - INFO - Train:5 - Approximate time left: 3 hours, 52 minutes
2024-05-09 13:07:01,672 - INFO - Train:5 - Epoch 351/1500 completed in 12.27 seconds.
2024-05-09 13:07:01,672 - INFO - Train:5 - Approximate time left: 3 hours, 52 minutes
2024-05-09 13:07:15,429 - INFO - Train:5 - Epoch 352/1500 completed in 11.60 seconds.
2024-05-09 13:07:15,430 - INFO - Train:5 - Approximate time left: 3 hours, 52 minutes
2024-05-09 13:07:29,562 - INFO - Train:5 - Epoch 353/1500 completed in 12.04 seconds.
2024-05-09 13:07:29,562 - INFO - Train:5 - Approximate time left: 3 hours, 51 minutes
2024-05-09 13:07:43,927 - INFO - Train:5 - Epoch 354/1500 completed in 12.26 seconds.
2024-05-09 13:07:43,928 - INFO - Train:5 - Approximate time left: 3 hours, 51 minutes
2024-05-09 13:07:58,190 - INFO - Train:5 - Epoch 355/1500 completed in 12.09 seconds.
2024-05-09 13:07:58,190 - INFO - Train:5 - Approximate time left: 3 hours, 51 minutes
2024-05-09 13:08:12,565 - INFO - Train:5 - Epoch 356/1500 completed in 12.23 seconds.
2024-05-09 13:08:12,565 - INFO - Train:5 - Approximate time left: 3 hours, 51 minutes
2024-05-09 13:08:26,650 - INFO - Train:5 - Epoch 357/1500 completed in 11.98 seconds.
2024-05-09 13:08:26,650 - INFO - Train:5 - Approximate time left: 3 hours, 51 minutes
2024-05-09 13:08:40,810 - INFO - Train:5 - Epoch 358/1500 completed in 12.08 seconds.
2024-05-09 13:08:40,810 - INFO - Train:5 - Approximate time left: 3 hours, 50 minutes
2024-05-09 13:08:54,978 - INFO - Train:5 - Epoch 359/1500 completed in 12.07 seconds.
2024-05-09 13:08:54,978 - INFO - Train:5 - Approximate time left: 3 hours, 50 minutes
2024-05-09 13:09:09,500 - INFO - Train:5 - Epoch 360/1500 completed in 12.37 seconds.
2024-05-09 13:09:09,500 - INFO - Train:5 - Approximate time left: 3 hours, 50 minutes
2024-05-09 13:09:23,837 - INFO - Train:5 - Epoch 361/1500 completed in 12.24 seconds.
2024-05-09 13:09:23,837 - INFO - Train:5 - Approximate time left: 3 hours, 50 minutes
2024-05-09 13:09:38,120 - INFO - Train:5 - Epoch 362/1500 completed in 12.22 seconds.
2024-05-09 13:09:38,120 - INFO - Train:5 - Approximate time left: 3 hours, 50 minutes
2024-05-09 13:09:52,297 - INFO - Train:5 - Epoch 363/1500 completed in 12.03 seconds.
2024-05-09 13:09:52,297 - INFO - Train:5 - Approximate time left: 3 hours, 49 minutes
2024-05-09 13:10:05,766 - INFO - Train:5 - Epoch 364/1500 completed in 11.41 seconds.
2024-05-09 13:10:05,766 - INFO - Train:5 - Approximate time left: 3 hours, 49 minutes
2024-05-09 13:10:19,742 - INFO - Train:5 - Epoch 365/1500 completed in 11.83 seconds.
2024-05-09 13:10:19,742 - INFO - Train:5 - Approximate time left: 3 hours, 49 minutes
2024-05-09 13:10:34,194 - INFO - Train:5 - Epoch 366/1500 completed in 12.28 seconds.
2024-05-09 13:10:34,195 - INFO - Train:5 - Approximate time left: 3 hours, 49 minutes
2024-05-09 13:10:48,776 - INFO - Train:5 - Epoch 367/1500 completed in 12.43 seconds.
2024-05-09 13:10:48,776 - INFO - Train:5 - Approximate time left: 3 hours, 49 minutes
2024-05-09 13:11:02,689 - INFO - Train:5 - Epoch 368/1500 completed in 11.77 seconds.
2024-05-09 13:11:02,689 - INFO - Train:5 - Approximate time left: 3 hours, 48 minutes
2024-05-09 13:11:16,943 - INFO - Train:5 - Epoch 369/1500 completed in 12.08 seconds.
2024-05-09 13:11:16,943 - INFO - Train:5 - Approximate time left: 3 hours, 48 minutes
2024-05-09 13:11:30,835 - INFO - Train:5 - Epoch 370/1500 completed in 11.74 seconds.
2024-05-09 13:11:30,835 - INFO - Train:5 - Approximate time left: 3 hours, 48 minutes
2024-05-09 13:11:45,627 - INFO - Train:5 - Epoch 371/1500 completed in 12.65 seconds.
2024-05-09 13:11:45,627 - INFO - Train:5 - Approximate time left: 3 hours, 48 minutes
2024-05-09 13:12:00,221 - INFO - Train:5 - Epoch 372/1500 completed in 12.41 seconds.
2024-05-09 13:12:00,221 - INFO - Train:5 - Approximate time left: 3 hours, 48 minutes
2024-05-09 13:12:14,292 - INFO - Train:5 - Epoch 373/1500 completed in 11.89 seconds.
2024-05-09 13:12:14,293 - INFO - Train:5 - Approximate time left: 3 hours, 47 minutes
2024-05-09 13:12:28,449 - INFO - Train:5 - Epoch 374/1500 completed in 11.99 seconds.
2024-05-09 13:12:28,449 - INFO - Train:5 - Approximate time left: 3 hours, 47 minutes
2024-05-09 13:12:42,454 - INFO - Train:5 - Epoch 375/1500 completed in 11.87 seconds.
2024-05-09 13:12:42,454 - INFO - Train:5 - Approximate time left: 3 hours, 47 minutes
2024-05-09 13:12:56,531 - INFO - Train:5 - Epoch 376/1500 completed in 11.90 seconds.
2024-05-09 13:12:56,532 - INFO - Train:5 - Approximate time left: 3 hours, 47 minutes
2024-05-09 13:13:11,038 - INFO - Train:5 - Epoch 377/1500 completed in 12.37 seconds.
2024-05-09 13:13:11,039 - INFO - Train:5 - Approximate time left: 3 hours, 47 minutes
2024-05-09 13:13:24,945 - INFO - Train:5 - Epoch 378/1500 completed in 11.83 seconds.
2024-05-09 13:13:24,945 - INFO - Train:5 - Approximate time left: 3 hours, 46 minutes
2024-05-09 13:13:38,968 - INFO - Train:5 - Epoch 379/1500 completed in 11.87 seconds.
2024-05-09 13:13:38,968 - INFO - Train:5 - Approximate time left: 3 hours, 46 minutes
2024-05-09 13:13:52,898 - INFO - Train:5 - Epoch 380/1500 completed in 11.80 seconds.
2024-05-09 13:13:52,898 - INFO - Train:5 - Approximate time left: 3 hours, 46 minutes
2024-05-09 13:14:07,222 - INFO - Train:5 - Epoch 381/1500 completed in 12.19 seconds.
2024-05-09 13:14:07,222 - INFO - Train:5 - Approximate time left: 3 hours, 46 minutes
2024-05-09 13:14:21,045 - INFO - Train:5 - Epoch 382/1500 completed in 11.72 seconds.
2024-05-09 13:14:21,045 - INFO - Train:5 - Approximate time left: 3 hours, 45 minutes
2024-05-09 13:14:35,198 - INFO - Train:5 - Epoch 383/1500 completed in 12.09 seconds.
2024-05-09 13:14:35,198 - INFO - Train:5 - Approximate time left: 3 hours, 45 minutes
2024-05-09 13:14:48,644 - INFO - Train:5 - Epoch 384/1500 completed in 11.32 seconds.
2024-05-09 13:14:48,644 - INFO - Train:5 - Approximate time left: 3 hours, 45 minutes
2024-05-09 13:15:02,429 - INFO - Train:5 - Epoch 385/1500 completed in 11.69 seconds.
2024-05-09 13:15:02,430 - INFO - Train:5 - Approximate time left: 3 hours, 45 minutes
2024-05-09 13:15:16,019 - INFO - Train:5 - Epoch 386/1500 completed in 11.47 seconds.
2024-05-09 13:15:16,019 - INFO - Train:5 - Approximate time left: 3 hours, 45 minutes
2024-05-09 13:15:30,023 - INFO - Train:5 - Epoch 387/1500 completed in 11.91 seconds.
2024-05-09 13:15:30,023 - INFO - Train:5 - Approximate time left: 3 hours, 44 minutes
2024-05-09 13:15:44,087 - INFO - Train:5 - Epoch 388/1500 completed in 12.00 seconds.
2024-05-09 13:15:44,087 - INFO - Train:5 - Approximate time left: 3 hours, 44 minutes
2024-05-09 13:15:58,349 - INFO - Train:5 - Epoch 389/1500 completed in 12.15 seconds.
2024-05-09 13:15:58,349 - INFO - Train:5 - Approximate time left: 3 hours, 44 minutes
2024-05-09 13:16:13,122 - INFO - Train:5 - Epoch 390/1500 completed in 12.37 seconds.
2024-05-09 13:16:13,122 - INFO - Train:5 - Approximate time left: 3 hours, 44 minutes
2024-05-09 13:16:27,368 - INFO - Train:5 - Epoch 391/1500 completed in 12.13 seconds.
2024-05-09 13:16:27,368 - INFO - Train:5 - Approximate time left: 3 hours, 44 minutes
2024-05-09 13:16:41,583 - INFO - Train:5 - Epoch 392/1500 completed in 12.11 seconds.
2024-05-09 13:16:41,583 - INFO - Train:5 - Approximate time left: 3 hours, 43 minutes
2024-05-09 13:16:56,436 - INFO - Train:5 - Epoch 393/1500 completed in 12.76 seconds.
2024-05-09 13:16:56,437 - INFO - Train:5 - Approximate time left: 3 hours, 43 minutes
2024-05-09 13:17:10,637 - INFO - Train:5 - Epoch 394/1500 completed in 12.09 seconds.
2024-05-09 13:17:10,638 - INFO - Train:5 - Approximate time left: 3 hours, 43 minutes
2024-05-09 13:17:24,762 - INFO - Train:5 - Epoch 395/1500 completed in 12.06 seconds.
2024-05-09 13:17:24,762 - INFO - Train:5 - Approximate time left: 3 hours, 43 minutes
2024-05-09 13:17:38,967 - INFO - Train:5 - Epoch 396/1500 completed in 12.11 seconds.
2024-05-09 13:17:38,968 - INFO - Train:5 - Approximate time left: 3 hours, 43 minutes
2024-05-09 13:17:53,146 - INFO - Train:5 - Epoch 397/1500 completed in 12.10 seconds.
2024-05-09 13:17:53,146 - INFO - Train:5 - Approximate time left: 3 hours, 42 minutes
2024-05-09 13:18:07,405 - INFO - Train:5 - Epoch 398/1500 completed in 12.17 seconds.
2024-05-09 13:18:07,405 - INFO - Train:5 - Approximate time left: 3 hours, 42 minutes
2024-05-09 13:18:21,548 - INFO - Train:5 - Epoch 399/1500 completed in 12.07 seconds.
2024-05-09 13:18:21,548 - INFO - Train:5 - Approximate time left: 3 hours, 42 minutes
2024-05-09 13:18:35,712 - INFO - Train:5 - Epoch 400/1500 completed in 11.70 seconds.
2024-05-09 13:18:35,713 - INFO - Train:5 - Approximate time left: 3 hours, 42 minutes
2024-05-09 13:18:50,317 - ERROR - Train:5 - Error saving checkpoint: join() argument must be str, bytes, or os.PathLike object, not 'NoneType'
Traceback (most recent call last):
  File "/data/Pein/Pytorch/Ascend-NPU-Parallel-Training/1-src/trainer.py", line 538, in save_checkpoint
    save_checkpoint_folder = os.path.join(
  File "/root/miniconda3/envs/Pein38/lib/python3.8/posixpath.py", line 90, in join
    genericpath._check_arg_types('join', a, *p)
  File "/root/miniconda3/envs/Pein38/lib/python3.8/genericpath.py", line 152, in _check_arg_types
    raise TypeError(f'{funcname}() argument must be str, bytes, or '
TypeError: join() argument must be str, bytes, or os.PathLike object, not 'NoneType'
2024-05-09 13:18:50,317 - INFO - Train:5 - Epoch 401/1500 completed in 12.42 seconds.
2024-05-09 13:18:50,317 - INFO - Train:5 - Approximate time left: 3 hours, 42 minutes
2024-05-09 13:19:04,828 - INFO - Train:5 - Epoch 402/1500 completed in 11.99 seconds.
2024-05-09 13:19:04,828 - INFO - Train:5 - Approximate time left: 3 hours, 41 minutes
2024-05-09 13:19:19,423 - INFO - Train:5 - Epoch 403/1500 completed in 12.49 seconds.
2024-05-09 13:19:19,423 - INFO - Train:5 - Approximate time left: 3 hours, 41 minutes
2024-05-09 13:19:33,478 - INFO - Train:5 - Epoch 404/1500 completed in 11.96 seconds.
2024-05-09 13:19:33,478 - INFO - Train:5 - Approximate time left: 3 hours, 41 minutes
2024-05-09 13:19:47,657 - INFO - Train:5 - Epoch 405/1500 completed in 12.03 seconds.
2024-05-09 13:19:47,657 - INFO - Train:5 - Approximate time left: 3 hours, 41 minutes
2024-05-09 13:20:01,545 - INFO - Train:5 - Epoch 406/1500 completed in 11.72 seconds.
2024-05-09 13:20:01,545 - INFO - Train:5 - Approximate time left: 3 hours, 41 minutes
2024-05-09 13:20:15,735 - INFO - Train:5 - Epoch 407/1500 completed in 12.04 seconds.
2024-05-09 13:20:15,735 - INFO - Train:5 - Approximate time left: 3 hours, 40 minutes
2024-05-09 13:20:29,286 - INFO - Train:5 - Epoch 408/1500 completed in 11.42 seconds.
2024-05-09 13:20:29,287 - INFO - Train:5 - Approximate time left: 3 hours, 40 minutes
2024-05-09 13:20:43,454 - INFO - Train:5 - Epoch 409/1500 completed in 12.02 seconds.
2024-05-09 13:20:43,454 - INFO - Train:5 - Approximate time left: 3 hours, 40 minutes
2024-05-09 13:20:56,886 - INFO - Train:5 - Epoch 410/1500 completed in 11.33 seconds.
2024-05-09 13:20:56,886 - INFO - Train:5 - Approximate time left: 3 hours, 40 minutes
2024-05-09 13:21:10,133 - INFO - Train:5 - Epoch 411/1500 completed in 11.09 seconds.
2024-05-09 13:21:10,133 - INFO - Train:5 - Approximate time left: 3 hours, 39 minutes
2024-05-09 13:21:23,389 - INFO - Train:5 - Epoch 412/1500 completed in 11.15 seconds.
2024-05-09 13:21:23,389 - INFO - Train:5 - Approximate time left: 3 hours, 39 minutes
2024-05-09 13:21:36,803 - INFO - Train:5 - Epoch 413/1500 completed in 11.31 seconds.
2024-05-09 13:21:36,803 - INFO - Train:5 - Approximate time left: 3 hours, 39 minutes
2024-05-09 13:21:50,360 - INFO - Train:5 - Epoch 414/1500 completed in 11.47 seconds.
2024-05-09 13:21:50,360 - INFO - Train:5 - Approximate time left: 3 hours, 39 minutes
2024-05-09 13:22:04,077 - INFO - Train:5 - Epoch 415/1500 completed in 11.62 seconds.
2024-05-09 13:22:04,077 - INFO - Train:5 - Approximate time left: 3 hours, 38 minutes
2024-05-09 13:22:18,605 - INFO - Train:5 - Epoch 416/1500 completed in 12.41 seconds.
2024-05-09 13:22:18,605 - INFO - Train:5 - Approximate time left: 3 hours, 38 minutes
2024-05-09 13:22:33,226 - INFO - Train:5 - Epoch 417/1500 completed in 12.50 seconds.
2024-05-09 13:22:33,226 - INFO - Train:5 - Approximate time left: 3 hours, 38 minutes
2024-05-09 13:22:46,833 - INFO - Train:5 - Epoch 418/1500 completed in 11.50 seconds.
2024-05-09 13:22:46,834 - INFO - Train:5 - Approximate time left: 3 hours, 38 minutes
2024-05-09 13:23:00,760 - INFO - Train:5 - Epoch 419/1500 completed in 11.81 seconds.
2024-05-09 13:23:00,761 - INFO - Train:5 - Approximate time left: 3 hours, 38 minutes
2024-05-09 13:23:14,368 - INFO - Train:5 - Epoch 420/1500 completed in 11.51 seconds.
2024-05-09 13:23:14,368 - INFO - Train:5 - Approximate time left: 3 hours, 37 minutes
2024-05-09 13:23:27,828 - INFO - Train:5 - Epoch 421/1500 completed in 11.34 seconds.
2024-05-09 13:23:27,828 - INFO - Train:5 - Approximate time left: 3 hours, 37 minutes
2024-05-09 13:23:42,025 - INFO - Train:5 - Epoch 422/1500 completed in 12.00 seconds.
2024-05-09 13:23:42,026 - INFO - Train:5 - Approximate time left: 3 hours, 37 minutes
2024-05-09 13:23:56,221 - INFO - Train:5 - Epoch 423/1500 completed in 12.02 seconds.
2024-05-09 13:23:56,221 - INFO - Train:5 - Approximate time left: 3 hours, 37 minutes
2024-05-09 13:24:10,236 - INFO - Train:5 - Epoch 424/1500 completed in 11.86 seconds.
2024-05-09 13:24:10,236 - INFO - Train:5 - Approximate time left: 3 hours, 37 minutes
2024-05-09 13:24:24,303 - INFO - Train:5 - Epoch 425/1500 completed in 11.98 seconds.
2024-05-09 13:24:24,303 - INFO - Train:5 - Approximate time left: 3 hours, 36 minutes
2024-05-09 13:24:38,461 - INFO - Train:5 - Epoch 426/1500 completed in 12.06 seconds.
2024-05-09 13:24:38,461 - INFO - Train:5 - Approximate time left: 3 hours, 36 minutes
2024-05-09 13:24:52,683 - INFO - Train:5 - Epoch 427/1500 completed in 12.06 seconds.
2024-05-09 13:24:52,683 - INFO - Train:5 - Approximate time left: 3 hours, 36 minutes
2024-05-09 13:25:06,860 - INFO - Train:5 - Epoch 428/1500 completed in 12.09 seconds.
2024-05-09 13:25:06,860 - INFO - Train:5 - Approximate time left: 3 hours, 36 minutes
2024-05-09 13:25:21,444 - INFO - Train:5 - Epoch 429/1500 completed in 12.19 seconds.
2024-05-09 13:25:21,445 - INFO - Train:5 - Approximate time left: 3 hours, 36 minutes
2024-05-09 13:25:35,701 - INFO - Train:5 - Epoch 430/1500 completed in 12.18 seconds.
2024-05-09 13:25:35,701 - INFO - Train:5 - Approximate time left: 3 hours, 35 minutes
2024-05-09 13:25:49,715 - INFO - Train:5 - Epoch 431/1500 completed in 11.94 seconds.
2024-05-09 13:25:49,715 - INFO - Train:5 - Approximate time left: 3 hours, 35 minutes
2024-05-09 13:26:03,840 - INFO - Train:5 - Epoch 432/1500 completed in 12.05 seconds.
2024-05-09 13:26:03,840 - INFO - Train:5 - Approximate time left: 3 hours, 35 minutes
2024-05-09 13:26:18,001 - INFO - Train:5 - Epoch 433/1500 completed in 12.08 seconds.
2024-05-09 13:26:18,002 - INFO - Train:5 - Approximate time left: 3 hours, 35 minutes
2024-05-09 13:26:32,031 - INFO - Train:5 - Epoch 434/1500 completed in 11.98 seconds.
2024-05-09 13:26:32,031 - INFO - Train:5 - Approximate time left: 3 hours, 35 minutes
2024-05-09 13:26:46,104 - INFO - Train:5 - Epoch 435/1500 completed in 11.98 seconds.
2024-05-09 13:26:46,104 - INFO - Train:5 - Approximate time left: 3 hours, 34 minutes
2024-05-09 13:27:00,250 - INFO - Train:5 - Epoch 436/1500 completed in 12.03 seconds.
2024-05-09 13:27:00,250 - INFO - Train:5 - Approximate time left: 3 hours, 34 minutes
2024-05-09 13:27:14,276 - INFO - Train:5 - Epoch 437/1500 completed in 11.92 seconds.
2024-05-09 13:27:14,276 - INFO - Train:5 - Approximate time left: 3 hours, 34 minutes
2024-05-09 13:27:28,233 - INFO - Train:5 - Epoch 438/1500 completed in 11.85 seconds.
2024-05-09 13:27:28,233 - INFO - Train:5 - Approximate time left: 3 hours, 34 minutes
2024-05-09 13:27:42,335 - INFO - Train:5 - Epoch 439/1500 completed in 11.98 seconds.
2024-05-09 13:27:42,335 - INFO - Train:5 - Approximate time left: 3 hours, 33 minutes
2024-05-09 13:27:56,783 - INFO - Train:5 - Epoch 440/1500 completed in 12.28 seconds.
2024-05-09 13:27:56,783 - INFO - Train:5 - Approximate time left: 3 hours, 33 minutes
2024-05-09 13:28:11,183 - INFO - Train:5 - Epoch 441/1500 completed in 12.20 seconds.
2024-05-09 13:28:11,183 - INFO - Train:5 - Approximate time left: 3 hours, 33 minutes
2024-05-09 13:28:25,143 - INFO - Train:5 - Epoch 442/1500 completed in 11.77 seconds.
2024-05-09 13:28:25,143 - INFO - Train:5 - Approximate time left: 3 hours, 33 minutes
2024-05-09 13:28:39,506 - INFO - Train:5 - Epoch 443/1500 completed in 12.16 seconds.
2024-05-09 13:28:39,506 - INFO - Train:5 - Approximate time left: 3 hours, 33 minutes
2024-05-09 13:28:53,740 - INFO - Train:5 - Epoch 444/1500 completed in 12.04 seconds.
2024-05-09 13:28:53,741 - INFO - Train:5 - Approximate time left: 3 hours, 32 minutes
2024-05-09 13:29:07,526 - INFO - Train:5 - Epoch 445/1500 completed in 11.64 seconds.
2024-05-09 13:29:07,526 - INFO - Train:5 - Approximate time left: 3 hours, 32 minutes
2024-05-09 13:29:21,422 - INFO - Train:5 - Epoch 446/1500 completed in 11.82 seconds.
2024-05-09 13:29:21,422 - INFO - Train:5 - Approximate time left: 3 hours, 32 minutes
2024-05-09 13:29:35,497 - INFO - Train:5 - Epoch 447/1500 completed in 11.92 seconds.
2024-05-09 13:29:35,497 - INFO - Train:5 - Approximate time left: 3 hours, 32 minutes
2024-05-09 13:29:49,557 - INFO - Train:5 - Epoch 448/1500 completed in 11.91 seconds.
2024-05-09 13:29:49,558 - INFO - Train:5 - Approximate time left: 3 hours, 32 minutes
2024-05-09 13:30:03,679 - INFO - Train:5 - Epoch 449/1500 completed in 12.03 seconds.
2024-05-09 13:30:03,680 - INFO - Train:5 - Approximate time left: 3 hours, 31 minutes
2024-05-09 13:30:17,845 - INFO - Train:5 - Epoch 450/1500 completed in 12.04 seconds.
2024-05-09 13:30:17,845 - INFO - Train:5 - Approximate time left: 3 hours, 31 minutes
2024-05-09 13:30:31,989 - INFO - Train:5 - Epoch 451/1500 completed in 12.04 seconds.
2024-05-09 13:30:31,989 - INFO - Train:5 - Approximate time left: 3 hours, 31 minutes
2024-05-09 13:30:46,116 - INFO - Train:5 - Epoch 452/1500 completed in 12.04 seconds.
2024-05-09 13:30:46,116 - INFO - Train:5 - Approximate time left: 3 hours, 31 minutes
2024-05-09 13:31:00,236 - INFO - Train:5 - Epoch 453/1500 completed in 12.04 seconds.
2024-05-09 13:31:00,236 - INFO - Train:5 - Approximate time left: 3 hours, 31 minutes
2024-05-09 13:31:13,787 - INFO - Train:5 - Epoch 454/1500 completed in 11.46 seconds.
2024-05-09 13:31:13,787 - INFO - Train:5 - Approximate time left: 3 hours, 30 minutes
2024-05-09 13:31:27,849 - INFO - Train:5 - Epoch 455/1500 completed in 11.97 seconds.
2024-05-09 13:31:27,849 - INFO - Train:5 - Approximate time left: 3 hours, 30 minutes
2024-05-09 13:31:41,969 - INFO - Train:5 - Epoch 456/1500 completed in 12.00 seconds.
2024-05-09 13:31:41,970 - INFO - Train:5 - Approximate time left: 3 hours, 30 minutes
2024-05-09 13:31:56,715 - INFO - Train:5 - Epoch 457/1500 completed in 12.60 seconds.
2024-05-09 13:31:56,715 - INFO - Train:5 - Approximate time left: 3 hours, 30 minutes
2024-05-09 13:32:10,625 - INFO - Train:5 - Epoch 458/1500 completed in 11.79 seconds.
2024-05-09 13:32:10,626 - INFO - Train:5 - Approximate time left: 3 hours, 30 minutes
2024-05-09 13:32:24,887 - INFO - Train:5 - Epoch 459/1500 completed in 12.17 seconds.
2024-05-09 13:32:24,887 - INFO - Train:5 - Approximate time left: 3 hours, 29 minutes
2024-05-09 13:32:39,175 - INFO - Train:5 - Epoch 460/1500 completed in 12.24 seconds.
2024-05-09 13:32:39,176 - INFO - Train:5 - Approximate time left: 3 hours, 29 minutes
2024-05-09 13:32:52,613 - INFO - Train:5 - Epoch 461/1500 completed in 11.37 seconds.
2024-05-09 13:32:52,613 - INFO - Train:5 - Approximate time left: 3 hours, 29 minutes
2024-05-09 13:33:06,389 - INFO - Train:5 - Epoch 462/1500 completed in 11.65 seconds.
2024-05-09 13:33:06,389 - INFO - Train:5 - Approximate time left: 3 hours, 29 minutes
2024-05-09 13:33:20,506 - INFO - Train:5 - Epoch 463/1500 completed in 11.94 seconds.
2024-05-09 13:33:20,506 - INFO - Train:5 - Approximate time left: 3 hours, 29 minutes
2024-05-09 13:33:34,635 - INFO - Train:5 - Epoch 464/1500 completed in 11.94 seconds.
2024-05-09 13:33:34,635 - INFO - Train:5 - Approximate time left: 3 hours, 28 minutes
2024-05-09 13:33:48,776 - INFO - Train:5 - Epoch 465/1500 completed in 11.97 seconds.
2024-05-09 13:33:48,776 - INFO - Train:5 - Approximate time left: 3 hours, 28 minutes
2024-05-09 13:34:02,446 - INFO - Train:5 - Epoch 466/1500 completed in 11.50 seconds.
2024-05-09 13:34:02,446 - INFO - Train:5 - Approximate time left: 3 hours, 28 minutes
2024-05-09 13:34:15,849 - INFO - Train:5 - Epoch 467/1500 completed in 11.29 seconds.
2024-05-09 13:34:15,849 - INFO - Train:5 - Approximate time left: 3 hours, 28 minutes
2024-05-09 13:34:29,687 - INFO - Train:5 - Epoch 468/1500 completed in 11.73 seconds.
2024-05-09 13:34:29,687 - INFO - Train:5 - Approximate time left: 3 hours, 27 minutes
2024-05-09 13:34:43,828 - INFO - Train:5 - Epoch 469/1500 completed in 11.99 seconds.
2024-05-09 13:34:43,828 - INFO - Train:5 - Approximate time left: 3 hours, 27 minutes
2024-05-09 13:34:58,004 - INFO - Train:5 - Epoch 470/1500 completed in 12.02 seconds.
2024-05-09 13:34:58,004 - INFO - Train:5 - Approximate time left: 3 hours, 27 minutes
2024-05-09 13:35:12,164 - INFO - Train:5 - Epoch 471/1500 completed in 12.00 seconds.
2024-05-09 13:35:12,164 - INFO - Train:5 - Approximate time left: 3 hours, 27 minutes
2024-05-09 13:35:26,373 - INFO - Train:5 - Epoch 472/1500 completed in 12.03 seconds.
2024-05-09 13:35:26,373 - INFO - Train:5 - Approximate time left: 3 hours, 27 minutes
2024-05-09 13:35:40,668 - INFO - Train:5 - Epoch 473/1500 completed in 12.13 seconds.
2024-05-09 13:35:40,668 - INFO - Train:5 - Approximate time left: 3 hours, 26 minutes
2024-05-09 13:35:54,918 - INFO - Train:5 - Epoch 474/1500 completed in 12.06 seconds.
2024-05-09 13:35:54,918 - INFO - Train:5 - Approximate time left: 3 hours, 26 minutes
2024-05-09 13:36:09,109 - INFO - Train:5 - Epoch 475/1500 completed in 12.02 seconds.
2024-05-09 13:36:09,110 - INFO - Train:5 - Approximate time left: 3 hours, 26 minutes
2024-05-09 13:36:23,306 - INFO - Train:5 - Epoch 476/1500 completed in 12.09 seconds.
2024-05-09 13:36:23,306 - INFO - Train:5 - Approximate time left: 3 hours, 26 minutes
2024-05-09 13:36:37,726 - INFO - Train:5 - Epoch 477/1500 completed in 12.26 seconds.
2024-05-09 13:36:37,726 - INFO - Train:5 - Approximate time left: 3 hours, 26 minutes
2024-05-09 13:36:51,379 - INFO - Train:5 - Epoch 478/1500 completed in 11.52 seconds.
2024-05-09 13:36:51,380 - INFO - Train:5 - Approximate time left: 3 hours, 25 minutes
2024-05-09 13:37:05,525 - INFO - Train:5 - Epoch 479/1500 completed in 12.06 seconds.
2024-05-09 13:37:05,526 - INFO - Train:5 - Approximate time left: 3 hours, 25 minutes
2024-05-09 13:37:19,694 - INFO - Train:5 - Epoch 480/1500 completed in 12.06 seconds.
2024-05-09 13:37:19,694 - INFO - Train:5 - Approximate time left: 3 hours, 25 minutes
2024-05-09 13:37:32,961 - INFO - Train:5 - Epoch 481/1500 completed in 11.20 seconds.
2024-05-09 13:37:32,962 - INFO - Train:5 - Approximate time left: 3 hours, 25 minutes
2024-05-09 13:37:46,288 - INFO - Train:5 - Epoch 482/1500 completed in 11.22 seconds.
2024-05-09 13:37:46,289 - INFO - Train:5 - Approximate time left: 3 hours, 25 minutes
2024-05-09 13:38:00,177 - INFO - Train:5 - Epoch 483/1500 completed in 11.77 seconds.
2024-05-09 13:38:00,177 - INFO - Train:5 - Approximate time left: 3 hours, 24 minutes
2024-05-09 13:38:14,095 - INFO - Train:5 - Epoch 484/1500 completed in 11.76 seconds.
2024-05-09 13:38:14,096 - INFO - Train:5 - Approximate time left: 3 hours, 24 minutes
2024-05-09 13:38:28,175 - INFO - Train:5 - Epoch 485/1500 completed in 11.95 seconds.
2024-05-09 13:38:28,176 - INFO - Train:5 - Approximate time left: 3 hours, 24 minutes
2024-05-09 13:38:42,254 - INFO - Train:5 - Epoch 486/1500 completed in 11.93 seconds.
2024-05-09 13:38:42,254 - INFO - Train:5 - Approximate time left: 3 hours, 24 minutes
2024-05-09 13:38:56,367 - INFO - Train:5 - Epoch 487/1500 completed in 12.02 seconds.
2024-05-09 13:38:56,367 - INFO - Train:5 - Approximate time left: 3 hours, 23 minutes
2024-05-09 13:39:10,463 - INFO - Train:5 - Epoch 488/1500 completed in 11.98 seconds.
2024-05-09 13:39:10,463 - INFO - Train:5 - Approximate time left: 3 hours, 23 minutes
2024-05-09 13:39:24,645 - INFO - Train:5 - Epoch 489/1500 completed in 12.11 seconds.
2024-05-09 13:39:24,645 - INFO - Train:5 - Approximate time left: 3 hours, 23 minutes
2024-05-09 13:39:38,875 - INFO - Train:5 - Epoch 490/1500 completed in 12.15 seconds.
2024-05-09 13:39:38,876 - INFO - Train:5 - Approximate time left: 3 hours, 23 minutes
2024-05-09 13:39:53,119 - INFO - Train:5 - Epoch 491/1500 completed in 12.17 seconds.
2024-05-09 13:39:53,120 - INFO - Train:5 - Approximate time left: 3 hours, 23 minutes
2024-05-09 13:40:06,342 - INFO - Train:5 - Epoch 492/1500 completed in 11.13 seconds.
2024-05-09 13:40:06,342 - INFO - Train:5 - Approximate time left: 3 hours, 22 minutes
2024-05-09 13:40:19,902 - INFO - Train:5 - Epoch 493/1500 completed in 11.46 seconds.
2024-05-09 13:40:19,902 - INFO - Train:5 - Approximate time left: 3 hours, 22 minutes
2024-05-09 13:40:33,172 - INFO - Train:5 - Epoch 494/1500 completed in 11.19 seconds.
2024-05-09 13:40:33,172 - INFO - Train:5 - Approximate time left: 3 hours, 22 minutes
2024-05-09 13:40:47,532 - INFO - Train:5 - Epoch 495/1500 completed in 12.25 seconds.
2024-05-09 13:40:47,532 - INFO - Train:5 - Approximate time left: 3 hours, 22 minutes
2024-05-09 13:41:01,756 - INFO - Train:5 - Epoch 496/1500 completed in 12.12 seconds.
2024-05-09 13:41:01,757 - INFO - Train:5 - Approximate time left: 3 hours, 22 minutes
2024-05-09 13:41:16,082 - INFO - Train:5 - Epoch 497/1500 completed in 12.24 seconds.
2024-05-09 13:41:16,082 - INFO - Train:5 - Approximate time left: 3 hours, 21 minutes
2024-05-09 13:41:30,348 - INFO - Train:5 - Epoch 498/1500 completed in 11.81 seconds.
2024-05-09 13:41:30,348 - INFO - Train:5 - Approximate time left: 3 hours, 21 minutes
2024-05-09 13:41:44,569 - INFO - Train:5 - Epoch 499/1500 completed in 12.12 seconds.
2024-05-09 13:41:44,569 - INFO - Train:5 - Approximate time left: 3 hours, 21 minutes
2024-05-09 13:41:58,367 - INFO - Train:5 - Epoch 500/1500 completed in 11.70 seconds.
2024-05-09 13:41:58,367 - INFO - Train:5 - Approximate time left: 3 hours, 21 minutes
2024-05-09 13:42:12,010 - INFO - Train:5 - Epoch 501/1500 completed in 11.53 seconds.
2024-05-09 13:42:12,010 - INFO - Train:5 - Approximate time left: 3 hours, 21 minutes
2024-05-09 13:42:25,665 - INFO - Train:5 - Epoch 502/1500 completed in 11.59 seconds.
2024-05-09 13:42:25,665 - INFO - Train:5 - Approximate time left: 3 hours, 20 minutes
2024-05-09 13:42:39,590 - INFO - Train:5 - Epoch 503/1500 completed in 11.52 seconds.
2024-05-09 13:42:39,591 - INFO - Train:5 - Approximate time left: 3 hours, 20 minutes
2024-05-09 13:42:53,221 - INFO - Train:5 - Epoch 504/1500 completed in 11.54 seconds.
2024-05-09 13:42:53,221 - INFO - Train:5 - Approximate time left: 3 hours, 20 minutes
2024-05-09 13:43:06,888 - INFO - Train:5 - Epoch 505/1500 completed in 11.58 seconds.
2024-05-09 13:43:06,888 - INFO - Train:5 - Approximate time left: 3 hours, 20 minutes
2024-05-09 13:43:20,675 - INFO - Train:5 - Epoch 506/1500 completed in 11.70 seconds.
2024-05-09 13:43:20,675 - INFO - Train:5 - Approximate time left: 3 hours, 19 minutes
2024-05-09 13:43:34,732 - INFO - Train:5 - Epoch 507/1500 completed in 11.97 seconds.
2024-05-09 13:43:34,732 - INFO - Train:5 - Approximate time left: 3 hours, 19 minutes
2024-05-09 13:43:48,825 - INFO - Train:5 - Epoch 508/1500 completed in 11.99 seconds.
2024-05-09 13:43:48,825 - INFO - Train:5 - Approximate time left: 3 hours, 19 minutes
2024-05-09 13:44:02,861 - INFO - Train:5 - Epoch 509/1500 completed in 11.94 seconds.
2024-05-09 13:44:02,862 - INFO - Train:5 - Approximate time left: 3 hours, 19 minutes
2024-05-09 13:44:16,844 - INFO - Train:5 - Epoch 510/1500 completed in 11.91 seconds.
2024-05-09 13:44:16,845 - INFO - Train:5 - Approximate time left: 3 hours, 19 minutes
2024-05-09 13:44:30,484 - INFO - Train:5 - Epoch 511/1500 completed in 11.55 seconds.
2024-05-09 13:44:30,484 - INFO - Train:5 - Approximate time left: 3 hours, 18 minutes
2024-05-09 13:44:44,144 - INFO - Train:5 - Epoch 512/1500 completed in 11.55 seconds.
2024-05-09 13:44:44,144 - INFO - Train:5 - Approximate time left: 3 hours, 18 minutes
2024-05-09 13:44:58,563 - INFO - Train:5 - Epoch 513/1500 completed in 12.30 seconds.
2024-05-09 13:44:58,563 - INFO - Train:5 - Approximate time left: 3 hours, 18 minutes
2024-05-09 13:45:12,555 - INFO - Train:5 - Epoch 514/1500 completed in 11.90 seconds.
2024-05-09 13:45:12,555 - INFO - Train:5 - Approximate time left: 3 hours, 18 minutes
2024-05-09 13:45:26,732 - INFO - Train:5 - Epoch 515/1500 completed in 12.08 seconds.
2024-05-09 13:45:26,732 - INFO - Train:5 - Approximate time left: 3 hours, 18 minutes
2024-05-09 13:45:40,827 - INFO - Train:5 - Epoch 516/1500 completed in 11.97 seconds.
2024-05-09 13:45:40,828 - INFO - Train:5 - Approximate time left: 3 hours, 17 minutes
2024-05-09 13:45:54,678 - INFO - Train:5 - Epoch 517/1500 completed in 11.77 seconds.
2024-05-09 13:45:54,679 - INFO - Train:5 - Approximate time left: 3 hours, 17 minutes
2024-05-09 13:46:08,837 - INFO - Train:5 - Epoch 518/1500 completed in 12.08 seconds.
2024-05-09 13:46:08,837 - INFO - Train:5 - Approximate time left: 3 hours, 17 minutes
2024-05-09 13:46:22,644 - INFO - Train:5 - Epoch 519/1500 completed in 11.73 seconds.
2024-05-09 13:46:22,644 - INFO - Train:5 - Approximate time left: 3 hours, 17 minutes
2024-05-09 13:46:36,421 - INFO - Train:5 - Epoch 520/1500 completed in 11.68 seconds.
2024-05-09 13:46:36,421 - INFO - Train:5 - Approximate time left: 3 hours, 17 minutes
2024-05-09 13:46:49,807 - INFO - Train:5 - Epoch 521/1500 completed in 11.28 seconds.
2024-05-09 13:46:49,807 - INFO - Train:5 - Approximate time left: 3 hours, 16 minutes
2024-05-09 13:47:03,341 - INFO - Train:5 - Epoch 522/1500 completed in 11.43 seconds.
2024-05-09 13:47:03,341 - INFO - Train:5 - Approximate time left: 3 hours, 16 minutes
2024-05-09 13:47:17,436 - INFO - Train:5 - Epoch 523/1500 completed in 11.96 seconds.
2024-05-09 13:47:17,436 - INFO - Train:5 - Approximate time left: 3 hours, 16 minutes
2024-05-09 13:47:31,527 - INFO - Train:5 - Epoch 524/1500 completed in 12.00 seconds.
2024-05-09 13:47:31,527 - INFO - Train:5 - Approximate time left: 3 hours, 16 minutes
2024-05-09 13:47:45,440 - INFO - Train:5 - Epoch 525/1500 completed in 11.82 seconds.
2024-05-09 13:47:45,440 - INFO - Train:5 - Approximate time left: 3 hours, 16 minutes
2024-05-09 13:47:59,596 - INFO - Train:5 - Epoch 526/1500 completed in 12.05 seconds.
2024-05-09 13:47:59,597 - INFO - Train:5 - Approximate time left: 3 hours, 15 minutes
2024-05-09 13:48:13,587 - INFO - Train:5 - Epoch 527/1500 completed in 11.91 seconds.
2024-05-09 13:48:13,587 - INFO - Train:5 - Approximate time left: 3 hours, 15 minutes
2024-05-09 13:48:27,865 - INFO - Train:5 - Epoch 528/1500 completed in 12.20 seconds.
2024-05-09 13:48:27,865 - INFO - Train:5 - Approximate time left: 3 hours, 15 minutes
2024-05-09 13:48:41,800 - INFO - Train:5 - Epoch 529/1500 completed in 11.85 seconds.
2024-05-09 13:48:41,800 - INFO - Train:5 - Approximate time left: 3 hours, 15 minutes
2024-05-09 13:48:56,289 - INFO - Train:5 - Epoch 530/1500 completed in 12.07 seconds.
2024-05-09 13:48:56,290 - INFO - Train:5 - Approximate time left: 3 hours, 14 minutes
2024-05-09 13:49:10,692 - INFO - Train:5 - Epoch 531/1500 completed in 12.30 seconds.
2024-05-09 13:49:10,692 - INFO - Train:5 - Approximate time left: 3 hours, 14 minutes
2024-05-09 13:49:24,942 - INFO - Train:5 - Epoch 532/1500 completed in 12.17 seconds.
2024-05-09 13:49:24,942 - INFO - Train:5 - Approximate time left: 3 hours, 14 minutes
2024-05-09 13:49:39,239 - INFO - Train:5 - Epoch 533/1500 completed in 12.19 seconds.
2024-05-09 13:49:39,239 - INFO - Train:5 - Approximate time left: 3 hours, 14 minutes
2024-05-09 13:49:53,319 - INFO - Train:5 - Epoch 534/1500 completed in 11.98 seconds.
2024-05-09 13:49:53,319 - INFO - Train:5 - Approximate time left: 3 hours, 14 minutes
2024-05-09 13:50:07,581 - INFO - Train:5 - Epoch 535/1500 completed in 12.15 seconds.
2024-05-09 13:50:07,581 - INFO - Train:5 - Approximate time left: 3 hours, 13 minutes
2024-05-09 13:50:21,858 - INFO - Train:5 - Epoch 536/1500 completed in 12.09 seconds.
2024-05-09 13:50:21,858 - INFO - Train:5 - Approximate time left: 3 hours, 13 minutes
2024-05-09 13:50:35,744 - INFO - Train:5 - Epoch 537/1500 completed in 11.80 seconds.
2024-05-09 13:50:35,745 - INFO - Train:5 - Approximate time left: 3 hours, 13 minutes
2024-05-09 13:50:49,807 - INFO - Train:5 - Epoch 538/1500 completed in 11.95 seconds.
2024-05-09 13:50:49,808 - INFO - Train:5 - Approximate time left: 3 hours, 13 minutes
2024-05-09 13:51:03,981 - INFO - Train:5 - Epoch 539/1500 completed in 12.08 seconds.
2024-05-09 13:51:03,981 - INFO - Train:5 - Approximate time left: 3 hours, 13 minutes
2024-05-09 13:51:18,031 - INFO - Train:5 - Epoch 540/1500 completed in 11.95 seconds.
2024-05-09 13:51:18,032 - INFO - Train:5 - Approximate time left: 3 hours, 12 minutes
2024-05-09 13:51:31,740 - INFO - Train:5 - Epoch 541/1500 completed in 11.66 seconds.
2024-05-09 13:51:31,741 - INFO - Train:5 - Approximate time left: 3 hours, 12 minutes
2024-05-09 13:51:45,764 - INFO - Train:5 - Epoch 542/1500 completed in 11.92 seconds.
2024-05-09 13:51:45,765 - INFO - Train:5 - Approximate time left: 3 hours, 12 minutes
2024-05-09 13:52:00,650 - INFO - Train:5 - Epoch 543/1500 completed in 12.78 seconds.
2024-05-09 13:52:00,650 - INFO - Train:5 - Approximate time left: 3 hours, 12 minutes
2024-05-09 13:52:14,835 - INFO - Train:5 - Epoch 544/1500 completed in 12.10 seconds.
2024-05-09 13:52:14,835 - INFO - Train:5 - Approximate time left: 3 hours, 12 minutes
2024-05-09 13:52:29,092 - INFO - Train:5 - Epoch 545/1500 completed in 12.16 seconds.
2024-05-09 13:52:29,092 - INFO - Train:5 - Approximate time left: 3 hours, 11 minutes
2024-05-09 13:52:43,341 - INFO - Train:5 - Epoch 546/1500 completed in 12.16 seconds.
2024-05-09 13:52:43,341 - INFO - Train:5 - Approximate time left: 3 hours, 11 minutes
2024-05-09 13:52:57,557 - INFO - Train:5 - Epoch 547/1500 completed in 12.12 seconds.
2024-05-09 13:52:57,557 - INFO - Train:5 - Approximate time left: 3 hours, 11 minutes
2024-05-09 13:53:12,012 - INFO - Train:5 - Epoch 548/1500 completed in 12.35 seconds.
2024-05-09 13:53:12,013 - INFO - Train:5 - Approximate time left: 3 hours, 11 minutes
2024-05-09 13:53:26,000 - INFO - Train:5 - Epoch 549/1500 completed in 11.89 seconds.
2024-05-09 13:53:26,001 - INFO - Train:5 - Approximate time left: 3 hours, 11 minutes
2024-05-09 13:53:28,111 - INFO - Train:5 - Early stopping triggered across all processes at epoch:548
