2024-05-09 11:43:56,983 - ERROR - Train:3 - Error saving checkpoint: join() argument must be str, bytes, or os.PathLike object, not 'NoneType'
Traceback (most recent call last):
  File "/data/Pein/Pytorch/Ascend-NPU-Parallel-Training/1-src/trainer.py", line 538, in save_checkpoint
    save_checkpoint_folder = os.path.join(
  File "/root/miniconda3/envs/Pein38/lib/python3.8/posixpath.py", line 90, in join
    genericpath._check_arg_types('join', a, *p)
  File "/root/miniconda3/envs/Pein38/lib/python3.8/genericpath.py", line 152, in _check_arg_types
    raise TypeError(f'{funcname}() argument must be str, bytes, or '
TypeError: join() argument must be str, bytes, or os.PathLike object, not 'NoneType'
2024-05-09 11:43:56,984 - INFO - Train:3 - Epoch 1/1500 completed in 41.07 seconds.
2024-05-09 11:43:56,985 - INFO - Train:3 - Approximate time left: 17 hours, 6 minutes
2024-05-09 11:44:13,743 - INFO - Train:3 - Epoch 2/1500 completed in 12.36 seconds.
2024-05-09 11:44:13,743 - INFO - Train:3 - Approximate time left: 11 hours, 7 minutes
2024-05-09 11:44:27,873 - INFO - Train:3 - Epoch 3/1500 completed in 11.60 seconds.
2024-05-09 11:44:27,873 - INFO - Train:3 - Approximate time left: 9 hours, 0 minutes
2024-05-09 11:44:42,578 - INFO - Train:3 - Epoch 4/1500 completed in 12.18 seconds.
2024-05-09 11:44:42,579 - INFO - Train:3 - Approximate time left: 8 hours, 1 minutes
2024-05-09 11:44:57,088 - INFO - Train:3 - Epoch 5/1500 completed in 11.90 seconds.
2024-05-09 11:44:57,088 - INFO - Train:3 - Approximate time left: 7 hours, 24 minutes
2024-05-09 11:45:12,087 - INFO - Train:3 - Epoch 6/1500 completed in 12.42 seconds.
2024-05-09 11:45:12,087 - INFO - Train:3 - Approximate time left: 7 hours, 1 minutes
2024-05-09 11:45:27,003 - INFO - Train:3 - Epoch 7/1500 completed in 12.35 seconds.
2024-05-09 11:45:27,004 - INFO - Train:3 - Approximate time left: 6 hours, 44 minutes
2024-05-09 11:45:41,915 - INFO - Train:3 - Epoch 8/1500 completed in 12.38 seconds.
2024-05-09 11:45:41,915 - INFO - Train:3 - Approximate time left: 6 hours, 32 minutes
2024-05-09 11:45:56,359 - INFO - Train:3 - Epoch 9/1500 completed in 12.25 seconds.
2024-05-09 11:45:56,359 - INFO - Train:3 - Approximate time left: 6 hours, 22 minutes
2024-05-09 11:46:11,489 - INFO - Train:3 - Epoch 10/1500 completed in 12.59 seconds.
2024-05-09 11:46:11,489 - INFO - Train:3 - Approximate time left: 6 hours, 15 minutes
2024-05-09 11:46:26,447 - INFO - Train:3 - Epoch 11/1500 completed in 12.43 seconds.
2024-05-09 11:46:26,447 - INFO - Train:3 - Approximate time left: 6 hours, 8 minutes
2024-05-09 11:46:40,980 - INFO - Train:3 - Epoch 12/1500 completed in 12.36 seconds.
2024-05-09 11:46:40,981 - INFO - Train:3 - Approximate time left: 6 hours, 3 minutes
2024-05-09 11:46:55,452 - INFO - Train:3 - Epoch 13/1500 completed in 11.96 seconds.
2024-05-09 11:46:55,452 - INFO - Train:3 - Approximate time left: 5 hours, 58 minutes
2024-05-09 11:47:09,486 - INFO - Train:3 - Epoch 14/1500 completed in 11.87 seconds.
2024-05-09 11:47:09,486 - INFO - Train:3 - Approximate time left: 5 hours, 53 minutes
2024-05-09 11:47:23,805 - INFO - Train:3 - Epoch 15/1500 completed in 11.84 seconds.
2024-05-09 11:47:23,805 - INFO - Train:3 - Approximate time left: 5 hours, 49 minutes
2024-05-09 11:47:37,909 - INFO - Train:3 - Epoch 16/1500 completed in 11.94 seconds.
2024-05-09 11:47:37,910 - INFO - Train:3 - Approximate time left: 5 hours, 45 minutes
2024-05-09 11:47:53,024 - INFO - Train:3 - Epoch 17/1500 completed in 12.92 seconds.
2024-05-09 11:47:53,024 - INFO - Train:3 - Approximate time left: 5 hours, 43 minutes
2024-05-09 11:48:08,084 - INFO - Train:3 - Epoch 18/1500 completed in 12.48 seconds.
2024-05-09 11:48:08,084 - INFO - Train:3 - Approximate time left: 5 hours, 41 minutes
2024-05-09 11:48:23,688 - INFO - Train:3 - Epoch 19/1500 completed in 13.03 seconds.
2024-05-09 11:48:23,688 - INFO - Train:3 - Approximate time left: 5 hours, 40 minutes
2024-05-09 11:48:37,863 - INFO - Train:3 - Epoch 20/1500 completed in 11.99 seconds.
2024-05-09 11:48:37,863 - INFO - Train:3 - Approximate time left: 5 hours, 37 minutes
2024-05-09 11:48:51,829 - INFO - Train:3 - Epoch 21/1500 completed in 11.80 seconds.
2024-05-09 11:48:51,829 - INFO - Train:3 - Approximate time left: 5 hours, 35 minutes
2024-05-09 11:49:05,817 - INFO - Train:3 - Epoch 22/1500 completed in 11.83 seconds.
2024-05-09 11:49:05,817 - INFO - Train:3 - Approximate time left: 5 hours, 33 minutes
2024-05-09 11:49:20,138 - INFO - Train:3 - Epoch 23/1500 completed in 11.77 seconds.
2024-05-09 11:49:20,138 - INFO - Train:3 - Approximate time left: 5 hours, 31 minutes
2024-05-09 11:49:34,650 - INFO - Train:3 - Epoch 24/1500 completed in 11.91 seconds.
2024-05-09 11:49:34,650 - INFO - Train:3 - Approximate time left: 5 hours, 29 minutes
2024-05-09 11:49:49,408 - INFO - Train:3 - Epoch 25/1500 completed in 12.23 seconds.
2024-05-09 11:49:49,408 - INFO - Train:3 - Approximate time left: 5 hours, 27 minutes
2024-05-09 11:50:03,582 - INFO - Train:3 - Epoch 26/1500 completed in 12.00 seconds.
2024-05-09 11:50:03,582 - INFO - Train:3 - Approximate time left: 5 hours, 26 minutes
2024-05-09 11:50:17,980 - INFO - Train:3 - Epoch 27/1500 completed in 11.79 seconds.
2024-05-09 11:50:17,980 - INFO - Train:3 - Approximate time left: 5 hours, 24 minutes
2024-05-09 11:50:31,871 - INFO - Train:3 - Epoch 28/1500 completed in 11.70 seconds.
2024-05-09 11:50:31,871 - INFO - Train:3 - Approximate time left: 5 hours, 23 minutes
2024-05-09 11:50:46,567 - INFO - Train:3 - Epoch 29/1500 completed in 12.08 seconds.
2024-05-09 11:50:46,567 - INFO - Train:3 - Approximate time left: 5 hours, 22 minutes
2024-05-09 11:51:00,834 - INFO - Train:3 - Epoch 30/1500 completed in 12.04 seconds.
2024-05-09 11:51:00,835 - INFO - Train:3 - Approximate time left: 5 hours, 20 minutes
2024-05-09 11:51:15,209 - INFO - Train:3 - Epoch 31/1500 completed in 12.11 seconds.
2024-05-09 11:51:15,210 - INFO - Train:3 - Approximate time left: 5 hours, 19 minutes
2024-05-09 11:51:29,747 - INFO - Train:3 - Epoch 32/1500 completed in 12.31 seconds.
2024-05-09 11:51:29,747 - INFO - Train:3 - Approximate time left: 5 hours, 19 minutes
2024-05-09 11:51:43,993 - INFO - Train:3 - Epoch 33/1500 completed in 11.99 seconds.
2024-05-09 11:51:43,994 - INFO - Train:3 - Approximate time left: 5 hours, 18 minutes
2024-05-09 11:51:59,157 - INFO - Train:3 - Epoch 34/1500 completed in 12.53 seconds.
2024-05-09 11:51:59,157 - INFO - Train:3 - Approximate time left: 5 hours, 17 minutes
2024-05-09 11:52:13,248 - INFO - Train:3 - Epoch 35/1500 completed in 11.59 seconds.
2024-05-09 11:52:13,248 - INFO - Train:3 - Approximate time left: 5 hours, 16 minutes
2024-05-09 11:52:27,881 - INFO - Train:3 - Epoch 36/1500 completed in 12.12 seconds.
2024-05-09 11:52:27,881 - INFO - Train:3 - Approximate time left: 5 hours, 15 minutes
2024-05-09 11:52:41,892 - INFO - Train:3 - Epoch 37/1500 completed in 11.81 seconds.
2024-05-09 11:52:41,892 - INFO - Train:3 - Approximate time left: 5 hours, 14 minutes
2024-05-09 11:52:57,052 - INFO - Train:3 - Epoch 38/1500 completed in 12.57 seconds.
2024-05-09 11:52:57,052 - INFO - Train:3 - Approximate time left: 5 hours, 14 minutes
2024-05-09 11:53:12,184 - INFO - Train:3 - Epoch 39/1500 completed in 12.64 seconds.
2024-05-09 11:53:12,185 - INFO - Train:3 - Approximate time left: 5 hours, 13 minutes
2024-05-09 11:53:27,443 - INFO - Train:3 - Epoch 40/1500 completed in 12.69 seconds.
2024-05-09 11:53:27,443 - INFO - Train:3 - Approximate time left: 5 hours, 13 minutes
2024-05-09 11:53:42,082 - INFO - Train:3 - Epoch 41/1500 completed in 12.49 seconds.
2024-05-09 11:53:42,082 - INFO - Train:3 - Approximate time left: 5 hours, 13 minutes
2024-05-09 11:53:56,209 - INFO - Train:3 - Epoch 42/1500 completed in 11.62 seconds.
2024-05-09 11:53:56,209 - INFO - Train:3 - Approximate time left: 5 hours, 12 minutes
2024-05-09 11:54:10,106 - INFO - Train:3 - Epoch 43/1500 completed in 11.72 seconds.
2024-05-09 11:54:10,106 - INFO - Train:3 - Approximate time left: 5 hours, 11 minutes
2024-05-09 11:54:24,490 - INFO - Train:3 - Epoch 44/1500 completed in 11.86 seconds.
2024-05-09 11:54:24,490 - INFO - Train:3 - Approximate time left: 5 hours, 10 minutes
2024-05-09 11:54:38,886 - INFO - Train:3 - Epoch 45/1500 completed in 12.22 seconds.
2024-05-09 11:54:38,886 - INFO - Train:3 - Approximate time left: 5 hours, 10 minutes
2024-05-09 11:54:53,515 - INFO - Train:3 - Epoch 46/1500 completed in 11.97 seconds.
2024-05-09 11:54:53,515 - INFO - Train:3 - Approximate time left: 5 hours, 9 minutes
2024-05-09 11:55:08,987 - INFO - Train:3 - Epoch 47/1500 completed in 12.91 seconds.
2024-05-09 11:55:08,987 - INFO - Train:3 - Approximate time left: 5 hours, 9 minutes
2024-05-09 11:55:24,058 - INFO - Train:3 - Epoch 48/1500 completed in 12.92 seconds.
2024-05-09 11:55:24,059 - INFO - Train:3 - Approximate time left: 5 hours, 9 minutes
2024-05-09 11:55:38,104 - INFO - Train:3 - Epoch 49/1500 completed in 11.90 seconds.
2024-05-09 11:55:38,104 - INFO - Train:3 - Approximate time left: 5 hours, 8 minutes
2024-05-09 11:55:52,432 - INFO - Train:3 - Epoch 50/1500 completed in 11.86 seconds.
2024-05-09 11:55:52,432 - INFO - Train:3 - Approximate time left: 5 hours, 7 minutes
2024-05-09 11:56:06,364 - INFO - Train:3 - Epoch 51/1500 completed in 11.79 seconds.
2024-05-09 11:56:06,364 - INFO - Train:3 - Approximate time left: 5 hours, 7 minutes
2024-05-09 11:56:20,315 - INFO - Train:3 - Epoch 52/1500 completed in 11.79 seconds.
2024-05-09 11:56:20,316 - INFO - Train:3 - Approximate time left: 5 hours, 6 minutes
2024-05-09 11:56:34,411 - INFO - Train:3 - Epoch 53/1500 completed in 11.87 seconds.
2024-05-09 11:56:34,411 - INFO - Train:3 - Approximate time left: 5 hours, 5 minutes
2024-05-09 11:56:48,430 - INFO - Train:3 - Epoch 54/1500 completed in 11.85 seconds.
2024-05-09 11:56:48,430 - INFO - Train:3 - Approximate time left: 5 hours, 5 minutes
2024-05-09 11:57:02,968 - INFO - Train:3 - Epoch 55/1500 completed in 11.99 seconds.
2024-05-09 11:57:02,968 - INFO - Train:3 - Approximate time left: 5 hours, 4 minutes
2024-05-09 11:57:16,879 - INFO - Train:3 - Epoch 56/1500 completed in 11.69 seconds.
2024-05-09 11:57:16,879 - INFO - Train:3 - Approximate time left: 5 hours, 4 minutes
2024-05-09 11:57:30,775 - INFO - Train:3 - Epoch 57/1500 completed in 11.76 seconds.
2024-05-09 11:57:30,776 - INFO - Train:3 - Approximate time left: 5 hours, 3 minutes
2024-05-09 11:57:45,032 - INFO - Train:3 - Epoch 58/1500 completed in 12.10 seconds.
2024-05-09 11:57:45,032 - INFO - Train:3 - Approximate time left: 5 hours, 3 minutes
2024-05-09 11:58:00,179 - INFO - Train:3 - Epoch 59/1500 completed in 12.97 seconds.
2024-05-09 11:58:00,179 - INFO - Train:3 - Approximate time left: 5 hours, 3 minutes
2024-05-09 11:58:15,176 - INFO - Train:3 - Epoch 60/1500 completed in 12.85 seconds.
2024-05-09 11:58:15,177 - INFO - Train:3 - Approximate time left: 5 hours, 3 minutes
2024-05-09 11:58:30,127 - INFO - Train:3 - Epoch 61/1500 completed in 12.79 seconds.
2024-05-09 11:58:30,127 - INFO - Train:3 - Approximate time left: 5 hours, 2 minutes
2024-05-09 11:58:44,387 - INFO - Train:3 - Epoch 62/1500 completed in 12.08 seconds.
2024-05-09 11:58:44,387 - INFO - Train:3 - Approximate time left: 5 hours, 2 minutes
2024-05-09 11:58:58,284 - INFO - Train:3 - Epoch 63/1500 completed in 11.67 seconds.
2024-05-09 11:58:58,284 - INFO - Train:3 - Approximate time left: 5 hours, 1 minutes
2024-05-09 11:59:12,342 - INFO - Train:3 - Epoch 64/1500 completed in 11.90 seconds.
2024-05-09 11:59:12,342 - INFO - Train:3 - Approximate time left: 5 hours, 1 minutes
2024-05-09 11:59:26,856 - INFO - Train:3 - Epoch 65/1500 completed in 12.25 seconds.
2024-05-09 11:59:26,856 - INFO - Train:3 - Approximate time left: 5 hours, 1 minutes
2024-05-09 11:59:41,385 - INFO - Train:3 - Epoch 66/1500 completed in 12.02 seconds.
2024-05-09 11:59:41,386 - INFO - Train:3 - Approximate time left: 5 hours, 0 minutes
2024-05-09 11:59:55,582 - INFO - Train:3 - Epoch 67/1500 completed in 12.08 seconds.
2024-05-09 11:59:55,582 - INFO - Train:3 - Approximate time left: 5 hours, 0 minutes
2024-05-09 12:00:09,387 - INFO - Train:3 - Epoch 68/1500 completed in 11.67 seconds.
2024-05-09 12:00:09,387 - INFO - Train:3 - Approximate time left: 4 hours, 59 minutes
2024-05-09 12:00:23,648 - INFO - Train:3 - Epoch 69/1500 completed in 11.70 seconds.
2024-05-09 12:00:23,649 - INFO - Train:3 - Approximate time left: 4 hours, 59 minutes
2024-05-09 12:00:37,660 - INFO - Train:3 - Epoch 70/1500 completed in 11.87 seconds.
2024-05-09 12:00:37,660 - INFO - Train:3 - Approximate time left: 4 hours, 58 minutes
2024-05-09 12:00:51,972 - INFO - Train:3 - Epoch 71/1500 completed in 12.17 seconds.
2024-05-09 12:00:51,972 - INFO - Train:3 - Approximate time left: 4 hours, 58 minutes
2024-05-09 12:01:06,365 - INFO - Train:3 - Epoch 72/1500 completed in 12.24 seconds.
2024-05-09 12:01:06,365 - INFO - Train:3 - Approximate time left: 4 hours, 58 minutes
2024-05-09 12:01:20,733 - INFO - Train:3 - Epoch 73/1500 completed in 12.20 seconds.
2024-05-09 12:01:20,733 - INFO - Train:3 - Approximate time left: 4 hours, 57 minutes
2024-05-09 12:01:34,926 - INFO - Train:3 - Epoch 74/1500 completed in 12.08 seconds.
2024-05-09 12:01:34,926 - INFO - Train:3 - Approximate time left: 4 hours, 57 minutes
2024-05-09 12:01:49,074 - INFO - Train:3 - Epoch 75/1500 completed in 11.99 seconds.
2024-05-09 12:01:49,075 - INFO - Train:3 - Approximate time left: 4 hours, 57 minutes
2024-05-09 12:02:03,573 - INFO - Train:3 - Epoch 76/1500 completed in 12.32 seconds.
2024-05-09 12:02:03,573 - INFO - Train:3 - Approximate time left: 4 hours, 56 minutes
2024-05-09 12:02:17,101 - INFO - Train:3 - Epoch 77/1500 completed in 11.37 seconds.
2024-05-09 12:02:17,101 - INFO - Train:3 - Approximate time left: 4 hours, 56 minutes
2024-05-09 12:02:30,279 - INFO - Train:3 - Epoch 78/1500 completed in 11.02 seconds.
2024-05-09 12:02:30,279 - INFO - Train:3 - Approximate time left: 4 hours, 55 minutes
2024-05-09 12:02:44,679 - INFO - Train:3 - Epoch 79/1500 completed in 11.95 seconds.
2024-05-09 12:02:44,679 - INFO - Train:3 - Approximate time left: 4 hours, 55 minutes
2024-05-09 12:02:58,800 - INFO - Train:3 - Epoch 80/1500 completed in 11.96 seconds.
2024-05-09 12:02:58,800 - INFO - Train:3 - Approximate time left: 4 hours, 54 minutes
2024-05-09 12:03:12,937 - INFO - Train:3 - Epoch 81/1500 completed in 11.97 seconds.
2024-05-09 12:03:12,938 - INFO - Train:3 - Approximate time left: 4 hours, 54 minutes
2024-05-09 12:03:26,600 - INFO - Train:3 - Epoch 82/1500 completed in 11.45 seconds.
2024-05-09 12:03:26,600 - INFO - Train:3 - Approximate time left: 4 hours, 54 minutes
2024-05-09 12:03:41,360 - INFO - Train:3 - Epoch 83/1500 completed in 12.20 seconds.
2024-05-09 12:03:41,360 - INFO - Train:3 - Approximate time left: 4 hours, 53 minutes
2024-05-09 12:03:55,059 - INFO - Train:3 - Epoch 84/1500 completed in 11.54 seconds.
2024-05-09 12:03:55,059 - INFO - Train:3 - Approximate time left: 4 hours, 53 minutes
2024-05-09 12:04:09,021 - INFO - Train:3 - Epoch 85/1500 completed in 11.79 seconds.
2024-05-09 12:04:09,021 - INFO - Train:3 - Approximate time left: 4 hours, 52 minutes
2024-05-09 12:04:23,911 - INFO - Train:3 - Epoch 86/1500 completed in 12.76 seconds.
2024-05-09 12:04:23,911 - INFO - Train:3 - Approximate time left: 4 hours, 52 minutes
2024-05-09 12:04:37,971 - INFO - Train:3 - Epoch 87/1500 completed in 11.89 seconds.
2024-05-09 12:04:37,971 - INFO - Train:3 - Approximate time left: 4 hours, 52 minutes
2024-05-09 12:04:51,732 - INFO - Train:3 - Epoch 88/1500 completed in 11.59 seconds.
2024-05-09 12:04:51,733 - INFO - Train:3 - Approximate time left: 4 hours, 52 minutes
2024-05-09 12:05:05,700 - INFO - Train:3 - Epoch 89/1500 completed in 11.78 seconds.
2024-05-09 12:05:05,701 - INFO - Train:3 - Approximate time left: 4 hours, 51 minutes
2024-05-09 12:05:19,665 - INFO - Train:3 - Epoch 90/1500 completed in 11.78 seconds.
2024-05-09 12:05:19,665 - INFO - Train:3 - Approximate time left: 4 hours, 51 minutes
2024-05-09 12:05:34,227 - INFO - Train:3 - Epoch 91/1500 completed in 12.01 seconds.
2024-05-09 12:05:34,228 - INFO - Train:3 - Approximate time left: 4 hours, 51 minutes
2024-05-09 12:05:47,426 - INFO - Train:3 - Epoch 92/1500 completed in 11.07 seconds.
2024-05-09 12:05:47,426 - INFO - Train:3 - Approximate time left: 4 hours, 50 minutes
2024-05-09 12:06:01,258 - INFO - Train:3 - Epoch 93/1500 completed in 11.67 seconds.
2024-05-09 12:06:01,259 - INFO - Train:3 - Approximate time left: 4 hours, 50 minutes
2024-05-09 12:06:15,074 - INFO - Train:3 - Epoch 94/1500 completed in 11.67 seconds.
2024-05-09 12:06:15,075 - INFO - Train:3 - Approximate time left: 4 hours, 49 minutes
2024-05-09 12:06:29,055 - INFO - Train:3 - Epoch 95/1500 completed in 11.86 seconds.
2024-05-09 12:06:29,055 - INFO - Train:3 - Approximate time left: 4 hours, 49 minutes
2024-05-09 12:06:42,638 - INFO - Train:3 - Epoch 96/1500 completed in 11.43 seconds.
2024-05-09 12:06:42,638 - INFO - Train:3 - Approximate time left: 4 hours, 48 minutes
2024-05-09 12:06:56,289 - INFO - Train:3 - Epoch 97/1500 completed in 11.48 seconds.
2024-05-09 12:06:56,289 - INFO - Train:3 - Approximate time left: 4 hours, 48 minutes
2024-05-09 12:07:10,418 - INFO - Train:3 - Epoch 98/1500 completed in 11.96 seconds.
2024-05-09 12:07:10,418 - INFO - Train:3 - Approximate time left: 4 hours, 48 minutes
2024-05-09 12:07:24,518 - INFO - Train:3 - Epoch 99/1500 completed in 11.91 seconds.
2024-05-09 12:07:24,518 - INFO - Train:3 - Approximate time left: 4 hours, 47 minutes
2024-05-09 12:07:38,454 - INFO - Train:3 - Epoch 100/1500 completed in 11.41 seconds.
2024-05-09 12:07:38,454 - INFO - Train:3 - Approximate time left: 4 hours, 47 minutes
2024-05-09 12:07:52,823 - INFO - Train:3 - Epoch 101/1500 completed in 11.90 seconds.
2024-05-09 12:07:52,823 - INFO - Train:3 - Approximate time left: 4 hours, 47 minutes
2024-05-09 12:08:06,701 - INFO - Train:3 - Epoch 102/1500 completed in 11.37 seconds.
2024-05-09 12:08:06,701 - INFO - Train:3 - Approximate time left: 4 hours, 46 minutes
2024-05-09 12:08:20,200 - INFO - Train:3 - Epoch 103/1500 completed in 11.33 seconds.
2024-05-09 12:08:20,201 - INFO - Train:3 - Approximate time left: 4 hours, 46 minutes
2024-05-09 12:08:35,114 - INFO - Train:3 - Epoch 104/1500 completed in 12.38 seconds.
2024-05-09 12:08:35,115 - INFO - Train:3 - Approximate time left: 4 hours, 46 minutes
2024-05-09 12:08:49,594 - INFO - Train:3 - Epoch 105/1500 completed in 12.31 seconds.
2024-05-09 12:08:49,595 - INFO - Train:3 - Approximate time left: 4 hours, 45 minutes
2024-05-09 12:09:03,149 - INFO - Train:3 - Epoch 106/1500 completed in 11.41 seconds.
2024-05-09 12:09:03,149 - INFO - Train:3 - Approximate time left: 4 hours, 45 minutes
2024-05-09 12:09:16,888 - INFO - Train:3 - Epoch 107/1500 completed in 11.58 seconds.
2024-05-09 12:09:16,888 - INFO - Train:3 - Approximate time left: 4 hours, 45 minutes
2024-05-09 12:09:31,682 - INFO - Train:3 - Epoch 108/1500 completed in 12.62 seconds.
2024-05-09 12:09:31,682 - INFO - Train:3 - Approximate time left: 4 hours, 45 minutes
2024-05-09 12:09:46,728 - INFO - Train:3 - Epoch 109/1500 completed in 12.85 seconds.
2024-05-09 12:09:46,729 - INFO - Train:3 - Approximate time left: 4 hours, 44 minutes
2024-05-09 12:10:01,834 - INFO - Train:3 - Epoch 110/1500 completed in 12.95 seconds.
2024-05-09 12:10:01,834 - INFO - Train:3 - Approximate time left: 4 hours, 44 minutes
2024-05-09 12:10:16,621 - INFO - Train:3 - Epoch 111/1500 completed in 12.67 seconds.
2024-05-09 12:10:16,621 - INFO - Train:3 - Approximate time left: 4 hours, 44 minutes
2024-05-09 12:10:31,327 - INFO - Train:3 - Epoch 112/1500 completed in 12.07 seconds.
2024-05-09 12:10:31,327 - INFO - Train:3 - Approximate time left: 4 hours, 44 minutes
2024-05-09 12:10:45,278 - INFO - Train:3 - Epoch 113/1500 completed in 11.71 seconds.
2024-05-09 12:10:45,278 - INFO - Train:3 - Approximate time left: 4 hours, 44 minutes
2024-05-09 12:10:59,520 - INFO - Train:3 - Epoch 114/1500 completed in 12.09 seconds.
2024-05-09 12:10:59,520 - INFO - Train:3 - Approximate time left: 4 hours, 43 minutes
2024-05-09 12:11:14,088 - INFO - Train:3 - Epoch 115/1500 completed in 12.41 seconds.
2024-05-09 12:11:14,088 - INFO - Train:3 - Approximate time left: 4 hours, 43 minutes
2024-05-09 12:11:28,713 - INFO - Train:3 - Epoch 116/1500 completed in 12.47 seconds.
2024-05-09 12:11:28,714 - INFO - Train:3 - Approximate time left: 4 hours, 43 minutes
2024-05-09 12:11:43,047 - INFO - Train:3 - Epoch 117/1500 completed in 12.21 seconds.
2024-05-09 12:11:43,047 - INFO - Train:3 - Approximate time left: 4 hours, 43 minutes
2024-05-09 12:11:57,899 - INFO - Train:3 - Epoch 118/1500 completed in 12.37 seconds.
2024-05-09 12:11:57,900 - INFO - Train:3 - Approximate time left: 4 hours, 43 minutes
2024-05-09 12:12:12,634 - INFO - Train:3 - Epoch 119/1500 completed in 12.58 seconds.
2024-05-09 12:12:12,635 - INFO - Train:3 - Approximate time left: 4 hours, 43 minutes
2024-05-09 12:12:27,453 - INFO - Train:3 - Epoch 120/1500 completed in 12.68 seconds.
2024-05-09 12:12:27,453 - INFO - Train:3 - Approximate time left: 4 hours, 42 minutes
2024-05-09 12:12:41,525 - INFO - Train:3 - Epoch 121/1500 completed in 11.97 seconds.
2024-05-09 12:12:41,526 - INFO - Train:3 - Approximate time left: 4 hours, 42 minutes
2024-05-09 12:12:55,905 - INFO - Train:3 - Epoch 122/1500 completed in 12.24 seconds.
2024-05-09 12:12:55,905 - INFO - Train:3 - Approximate time left: 4 hours, 42 minutes
2024-05-09 12:13:10,095 - INFO - Train:3 - Epoch 123/1500 completed in 12.09 seconds.
2024-05-09 12:13:10,096 - INFO - Train:3 - Approximate time left: 4 hours, 42 minutes
2024-05-09 12:13:24,525 - INFO - Train:3 - Epoch 124/1500 completed in 12.29 seconds.
2024-05-09 12:13:24,526 - INFO - Train:3 - Approximate time left: 4 hours, 41 minutes
2024-05-09 12:13:38,763 - INFO - Train:3 - Epoch 125/1500 completed in 12.14 seconds.
2024-05-09 12:13:38,763 - INFO - Train:3 - Approximate time left: 4 hours, 41 minutes
2024-05-09 12:13:52,628 - INFO - Train:3 - Epoch 126/1500 completed in 11.72 seconds.
2024-05-09 12:13:52,629 - INFO - Train:3 - Approximate time left: 4 hours, 41 minutes
2024-05-09 12:14:06,800 - INFO - Train:3 - Epoch 127/1500 completed in 12.02 seconds.
2024-05-09 12:14:06,800 - INFO - Train:3 - Approximate time left: 4 hours, 41 minutes
2024-05-09 12:14:21,089 - INFO - Train:3 - Epoch 128/1500 completed in 12.17 seconds.
2024-05-09 12:14:21,090 - INFO - Train:3 - Approximate time left: 4 hours, 40 minutes
2024-05-09 12:14:35,385 - INFO - Train:3 - Epoch 129/1500 completed in 12.18 seconds.
2024-05-09 12:14:35,386 - INFO - Train:3 - Approximate time left: 4 hours, 40 minutes
2024-05-09 12:14:49,430 - INFO - Train:3 - Epoch 130/1500 completed in 11.57 seconds.
2024-05-09 12:14:49,431 - INFO - Train:3 - Approximate time left: 4 hours, 40 minutes
2024-05-09 12:15:03,739 - INFO - Train:3 - Epoch 131/1500 completed in 12.15 seconds.
2024-05-09 12:15:03,739 - INFO - Train:3 - Approximate time left: 4 hours, 40 minutes
2024-05-09 12:15:18,393 - INFO - Train:3 - Epoch 132/1500 completed in 12.52 seconds.
2024-05-09 12:15:18,393 - INFO - Train:3 - Approximate time left: 4 hours, 40 minutes
2024-05-09 12:15:33,328 - INFO - Train:3 - Epoch 133/1500 completed in 12.80 seconds.
2024-05-09 12:15:33,329 - INFO - Train:3 - Approximate time left: 4 hours, 39 minutes
2024-05-09 12:15:47,516 - INFO - Train:3 - Epoch 134/1500 completed in 12.09 seconds.
2024-05-09 12:15:47,516 - INFO - Train:3 - Approximate time left: 4 hours, 39 minutes
2024-05-09 12:16:01,793 - INFO - Train:3 - Epoch 135/1500 completed in 12.10 seconds.
2024-05-09 12:16:01,793 - INFO - Train:3 - Approximate time left: 4 hours, 39 minutes
2024-05-09 12:16:15,948 - INFO - Train:3 - Epoch 136/1500 completed in 12.01 seconds.
2024-05-09 12:16:15,948 - INFO - Train:3 - Approximate time left: 4 hours, 39 minutes
2024-05-09 12:16:30,349 - INFO - Train:3 - Epoch 137/1500 completed in 12.26 seconds.
2024-05-09 12:16:30,350 - INFO - Train:3 - Approximate time left: 4 hours, 38 minutes
2024-05-09 12:16:44,514 - INFO - Train:3 - Epoch 138/1500 completed in 12.02 seconds.
2024-05-09 12:16:44,514 - INFO - Train:3 - Approximate time left: 4 hours, 38 minutes
2024-05-09 12:16:58,373 - INFO - Train:3 - Epoch 139/1500 completed in 11.71 seconds.
2024-05-09 12:16:58,373 - INFO - Train:3 - Approximate time left: 4 hours, 38 minutes
2024-05-09 12:17:13,150 - INFO - Train:3 - Epoch 140/1500 completed in 12.65 seconds.
2024-05-09 12:17:13,150 - INFO - Train:3 - Approximate time left: 4 hours, 38 minutes
2024-05-09 12:17:27,061 - INFO - Train:3 - Epoch 141/1500 completed in 11.78 seconds.
2024-05-09 12:17:27,061 - INFO - Train:3 - Approximate time left: 4 hours, 37 minutes
2024-05-09 12:17:41,453 - INFO - Train:3 - Epoch 142/1500 completed in 11.90 seconds.
2024-05-09 12:17:41,453 - INFO - Train:3 - Approximate time left: 4 hours, 37 minutes
2024-05-09 12:17:55,650 - INFO - Train:3 - Epoch 143/1500 completed in 12.07 seconds.
2024-05-09 12:17:55,651 - INFO - Train:3 - Approximate time left: 4 hours, 37 minutes
2024-05-09 12:18:09,461 - INFO - Train:3 - Epoch 144/1500 completed in 11.61 seconds.
2024-05-09 12:18:09,462 - INFO - Train:3 - Approximate time left: 4 hours, 37 minutes
2024-05-09 12:18:24,333 - INFO - Train:3 - Epoch 145/1500 completed in 12.74 seconds.
2024-05-09 12:18:24,333 - INFO - Train:3 - Approximate time left: 4 hours, 37 minutes
2024-05-09 12:18:38,326 - INFO - Train:3 - Epoch 146/1500 completed in 11.60 seconds.
2024-05-09 12:18:38,326 - INFO - Train:3 - Approximate time left: 4 hours, 36 minutes
2024-05-09 12:18:52,443 - INFO - Train:3 - Epoch 147/1500 completed in 12.01 seconds.
2024-05-09 12:18:52,443 - INFO - Train:3 - Approximate time left: 4 hours, 36 minutes
2024-05-09 12:19:06,599 - INFO - Train:3 - Epoch 148/1500 completed in 12.04 seconds.
2024-05-09 12:19:06,600 - INFO - Train:3 - Approximate time left: 4 hours, 36 minutes
2024-05-09 12:19:20,559 - INFO - Train:3 - Epoch 149/1500 completed in 11.85 seconds.
2024-05-09 12:19:20,560 - INFO - Train:3 - Approximate time left: 4 hours, 36 minutes
2024-05-09 12:19:34,456 - INFO - Train:3 - Epoch 150/1500 completed in 11.79 seconds.
2024-05-09 12:19:34,456 - INFO - Train:3 - Approximate time left: 4 hours, 35 minutes
2024-05-09 12:19:48,316 - INFO - Train:3 - Epoch 151/1500 completed in 11.76 seconds.
2024-05-09 12:19:48,316 - INFO - Train:3 - Approximate time left: 4 hours, 35 minutes
2024-05-09 12:20:02,480 - INFO - Train:3 - Epoch 152/1500 completed in 12.05 seconds.
2024-05-09 12:20:02,481 - INFO - Train:3 - Approximate time left: 4 hours, 35 minutes
2024-05-09 12:20:16,914 - INFO - Train:3 - Epoch 153/1500 completed in 11.98 seconds.
2024-05-09 12:20:16,915 - INFO - Train:3 - Approximate time left: 4 hours, 34 minutes
2024-05-09 12:20:31,153 - INFO - Train:3 - Epoch 154/1500 completed in 12.11 seconds.
2024-05-09 12:20:31,153 - INFO - Train:3 - Approximate time left: 4 hours, 34 minutes
2024-05-09 12:20:45,362 - INFO - Train:3 - Epoch 155/1500 completed in 11.69 seconds.
2024-05-09 12:20:45,363 - INFO - Train:3 - Approximate time left: 4 hours, 34 minutes
2024-05-09 12:20:59,471 - INFO - Train:3 - Epoch 156/1500 completed in 11.96 seconds.
2024-05-09 12:20:59,471 - INFO - Train:3 - Approximate time left: 4 hours, 34 minutes
2024-05-09 12:21:13,588 - INFO - Train:3 - Epoch 157/1500 completed in 11.58 seconds.
2024-05-09 12:21:13,588 - INFO - Train:3 - Approximate time left: 4 hours, 33 minutes
2024-05-09 12:21:27,237 - INFO - Train:3 - Epoch 158/1500 completed in 11.53 seconds.
2024-05-09 12:21:27,237 - INFO - Train:3 - Approximate time left: 4 hours, 33 minutes
2024-05-09 12:21:41,181 - INFO - Train:3 - Epoch 159/1500 completed in 11.84 seconds.
2024-05-09 12:21:41,181 - INFO - Train:3 - Approximate time left: 4 hours, 33 minutes
2024-05-09 12:21:55,873 - INFO - Train:3 - Epoch 160/1500 completed in 12.54 seconds.
2024-05-09 12:21:55,873 - INFO - Train:3 - Approximate time left: 4 hours, 33 minutes
2024-05-09 12:22:10,555 - INFO - Train:3 - Epoch 161/1500 completed in 12.56 seconds.
2024-05-09 12:22:10,555 - INFO - Train:3 - Approximate time left: 4 hours, 33 minutes
2024-05-09 12:22:24,859 - INFO - Train:3 - Epoch 162/1500 completed in 12.19 seconds.
2024-05-09 12:22:24,860 - INFO - Train:3 - Approximate time left: 4 hours, 32 minutes
2024-05-09 12:22:38,915 - INFO - Train:3 - Epoch 163/1500 completed in 11.97 seconds.
2024-05-09 12:22:38,916 - INFO - Train:3 - Approximate time left: 4 hours, 32 minutes
2024-05-09 12:22:53,140 - INFO - Train:3 - Epoch 164/1500 completed in 12.11 seconds.
2024-05-09 12:22:53,140 - INFO - Train:3 - Approximate time left: 4 hours, 32 minutes
2024-05-09 12:23:07,174 - INFO - Train:3 - Epoch 165/1500 completed in 11.93 seconds.
2024-05-09 12:23:07,174 - INFO - Train:3 - Approximate time left: 4 hours, 32 minutes
2024-05-09 12:23:21,063 - INFO - Train:3 - Epoch 166/1500 completed in 11.74 seconds.
2024-05-09 12:23:21,063 - INFO - Train:3 - Approximate time left: 4 hours, 31 minutes
2024-05-09 12:23:34,992 - INFO - Train:3 - Epoch 167/1500 completed in 11.81 seconds.
2024-05-09 12:23:34,992 - INFO - Train:3 - Approximate time left: 4 hours, 31 minutes
2024-05-09 12:23:49,209 - INFO - Train:3 - Epoch 168/1500 completed in 12.12 seconds.
2024-05-09 12:23:49,209 - INFO - Train:3 - Approximate time left: 4 hours, 31 minutes
2024-05-09 12:24:03,125 - INFO - Train:3 - Epoch 169/1500 completed in 11.80 seconds.
2024-05-09 12:24:03,125 - INFO - Train:3 - Approximate time left: 4 hours, 31 minutes
2024-05-09 12:24:17,552 - INFO - Train:3 - Epoch 170/1500 completed in 12.30 seconds.
2024-05-09 12:24:17,552 - INFO - Train:3 - Approximate time left: 4 hours, 30 minutes
2024-05-09 12:24:31,772 - INFO - Train:3 - Epoch 171/1500 completed in 12.09 seconds.
2024-05-09 12:24:31,773 - INFO - Train:3 - Approximate time left: 4 hours, 30 minutes
2024-05-09 12:24:45,704 - INFO - Train:3 - Epoch 172/1500 completed in 11.81 seconds.
2024-05-09 12:24:45,704 - INFO - Train:3 - Approximate time left: 4 hours, 30 minutes
2024-05-09 12:25:00,044 - INFO - Train:3 - Epoch 173/1500 completed in 12.20 seconds.
2024-05-09 12:25:00,044 - INFO - Train:3 - Approximate time left: 4 hours, 30 minutes
2024-05-09 12:25:14,196 - INFO - Train:3 - Epoch 174/1500 completed in 12.02 seconds.
2024-05-09 12:25:14,196 - INFO - Train:3 - Approximate time left: 4 hours, 30 minutes
2024-05-09 12:25:28,128 - INFO - Train:3 - Epoch 175/1500 completed in 11.74 seconds.
2024-05-09 12:25:28,128 - INFO - Train:3 - Approximate time left: 4 hours, 29 minutes
2024-05-09 12:25:42,149 - INFO - Train:3 - Epoch 176/1500 completed in 11.90 seconds.
2024-05-09 12:25:42,150 - INFO - Train:3 - Approximate time left: 4 hours, 29 minutes
2024-05-09 12:25:56,362 - INFO - Train:3 - Epoch 177/1500 completed in 12.06 seconds.
2024-05-09 12:25:56,363 - INFO - Train:3 - Approximate time left: 4 hours, 29 minutes
2024-05-09 12:26:09,987 - INFO - Train:3 - Epoch 178/1500 completed in 11.52 seconds.
2024-05-09 12:26:09,988 - INFO - Train:3 - Approximate time left: 4 hours, 28 minutes
2024-05-09 12:26:23,792 - INFO - Train:3 - Epoch 179/1500 completed in 11.69 seconds.
2024-05-09 12:26:23,793 - INFO - Train:3 - Approximate time left: 4 hours, 28 minutes
2024-05-09 12:26:37,453 - INFO - Train:3 - Epoch 180/1500 completed in 11.55 seconds.
2024-05-09 12:26:37,453 - INFO - Train:3 - Approximate time left: 4 hours, 28 minutes
2024-05-09 12:26:51,927 - INFO - Train:3 - Epoch 181/1500 completed in 11.96 seconds.
2024-05-09 12:26:51,928 - INFO - Train:3 - Approximate time left: 4 hours, 28 minutes
2024-05-09 12:27:05,583 - INFO - Train:3 - Epoch 182/1500 completed in 11.50 seconds.
2024-05-09 12:27:05,583 - INFO - Train:3 - Approximate time left: 4 hours, 27 minutes
2024-05-09 12:27:19,577 - INFO - Train:3 - Epoch 183/1500 completed in 11.90 seconds.
2024-05-09 12:27:19,578 - INFO - Train:3 - Approximate time left: 4 hours, 27 minutes
2024-05-09 12:27:33,579 - INFO - Train:3 - Epoch 184/1500 completed in 11.92 seconds.
2024-05-09 12:27:33,579 - INFO - Train:3 - Approximate time left: 4 hours, 27 minutes
2024-05-09 12:27:47,021 - INFO - Train:3 - Epoch 185/1500 completed in 11.33 seconds.
2024-05-09 12:27:47,021 - INFO - Train:3 - Approximate time left: 4 hours, 27 minutes
2024-05-09 12:28:01,147 - INFO - Train:3 - Epoch 186/1500 completed in 12.02 seconds.
2024-05-09 12:28:01,147 - INFO - Train:3 - Approximate time left: 4 hours, 26 minutes
2024-05-09 12:28:15,323 - INFO - Train:3 - Epoch 187/1500 completed in 12.09 seconds.
2024-05-09 12:28:15,324 - INFO - Train:3 - Approximate time left: 4 hours, 26 minutes
2024-05-09 12:28:29,766 - INFO - Train:3 - Epoch 188/1500 completed in 12.02 seconds.
2024-05-09 12:28:29,766 - INFO - Train:3 - Approximate time left: 4 hours, 26 minutes
2024-05-09 12:28:43,759 - INFO - Train:3 - Epoch 189/1500 completed in 11.87 seconds.
2024-05-09 12:28:43,759 - INFO - Train:3 - Approximate time left: 4 hours, 26 minutes
2024-05-09 12:28:57,952 - INFO - Train:3 - Epoch 190/1500 completed in 12.09 seconds.
2024-05-09 12:28:57,952 - INFO - Train:3 - Approximate time left: 4 hours, 26 minutes
2024-05-09 12:29:12,187 - INFO - Train:3 - Epoch 191/1500 completed in 12.10 seconds.
2024-05-09 12:29:12,187 - INFO - Train:3 - Approximate time left: 4 hours, 25 minutes
2024-05-09 12:29:26,262 - INFO - Train:3 - Epoch 192/1500 completed in 11.96 seconds.
2024-05-09 12:29:26,262 - INFO - Train:3 - Approximate time left: 4 hours, 25 minutes
2024-05-09 12:29:40,389 - INFO - Train:3 - Epoch 193/1500 completed in 12.00 seconds.
2024-05-09 12:29:40,390 - INFO - Train:3 - Approximate time left: 4 hours, 25 minutes
2024-05-09 12:29:54,319 - INFO - Train:3 - Epoch 194/1500 completed in 11.85 seconds.
2024-05-09 12:29:54,319 - INFO - Train:3 - Approximate time left: 4 hours, 25 minutes
2024-05-09 12:30:08,676 - INFO - Train:3 - Epoch 195/1500 completed in 12.27 seconds.
2024-05-09 12:30:08,676 - INFO - Train:3 - Approximate time left: 4 hours, 24 minutes
2024-05-09 12:30:23,793 - INFO - Train:3 - Epoch 196/1500 completed in 12.67 seconds.
2024-05-09 12:30:23,794 - INFO - Train:3 - Approximate time left: 4 hours, 24 minutes
2024-05-09 12:30:38,367 - INFO - Train:3 - Epoch 197/1500 completed in 12.16 seconds.
2024-05-09 12:30:38,367 - INFO - Train:3 - Approximate time left: 4 hours, 24 minutes
2024-05-09 12:30:52,728 - INFO - Train:3 - Epoch 198/1500 completed in 12.27 seconds.
2024-05-09 12:30:52,729 - INFO - Train:3 - Approximate time left: 4 hours, 24 minutes
2024-05-09 12:31:06,775 - INFO - Train:3 - Epoch 199/1500 completed in 11.93 seconds.
2024-05-09 12:31:06,775 - INFO - Train:3 - Approximate time left: 4 hours, 24 minutes
2024-05-09 12:31:21,032 - INFO - Train:3 - Epoch 200/1500 completed in 12.16 seconds.
2024-05-09 12:31:21,032 - INFO - Train:3 - Approximate time left: 4 hours, 23 minutes
2024-05-09 12:31:34,967 - ERROR - Train:3 - Error saving checkpoint: join() argument must be str, bytes, or os.PathLike object, not 'NoneType'
Traceback (most recent call last):
  File "/data/Pein/Pytorch/Ascend-NPU-Parallel-Training/1-src/trainer.py", line 538, in save_checkpoint
    save_checkpoint_folder = os.path.join(
  File "/root/miniconda3/envs/Pein38/lib/python3.8/posixpath.py", line 90, in join
    genericpath._check_arg_types('join', a, *p)
  File "/root/miniconda3/envs/Pein38/lib/python3.8/genericpath.py", line 152, in _check_arg_types
    raise TypeError(f'{funcname}() argument must be str, bytes, or '
TypeError: join() argument must be str, bytes, or os.PathLike object, not 'NoneType'
2024-05-09 12:31:34,967 - INFO - Train:3 - Epoch 201/1500 completed in 11.82 seconds.
2024-05-09 12:31:34,967 - INFO - Train:3 - Approximate time left: 4 hours, 23 minutes
2024-05-09 12:31:49,379 - INFO - Train:3 - Epoch 202/1500 completed in 11.97 seconds.
2024-05-09 12:31:49,379 - INFO - Train:3 - Approximate time left: 4 hours, 23 minutes
2024-05-09 12:32:03,316 - INFO - Train:3 - Epoch 203/1500 completed in 11.83 seconds.
2024-05-09 12:32:03,316 - INFO - Train:3 - Approximate time left: 4 hours, 23 minutes
2024-05-09 12:32:17,282 - INFO - Train:3 - Epoch 204/1500 completed in 11.85 seconds.
2024-05-09 12:32:17,282 - INFO - Train:3 - Approximate time left: 4 hours, 23 minutes
2024-05-09 12:32:31,441 - INFO - Train:3 - Epoch 205/1500 completed in 12.05 seconds.
2024-05-09 12:32:31,441 - INFO - Train:3 - Approximate time left: 4 hours, 22 minutes
2024-05-09 12:32:45,343 - INFO - Train:3 - Epoch 206/1500 completed in 11.80 seconds.
2024-05-09 12:32:45,344 - INFO - Train:3 - Approximate time left: 4 hours, 22 minutes
2024-05-09 12:32:59,255 - INFO - Train:3 - Epoch 207/1500 completed in 11.82 seconds.
2024-05-09 12:32:59,255 - INFO - Train:3 - Approximate time left: 4 hours, 22 minutes
2024-05-09 12:33:13,047 - INFO - Train:3 - Epoch 208/1500 completed in 11.71 seconds.
2024-05-09 12:33:13,047 - INFO - Train:3 - Approximate time left: 4 hours, 22 minutes
2024-05-09 12:33:27,423 - INFO - Train:3 - Epoch 209/1500 completed in 12.26 seconds.
2024-05-09 12:33:27,423 - INFO - Train:3 - Approximate time left: 4 hours, 21 minutes
2024-05-09 12:33:41,983 - INFO - Train:3 - Epoch 210/1500 completed in 12.43 seconds.
2024-05-09 12:33:41,983 - INFO - Train:3 - Approximate time left: 4 hours, 21 minutes
2024-05-09 12:33:55,923 - INFO - Train:3 - Epoch 211/1500 completed in 11.80 seconds.
2024-05-09 12:33:55,923 - INFO - Train:3 - Approximate time left: 4 hours, 21 minutes
2024-05-09 12:34:10,064 - INFO - Train:3 - Epoch 212/1500 completed in 12.05 seconds.
2024-05-09 12:34:10,065 - INFO - Train:3 - Approximate time left: 4 hours, 21 minutes
2024-05-09 12:34:24,144 - INFO - Train:3 - Epoch 213/1500 completed in 12.01 seconds.
2024-05-09 12:34:24,144 - INFO - Train:3 - Approximate time left: 4 hours, 21 minutes
2024-05-09 12:34:38,213 - INFO - Train:3 - Epoch 214/1500 completed in 11.95 seconds.
2024-05-09 12:34:38,213 - INFO - Train:3 - Approximate time left: 4 hours, 20 minutes
2024-05-09 12:34:52,281 - INFO - Train:3 - Epoch 215/1500 completed in 11.93 seconds.
2024-05-09 12:34:52,281 - INFO - Train:3 - Approximate time left: 4 hours, 20 minutes
2024-05-09 12:35:06,293 - INFO - Train:3 - Epoch 216/1500 completed in 11.91 seconds.
2024-05-09 12:35:06,293 - INFO - Train:3 - Approximate time left: 4 hours, 20 minutes
2024-05-09 12:35:20,434 - INFO - Train:3 - Epoch 217/1500 completed in 12.04 seconds.
2024-05-09 12:35:20,434 - INFO - Train:3 - Approximate time left: 4 hours, 20 minutes
2024-05-09 12:35:34,826 - INFO - Train:3 - Epoch 218/1500 completed in 12.30 seconds.
2024-05-09 12:35:34,827 - INFO - Train:3 - Approximate time left: 4 hours, 19 minutes
2024-05-09 12:35:48,595 - INFO - Train:3 - Epoch 219/1500 completed in 11.68 seconds.
2024-05-09 12:35:48,595 - INFO - Train:3 - Approximate time left: 4 hours, 19 minutes
2024-05-09 12:36:02,450 - INFO - Train:3 - Epoch 220/1500 completed in 11.74 seconds.
2024-05-09 12:36:02,450 - INFO - Train:3 - Approximate time left: 4 hours, 19 minutes
2024-05-09 12:36:17,025 - INFO - Train:3 - Epoch 221/1500 completed in 12.44 seconds.
2024-05-09 12:36:17,026 - INFO - Train:3 - Approximate time left: 4 hours, 19 minutes
2024-05-09 12:36:30,923 - INFO - Train:3 - Epoch 222/1500 completed in 11.77 seconds.
2024-05-09 12:36:30,923 - INFO - Train:3 - Approximate time left: 4 hours, 19 minutes
2024-05-09 12:36:46,016 - INFO - Train:3 - Epoch 223/1500 completed in 12.99 seconds.
2024-05-09 12:36:46,016 - INFO - Train:3 - Approximate time left: 4 hours, 18 minutes
2024-05-09 12:36:59,880 - INFO - Train:3 - Epoch 224/1500 completed in 11.77 seconds.
2024-05-09 12:36:59,880 - INFO - Train:3 - Approximate time left: 4 hours, 18 minutes
2024-05-09 12:37:14,057 - INFO - Train:3 - Epoch 225/1500 completed in 12.10 seconds.
2024-05-09 12:37:14,057 - INFO - Train:3 - Approximate time left: 4 hours, 18 minutes
2024-05-09 12:37:28,143 - INFO - Train:3 - Epoch 226/1500 completed in 12.01 seconds.
2024-05-09 12:37:28,143 - INFO - Train:3 - Approximate time left: 4 hours, 18 minutes
2024-05-09 12:37:43,112 - INFO - Train:3 - Epoch 227/1500 completed in 12.87 seconds.
2024-05-09 12:37:43,113 - INFO - Train:3 - Approximate time left: 4 hours, 18 minutes
2024-05-09 12:37:57,288 - INFO - Train:3 - Epoch 228/1500 completed in 12.11 seconds.
2024-05-09 12:37:57,288 - INFO - Train:3 - Approximate time left: 4 hours, 17 minutes
2024-05-09 12:38:11,473 - INFO - Train:3 - Epoch 229/1500 completed in 12.11 seconds.
2024-05-09 12:38:11,474 - INFO - Train:3 - Approximate time left: 4 hours, 17 minutes
2024-05-09 12:38:25,831 - INFO - Train:3 - Epoch 230/1500 completed in 11.93 seconds.
2024-05-09 12:38:25,832 - INFO - Train:3 - Approximate time left: 4 hours, 17 minutes
2024-05-09 12:38:39,934 - INFO - Train:3 - Epoch 231/1500 completed in 12.03 seconds.
2024-05-09 12:38:39,935 - INFO - Train:3 - Approximate time left: 4 hours, 17 minutes
2024-05-09 12:38:53,841 - INFO - Train:3 - Epoch 232/1500 completed in 11.82 seconds.
2024-05-09 12:38:53,841 - INFO - Train:3 - Approximate time left: 4 hours, 16 minutes
2024-05-09 12:39:07,788 - INFO - Train:3 - Epoch 233/1500 completed in 11.84 seconds.
2024-05-09 12:39:07,789 - INFO - Train:3 - Approximate time left: 4 hours, 16 minutes
2024-05-09 12:39:21,895 - INFO - Train:3 - Epoch 234/1500 completed in 11.99 seconds.
2024-05-09 12:39:21,896 - INFO - Train:3 - Approximate time left: 4 hours, 16 minutes
2024-05-09 12:39:35,924 - INFO - Train:3 - Epoch 235/1500 completed in 11.92 seconds.
2024-05-09 12:39:35,924 - INFO - Train:3 - Approximate time left: 4 hours, 16 minutes
2024-05-09 12:39:50,224 - INFO - Train:3 - Epoch 236/1500 completed in 12.20 seconds.
2024-05-09 12:39:50,224 - INFO - Train:3 - Approximate time left: 4 hours, 16 minutes
2024-05-09 12:40:04,272 - INFO - Train:3 - Epoch 237/1500 completed in 11.95 seconds.
2024-05-09 12:40:04,272 - INFO - Train:3 - Approximate time left: 4 hours, 15 minutes
2024-05-09 12:40:18,351 - INFO - Train:3 - Epoch 238/1500 completed in 11.93 seconds.
2024-05-09 12:40:18,352 - INFO - Train:3 - Approximate time left: 4 hours, 15 minutes
2024-05-09 12:40:32,550 - INFO - Train:3 - Epoch 239/1500 completed in 12.10 seconds.
2024-05-09 12:40:32,550 - INFO - Train:3 - Approximate time left: 4 hours, 15 minutes
2024-05-09 12:40:46,735 - INFO - Train:3 - Epoch 240/1500 completed in 12.09 seconds.
2024-05-09 12:40:46,735 - INFO - Train:3 - Approximate time left: 4 hours, 15 minutes
2024-05-09 12:41:00,986 - INFO - Train:3 - Epoch 241/1500 completed in 12.09 seconds.
2024-05-09 12:41:00,986 - INFO - Train:3 - Approximate time left: 4 hours, 15 minutes
2024-05-09 12:41:15,057 - INFO - Train:3 - Epoch 242/1500 completed in 11.99 seconds.
2024-05-09 12:41:15,057 - INFO - Train:3 - Approximate time left: 4 hours, 14 minutes
2024-05-09 12:41:29,324 - INFO - Train:3 - Epoch 243/1500 completed in 12.15 seconds.
2024-05-09 12:41:29,324 - INFO - Train:3 - Approximate time left: 4 hours, 14 minutes
2024-05-09 12:41:43,528 - INFO - Train:3 - Epoch 244/1500 completed in 12.06 seconds.
2024-05-09 12:41:43,529 - INFO - Train:3 - Approximate time left: 4 hours, 14 minutes
2024-05-09 12:41:57,973 - INFO - Train:3 - Epoch 245/1500 completed in 12.04 seconds.
2024-05-09 12:41:57,974 - INFO - Train:3 - Approximate time left: 4 hours, 14 minutes
2024-05-09 12:42:11,940 - INFO - Train:3 - Epoch 246/1500 completed in 11.89 seconds.
2024-05-09 12:42:11,940 - INFO - Train:3 - Approximate time left: 4 hours, 13 minutes
2024-05-09 12:42:25,825 - INFO - Train:3 - Epoch 247/1500 completed in 11.79 seconds.
2024-05-09 12:42:25,826 - INFO - Train:3 - Approximate time left: 4 hours, 13 minutes
2024-05-09 12:42:40,215 - INFO - Train:3 - Epoch 248/1500 completed in 12.29 seconds.
2024-05-09 12:42:40,216 - INFO - Train:3 - Approximate time left: 4 hours, 13 minutes
2024-05-09 12:42:54,425 - INFO - Train:3 - Epoch 249/1500 completed in 12.04 seconds.
2024-05-09 12:42:54,426 - INFO - Train:3 - Approximate time left: 4 hours, 13 minutes
2024-05-09 12:43:09,160 - INFO - Train:3 - Epoch 250/1500 completed in 12.61 seconds.
2024-05-09 12:43:09,160 - INFO - Train:3 - Approximate time left: 4 hours, 13 minutes
2024-05-09 12:43:23,707 - INFO - Train:3 - Epoch 251/1500 completed in 12.48 seconds.
2024-05-09 12:43:23,707 - INFO - Train:3 - Approximate time left: 4 hours, 13 minutes
2024-05-09 12:43:37,979 - INFO - Train:3 - Epoch 252/1500 completed in 12.12 seconds.
2024-05-09 12:43:37,979 - INFO - Train:3 - Approximate time left: 4 hours, 12 minutes
2024-05-09 12:43:52,024 - INFO - Train:3 - Epoch 253/1500 completed in 11.94 seconds.
2024-05-09 12:43:52,025 - INFO - Train:3 - Approximate time left: 4 hours, 12 minutes
2024-05-09 12:44:06,181 - INFO - Train:3 - Epoch 254/1500 completed in 12.06 seconds.
2024-05-09 12:44:06,182 - INFO - Train:3 - Approximate time left: 4 hours, 12 minutes
2024-05-09 12:44:20,555 - INFO - Train:3 - Epoch 255/1500 completed in 12.32 seconds.
2024-05-09 12:44:20,555 - INFO - Train:3 - Approximate time left: 4 hours, 12 minutes
2024-05-09 12:44:35,328 - INFO - Train:3 - Epoch 256/1500 completed in 12.65 seconds.
2024-05-09 12:44:35,328 - INFO - Train:3 - Approximate time left: 4 hours, 12 minutes
2024-05-09 12:44:49,968 - INFO - Train:3 - Epoch 257/1500 completed in 12.57 seconds.
2024-05-09 12:44:49,968 - INFO - Train:3 - Approximate time left: 4 hours, 11 minutes
2024-05-09 12:45:04,689 - INFO - Train:3 - Epoch 258/1500 completed in 12.63 seconds.
2024-05-09 12:45:04,689 - INFO - Train:3 - Approximate time left: 4 hours, 11 minutes
2024-05-09 12:45:18,405 - INFO - Train:3 - Epoch 259/1500 completed in 11.63 seconds.
2024-05-09 12:45:18,405 - INFO - Train:3 - Approximate time left: 4 hours, 11 minutes
2024-05-09 12:45:32,234 - INFO - Train:3 - Epoch 260/1500 completed in 11.76 seconds.
2024-05-09 12:45:32,234 - INFO - Train:3 - Approximate time left: 4 hours, 11 minutes
2024-05-09 12:45:45,709 - INFO - Train:3 - Epoch 261/1500 completed in 11.37 seconds.
2024-05-09 12:45:45,709 - INFO - Train:3 - Approximate time left: 4 hours, 10 minutes
2024-05-09 12:46:00,457 - INFO - Train:3 - Epoch 262/1500 completed in 12.66 seconds.
2024-05-09 12:46:00,457 - INFO - Train:3 - Approximate time left: 4 hours, 10 minutes
2024-05-09 12:46:14,417 - INFO - Train:3 - Epoch 263/1500 completed in 11.89 seconds.
2024-05-09 12:46:14,417 - INFO - Train:3 - Approximate time left: 4 hours, 10 minutes
2024-05-09 12:46:29,200 - INFO - Train:3 - Epoch 264/1500 completed in 12.68 seconds.
2024-05-09 12:46:29,200 - INFO - Train:3 - Approximate time left: 4 hours, 10 minutes
2024-05-09 12:46:43,007 - INFO - Train:3 - Epoch 265/1500 completed in 11.65 seconds.
2024-05-09 12:46:43,007 - INFO - Train:3 - Approximate time left: 4 hours, 10 minutes
2024-05-09 12:46:57,081 - INFO - Train:3 - Epoch 266/1500 completed in 11.98 seconds.
2024-05-09 12:46:57,081 - INFO - Train:3 - Approximate time left: 4 hours, 9 minutes
2024-05-09 12:47:11,234 - INFO - Train:3 - Epoch 267/1500 completed in 12.08 seconds.
2024-05-09 12:47:11,234 - INFO - Train:3 - Approximate time left: 4 hours, 9 minutes
2024-05-09 12:47:25,265 - INFO - Train:3 - Epoch 268/1500 completed in 11.93 seconds.
2024-05-09 12:47:25,265 - INFO - Train:3 - Approximate time left: 4 hours, 9 minutes
2024-05-09 12:47:39,195 - INFO - Train:3 - Epoch 269/1500 completed in 11.84 seconds.
2024-05-09 12:47:39,196 - INFO - Train:3 - Approximate time left: 4 hours, 9 minutes
2024-05-09 12:47:53,334 - INFO - Train:3 - Epoch 270/1500 completed in 12.05 seconds.
2024-05-09 12:47:53,334 - INFO - Train:3 - Approximate time left: 4 hours, 9 minutes
2024-05-09 12:48:07,362 - INFO - Train:3 - Epoch 271/1500 completed in 11.94 seconds.
2024-05-09 12:48:07,362 - INFO - Train:3 - Approximate time left: 4 hours, 8 minutes
2024-05-09 12:48:21,542 - INFO - Train:3 - Epoch 272/1500 completed in 12.10 seconds.
2024-05-09 12:48:21,542 - INFO - Train:3 - Approximate time left: 4 hours, 8 minutes
2024-05-09 12:48:35,575 - INFO - Train:3 - Epoch 273/1500 completed in 11.94 seconds.
2024-05-09 12:48:35,576 - INFO - Train:3 - Approximate time left: 4 hours, 8 minutes
2024-05-09 12:48:49,581 - INFO - Train:3 - Epoch 274/1500 completed in 11.91 seconds.
2024-05-09 12:48:49,581 - INFO - Train:3 - Approximate time left: 4 hours, 8 minutes
2024-05-09 12:49:03,719 - INFO - Train:3 - Epoch 275/1500 completed in 12.03 seconds.
2024-05-09 12:49:03,719 - INFO - Train:3 - Approximate time left: 4 hours, 8 minutes
2024-05-09 12:49:17,531 - INFO - Train:3 - Epoch 276/1500 completed in 11.71 seconds.
2024-05-09 12:49:17,531 - INFO - Train:3 - Approximate time left: 4 hours, 7 minutes
2024-05-09 12:49:31,500 - INFO - Train:3 - Epoch 277/1500 completed in 11.81 seconds.
2024-05-09 12:49:31,501 - INFO - Train:3 - Approximate time left: 4 hours, 7 minutes
2024-05-09 12:49:45,929 - INFO - Train:3 - Epoch 278/1500 completed in 12.33 seconds.
2024-05-09 12:49:45,930 - INFO - Train:3 - Approximate time left: 4 hours, 7 minutes
2024-05-09 12:50:00,465 - INFO - Train:3 - Epoch 279/1500 completed in 12.44 seconds.
2024-05-09 12:50:00,465 - INFO - Train:3 - Approximate time left: 4 hours, 7 minutes
2024-05-09 12:50:14,751 - INFO - Train:3 - Epoch 280/1500 completed in 12.18 seconds.
2024-05-09 12:50:14,751 - INFO - Train:3 - Approximate time left: 4 hours, 6 minutes
2024-05-09 12:50:28,935 - INFO - Train:3 - Epoch 281/1500 completed in 12.09 seconds.
2024-05-09 12:50:28,936 - INFO - Train:3 - Approximate time left: 4 hours, 6 minutes
2024-05-09 12:50:42,726 - INFO - Train:3 - Epoch 282/1500 completed in 11.66 seconds.
2024-05-09 12:50:42,726 - INFO - Train:3 - Approximate time left: 4 hours, 6 minutes
2024-05-09 12:50:56,837 - INFO - Train:3 - Epoch 283/1500 completed in 12.00 seconds.
2024-05-09 12:50:56,837 - INFO - Train:3 - Approximate time left: 4 hours, 6 minutes
2024-05-09 12:51:10,831 - INFO - Train:3 - Epoch 284/1500 completed in 11.90 seconds.
2024-05-09 12:51:10,831 - INFO - Train:3 - Approximate time left: 4 hours, 6 minutes
2024-05-09 12:51:24,961 - INFO - Train:3 - Epoch 285/1500 completed in 12.04 seconds.
2024-05-09 12:51:24,961 - INFO - Train:3 - Approximate time left: 4 hours, 5 minutes
2024-05-09 12:51:39,044 - INFO - Train:3 - Epoch 286/1500 completed in 11.96 seconds.
2024-05-09 12:51:39,045 - INFO - Train:3 - Approximate time left: 4 hours, 5 minutes
2024-05-09 12:51:53,166 - INFO - Train:3 - Epoch 287/1500 completed in 12.02 seconds.
2024-05-09 12:51:53,166 - INFO - Train:3 - Approximate time left: 4 hours, 5 minutes
2024-05-09 12:52:07,330 - INFO - Train:3 - Epoch 288/1500 completed in 12.10 seconds.
2024-05-09 12:52:07,330 - INFO - Train:3 - Approximate time left: 4 hours, 5 minutes
2024-05-09 12:52:21,363 - INFO - Train:3 - Epoch 289/1500 completed in 11.97 seconds.
2024-05-09 12:52:21,363 - INFO - Train:3 - Approximate time left: 4 hours, 5 minutes
2024-05-09 12:52:34,770 - INFO - Train:3 - Epoch 290/1500 completed in 11.29 seconds.
2024-05-09 12:52:34,770 - INFO - Train:3 - Approximate time left: 4 hours, 4 minutes
2024-05-09 12:52:48,523 - INFO - Train:3 - Epoch 291/1500 completed in 11.65 seconds.
2024-05-09 12:52:48,523 - INFO - Train:3 - Approximate time left: 4 hours, 4 minutes
2024-05-09 12:53:02,637 - INFO - Train:3 - Epoch 292/1500 completed in 12.04 seconds.
2024-05-09 12:53:02,637 - INFO - Train:3 - Approximate time left: 4 hours, 4 minutes
2024-05-09 12:53:16,775 - INFO - Train:3 - Epoch 293/1500 completed in 12.07 seconds.
2024-05-09 12:53:16,775 - INFO - Train:3 - Approximate time left: 4 hours, 4 minutes
2024-05-09 12:53:30,925 - INFO - Train:3 - Epoch 294/1500 completed in 12.07 seconds.
2024-05-09 12:53:30,926 - INFO - Train:3 - Approximate time left: 4 hours, 3 minutes
2024-05-09 12:53:44,899 - INFO - Train:3 - Epoch 295/1500 completed in 11.83 seconds.
2024-05-09 12:53:44,899 - INFO - Train:3 - Approximate time left: 4 hours, 3 minutes
2024-05-09 12:53:59,577 - INFO - Train:3 - Epoch 296/1500 completed in 12.61 seconds.
2024-05-09 12:53:59,577 - INFO - Train:3 - Approximate time left: 4 hours, 3 minutes
2024-05-09 12:54:13,569 - INFO - Train:3 - Epoch 297/1500 completed in 11.91 seconds.
2024-05-09 12:54:13,569 - INFO - Train:3 - Approximate time left: 4 hours, 3 minutes
2024-05-09 12:54:27,705 - INFO - Train:3 - Epoch 298/1500 completed in 12.01 seconds.
2024-05-09 12:54:27,705 - INFO - Train:3 - Approximate time left: 4 hours, 3 minutes
2024-05-09 12:54:42,148 - INFO - Train:3 - Epoch 299/1500 completed in 12.24 seconds.
2024-05-09 12:54:42,148 - INFO - Train:3 - Approximate time left: 4 hours, 2 minutes
2024-05-09 12:54:56,371 - INFO - Train:3 - Epoch 300/1500 completed in 12.13 seconds.
2024-05-09 12:54:56,371 - INFO - Train:3 - Approximate time left: 4 hours, 2 minutes
2024-05-09 12:55:10,252 - INFO - Train:3 - Epoch 301/1500 completed in 11.79 seconds.
2024-05-09 12:55:10,252 - INFO - Train:3 - Approximate time left: 4 hours, 2 minutes
2024-05-09 12:55:23,903 - INFO - Train:3 - Epoch 302/1500 completed in 11.56 seconds.
2024-05-09 12:55:23,903 - INFO - Train:3 - Approximate time left: 4 hours, 2 minutes
2024-05-09 12:55:38,127 - INFO - Train:3 - Epoch 303/1500 completed in 12.14 seconds.
2024-05-09 12:55:38,127 - INFO - Train:3 - Approximate time left: 4 hours, 2 minutes
2024-05-09 12:55:52,275 - INFO - Train:3 - Epoch 304/1500 completed in 12.03 seconds.
2024-05-09 12:55:52,276 - INFO - Train:3 - Approximate time left: 4 hours, 1 minutes
2024-05-09 12:56:07,520 - INFO - Train:3 - Epoch 305/1500 completed in 13.18 seconds.
2024-05-09 12:56:07,521 - INFO - Train:3 - Approximate time left: 4 hours, 1 minutes
2024-05-09 12:56:22,097 - INFO - Train:3 - Epoch 306/1500 completed in 12.50 seconds.
2024-05-09 12:56:22,098 - INFO - Train:3 - Approximate time left: 4 hours, 1 minutes
2024-05-09 12:56:35,754 - INFO - Train:3 - Epoch 307/1500 completed in 11.58 seconds.
2024-05-09 12:56:35,754 - INFO - Train:3 - Approximate time left: 4 hours, 1 minutes
2024-05-09 12:56:49,168 - INFO - Train:3 - Epoch 308/1500 completed in 11.30 seconds.
2024-05-09 12:56:49,168 - INFO - Train:3 - Approximate time left: 4 hours, 1 minutes
2024-05-09 12:57:03,156 - INFO - Train:3 - Epoch 309/1500 completed in 11.91 seconds.
2024-05-09 12:57:03,156 - INFO - Train:3 - Approximate time left: 4 hours, 0 minutes
2024-05-09 12:57:17,108 - INFO - Train:3 - Epoch 310/1500 completed in 11.86 seconds.
2024-05-09 12:57:17,108 - INFO - Train:3 - Approximate time left: 4 hours, 0 minutes
2024-05-09 12:57:31,384 - INFO - Train:3 - Epoch 311/1500 completed in 11.84 seconds.
2024-05-09 12:57:31,384 - INFO - Train:3 - Approximate time left: 4 hours, 0 minutes
2024-05-09 12:57:45,396 - INFO - Train:3 - Epoch 312/1500 completed in 11.91 seconds.
2024-05-09 12:57:45,396 - INFO - Train:3 - Approximate time left: 4 hours, 0 minutes
2024-05-09 12:57:59,907 - INFO - Train:3 - Epoch 313/1500 completed in 12.05 seconds.
2024-05-09 12:57:59,907 - INFO - Train:3 - Approximate time left: 3 hours, 59 minutes
2024-05-09 12:58:14,234 - INFO - Train:3 - Epoch 314/1500 completed in 12.25 seconds.
2024-05-09 12:58:14,234 - INFO - Train:3 - Approximate time left: 3 hours, 59 minutes
2024-05-09 12:58:28,404 - INFO - Train:3 - Epoch 315/1500 completed in 12.03 seconds.
2024-05-09 12:58:28,404 - INFO - Train:3 - Approximate time left: 3 hours, 59 minutes
2024-05-09 12:58:42,594 - INFO - Train:3 - Epoch 316/1500 completed in 12.06 seconds.
2024-05-09 12:58:42,594 - INFO - Train:3 - Approximate time left: 3 hours, 59 minutes
2024-05-09 12:58:57,049 - INFO - Train:3 - Epoch 317/1500 completed in 12.32 seconds.
2024-05-09 12:58:57,049 - INFO - Train:3 - Approximate time left: 3 hours, 59 minutes
2024-05-09 12:59:12,003 - INFO - Train:3 - Epoch 318/1500 completed in 12.83 seconds.
2024-05-09 12:59:12,003 - INFO - Train:3 - Approximate time left: 3 hours, 58 minutes
2024-05-09 12:59:26,945 - INFO - Train:3 - Epoch 319/1500 completed in 12.80 seconds.
2024-05-09 12:59:26,945 - INFO - Train:3 - Approximate time left: 3 hours, 58 minutes
2024-05-09 12:59:41,277 - INFO - Train:3 - Epoch 320/1500 completed in 12.24 seconds.
2024-05-09 12:59:41,277 - INFO - Train:3 - Approximate time left: 3 hours, 58 minutes
2024-05-09 12:59:55,696 - INFO - Train:3 - Epoch 321/1500 completed in 12.30 seconds.
2024-05-09 12:59:55,697 - INFO - Train:3 - Approximate time left: 3 hours, 58 minutes
2024-05-09 13:00:10,252 - INFO - Train:3 - Epoch 322/1500 completed in 12.39 seconds.
2024-05-09 13:00:10,253 - INFO - Train:3 - Approximate time left: 3 hours, 58 minutes
2024-05-09 13:00:24,396 - INFO - Train:3 - Epoch 323/1500 completed in 12.08 seconds.
2024-05-09 13:00:24,396 - INFO - Train:3 - Approximate time left: 3 hours, 58 minutes
2024-05-09 13:00:38,586 - INFO - Train:3 - Epoch 324/1500 completed in 12.10 seconds.
2024-05-09 13:00:38,587 - INFO - Train:3 - Approximate time left: 3 hours, 57 minutes
2024-05-09 13:00:52,704 - INFO - Train:3 - Epoch 325/1500 completed in 12.02 seconds.
2024-05-09 13:00:52,704 - INFO - Train:3 - Approximate time left: 3 hours, 57 minutes
2024-05-09 13:01:06,887 - INFO - Train:3 - Epoch 326/1500 completed in 12.07 seconds.
2024-05-09 13:01:06,887 - INFO - Train:3 - Approximate time left: 3 hours, 57 minutes
2024-05-09 13:01:21,454 - INFO - Train:3 - Epoch 327/1500 completed in 12.41 seconds.
2024-05-09 13:01:21,455 - INFO - Train:3 - Approximate time left: 3 hours, 57 minutes
2024-05-09 13:01:36,060 - INFO - Train:3 - Epoch 328/1500 completed in 12.52 seconds.
2024-05-09 13:01:36,061 - INFO - Train:3 - Approximate time left: 3 hours, 57 minutes
2024-05-09 13:01:50,651 - INFO - Train:3 - Epoch 329/1500 completed in 12.54 seconds.
2024-05-09 13:01:50,651 - INFO - Train:3 - Approximate time left: 3 hours, 56 minutes
2024-05-09 13:02:05,496 - INFO - Train:3 - Epoch 330/1500 completed in 12.75 seconds.
2024-05-09 13:02:05,496 - INFO - Train:3 - Approximate time left: 3 hours, 56 minutes
2024-05-09 13:02:20,816 - INFO - Train:3 - Epoch 331/1500 completed in 13.26 seconds.
2024-05-09 13:02:20,816 - INFO - Train:3 - Approximate time left: 3 hours, 56 minutes
2024-05-09 13:02:34,837 - INFO - Train:3 - Epoch 332/1500 completed in 11.94 seconds.
2024-05-09 13:02:34,838 - INFO - Train:3 - Approximate time left: 3 hours, 56 minutes
2024-05-09 13:02:48,951 - INFO - Train:3 - Epoch 333/1500 completed in 12.05 seconds.
2024-05-09 13:02:48,951 - INFO - Train:3 - Approximate time left: 3 hours, 56 minutes
2024-05-09 13:03:03,126 - INFO - Train:3 - Epoch 334/1500 completed in 12.07 seconds.
2024-05-09 13:03:03,126 - INFO - Train:3 - Approximate time left: 3 hours, 55 minutes
2024-05-09 13:03:17,464 - INFO - Train:3 - Epoch 335/1500 completed in 12.19 seconds.
2024-05-09 13:03:17,464 - INFO - Train:3 - Approximate time left: 3 hours, 55 minutes
2024-05-09 13:03:31,224 - INFO - Train:3 - Epoch 336/1500 completed in 11.60 seconds.
2024-05-09 13:03:31,225 - INFO - Train:3 - Approximate time left: 3 hours, 55 minutes
2024-05-09 13:03:45,152 - INFO - Train:3 - Epoch 337/1500 completed in 11.83 seconds.
2024-05-09 13:03:45,152 - INFO - Train:3 - Approximate time left: 3 hours, 55 minutes
2024-05-09 13:03:58,997 - INFO - Train:3 - Epoch 338/1500 completed in 11.70 seconds.
2024-05-09 13:03:58,998 - INFO - Train:3 - Approximate time left: 3 hours, 55 minutes
2024-05-09 13:04:13,041 - INFO - Train:3 - Epoch 339/1500 completed in 11.95 seconds.
2024-05-09 13:04:13,042 - INFO - Train:3 - Approximate time left: 3 hours, 54 minutes
2024-05-09 13:04:26,994 - INFO - Train:3 - Epoch 340/1500 completed in 11.87 seconds.
2024-05-09 13:04:26,994 - INFO - Train:3 - Approximate time left: 3 hours, 54 minutes
2024-05-09 13:04:41,328 - INFO - Train:3 - Epoch 341/1500 completed in 12.22 seconds.
2024-05-09 13:04:41,328 - INFO - Train:3 - Approximate time left: 3 hours, 54 minutes
2024-05-09 13:04:55,385 - INFO - Train:3 - Epoch 342/1500 completed in 11.98 seconds.
2024-05-09 13:04:55,385 - INFO - Train:3 - Approximate time left: 3 hours, 54 minutes
2024-05-09 13:05:09,339 - INFO - Train:3 - Epoch 343/1500 completed in 11.79 seconds.
2024-05-09 13:05:09,339 - INFO - Train:3 - Approximate time left: 3 hours, 54 minutes
2024-05-09 13:05:22,909 - INFO - Train:3 - Epoch 344/1500 completed in 11.40 seconds.
2024-05-09 13:05:22,909 - INFO - Train:3 - Approximate time left: 3 hours, 53 minutes
2024-05-09 13:05:36,652 - INFO - Train:3 - Epoch 345/1500 completed in 11.65 seconds.
2024-05-09 13:05:36,652 - INFO - Train:3 - Approximate time left: 3 hours, 53 minutes
2024-05-09 13:05:50,597 - INFO - Train:3 - Epoch 346/1500 completed in 11.84 seconds.
2024-05-09 13:05:50,597 - INFO - Train:3 - Approximate time left: 3 hours, 53 minutes
2024-05-09 13:06:04,806 - INFO - Train:3 - Epoch 347/1500 completed in 12.14 seconds.
2024-05-09 13:06:04,806 - INFO - Train:3 - Approximate time left: 3 hours, 53 minutes
2024-05-09 13:06:19,008 - INFO - Train:3 - Epoch 348/1500 completed in 12.12 seconds.
2024-05-09 13:06:19,008 - INFO - Train:3 - Approximate time left: 3 hours, 52 minutes
2024-05-09 13:06:33,231 - INFO - Train:3 - Epoch 349/1500 completed in 12.14 seconds.
2024-05-09 13:06:33,231 - INFO - Train:3 - Approximate time left: 3 hours, 52 minutes
2024-05-09 13:06:47,290 - INFO - Train:3 - Epoch 350/1500 completed in 11.95 seconds.
2024-05-09 13:06:47,290 - INFO - Train:3 - Approximate time left: 3 hours, 52 minutes
2024-05-09 13:07:01,684 - INFO - Train:3 - Epoch 351/1500 completed in 12.28 seconds.
2024-05-09 13:07:01,684 - INFO - Train:3 - Approximate time left: 3 hours, 52 minutes
2024-05-09 13:07:15,424 - INFO - Train:3 - Epoch 352/1500 completed in 11.59 seconds.
2024-05-09 13:07:15,425 - INFO - Train:3 - Approximate time left: 3 hours, 52 minutes
2024-05-09 13:07:29,555 - INFO - Train:3 - Epoch 353/1500 completed in 12.04 seconds.
2024-05-09 13:07:29,555 - INFO - Train:3 - Approximate time left: 3 hours, 51 minutes
2024-05-09 13:07:43,944 - INFO - Train:3 - Epoch 354/1500 completed in 12.27 seconds.
2024-05-09 13:07:43,944 - INFO - Train:3 - Approximate time left: 3 hours, 51 minutes
2024-05-09 13:07:58,179 - INFO - Train:3 - Epoch 355/1500 completed in 12.08 seconds.
2024-05-09 13:07:58,180 - INFO - Train:3 - Approximate time left: 3 hours, 51 minutes
2024-05-09 13:08:12,576 - INFO - Train:3 - Epoch 356/1500 completed in 12.24 seconds.
2024-05-09 13:08:12,576 - INFO - Train:3 - Approximate time left: 3 hours, 51 minutes
2024-05-09 13:08:26,643 - INFO - Train:3 - Epoch 357/1500 completed in 11.97 seconds.
2024-05-09 13:08:26,643 - INFO - Train:3 - Approximate time left: 3 hours, 51 minutes
2024-05-09 13:08:40,807 - INFO - Train:3 - Epoch 358/1500 completed in 12.07 seconds.
2024-05-09 13:08:40,807 - INFO - Train:3 - Approximate time left: 3 hours, 50 minutes
2024-05-09 13:08:54,966 - INFO - Train:3 - Epoch 359/1500 completed in 12.06 seconds.
2024-05-09 13:08:54,966 - INFO - Train:3 - Approximate time left: 3 hours, 50 minutes
2024-05-09 13:09:09,484 - INFO - Train:3 - Epoch 360/1500 completed in 12.35 seconds.
2024-05-09 13:09:09,484 - INFO - Train:3 - Approximate time left: 3 hours, 50 minutes
2024-05-09 13:09:23,814 - INFO - Train:3 - Epoch 361/1500 completed in 12.22 seconds.
2024-05-09 13:09:23,814 - INFO - Train:3 - Approximate time left: 3 hours, 50 minutes
2024-05-09 13:09:38,104 - INFO - Train:3 - Epoch 362/1500 completed in 12.20 seconds.
2024-05-09 13:09:38,104 - INFO - Train:3 - Approximate time left: 3 hours, 50 minutes
2024-05-09 13:09:52,285 - INFO - Train:3 - Epoch 363/1500 completed in 12.01 seconds.
2024-05-09 13:09:52,286 - INFO - Train:3 - Approximate time left: 3 hours, 49 minutes
2024-05-09 13:10:05,776 - INFO - Train:3 - Epoch 364/1500 completed in 11.42 seconds.
2024-05-09 13:10:05,777 - INFO - Train:3 - Approximate time left: 3 hours, 49 minutes
2024-05-09 13:10:19,742 - INFO - Train:3 - Epoch 365/1500 completed in 11.83 seconds.
2024-05-09 13:10:19,742 - INFO - Train:3 - Approximate time left: 3 hours, 49 minutes
2024-05-09 13:10:34,174 - INFO - Train:3 - Epoch 366/1500 completed in 12.26 seconds.
2024-05-09 13:10:34,174 - INFO - Train:3 - Approximate time left: 3 hours, 49 minutes
2024-05-09 13:10:48,768 - INFO - Train:3 - Epoch 367/1500 completed in 12.42 seconds.
2024-05-09 13:10:48,768 - INFO - Train:3 - Approximate time left: 3 hours, 49 minutes
2024-05-09 13:11:02,702 - INFO - Train:3 - Epoch 368/1500 completed in 11.78 seconds.
2024-05-09 13:11:02,702 - INFO - Train:3 - Approximate time left: 3 hours, 48 minutes
2024-05-09 13:11:16,938 - INFO - Train:3 - Epoch 369/1500 completed in 12.08 seconds.
2024-05-09 13:11:16,938 - INFO - Train:3 - Approximate time left: 3 hours, 48 minutes
2024-05-09 13:11:30,831 - INFO - Train:3 - Epoch 370/1500 completed in 11.74 seconds.
2024-05-09 13:11:30,831 - INFO - Train:3 - Approximate time left: 3 hours, 48 minutes
2024-05-09 13:11:45,652 - INFO - Train:3 - Epoch 371/1500 completed in 12.67 seconds.
2024-05-09 13:11:45,652 - INFO - Train:3 - Approximate time left: 3 hours, 48 minutes
2024-05-09 13:12:00,222 - INFO - Train:3 - Epoch 372/1500 completed in 12.41 seconds.
2024-05-09 13:12:00,222 - INFO - Train:3 - Approximate time left: 3 hours, 48 minutes
2024-05-09 13:12:14,312 - INFO - Train:3 - Epoch 373/1500 completed in 11.91 seconds.
2024-05-09 13:12:14,312 - INFO - Train:3 - Approximate time left: 3 hours, 47 minutes
2024-05-09 13:12:28,431 - INFO - Train:3 - Epoch 374/1500 completed in 11.97 seconds.
2024-05-09 13:12:28,432 - INFO - Train:3 - Approximate time left: 3 hours, 47 minutes
2024-05-09 13:12:42,478 - INFO - Train:3 - Epoch 375/1500 completed in 11.89 seconds.
2024-05-09 13:12:42,478 - INFO - Train:3 - Approximate time left: 3 hours, 47 minutes
2024-05-09 13:12:56,518 - INFO - Train:3 - Epoch 376/1500 completed in 11.88 seconds.
2024-05-09 13:12:56,518 - INFO - Train:3 - Approximate time left: 3 hours, 47 minutes
2024-05-09 13:13:11,018 - INFO - Train:3 - Epoch 377/1500 completed in 12.35 seconds.
2024-05-09 13:13:11,019 - INFO - Train:3 - Approximate time left: 3 hours, 46 minutes
2024-05-09 13:13:24,969 - INFO - Train:3 - Epoch 378/1500 completed in 11.86 seconds.
2024-05-09 13:13:24,969 - INFO - Train:3 - Approximate time left: 3 hours, 46 minutes
2024-05-09 13:13:38,988 - INFO - Train:3 - Epoch 379/1500 completed in 11.89 seconds.
2024-05-09 13:13:38,988 - INFO - Train:3 - Approximate time left: 3 hours, 46 minutes
2024-05-09 13:13:52,925 - INFO - Train:3 - Epoch 380/1500 completed in 11.83 seconds.
2024-05-09 13:13:52,925 - INFO - Train:3 - Approximate time left: 3 hours, 46 minutes
2024-05-09 13:14:07,224 - INFO - Train:3 - Epoch 381/1500 completed in 12.19 seconds.
2024-05-09 13:14:07,224 - INFO - Train:3 - Approximate time left: 3 hours, 46 minutes
2024-05-09 13:14:21,041 - INFO - Train:3 - Epoch 382/1500 completed in 11.71 seconds.
2024-05-09 13:14:21,041 - INFO - Train:3 - Approximate time left: 3 hours, 45 minutes
2024-05-09 13:14:35,191 - INFO - Train:3 - Epoch 383/1500 completed in 12.09 seconds.
2024-05-09 13:14:35,192 - INFO - Train:3 - Approximate time left: 3 hours, 45 minutes
2024-05-09 13:14:48,644 - INFO - Train:3 - Epoch 384/1500 completed in 11.32 seconds.
2024-05-09 13:14:48,644 - INFO - Train:3 - Approximate time left: 3 hours, 45 minutes
2024-05-09 13:15:02,445 - INFO - Train:3 - Epoch 385/1500 completed in 11.70 seconds.
2024-05-09 13:15:02,445 - INFO - Train:3 - Approximate time left: 3 hours, 45 minutes
2024-05-09 13:15:16,040 - INFO - Train:3 - Epoch 386/1500 completed in 11.49 seconds.
2024-05-09 13:15:16,040 - INFO - Train:3 - Approximate time left: 3 hours, 45 minutes
2024-05-09 13:15:29,998 - INFO - Train:3 - Epoch 387/1500 completed in 11.89 seconds.
2024-05-09 13:15:29,998 - INFO - Train:3 - Approximate time left: 3 hours, 44 minutes
2024-05-09 13:15:44,083 - INFO - Train:3 - Epoch 388/1500 completed in 11.99 seconds.
2024-05-09 13:15:44,083 - INFO - Train:3 - Approximate time left: 3 hours, 44 minutes
2024-05-09 13:15:58,335 - INFO - Train:3 - Epoch 389/1500 completed in 12.14 seconds.
2024-05-09 13:15:58,335 - INFO - Train:3 - Approximate time left: 3 hours, 44 minutes
2024-05-09 13:16:13,102 - INFO - Train:3 - Epoch 390/1500 completed in 12.35 seconds.
2024-05-09 13:16:13,102 - INFO - Train:3 - Approximate time left: 3 hours, 44 minutes
2024-05-09 13:16:27,360 - INFO - Train:3 - Epoch 391/1500 completed in 12.12 seconds.
2024-05-09 13:16:27,360 - INFO - Train:3 - Approximate time left: 3 hours, 43 minutes
2024-05-09 13:16:41,585 - INFO - Train:3 - Epoch 392/1500 completed in 12.12 seconds.
2024-05-09 13:16:41,585 - INFO - Train:3 - Approximate time left: 3 hours, 43 minutes
2024-05-09 13:16:56,427 - INFO - Train:3 - Epoch 393/1500 completed in 12.75 seconds.
2024-05-09 13:16:56,427 - INFO - Train:3 - Approximate time left: 3 hours, 43 minutes
2024-05-09 13:17:10,618 - INFO - Train:3 - Epoch 394/1500 completed in 12.07 seconds.
2024-05-09 13:17:10,619 - INFO - Train:3 - Approximate time left: 3 hours, 43 minutes
2024-05-09 13:17:24,761 - INFO - Train:3 - Epoch 395/1500 completed in 12.06 seconds.
2024-05-09 13:17:24,761 - INFO - Train:3 - Approximate time left: 3 hours, 43 minutes
2024-05-09 13:17:38,957 - INFO - Train:3 - Epoch 396/1500 completed in 12.10 seconds.
2024-05-09 13:17:38,957 - INFO - Train:3 - Approximate time left: 3 hours, 42 minutes
2024-05-09 13:17:53,136 - INFO - Train:3 - Epoch 397/1500 completed in 12.09 seconds.
2024-05-09 13:17:53,137 - INFO - Train:3 - Approximate time left: 3 hours, 42 minutes
2024-05-09 13:18:07,384 - INFO - Train:3 - Epoch 398/1500 completed in 12.15 seconds.
2024-05-09 13:18:07,385 - INFO - Train:3 - Approximate time left: 3 hours, 42 minutes
2024-05-09 13:18:21,582 - INFO - Train:3 - Epoch 399/1500 completed in 12.10 seconds.
2024-05-09 13:18:21,582 - INFO - Train:3 - Approximate time left: 3 hours, 42 minutes
2024-05-09 13:18:35,722 - INFO - Train:3 - Epoch 400/1500 completed in 11.71 seconds.
2024-05-09 13:18:35,722 - INFO - Train:3 - Approximate time left: 3 hours, 42 minutes
2024-05-09 13:18:50,322 - ERROR - Train:3 - Error saving checkpoint: join() argument must be str, bytes, or os.PathLike object, not 'NoneType'
Traceback (most recent call last):
  File "/data/Pein/Pytorch/Ascend-NPU-Parallel-Training/1-src/trainer.py", line 538, in save_checkpoint
    save_checkpoint_folder = os.path.join(
  File "/root/miniconda3/envs/Pein38/lib/python3.8/posixpath.py", line 90, in join
    genericpath._check_arg_types('join', a, *p)
  File "/root/miniconda3/envs/Pein38/lib/python3.8/genericpath.py", line 152, in _check_arg_types
    raise TypeError(f'{funcname}() argument must be str, bytes, or '
TypeError: join() argument must be str, bytes, or os.PathLike object, not 'NoneType'
2024-05-09 13:18:50,323 - INFO - Train:3 - Epoch 401/1500 completed in 12.42 seconds.
2024-05-09 13:18:50,323 - INFO - Train:3 - Approximate time left: 3 hours, 41 minutes
2024-05-09 13:19:04,829 - INFO - Train:3 - Epoch 402/1500 completed in 11.99 seconds.
2024-05-09 13:19:04,829 - INFO - Train:3 - Approximate time left: 3 hours, 41 minutes
2024-05-09 13:19:19,418 - INFO - Train:3 - Epoch 403/1500 completed in 12.49 seconds.
2024-05-09 13:19:19,418 - INFO - Train:3 - Approximate time left: 3 hours, 41 minutes
2024-05-09 13:19:33,490 - INFO - Train:3 - Epoch 404/1500 completed in 11.97 seconds.
2024-05-09 13:19:33,490 - INFO - Train:3 - Approximate time left: 3 hours, 41 minutes
2024-05-09 13:19:47,632 - INFO - Train:3 - Epoch 405/1500 completed in 12.00 seconds.
2024-05-09 13:19:47,632 - INFO - Train:3 - Approximate time left: 3 hours, 41 minutes
2024-05-09 13:20:01,563 - INFO - Train:3 - Epoch 406/1500 completed in 11.73 seconds.
2024-05-09 13:20:01,563 - INFO - Train:3 - Approximate time left: 3 hours, 40 minutes
2024-05-09 13:20:15,748 - INFO - Train:3 - Epoch 407/1500 completed in 12.06 seconds.
2024-05-09 13:20:15,749 - INFO - Train:3 - Approximate time left: 3 hours, 40 minutes
2024-05-09 13:20:29,302 - INFO - Train:3 - Epoch 408/1500 completed in 11.43 seconds.
2024-05-09 13:20:29,302 - INFO - Train:3 - Approximate time left: 3 hours, 40 minutes
2024-05-09 13:20:43,470 - INFO - Train:3 - Epoch 409/1500 completed in 12.03 seconds.
2024-05-09 13:20:43,470 - INFO - Train:3 - Approximate time left: 3 hours, 40 minutes
2024-05-09 13:20:56,924 - INFO - Train:3 - Epoch 410/1500 completed in 11.37 seconds.
2024-05-09 13:20:56,924 - INFO - Train:3 - Approximate time left: 3 hours, 40 minutes
2024-05-09 13:21:10,124 - INFO - Train:3 - Epoch 411/1500 completed in 11.08 seconds.
2024-05-09 13:21:10,125 - INFO - Train:3 - Approximate time left: 3 hours, 39 minutes
2024-05-09 13:21:23,350 - INFO - Train:3 - Epoch 412/1500 completed in 11.12 seconds.
2024-05-09 13:21:23,350 - INFO - Train:3 - Approximate time left: 3 hours, 39 minutes
2024-05-09 13:21:36,830 - INFO - Train:3 - Epoch 413/1500 completed in 11.34 seconds.
2024-05-09 13:21:36,830 - INFO - Train:3 - Approximate time left: 3 hours, 39 minutes
2024-05-09 13:21:50,349 - INFO - Train:3 - Epoch 414/1500 completed in 11.46 seconds.
2024-05-09 13:21:50,349 - INFO - Train:3 - Approximate time left: 3 hours, 39 minutes
2024-05-09 13:22:04,097 - INFO - Train:3 - Epoch 415/1500 completed in 11.64 seconds.
2024-05-09 13:22:04,098 - INFO - Train:3 - Approximate time left: 3 hours, 38 minutes
2024-05-09 13:22:18,630 - INFO - Train:3 - Epoch 416/1500 completed in 12.44 seconds.
2024-05-09 13:22:18,630 - INFO - Train:3 - Approximate time left: 3 hours, 38 minutes
2024-05-09 13:22:33,265 - INFO - Train:3 - Epoch 417/1500 completed in 12.54 seconds.
2024-05-09 13:22:33,265 - INFO - Train:3 - Approximate time left: 3 hours, 38 minutes
2024-05-09 13:22:46,824 - INFO - Train:3 - Epoch 418/1500 completed in 11.49 seconds.
2024-05-09 13:22:46,824 - INFO - Train:3 - Approximate time left: 3 hours, 38 minutes
2024-05-09 13:23:00,762 - INFO - Train:3 - Epoch 419/1500 completed in 11.81 seconds.
2024-05-09 13:23:00,762 - INFO - Train:3 - Approximate time left: 3 hours, 38 minutes
2024-05-09 13:23:14,399 - INFO - Train:3 - Epoch 420/1500 completed in 11.54 seconds.
2024-05-09 13:23:14,400 - INFO - Train:3 - Approximate time left: 3 hours, 37 minutes
2024-05-09 13:23:27,856 - INFO - Train:3 - Epoch 421/1500 completed in 11.37 seconds.
2024-05-09 13:23:27,856 - INFO - Train:3 - Approximate time left: 3 hours, 37 minutes
2024-05-09 13:23:42,022 - INFO - Train:3 - Epoch 422/1500 completed in 12.00 seconds.
2024-05-09 13:23:42,022 - INFO - Train:3 - Approximate time left: 3 hours, 37 minutes
2024-05-09 13:23:56,221 - INFO - Train:3 - Epoch 423/1500 completed in 12.02 seconds.
2024-05-09 13:23:56,221 - INFO - Train:3 - Approximate time left: 3 hours, 37 minutes
2024-05-09 13:24:10,217 - INFO - Train:3 - Epoch 424/1500 completed in 11.84 seconds.
2024-05-09 13:24:10,217 - INFO - Train:3 - Approximate time left: 3 hours, 36 minutes
2024-05-09 13:24:24,324 - INFO - Train:3 - Epoch 425/1500 completed in 12.01 seconds.
2024-05-09 13:24:24,325 - INFO - Train:3 - Approximate time left: 3 hours, 36 minutes
2024-05-09 13:24:38,458 - INFO - Train:3 - Epoch 426/1500 completed in 12.05 seconds.
2024-05-09 13:24:38,458 - INFO - Train:3 - Approximate time left: 3 hours, 36 minutes
2024-05-09 13:24:52,672 - INFO - Train:3 - Epoch 427/1500 completed in 12.04 seconds.
2024-05-09 13:24:52,672 - INFO - Train:3 - Approximate time left: 3 hours, 36 minutes
2024-05-09 13:25:06,855 - INFO - Train:3 - Epoch 428/1500 completed in 12.08 seconds.
2024-05-09 13:25:06,855 - INFO - Train:3 - Approximate time left: 3 hours, 36 minutes
2024-05-09 13:25:21,432 - INFO - Train:3 - Epoch 429/1500 completed in 12.18 seconds.
2024-05-09 13:25:21,432 - INFO - Train:3 - Approximate time left: 3 hours, 35 minutes
2024-05-09 13:25:35,686 - INFO - Train:3 - Epoch 430/1500 completed in 12.16 seconds.
2024-05-09 13:25:35,686 - INFO - Train:3 - Approximate time left: 3 hours, 35 minutes
2024-05-09 13:25:49,697 - INFO - Train:3 - Epoch 431/1500 completed in 11.92 seconds.
2024-05-09 13:25:49,698 - INFO - Train:3 - Approximate time left: 3 hours, 35 minutes
2024-05-09 13:26:03,826 - INFO - Train:3 - Epoch 432/1500 completed in 12.04 seconds.
2024-05-09 13:26:03,826 - INFO - Train:3 - Approximate time left: 3 hours, 35 minutes
2024-05-09 13:26:17,984 - INFO - Train:3 - Epoch 433/1500 completed in 12.07 seconds.
2024-05-09 13:26:17,985 - INFO - Train:3 - Approximate time left: 3 hours, 35 minutes
2024-05-09 13:26:32,051 - INFO - Train:3 - Epoch 434/1500 completed in 12.00 seconds.
2024-05-09 13:26:32,051 - INFO - Train:3 - Approximate time left: 3 hours, 34 minutes
2024-05-09 13:26:46,138 - INFO - Train:3 - Epoch 435/1500 completed in 12.01 seconds.
2024-05-09 13:26:46,139 - INFO - Train:3 - Approximate time left: 3 hours, 34 minutes
2024-05-09 13:27:00,288 - INFO - Train:3 - Epoch 436/1500 completed in 12.07 seconds.
2024-05-09 13:27:00,288 - INFO - Train:3 - Approximate time left: 3 hours, 34 minutes
2024-05-09 13:27:14,295 - INFO - Train:3 - Epoch 437/1500 completed in 11.94 seconds.
2024-05-09 13:27:14,295 - INFO - Train:3 - Approximate time left: 3 hours, 34 minutes
2024-05-09 13:27:28,206 - INFO - Train:3 - Epoch 438/1500 completed in 11.82 seconds.
2024-05-09 13:27:28,207 - INFO - Train:3 - Approximate time left: 3 hours, 34 minutes
2024-05-09 13:27:42,349 - INFO - Train:3 - Epoch 439/1500 completed in 12.00 seconds.
2024-05-09 13:27:42,349 - INFO - Train:3 - Approximate time left: 3 hours, 33 minutes
2024-05-09 13:27:56,788 - INFO - Train:3 - Epoch 440/1500 completed in 12.29 seconds.
2024-05-09 13:27:56,788 - INFO - Train:3 - Approximate time left: 3 hours, 33 minutes
2024-05-09 13:28:11,251 - INFO - Train:3 - Epoch 441/1500 completed in 12.27 seconds.
2024-05-09 13:28:11,251 - INFO - Train:3 - Approximate time left: 3 hours, 33 minutes
2024-05-09 13:28:25,160 - INFO - Train:3 - Epoch 442/1500 completed in 11.79 seconds.
2024-05-09 13:28:25,160 - INFO - Train:3 - Approximate time left: 3 hours, 33 minutes
2024-05-09 13:28:39,552 - INFO - Train:3 - Epoch 443/1500 completed in 12.21 seconds.
2024-05-09 13:28:39,552 - INFO - Train:3 - Approximate time left: 3 hours, 33 minutes
2024-05-09 13:28:53,754 - INFO - Train:3 - Epoch 444/1500 completed in 12.05 seconds.
2024-05-09 13:28:53,755 - INFO - Train:3 - Approximate time left: 3 hours, 32 minutes
2024-05-09 13:29:07,506 - INFO - Train:3 - Epoch 445/1500 completed in 11.62 seconds.
2024-05-09 13:29:07,507 - INFO - Train:3 - Approximate time left: 3 hours, 32 minutes
2024-05-09 13:29:21,420 - INFO - Train:3 - Epoch 446/1500 completed in 11.81 seconds.
2024-05-09 13:29:21,420 - INFO - Train:3 - Approximate time left: 3 hours, 32 minutes
2024-05-09 13:29:35,492 - INFO - Train:3 - Epoch 447/1500 completed in 11.92 seconds.
2024-05-09 13:29:35,492 - INFO - Train:3 - Approximate time left: 3 hours, 32 minutes
2024-05-09 13:29:49,563 - INFO - Train:3 - Epoch 448/1500 completed in 11.91 seconds.
2024-05-09 13:29:49,564 - INFO - Train:3 - Approximate time left: 3 hours, 32 minutes
2024-05-09 13:30:03,703 - INFO - Train:3 - Epoch 449/1500 completed in 12.06 seconds.
2024-05-09 13:30:03,703 - INFO - Train:3 - Approximate time left: 3 hours, 31 minutes
2024-05-09 13:30:17,866 - INFO - Train:3 - Epoch 450/1500 completed in 12.06 seconds.
2024-05-09 13:30:17,866 - INFO - Train:3 - Approximate time left: 3 hours, 31 minutes
2024-05-09 13:30:31,999 - INFO - Train:3 - Epoch 451/1500 completed in 12.05 seconds.
2024-05-09 13:30:31,999 - INFO - Train:3 - Approximate time left: 3 hours, 31 minutes
2024-05-09 13:30:46,146 - INFO - Train:3 - Epoch 452/1500 completed in 12.07 seconds.
2024-05-09 13:30:46,146 - INFO - Train:3 - Approximate time left: 3 hours, 31 minutes
2024-05-09 13:31:00,231 - INFO - Train:3 - Epoch 453/1500 completed in 12.04 seconds.
2024-05-09 13:31:00,231 - INFO - Train:3 - Approximate time left: 3 hours, 31 minutes
2024-05-09 13:31:13,771 - INFO - Train:3 - Epoch 454/1500 completed in 11.44 seconds.
2024-05-09 13:31:13,771 - INFO - Train:3 - Approximate time left: 3 hours, 30 minutes
2024-05-09 13:31:27,882 - INFO - Train:3 - Epoch 455/1500 completed in 12.00 seconds.
2024-05-09 13:31:27,882 - INFO - Train:3 - Approximate time left: 3 hours, 30 minutes
2024-05-09 13:31:41,999 - INFO - Train:3 - Epoch 456/1500 completed in 12.03 seconds.
2024-05-09 13:31:42,000 - INFO - Train:3 - Approximate time left: 3 hours, 30 minutes
2024-05-09 13:31:56,730 - INFO - Train:3 - Epoch 457/1500 completed in 12.62 seconds.
2024-05-09 13:31:56,730 - INFO - Train:3 - Approximate time left: 3 hours, 30 minutes
2024-05-09 13:32:10,615 - INFO - Train:3 - Epoch 458/1500 completed in 11.78 seconds.
2024-05-09 13:32:10,615 - INFO - Train:3 - Approximate time left: 3 hours, 30 minutes
2024-05-09 13:32:24,865 - INFO - Train:3 - Epoch 459/1500 completed in 12.15 seconds.
2024-05-09 13:32:24,865 - INFO - Train:3 - Approximate time left: 3 hours, 29 minutes
2024-05-09 13:32:39,152 - INFO - Train:3 - Epoch 460/1500 completed in 12.22 seconds.
2024-05-09 13:32:39,153 - INFO - Train:3 - Approximate time left: 3 hours, 29 minutes
2024-05-09 13:32:52,626 - INFO - Train:3 - Epoch 461/1500 completed in 11.38 seconds.
2024-05-09 13:32:52,626 - INFO - Train:3 - Approximate time left: 3 hours, 29 minutes
2024-05-09 13:33:06,418 - INFO - Train:3 - Epoch 462/1500 completed in 11.67 seconds.
2024-05-09 13:33:06,418 - INFO - Train:3 - Approximate time left: 3 hours, 29 minutes
2024-05-09 13:33:20,506 - INFO - Train:3 - Epoch 463/1500 completed in 11.94 seconds.
2024-05-09 13:33:20,506 - INFO - Train:3 - Approximate time left: 3 hours, 28 minutes
2024-05-09 13:33:34,664 - INFO - Train:3 - Epoch 464/1500 completed in 11.97 seconds.
2024-05-09 13:33:34,665 - INFO - Train:3 - Approximate time left: 3 hours, 28 minutes
2024-05-09 13:33:48,790 - INFO - Train:3 - Epoch 465/1500 completed in 11.98 seconds.
2024-05-09 13:33:48,790 - INFO - Train:3 - Approximate time left: 3 hours, 28 minutes
2024-05-09 13:34:02,458 - INFO - Train:3 - Epoch 466/1500 completed in 11.51 seconds.
2024-05-09 13:34:02,458 - INFO - Train:3 - Approximate time left: 3 hours, 28 minutes
2024-05-09 13:34:15,868 - INFO - Train:3 - Epoch 467/1500 completed in 11.31 seconds.
2024-05-09 13:34:15,868 - INFO - Train:3 - Approximate time left: 3 hours, 28 minutes
2024-05-09 13:34:29,693 - INFO - Train:3 - Epoch 468/1500 completed in 11.74 seconds.
2024-05-09 13:34:29,693 - INFO - Train:3 - Approximate time left: 3 hours, 27 minutes
2024-05-09 13:34:43,826 - INFO - Train:3 - Epoch 469/1500 completed in 11.99 seconds.
2024-05-09 13:34:43,826 - INFO - Train:3 - Approximate time left: 3 hours, 27 minutes
2024-05-09 13:34:57,997 - INFO - Train:3 - Epoch 470/1500 completed in 12.02 seconds.
2024-05-09 13:34:57,997 - INFO - Train:3 - Approximate time left: 3 hours, 27 minutes
2024-05-09 13:35:12,154 - INFO - Train:3 - Epoch 471/1500 completed in 11.99 seconds.
2024-05-09 13:35:12,155 - INFO - Train:3 - Approximate time left: 3 hours, 27 minutes
2024-05-09 13:35:26,377 - INFO - Train:3 - Epoch 472/1500 completed in 12.04 seconds.
2024-05-09 13:35:26,378 - INFO - Train:3 - Approximate time left: 3 hours, 27 minutes
2024-05-09 13:35:40,672 - INFO - Train:3 - Epoch 473/1500 completed in 12.13 seconds.
2024-05-09 13:35:40,672 - INFO - Train:3 - Approximate time left: 3 hours, 26 minutes
2024-05-09 13:35:54,898 - INFO - Train:3 - Epoch 474/1500 completed in 12.04 seconds.
2024-05-09 13:35:54,898 - INFO - Train:3 - Approximate time left: 3 hours, 26 minutes
2024-05-09 13:36:09,101 - INFO - Train:3 - Epoch 475/1500 completed in 12.01 seconds.
2024-05-09 13:36:09,101 - INFO - Train:3 - Approximate time left: 3 hours, 26 minutes
2024-05-09 13:36:23,330 - INFO - Train:3 - Epoch 476/1500 completed in 12.11 seconds.
2024-05-09 13:36:23,330 - INFO - Train:3 - Approximate time left: 3 hours, 26 minutes
2024-05-09 13:36:37,750 - INFO - Train:3 - Epoch 477/1500 completed in 12.28 seconds.
2024-05-09 13:36:37,750 - INFO - Train:3 - Approximate time left: 3 hours, 26 minutes
2024-05-09 13:36:51,381 - INFO - Train:3 - Epoch 478/1500 completed in 11.52 seconds.
2024-05-09 13:36:51,382 - INFO - Train:3 - Approximate time left: 3 hours, 25 minutes
2024-05-09 13:37:05,544 - INFO - Train:3 - Epoch 479/1500 completed in 12.08 seconds.
2024-05-09 13:37:05,544 - INFO - Train:3 - Approximate time left: 3 hours, 25 minutes
2024-05-09 13:37:19,660 - INFO - Train:3 - Epoch 480/1500 completed in 12.02 seconds.
2024-05-09 13:37:19,660 - INFO - Train:3 - Approximate time left: 3 hours, 25 minutes
2024-05-09 13:37:32,982 - INFO - Train:3 - Epoch 481/1500 completed in 11.22 seconds.
2024-05-09 13:37:32,982 - INFO - Train:3 - Approximate time left: 3 hours, 25 minutes
2024-05-09 13:37:46,280 - INFO - Train:3 - Epoch 482/1500 completed in 11.21 seconds.
2024-05-09 13:37:46,280 - INFO - Train:3 - Approximate time left: 3 hours, 24 minutes
2024-05-09 13:38:00,179 - INFO - Train:3 - Epoch 483/1500 completed in 11.77 seconds.
2024-05-09 13:38:00,179 - INFO - Train:3 - Approximate time left: 3 hours, 24 minutes
2024-05-09 13:38:14,118 - INFO - Train:3 - Epoch 484/1500 completed in 11.78 seconds.
2024-05-09 13:38:14,119 - INFO - Train:3 - Approximate time left: 3 hours, 24 minutes
2024-05-09 13:38:28,175 - INFO - Train:3 - Epoch 485/1500 completed in 11.95 seconds.
2024-05-09 13:38:28,176 - INFO - Train:3 - Approximate time left: 3 hours, 24 minutes
2024-05-09 13:38:42,280 - INFO - Train:3 - Epoch 486/1500 completed in 11.96 seconds.
2024-05-09 13:38:42,280 - INFO - Train:3 - Approximate time left: 3 hours, 24 minutes
2024-05-09 13:38:56,377 - INFO - Train:3 - Epoch 487/1500 completed in 12.03 seconds.
2024-05-09 13:38:56,377 - INFO - Train:3 - Approximate time left: 3 hours, 23 minutes
2024-05-09 13:39:10,483 - INFO - Train:3 - Epoch 488/1500 completed in 12.00 seconds.
2024-05-09 13:39:10,483 - INFO - Train:3 - Approximate time left: 3 hours, 23 minutes
2024-05-09 13:39:24,649 - INFO - Train:3 - Epoch 489/1500 completed in 12.12 seconds.
2024-05-09 13:39:24,649 - INFO - Train:3 - Approximate time left: 3 hours, 23 minutes
2024-05-09 13:39:38,882 - INFO - Train:3 - Epoch 490/1500 completed in 12.15 seconds.
2024-05-09 13:39:38,883 - INFO - Train:3 - Approximate time left: 3 hours, 23 minutes
2024-05-09 13:39:53,157 - INFO - Train:3 - Epoch 491/1500 completed in 12.21 seconds.
2024-05-09 13:39:53,158 - INFO - Train:3 - Approximate time left: 3 hours, 23 minutes
2024-05-09 13:40:06,367 - INFO - Train:3 - Epoch 492/1500 completed in 11.15 seconds.
2024-05-09 13:40:06,367 - INFO - Train:3 - Approximate time left: 3 hours, 22 minutes
2024-05-09 13:40:19,909 - INFO - Train:3 - Epoch 493/1500 completed in 11.47 seconds.
2024-05-09 13:40:19,909 - INFO - Train:3 - Approximate time left: 3 hours, 22 minutes
2024-05-09 13:40:33,157 - INFO - Train:3 - Epoch 494/1500 completed in 11.18 seconds.
2024-05-09 13:40:33,158 - INFO - Train:3 - Approximate time left: 3 hours, 22 minutes
2024-05-09 13:40:47,545 - INFO - Train:3 - Epoch 495/1500 completed in 12.26 seconds.
2024-05-09 13:40:47,545 - INFO - Train:3 - Approximate time left: 3 hours, 22 minutes
2024-05-09 13:41:01,755 - INFO - Train:3 - Epoch 496/1500 completed in 12.12 seconds.
2024-05-09 13:41:01,756 - INFO - Train:3 - Approximate time left: 3 hours, 22 minutes
2024-05-09 13:41:16,076 - INFO - Train:3 - Epoch 497/1500 completed in 12.24 seconds.
2024-05-09 13:41:16,076 - INFO - Train:3 - Approximate time left: 3 hours, 21 minutes
2024-05-09 13:41:30,374 - INFO - Train:3 - Epoch 498/1500 completed in 11.84 seconds.
2024-05-09 13:41:30,375 - INFO - Train:3 - Approximate time left: 3 hours, 21 minutes
2024-05-09 13:41:44,570 - INFO - Train:3 - Epoch 499/1500 completed in 12.12 seconds.
2024-05-09 13:41:44,570 - INFO - Train:3 - Approximate time left: 3 hours, 21 minutes
2024-05-09 13:41:58,371 - INFO - Train:3 - Epoch 500/1500 completed in 11.70 seconds.
2024-05-09 13:41:58,371 - INFO - Train:3 - Approximate time left: 3 hours, 21 minutes
2024-05-09 13:42:12,036 - INFO - Train:3 - Epoch 501/1500 completed in 11.56 seconds.
2024-05-09 13:42:12,037 - INFO - Train:3 - Approximate time left: 3 hours, 21 minutes
2024-05-09 13:42:25,692 - INFO - Train:3 - Epoch 502/1500 completed in 11.61 seconds.
2024-05-09 13:42:25,692 - INFO - Train:3 - Approximate time left: 3 hours, 20 minutes
2024-05-09 13:42:39,580 - INFO - Train:3 - Epoch 503/1500 completed in 11.51 seconds.
2024-05-09 13:42:39,580 - INFO - Train:3 - Approximate time left: 3 hours, 20 minutes
2024-05-09 13:42:53,212 - INFO - Train:3 - Epoch 504/1500 completed in 11.53 seconds.
2024-05-09 13:42:53,212 - INFO - Train:3 - Approximate time left: 3 hours, 20 minutes
2024-05-09 13:43:06,892 - INFO - Train:3 - Epoch 505/1500 completed in 11.58 seconds.
2024-05-09 13:43:06,893 - INFO - Train:3 - Approximate time left: 3 hours, 20 minutes
2024-05-09 13:43:20,685 - INFO - Train:3 - Epoch 506/1500 completed in 11.71 seconds.
2024-05-09 13:43:20,685 - INFO - Train:3 - Approximate time left: 3 hours, 19 minutes
2024-05-09 13:43:34,747 - INFO - Train:3 - Epoch 507/1500 completed in 11.99 seconds.
2024-05-09 13:43:34,747 - INFO - Train:3 - Approximate time left: 3 hours, 19 minutes
2024-05-09 13:43:48,842 - INFO - Train:3 - Epoch 508/1500 completed in 12.01 seconds.
2024-05-09 13:43:48,843 - INFO - Train:3 - Approximate time left: 3 hours, 19 minutes
2024-05-09 13:44:02,848 - INFO - Train:3 - Epoch 509/1500 completed in 11.92 seconds.
2024-05-09 13:44:02,848 - INFO - Train:3 - Approximate time left: 3 hours, 19 minutes
2024-05-09 13:44:16,860 - INFO - Train:3 - Epoch 510/1500 completed in 11.93 seconds.
2024-05-09 13:44:16,860 - INFO - Train:3 - Approximate time left: 3 hours, 19 minutes
2024-05-09 13:44:30,485 - INFO - Train:3 - Epoch 511/1500 completed in 11.55 seconds.
2024-05-09 13:44:30,486 - INFO - Train:3 - Approximate time left: 3 hours, 18 minutes
2024-05-09 13:44:44,133 - INFO - Train:3 - Epoch 512/1500 completed in 11.54 seconds.
2024-05-09 13:44:44,133 - INFO - Train:3 - Approximate time left: 3 hours, 18 minutes
2024-05-09 13:44:58,577 - INFO - Train:3 - Epoch 513/1500 completed in 12.31 seconds.
2024-05-09 13:44:58,577 - INFO - Train:3 - Approximate time left: 3 hours, 18 minutes
2024-05-09 13:45:12,562 - INFO - Train:3 - Epoch 514/1500 completed in 11.91 seconds.
2024-05-09 13:45:12,563 - INFO - Train:3 - Approximate time left: 3 hours, 18 minutes
2024-05-09 13:45:26,766 - INFO - Train:3 - Epoch 515/1500 completed in 12.11 seconds.
2024-05-09 13:45:26,766 - INFO - Train:3 - Approximate time left: 3 hours, 18 minutes
2024-05-09 13:45:40,808 - INFO - Train:3 - Epoch 516/1500 completed in 11.95 seconds.
2024-05-09 13:45:40,808 - INFO - Train:3 - Approximate time left: 3 hours, 17 minutes
2024-05-09 13:45:54,700 - INFO - Train:3 - Epoch 517/1500 completed in 11.79 seconds.
2024-05-09 13:45:54,700 - INFO - Train:3 - Approximate time left: 3 hours, 17 minutes
2024-05-09 13:46:08,840 - INFO - Train:3 - Epoch 518/1500 completed in 12.09 seconds.
2024-05-09 13:46:08,840 - INFO - Train:3 - Approximate time left: 3 hours, 17 minutes
2024-05-09 13:46:22,657 - INFO - Train:3 - Epoch 519/1500 completed in 11.75 seconds.
2024-05-09 13:46:22,658 - INFO - Train:3 - Approximate time left: 3 hours, 17 minutes
2024-05-09 13:46:36,451 - INFO - Train:3 - Epoch 520/1500 completed in 11.71 seconds.
2024-05-09 13:46:36,452 - INFO - Train:3 - Approximate time left: 3 hours, 17 minutes
2024-05-09 13:46:49,828 - INFO - Train:3 - Epoch 521/1500 completed in 11.30 seconds.
2024-05-09 13:46:49,829 - INFO - Train:3 - Approximate time left: 3 hours, 16 minutes
2024-05-09 13:47:03,382 - INFO - Train:3 - Epoch 522/1500 completed in 11.47 seconds.
2024-05-09 13:47:03,382 - INFO - Train:3 - Approximate time left: 3 hours, 16 minutes
2024-05-09 13:47:17,431 - INFO - Train:3 - Epoch 523/1500 completed in 11.96 seconds.
2024-05-09 13:47:17,431 - INFO - Train:3 - Approximate time left: 3 hours, 16 minutes
2024-05-09 13:47:31,536 - INFO - Train:3 - Epoch 524/1500 completed in 12.01 seconds.
2024-05-09 13:47:31,537 - INFO - Train:3 - Approximate time left: 3 hours, 16 minutes
2024-05-09 13:47:45,423 - INFO - Train:3 - Epoch 525/1500 completed in 11.81 seconds.
2024-05-09 13:47:45,423 - INFO - Train:3 - Approximate time left: 3 hours, 15 minutes
2024-05-09 13:47:59,599 - INFO - Train:3 - Epoch 526/1500 completed in 12.05 seconds.
2024-05-09 13:47:59,599 - INFO - Train:3 - Approximate time left: 3 hours, 15 minutes
2024-05-09 13:48:13,563 - INFO - Train:3 - Epoch 527/1500 completed in 11.88 seconds.
2024-05-09 13:48:13,563 - INFO - Train:3 - Approximate time left: 3 hours, 15 minutes
2024-05-09 13:48:27,886 - INFO - Train:3 - Epoch 528/1500 completed in 12.22 seconds.
2024-05-09 13:48:27,887 - INFO - Train:3 - Approximate time left: 3 hours, 15 minutes
2024-05-09 13:48:41,819 - INFO - Train:3 - Epoch 529/1500 completed in 11.87 seconds.
2024-05-09 13:48:41,819 - INFO - Train:3 - Approximate time left: 3 hours, 15 minutes
2024-05-09 13:48:56,287 - INFO - Train:3 - Epoch 530/1500 completed in 12.06 seconds.
2024-05-09 13:48:56,287 - INFO - Train:3 - Approximate time left: 3 hours, 14 minutes
2024-05-09 13:49:10,692 - INFO - Train:3 - Epoch 531/1500 completed in 12.30 seconds.
2024-05-09 13:49:10,692 - INFO - Train:3 - Approximate time left: 3 hours, 14 minutes
2024-05-09 13:49:24,935 - INFO - Train:3 - Epoch 532/1500 completed in 12.17 seconds.
2024-05-09 13:49:24,936 - INFO - Train:3 - Approximate time left: 3 hours, 14 minutes
2024-05-09 13:49:39,234 - INFO - Train:3 - Epoch 533/1500 completed in 12.19 seconds.
2024-05-09 13:49:39,234 - INFO - Train:3 - Approximate time left: 3 hours, 14 minutes
2024-05-09 13:49:53,337 - INFO - Train:3 - Epoch 534/1500 completed in 12.00 seconds.
2024-05-09 13:49:53,337 - INFO - Train:3 - Approximate time left: 3 hours, 14 minutes
2024-05-09 13:50:07,589 - INFO - Train:3 - Epoch 535/1500 completed in 12.15 seconds.
2024-05-09 13:50:07,589 - INFO - Train:3 - Approximate time left: 3 hours, 13 minutes
2024-05-09 13:50:21,885 - INFO - Train:3 - Epoch 536/1500 completed in 12.11 seconds.
2024-05-09 13:50:21,885 - INFO - Train:3 - Approximate time left: 3 hours, 13 minutes
2024-05-09 13:50:35,771 - INFO - Train:3 - Epoch 537/1500 completed in 11.82 seconds.
2024-05-09 13:50:35,771 - INFO - Train:3 - Approximate time left: 3 hours, 13 minutes
2024-05-09 13:50:49,813 - INFO - Train:3 - Epoch 538/1500 completed in 11.96 seconds.
2024-05-09 13:50:49,813 - INFO - Train:3 - Approximate time left: 3 hours, 13 minutes
2024-05-09 13:51:04,007 - INFO - Train:3 - Epoch 539/1500 completed in 12.11 seconds.
2024-05-09 13:51:04,008 - INFO - Train:3 - Approximate time left: 3 hours, 13 minutes
2024-05-09 13:51:17,978 - INFO - Train:3 - Epoch 540/1500 completed in 11.90 seconds.
2024-05-09 13:51:17,978 - INFO - Train:3 - Approximate time left: 3 hours, 12 minutes
2024-05-09 13:51:31,743 - INFO - Train:3 - Epoch 541/1500 completed in 11.66 seconds.
2024-05-09 13:51:31,743 - INFO - Train:3 - Approximate time left: 3 hours, 12 minutes
2024-05-09 13:51:45,750 - INFO - Train:3 - Epoch 542/1500 completed in 11.91 seconds.
2024-05-09 13:51:45,750 - INFO - Train:3 - Approximate time left: 3 hours, 12 minutes
2024-05-09 13:52:00,625 - INFO - Train:3 - Epoch 543/1500 completed in 12.76 seconds.
2024-05-09 13:52:00,626 - INFO - Train:3 - Approximate time left: 3 hours, 12 minutes
2024-05-09 13:52:14,817 - INFO - Train:3 - Epoch 544/1500 completed in 12.09 seconds.
2024-05-09 13:52:14,817 - INFO - Train:3 - Approximate time left: 3 hours, 12 minutes
2024-05-09 13:52:29,116 - INFO - Train:3 - Epoch 545/1500 completed in 12.18 seconds.
2024-05-09 13:52:29,117 - INFO - Train:3 - Approximate time left: 3 hours, 11 minutes
2024-05-09 13:52:43,367 - INFO - Train:3 - Epoch 546/1500 completed in 12.18 seconds.
2024-05-09 13:52:43,367 - INFO - Train:3 - Approximate time left: 3 hours, 11 minutes
2024-05-09 13:52:57,582 - INFO - Train:3 - Epoch 547/1500 completed in 12.14 seconds.
2024-05-09 13:52:57,583 - INFO - Train:3 - Approximate time left: 3 hours, 11 minutes
2024-05-09 13:53:12,011 - INFO - Train:3 - Epoch 548/1500 completed in 12.35 seconds.
2024-05-09 13:53:12,011 - INFO - Train:3 - Approximate time left: 3 hours, 11 minutes
2024-05-09 13:53:25,990 - INFO - Train:3 - Epoch 549/1500 completed in 11.88 seconds.
2024-05-09 13:53:25,990 - INFO - Train:3 - Approximate time left: 3 hours, 11 minutes
2024-05-09 13:53:28,111 - INFO - Train:3 - Early stopping triggered across all processes at epoch:548
