2024-05-09 11:43:56,962 - ERROR - Train:7 - Error saving checkpoint: join() argument must be str, bytes, or os.PathLike object, not 'NoneType'
Traceback (most recent call last):
  File "/data/Pein/Pytorch/Ascend-NPU-Parallel-Training/1-src/trainer.py", line 538, in save_checkpoint
    save_checkpoint_folder = os.path.join(
  File "/root/miniconda3/envs/Pein38/lib/python3.8/posixpath.py", line 90, in join
    genericpath._check_arg_types('join', a, *p)
  File "/root/miniconda3/envs/Pein38/lib/python3.8/genericpath.py", line 152, in _check_arg_types
    raise TypeError(f'{funcname}() argument must be str, bytes, or '
TypeError: join() argument must be str, bytes, or os.PathLike object, not 'NoneType'
2024-05-09 11:43:56,963 - INFO - Train:7 - Epoch 1/1500 completed in 43.01 seconds.
2024-05-09 11:43:56,964 - INFO - Train:7 - Approximate time left: 17 hours, 54 minutes
2024-05-09 11:44:13,719 - INFO - Train:7 - Epoch 2/1500 completed in 12.34 seconds.
2024-05-09 11:44:13,719 - INFO - Train:7 - Approximate time left: 11 hours, 30 minutes
2024-05-09 11:44:27,847 - INFO - Train:7 - Epoch 3/1500 completed in 11.57 seconds.
2024-05-09 11:44:27,847 - INFO - Train:7 - Approximate time left: 9 hours, 16 minutes
2024-05-09 11:44:42,555 - INFO - Train:7 - Epoch 4/1500 completed in 12.16 seconds.
2024-05-09 11:44:42,555 - INFO - Train:7 - Approximate time left: 8 hours, 12 minutes
2024-05-09 11:44:57,050 - INFO - Train:7 - Epoch 5/1500 completed in 11.86 seconds.
2024-05-09 11:44:57,050 - INFO - Train:7 - Approximate time left: 7 hours, 33 minutes
2024-05-09 11:45:12,068 - INFO - Train:7 - Epoch 6/1500 completed in 12.40 seconds.
2024-05-09 11:45:12,068 - INFO - Train:7 - Approximate time left: 7 hours, 8 minutes
2024-05-09 11:45:26,966 - INFO - Train:7 - Epoch 7/1500 completed in 12.31 seconds.
2024-05-09 11:45:26,966 - INFO - Train:7 - Approximate time left: 6 hours, 51 minutes
2024-05-09 11:45:41,892 - INFO - Train:7 - Epoch 8/1500 completed in 12.36 seconds.
2024-05-09 11:45:41,892 - INFO - Train:7 - Approximate time left: 6 hours, 37 minutes
2024-05-09 11:45:56,343 - INFO - Train:7 - Epoch 9/1500 completed in 12.24 seconds.
2024-05-09 11:45:56,343 - INFO - Train:7 - Approximate time left: 6 hours, 27 minutes
2024-05-09 11:46:11,472 - INFO - Train:7 - Epoch 10/1500 completed in 12.58 seconds.
2024-05-09 11:46:11,472 - INFO - Train:7 - Approximate time left: 6 hours, 19 minutes
2024-05-09 11:46:26,427 - INFO - Train:7 - Epoch 11/1500 completed in 12.41 seconds.
2024-05-09 11:46:26,428 - INFO - Train:7 - Approximate time left: 6 hours, 12 minutes
2024-05-09 11:46:40,953 - INFO - Train:7 - Epoch 12/1500 completed in 12.34 seconds.
2024-05-09 11:46:40,954 - INFO - Train:7 - Approximate time left: 6 hours, 6 minutes
2024-05-09 11:46:55,426 - INFO - Train:7 - Epoch 13/1500 completed in 11.93 seconds.
2024-05-09 11:46:55,427 - INFO - Train:7 - Approximate time left: 6 hours, 1 minutes
2024-05-09 11:47:09,456 - INFO - Train:7 - Epoch 14/1500 completed in 11.84 seconds.
2024-05-09 11:47:09,457 - INFO - Train:7 - Approximate time left: 5 hours, 56 minutes
2024-05-09 11:47:23,768 - INFO - Train:7 - Epoch 15/1500 completed in 11.80 seconds.
2024-05-09 11:47:23,768 - INFO - Train:7 - Approximate time left: 5 hours, 51 minutes
2024-05-09 11:47:37,897 - INFO - Train:7 - Epoch 16/1500 completed in 11.93 seconds.
2024-05-09 11:47:37,897 - INFO - Train:7 - Approximate time left: 5 hours, 47 minutes
2024-05-09 11:47:53,005 - INFO - Train:7 - Epoch 17/1500 completed in 12.90 seconds.
2024-05-09 11:47:53,005 - INFO - Train:7 - Approximate time left: 5 hours, 45 minutes
2024-05-09 11:48:08,056 - INFO - Train:7 - Epoch 18/1500 completed in 12.45 seconds.
2024-05-09 11:48:08,056 - INFO - Train:7 - Approximate time left: 5 hours, 43 minutes
2024-05-09 11:48:23,677 - INFO - Train:7 - Epoch 19/1500 completed in 13.02 seconds.
2024-05-09 11:48:23,677 - INFO - Train:7 - Approximate time left: 5 hours, 42 minutes
2024-05-09 11:48:37,819 - INFO - Train:7 - Epoch 20/1500 completed in 11.94 seconds.
2024-05-09 11:48:37,819 - INFO - Train:7 - Approximate time left: 5 hours, 39 minutes
2024-05-09 11:48:51,783 - INFO - Train:7 - Epoch 21/1500 completed in 11.75 seconds.
2024-05-09 11:48:51,784 - INFO - Train:7 - Approximate time left: 5 hours, 37 minutes
2024-05-09 11:49:05,808 - INFO - Train:7 - Epoch 22/1500 completed in 11.83 seconds.
2024-05-09 11:49:05,809 - INFO - Train:7 - Approximate time left: 5 hours, 34 minutes
2024-05-09 11:49:20,123 - INFO - Train:7 - Epoch 23/1500 completed in 11.76 seconds.
2024-05-09 11:49:20,123 - INFO - Train:7 - Approximate time left: 5 hours, 32 minutes
2024-05-09 11:49:34,652 - INFO - Train:7 - Epoch 24/1500 completed in 11.91 seconds.
2024-05-09 11:49:34,652 - INFO - Train:7 - Approximate time left: 5 hours, 30 minutes
2024-05-09 11:49:49,394 - INFO - Train:7 - Epoch 25/1500 completed in 12.22 seconds.
2024-05-09 11:49:49,394 - INFO - Train:7 - Approximate time left: 5 hours, 29 minutes
2024-05-09 11:50:03,575 - INFO - Train:7 - Epoch 26/1500 completed in 11.99 seconds.
2024-05-09 11:50:03,575 - INFO - Train:7 - Approximate time left: 5 hours, 27 minutes
2024-05-09 11:50:17,960 - INFO - Train:7 - Epoch 27/1500 completed in 11.77 seconds.
2024-05-09 11:50:17,960 - INFO - Train:7 - Approximate time left: 5 hours, 26 minutes
2024-05-09 11:50:31,859 - INFO - Train:7 - Epoch 28/1500 completed in 11.69 seconds.
2024-05-09 11:50:31,859 - INFO - Train:7 - Approximate time left: 5 hours, 24 minutes
2024-05-09 11:50:46,526 - INFO - Train:7 - Epoch 29/1500 completed in 12.03 seconds.
2024-05-09 11:50:46,527 - INFO - Train:7 - Approximate time left: 5 hours, 23 minutes
2024-05-09 11:51:00,832 - INFO - Train:7 - Epoch 30/1500 completed in 12.04 seconds.
2024-05-09 11:51:00,833 - INFO - Train:7 - Approximate time left: 5 hours, 22 minutes
2024-05-09 11:51:15,184 - INFO - Train:7 - Epoch 31/1500 completed in 12.08 seconds.
2024-05-09 11:51:15,184 - INFO - Train:7 - Approximate time left: 5 hours, 21 minutes
2024-05-09 11:51:29,738 - INFO - Train:7 - Epoch 32/1500 completed in 12.31 seconds.
2024-05-09 11:51:29,738 - INFO - Train:7 - Approximate time left: 5 hours, 20 minutes
2024-05-09 11:51:43,956 - INFO - Train:7 - Epoch 33/1500 completed in 11.96 seconds.
2024-05-09 11:51:43,956 - INFO - Train:7 - Approximate time left: 5 hours, 19 minutes
2024-05-09 11:51:59,128 - INFO - Train:7 - Epoch 34/1500 completed in 12.50 seconds.
2024-05-09 11:51:59,128 - INFO - Train:7 - Approximate time left: 5 hours, 18 minutes
2024-05-09 11:52:13,217 - INFO - Train:7 - Epoch 35/1500 completed in 11.56 seconds.
2024-05-09 11:52:13,217 - INFO - Train:7 - Approximate time left: 5 hours, 17 minutes
2024-05-09 11:52:27,882 - INFO - Train:7 - Epoch 36/1500 completed in 12.12 seconds.
2024-05-09 11:52:27,883 - INFO - Train:7 - Approximate time left: 5 hours, 16 minutes
2024-05-09 11:52:41,858 - INFO - Train:7 - Epoch 37/1500 completed in 11.78 seconds.
2024-05-09 11:52:41,859 - INFO - Train:7 - Approximate time left: 5 hours, 15 minutes
2024-05-09 11:52:57,014 - INFO - Train:7 - Epoch 38/1500 completed in 12.53 seconds.
2024-05-09 11:52:57,014 - INFO - Train:7 - Approximate time left: 5 hours, 14 minutes
2024-05-09 11:53:12,145 - INFO - Train:7 - Epoch 39/1500 completed in 12.60 seconds.
2024-05-09 11:53:12,145 - INFO - Train:7 - Approximate time left: 5 hours, 14 minutes
2024-05-09 11:53:27,406 - INFO - Train:7 - Epoch 40/1500 completed in 12.66 seconds.
2024-05-09 11:53:27,406 - INFO - Train:7 - Approximate time left: 5 hours, 14 minutes
2024-05-09 11:53:42,069 - INFO - Train:7 - Epoch 41/1500 completed in 12.48 seconds.
2024-05-09 11:53:42,069 - INFO - Train:7 - Approximate time left: 5 hours, 13 minutes
2024-05-09 11:53:56,164 - INFO - Train:7 - Epoch 42/1500 completed in 11.57 seconds.
2024-05-09 11:53:56,164 - INFO - Train:7 - Approximate time left: 5 hours, 12 minutes
2024-05-09 11:54:10,054 - INFO - Train:7 - Epoch 43/1500 completed in 11.67 seconds.
2024-05-09 11:54:10,055 - INFO - Train:7 - Approximate time left: 5 hours, 11 minutes
2024-05-09 11:54:24,479 - INFO - Train:7 - Epoch 44/1500 completed in 11.85 seconds.
2024-05-09 11:54:24,479 - INFO - Train:7 - Approximate time left: 5 hours, 11 minutes
2024-05-09 11:54:38,883 - INFO - Train:7 - Epoch 45/1500 completed in 12.22 seconds.
2024-05-09 11:54:38,883 - INFO - Train:7 - Approximate time left: 5 hours, 10 minutes
2024-05-09 11:54:53,522 - INFO - Train:7 - Epoch 46/1500 completed in 11.98 seconds.
2024-05-09 11:54:53,522 - INFO - Train:7 - Approximate time left: 5 hours, 9 minutes
2024-05-09 11:55:08,966 - INFO - Train:7 - Epoch 47/1500 completed in 12.89 seconds.
2024-05-09 11:55:08,966 - INFO - Train:7 - Approximate time left: 5 hours, 9 minutes
2024-05-09 11:55:24,032 - INFO - Train:7 - Epoch 48/1500 completed in 12.89 seconds.
2024-05-09 11:55:24,032 - INFO - Train:7 - Approximate time left: 5 hours, 9 minutes
2024-05-09 11:55:38,062 - INFO - Train:7 - Epoch 49/1500 completed in 11.86 seconds.
2024-05-09 11:55:38,063 - INFO - Train:7 - Approximate time left: 5 hours, 8 minutes
2024-05-09 11:55:52,394 - INFO - Train:7 - Epoch 50/1500 completed in 11.82 seconds.
2024-05-09 11:55:52,394 - INFO - Train:7 - Approximate time left: 5 hours, 8 minutes
2024-05-09 11:56:06,342 - INFO - Train:7 - Epoch 51/1500 completed in 11.76 seconds.
2024-05-09 11:56:06,343 - INFO - Train:7 - Approximate time left: 5 hours, 7 minutes
2024-05-09 11:56:20,300 - INFO - Train:7 - Epoch 52/1500 completed in 11.78 seconds.
2024-05-09 11:56:20,300 - INFO - Train:7 - Approximate time left: 5 hours, 6 minutes
2024-05-09 11:56:34,390 - INFO - Train:7 - Epoch 53/1500 completed in 11.85 seconds.
2024-05-09 11:56:34,390 - INFO - Train:7 - Approximate time left: 5 hours, 6 minutes
2024-05-09 11:56:48,405 - INFO - Train:7 - Epoch 54/1500 completed in 11.83 seconds.
2024-05-09 11:56:48,405 - INFO - Train:7 - Approximate time left: 5 hours, 5 minutes
2024-05-09 11:57:02,950 - INFO - Train:7 - Epoch 55/1500 completed in 11.97 seconds.
2024-05-09 11:57:02,950 - INFO - Train:7 - Approximate time left: 5 hours, 5 minutes
2024-05-09 11:57:16,847 - INFO - Train:7 - Epoch 56/1500 completed in 11.66 seconds.
2024-05-09 11:57:16,847 - INFO - Train:7 - Approximate time left: 5 hours, 4 minutes
2024-05-09 11:57:30,775 - INFO - Train:7 - Epoch 57/1500 completed in 11.76 seconds.
2024-05-09 11:57:30,775 - INFO - Train:7 - Approximate time left: 5 hours, 3 minutes
2024-05-09 11:57:45,037 - INFO - Train:7 - Epoch 58/1500 completed in 12.10 seconds.
2024-05-09 11:57:45,038 - INFO - Train:7 - Approximate time left: 5 hours, 3 minutes
2024-05-09 11:58:00,184 - INFO - Train:7 - Epoch 59/1500 completed in 12.97 seconds.
2024-05-09 11:58:00,185 - INFO - Train:7 - Approximate time left: 5 hours, 3 minutes
2024-05-09 11:58:15,161 - INFO - Train:7 - Epoch 60/1500 completed in 12.83 seconds.
2024-05-09 11:58:15,162 - INFO - Train:7 - Approximate time left: 5 hours, 3 minutes
2024-05-09 11:58:30,123 - INFO - Train:7 - Epoch 61/1500 completed in 12.79 seconds.
2024-05-09 11:58:30,123 - INFO - Train:7 - Approximate time left: 5 hours, 3 minutes
2024-05-09 11:58:44,380 - INFO - Train:7 - Epoch 62/1500 completed in 12.07 seconds.
2024-05-09 11:58:44,380 - INFO - Train:7 - Approximate time left: 5 hours, 2 minutes
2024-05-09 11:58:58,272 - INFO - Train:7 - Epoch 63/1500 completed in 11.66 seconds.
2024-05-09 11:58:58,272 - INFO - Train:7 - Approximate time left: 5 hours, 2 minutes
2024-05-09 11:59:12,334 - INFO - Train:7 - Epoch 64/1500 completed in 11.89 seconds.
2024-05-09 11:59:12,334 - INFO - Train:7 - Approximate time left: 5 hours, 1 minutes
2024-05-09 11:59:26,847 - INFO - Train:7 - Epoch 65/1500 completed in 12.24 seconds.
2024-05-09 11:59:26,847 - INFO - Train:7 - Approximate time left: 5 hours, 1 minutes
2024-05-09 11:59:41,350 - INFO - Train:7 - Epoch 66/1500 completed in 11.99 seconds.
2024-05-09 11:59:41,350 - INFO - Train:7 - Approximate time left: 5 hours, 0 minutes
2024-05-09 11:59:55,547 - INFO - Train:7 - Epoch 67/1500 completed in 12.04 seconds.
2024-05-09 11:59:55,547 - INFO - Train:7 - Approximate time left: 5 hours, 0 minutes
2024-05-09 12:00:09,364 - INFO - Train:7 - Epoch 68/1500 completed in 11.65 seconds.
2024-05-09 12:00:09,364 - INFO - Train:7 - Approximate time left: 4 hours, 59 minutes
2024-05-09 12:00:23,611 - INFO - Train:7 - Epoch 69/1500 completed in 11.66 seconds.
2024-05-09 12:00:23,611 - INFO - Train:7 - Approximate time left: 4 hours, 59 minutes
2024-05-09 12:00:37,626 - INFO - Train:7 - Epoch 70/1500 completed in 11.84 seconds.
2024-05-09 12:00:37,627 - INFO - Train:7 - Approximate time left: 4 hours, 58 minutes
2024-05-09 12:00:51,966 - INFO - Train:7 - Epoch 71/1500 completed in 12.16 seconds.
2024-05-09 12:00:51,967 - INFO - Train:7 - Approximate time left: 4 hours, 58 minutes
2024-05-09 12:01:06,350 - INFO - Train:7 - Epoch 72/1500 completed in 12.23 seconds.
2024-05-09 12:01:06,350 - INFO - Train:7 - Approximate time left: 4 hours, 58 minutes
2024-05-09 12:01:20,698 - INFO - Train:7 - Epoch 73/1500 completed in 12.17 seconds.
2024-05-09 12:01:20,699 - INFO - Train:7 - Approximate time left: 4 hours, 57 minutes
2024-05-09 12:01:34,940 - INFO - Train:7 - Epoch 74/1500 completed in 12.10 seconds.
2024-05-09 12:01:34,940 - INFO - Train:7 - Approximate time left: 4 hours, 57 minutes
2024-05-09 12:01:49,075 - INFO - Train:7 - Epoch 75/1500 completed in 11.99 seconds.
2024-05-09 12:01:49,075 - INFO - Train:7 - Approximate time left: 4 hours, 57 minutes
2024-05-09 12:02:03,556 - INFO - Train:7 - Epoch 76/1500 completed in 12.30 seconds.
2024-05-09 12:02:03,557 - INFO - Train:7 - Approximate time left: 4 hours, 56 minutes
2024-05-09 12:02:17,075 - INFO - Train:7 - Epoch 77/1500 completed in 11.35 seconds.
2024-05-09 12:02:17,076 - INFO - Train:7 - Approximate time left: 4 hours, 56 minutes
2024-05-09 12:02:30,249 - INFO - Train:7 - Epoch 78/1500 completed in 10.99 seconds.
2024-05-09 12:02:30,249 - INFO - Train:7 - Approximate time left: 4 hours, 55 minutes
2024-05-09 12:02:44,667 - INFO - Train:7 - Epoch 79/1500 completed in 11.93 seconds.
2024-05-09 12:02:44,667 - INFO - Train:7 - Approximate time left: 4 hours, 55 minutes
2024-05-09 12:02:58,771 - INFO - Train:7 - Epoch 80/1500 completed in 11.93 seconds.
2024-05-09 12:02:58,771 - INFO - Train:7 - Approximate time left: 4 hours, 55 minutes
2024-05-09 12:03:12,912 - INFO - Train:7 - Epoch 81/1500 completed in 11.94 seconds.
2024-05-09 12:03:12,913 - INFO - Train:7 - Approximate time left: 4 hours, 54 minutes
2024-05-09 12:03:26,587 - INFO - Train:7 - Epoch 82/1500 completed in 11.44 seconds.
2024-05-09 12:03:26,587 - INFO - Train:7 - Approximate time left: 4 hours, 54 minutes
2024-05-09 12:03:41,333 - INFO - Train:7 - Epoch 83/1500 completed in 12.18 seconds.
2024-05-09 12:03:41,333 - INFO - Train:7 - Approximate time left: 4 hours, 53 minutes
2024-05-09 12:03:55,030 - INFO - Train:7 - Epoch 84/1500 completed in 11.51 seconds.
2024-05-09 12:03:55,030 - INFO - Train:7 - Approximate time left: 4 hours, 53 minutes
2024-05-09 12:04:08,989 - INFO - Train:7 - Epoch 85/1500 completed in 11.75 seconds.
2024-05-09 12:04:08,989 - INFO - Train:7 - Approximate time left: 4 hours, 52 minutes
2024-05-09 12:04:23,890 - INFO - Train:7 - Epoch 86/1500 completed in 12.74 seconds.
2024-05-09 12:04:23,890 - INFO - Train:7 - Approximate time left: 4 hours, 52 minutes
2024-05-09 12:04:37,936 - INFO - Train:7 - Epoch 87/1500 completed in 11.86 seconds.
2024-05-09 12:04:37,937 - INFO - Train:7 - Approximate time left: 4 hours, 52 minutes
2024-05-09 12:04:51,706 - INFO - Train:7 - Epoch 88/1500 completed in 11.57 seconds.
2024-05-09 12:04:51,706 - INFO - Train:7 - Approximate time left: 4 hours, 52 minutes
2024-05-09 12:05:05,710 - INFO - Train:7 - Epoch 89/1500 completed in 11.79 seconds.
2024-05-09 12:05:05,710 - INFO - Train:7 - Approximate time left: 4 hours, 51 minutes
2024-05-09 12:05:19,652 - INFO - Train:7 - Epoch 90/1500 completed in 11.77 seconds.
2024-05-09 12:05:19,652 - INFO - Train:7 - Approximate time left: 4 hours, 51 minutes
2024-05-09 12:05:34,171 - INFO - Train:7 - Epoch 91/1500 completed in 11.96 seconds.
2024-05-09 12:05:34,172 - INFO - Train:7 - Approximate time left: 4 hours, 51 minutes
2024-05-09 12:05:47,397 - INFO - Train:7 - Epoch 92/1500 completed in 11.04 seconds.
2024-05-09 12:05:47,397 - INFO - Train:7 - Approximate time left: 4 hours, 50 minutes
2024-05-09 12:06:01,233 - INFO - Train:7 - Epoch 93/1500 completed in 11.65 seconds.
2024-05-09 12:06:01,233 - INFO - Train:7 - Approximate time left: 4 hours, 50 minutes
2024-05-09 12:06:15,035 - INFO - Train:7 - Epoch 94/1500 completed in 11.63 seconds.
2024-05-09 12:06:15,035 - INFO - Train:7 - Approximate time left: 4 hours, 49 minutes
2024-05-09 12:06:29,025 - INFO - Train:7 - Epoch 95/1500 completed in 11.83 seconds.
2024-05-09 12:06:29,025 - INFO - Train:7 - Approximate time left: 4 hours, 49 minutes
2024-05-09 12:06:42,632 - INFO - Train:7 - Epoch 96/1500 completed in 11.43 seconds.
2024-05-09 12:06:42,632 - INFO - Train:7 - Approximate time left: 4 hours, 48 minutes
2024-05-09 12:06:56,271 - INFO - Train:7 - Epoch 97/1500 completed in 11.47 seconds.
2024-05-09 12:06:56,272 - INFO - Train:7 - Approximate time left: 4 hours, 48 minutes
2024-05-09 12:07:10,381 - INFO - Train:7 - Epoch 98/1500 completed in 11.93 seconds.
2024-05-09 12:07:10,381 - INFO - Train:7 - Approximate time left: 4 hours, 48 minutes
2024-05-09 12:07:24,486 - INFO - Train:7 - Epoch 99/1500 completed in 11.87 seconds.
2024-05-09 12:07:24,486 - INFO - Train:7 - Approximate time left: 4 hours, 47 minutes
2024-05-09 12:07:38,422 - INFO - Train:7 - Epoch 100/1500 completed in 11.38 seconds.
2024-05-09 12:07:38,422 - INFO - Train:7 - Approximate time left: 4 hours, 47 minutes
2024-05-09 12:07:52,806 - INFO - Train:7 - Epoch 101/1500 completed in 11.88 seconds.
2024-05-09 12:07:52,806 - INFO - Train:7 - Approximate time left: 4 hours, 47 minutes
2024-05-09 12:08:06,681 - INFO - Train:7 - Epoch 102/1500 completed in 11.35 seconds.
2024-05-09 12:08:06,682 - INFO - Train:7 - Approximate time left: 4 hours, 46 minutes
2024-05-09 12:08:20,167 - INFO - Train:7 - Epoch 103/1500 completed in 11.30 seconds.
2024-05-09 12:08:20,168 - INFO - Train:7 - Approximate time left: 4 hours, 46 minutes
2024-05-09 12:08:35,103 - INFO - Train:7 - Epoch 104/1500 completed in 12.36 seconds.
2024-05-09 12:08:35,103 - INFO - Train:7 - Approximate time left: 4 hours, 46 minutes
2024-05-09 12:08:49,540 - INFO - Train:7 - Epoch 105/1500 completed in 12.26 seconds.
2024-05-09 12:08:49,540 - INFO - Train:7 - Approximate time left: 4 hours, 45 minutes
2024-05-09 12:09:03,116 - INFO - Train:7 - Epoch 106/1500 completed in 11.37 seconds.
2024-05-09 12:09:03,116 - INFO - Train:7 - Approximate time left: 4 hours, 45 minutes
2024-05-09 12:09:16,872 - INFO - Train:7 - Epoch 107/1500 completed in 11.57 seconds.
2024-05-09 12:09:16,873 - INFO - Train:7 - Approximate time left: 4 hours, 45 minutes
2024-05-09 12:09:31,659 - INFO - Train:7 - Epoch 108/1500 completed in 12.59 seconds.
2024-05-09 12:09:31,659 - INFO - Train:7 - Approximate time left: 4 hours, 44 minutes
2024-05-09 12:09:46,716 - INFO - Train:7 - Epoch 109/1500 completed in 12.84 seconds.
2024-05-09 12:09:46,716 - INFO - Train:7 - Approximate time left: 4 hours, 44 minutes
2024-05-09 12:10:01,801 - INFO - Train:7 - Epoch 110/1500 completed in 12.92 seconds.
2024-05-09 12:10:01,802 - INFO - Train:7 - Approximate time left: 4 hours, 44 minutes
2024-05-09 12:10:16,591 - INFO - Train:7 - Epoch 111/1500 completed in 12.64 seconds.
2024-05-09 12:10:16,591 - INFO - Train:7 - Approximate time left: 4 hours, 44 minutes
2024-05-09 12:10:31,308 - INFO - Train:7 - Epoch 112/1500 completed in 12.05 seconds.
2024-05-09 12:10:31,309 - INFO - Train:7 - Approximate time left: 4 hours, 44 minutes
2024-05-09 12:10:45,244 - INFO - Train:7 - Epoch 113/1500 completed in 11.68 seconds.
2024-05-09 12:10:45,244 - INFO - Train:7 - Approximate time left: 4 hours, 44 minutes
2024-05-09 12:10:59,505 - INFO - Train:7 - Epoch 114/1500 completed in 12.08 seconds.
2024-05-09 12:10:59,505 - INFO - Train:7 - Approximate time left: 4 hours, 43 minutes
2024-05-09 12:11:14,055 - INFO - Train:7 - Epoch 115/1500 completed in 12.38 seconds.
2024-05-09 12:11:14,055 - INFO - Train:7 - Approximate time left: 4 hours, 43 minutes
2024-05-09 12:11:28,693 - INFO - Train:7 - Epoch 116/1500 completed in 12.45 seconds.
2024-05-09 12:11:28,693 - INFO - Train:7 - Approximate time left: 4 hours, 43 minutes
2024-05-09 12:11:43,001 - INFO - Train:7 - Epoch 117/1500 completed in 12.17 seconds.
2024-05-09 12:11:43,001 - INFO - Train:7 - Approximate time left: 4 hours, 43 minutes
2024-05-09 12:11:57,865 - INFO - Train:7 - Epoch 118/1500 completed in 12.34 seconds.
2024-05-09 12:11:57,865 - INFO - Train:7 - Approximate time left: 4 hours, 43 minutes
2024-05-09 12:12:12,591 - INFO - Train:7 - Epoch 119/1500 completed in 12.54 seconds.
2024-05-09 12:12:12,592 - INFO - Train:7 - Approximate time left: 4 hours, 42 minutes
2024-05-09 12:12:27,401 - INFO - Train:7 - Epoch 120/1500 completed in 12.63 seconds.
2024-05-09 12:12:27,402 - INFO - Train:7 - Approximate time left: 4 hours, 42 minutes
2024-05-09 12:12:41,523 - INFO - Train:7 - Epoch 121/1500 completed in 11.96 seconds.
2024-05-09 12:12:41,523 - INFO - Train:7 - Approximate time left: 4 hours, 42 minutes
2024-05-09 12:12:55,845 - INFO - Train:7 - Epoch 122/1500 completed in 12.18 seconds.
2024-05-09 12:12:55,845 - INFO - Train:7 - Approximate time left: 4 hours, 42 minutes
2024-05-09 12:13:10,060 - INFO - Train:7 - Epoch 123/1500 completed in 12.05 seconds.
2024-05-09 12:13:10,060 - INFO - Train:7 - Approximate time left: 4 hours, 42 minutes
2024-05-09 12:13:24,467 - INFO - Train:7 - Epoch 124/1500 completed in 12.23 seconds.
2024-05-09 12:13:24,467 - INFO - Train:7 - Approximate time left: 4 hours, 41 minutes
2024-05-09 12:13:38,722 - INFO - Train:7 - Epoch 125/1500 completed in 12.10 seconds.
2024-05-09 12:13:38,722 - INFO - Train:7 - Approximate time left: 4 hours, 41 minutes
2024-05-09 12:13:52,590 - INFO - Train:7 - Epoch 126/1500 completed in 11.68 seconds.
2024-05-09 12:13:52,590 - INFO - Train:7 - Approximate time left: 4 hours, 41 minutes
2024-05-09 12:14:06,752 - INFO - Train:7 - Epoch 127/1500 completed in 11.98 seconds.
2024-05-09 12:14:06,752 - INFO - Train:7 - Approximate time left: 4 hours, 40 minutes
2024-05-09 12:14:21,041 - INFO - Train:7 - Epoch 128/1500 completed in 12.12 seconds.
2024-05-09 12:14:21,042 - INFO - Train:7 - Approximate time left: 4 hours, 40 minutes
2024-05-09 12:14:35,363 - INFO - Train:7 - Epoch 129/1500 completed in 12.15 seconds.
2024-05-09 12:14:35,363 - INFO - Train:7 - Approximate time left: 4 hours, 40 minutes
2024-05-09 12:14:49,411 - INFO - Train:7 - Epoch 130/1500 completed in 11.55 seconds.
2024-05-09 12:14:49,411 - INFO - Train:7 - Approximate time left: 4 hours, 40 minutes
2024-05-09 12:15:03,707 - INFO - Train:7 - Epoch 131/1500 completed in 12.12 seconds.
2024-05-09 12:15:03,707 - INFO - Train:7 - Approximate time left: 4 hours, 39 minutes
2024-05-09 12:15:18,359 - INFO - Train:7 - Epoch 132/1500 completed in 12.49 seconds.
2024-05-09 12:15:18,359 - INFO - Train:7 - Approximate time left: 4 hours, 39 minutes
2024-05-09 12:15:33,292 - INFO - Train:7 - Epoch 133/1500 completed in 12.76 seconds.
2024-05-09 12:15:33,293 - INFO - Train:7 - Approximate time left: 4 hours, 39 minutes
2024-05-09 12:15:47,496 - INFO - Train:7 - Epoch 134/1500 completed in 12.07 seconds.
2024-05-09 12:15:47,496 - INFO - Train:7 - Approximate time left: 4 hours, 39 minutes
2024-05-09 12:16:01,784 - INFO - Train:7 - Epoch 135/1500 completed in 12.09 seconds.
2024-05-09 12:16:01,784 - INFO - Train:7 - Approximate time left: 4 hours, 39 minutes
2024-05-09 12:16:15,918 - INFO - Train:7 - Epoch 136/1500 completed in 11.98 seconds.
2024-05-09 12:16:15,919 - INFO - Train:7 - Approximate time left: 4 hours, 38 minutes
2024-05-09 12:16:30,350 - INFO - Train:7 - Epoch 137/1500 completed in 12.26 seconds.
2024-05-09 12:16:30,350 - INFO - Train:7 - Approximate time left: 4 hours, 38 minutes
2024-05-09 12:16:44,492 - INFO - Train:7 - Epoch 138/1500 completed in 12.00 seconds.
2024-05-09 12:16:44,493 - INFO - Train:7 - Approximate time left: 4 hours, 38 minutes
2024-05-09 12:16:58,334 - INFO - Train:7 - Epoch 139/1500 completed in 11.67 seconds.
2024-05-09 12:16:58,334 - INFO - Train:7 - Approximate time left: 4 hours, 38 minutes
2024-05-09 12:17:13,114 - INFO - Train:7 - Epoch 140/1500 completed in 12.62 seconds.
2024-05-09 12:17:13,115 - INFO - Train:7 - Approximate time left: 4 hours, 38 minutes
2024-05-09 12:17:27,028 - INFO - Train:7 - Epoch 141/1500 completed in 11.74 seconds.
2024-05-09 12:17:27,028 - INFO - Train:7 - Approximate time left: 4 hours, 37 minutes
2024-05-09 12:17:41,423 - INFO - Train:7 - Epoch 142/1500 completed in 11.87 seconds.
2024-05-09 12:17:41,423 - INFO - Train:7 - Approximate time left: 4 hours, 37 minutes
2024-05-09 12:17:55,640 - INFO - Train:7 - Epoch 143/1500 completed in 12.06 seconds.
2024-05-09 12:17:55,641 - INFO - Train:7 - Approximate time left: 4 hours, 37 minutes
2024-05-09 12:18:09,436 - INFO - Train:7 - Epoch 144/1500 completed in 11.59 seconds.
2024-05-09 12:18:09,436 - INFO - Train:7 - Approximate time left: 4 hours, 36 minutes
2024-05-09 12:18:24,289 - INFO - Train:7 - Epoch 145/1500 completed in 12.69 seconds.
2024-05-09 12:18:24,289 - INFO - Train:7 - Approximate time left: 4 hours, 36 minutes
2024-05-09 12:18:38,280 - INFO - Train:7 - Epoch 146/1500 completed in 11.55 seconds.
2024-05-09 12:18:38,281 - INFO - Train:7 - Approximate time left: 4 hours, 36 minutes
2024-05-09 12:18:52,415 - INFO - Train:7 - Epoch 147/1500 completed in 11.98 seconds.
2024-05-09 12:18:52,415 - INFO - Train:7 - Approximate time left: 4 hours, 36 minutes
2024-05-09 12:19:06,567 - INFO - Train:7 - Epoch 148/1500 completed in 12.01 seconds.
2024-05-09 12:19:06,567 - INFO - Train:7 - Approximate time left: 4 hours, 36 minutes
2024-05-09 12:19:20,531 - INFO - Train:7 - Epoch 149/1500 completed in 11.82 seconds.
2024-05-09 12:19:20,531 - INFO - Train:7 - Approximate time left: 4 hours, 35 minutes
2024-05-09 12:19:34,419 - INFO - Train:7 - Epoch 150/1500 completed in 11.76 seconds.
2024-05-09 12:19:34,420 - INFO - Train:7 - Approximate time left: 4 hours, 35 minutes
2024-05-09 12:19:48,261 - INFO - Train:7 - Epoch 151/1500 completed in 11.71 seconds.
2024-05-09 12:19:48,261 - INFO - Train:7 - Approximate time left: 4 hours, 35 minutes
2024-05-09 12:20:02,445 - INFO - Train:7 - Epoch 152/1500 completed in 12.02 seconds.
2024-05-09 12:20:02,445 - INFO - Train:7 - Approximate time left: 4 hours, 34 minutes
2024-05-09 12:20:16,892 - INFO - Train:7 - Epoch 153/1500 completed in 11.96 seconds.
2024-05-09 12:20:16,893 - INFO - Train:7 - Approximate time left: 4 hours, 34 minutes
2024-05-09 12:20:31,129 - INFO - Train:7 - Epoch 154/1500 completed in 12.09 seconds.
2024-05-09 12:20:31,130 - INFO - Train:7 - Approximate time left: 4 hours, 34 minutes
2024-05-09 12:20:45,341 - INFO - Train:7 - Epoch 155/1500 completed in 11.67 seconds.
2024-05-09 12:20:45,342 - INFO - Train:7 - Approximate time left: 4 hours, 34 minutes
2024-05-09 12:20:59,436 - INFO - Train:7 - Epoch 156/1500 completed in 11.93 seconds.
2024-05-09 12:20:59,437 - INFO - Train:7 - Approximate time left: 4 hours, 33 minutes
2024-05-09 12:21:13,570 - INFO - Train:7 - Epoch 157/1500 completed in 11.56 seconds.
2024-05-09 12:21:13,570 - INFO - Train:7 - Approximate time left: 4 hours, 33 minutes
2024-05-09 12:21:27,220 - INFO - Train:7 - Epoch 158/1500 completed in 11.51 seconds.
2024-05-09 12:21:27,220 - INFO - Train:7 - Approximate time left: 4 hours, 33 minutes
2024-05-09 12:21:41,173 - INFO - Train:7 - Epoch 159/1500 completed in 11.84 seconds.
2024-05-09 12:21:41,174 - INFO - Train:7 - Approximate time left: 4 hours, 33 minutes
2024-05-09 12:21:55,837 - INFO - Train:7 - Epoch 160/1500 completed in 12.51 seconds.
2024-05-09 12:21:55,838 - INFO - Train:7 - Approximate time left: 4 hours, 32 minutes
2024-05-09 12:22:10,540 - INFO - Train:7 - Epoch 161/1500 completed in 12.54 seconds.
2024-05-09 12:22:10,540 - INFO - Train:7 - Approximate time left: 4 hours, 32 minutes
2024-05-09 12:22:24,803 - INFO - Train:7 - Epoch 162/1500 completed in 12.14 seconds.
2024-05-09 12:22:24,803 - INFO - Train:7 - Approximate time left: 4 hours, 32 minutes
2024-05-09 12:22:38,886 - INFO - Train:7 - Epoch 163/1500 completed in 11.94 seconds.
2024-05-09 12:22:38,886 - INFO - Train:7 - Approximate time left: 4 hours, 32 minutes
2024-05-09 12:22:53,084 - INFO - Train:7 - Epoch 164/1500 completed in 12.05 seconds.
2024-05-09 12:22:53,084 - INFO - Train:7 - Approximate time left: 4 hours, 32 minutes
2024-05-09 12:23:07,150 - INFO - Train:7 - Epoch 165/1500 completed in 11.91 seconds.
2024-05-09 12:23:07,150 - INFO - Train:7 - Approximate time left: 4 hours, 31 minutes
2024-05-09 12:23:21,031 - INFO - Train:7 - Epoch 166/1500 completed in 11.71 seconds.
2024-05-09 12:23:21,031 - INFO - Train:7 - Approximate time left: 4 hours, 31 minutes
2024-05-09 12:23:34,965 - INFO - Train:7 - Epoch 167/1500 completed in 11.78 seconds.
2024-05-09 12:23:34,966 - INFO - Train:7 - Approximate time left: 4 hours, 31 minutes
2024-05-09 12:23:49,194 - INFO - Train:7 - Epoch 168/1500 completed in 12.10 seconds.
2024-05-09 12:23:49,195 - INFO - Train:7 - Approximate time left: 4 hours, 31 minutes
2024-05-09 12:24:03,093 - INFO - Train:7 - Epoch 169/1500 completed in 11.77 seconds.
2024-05-09 12:24:03,093 - INFO - Train:7 - Approximate time left: 4 hours, 30 minutes
2024-05-09 12:24:17,501 - INFO - Train:7 - Epoch 170/1500 completed in 12.25 seconds.
2024-05-09 12:24:17,501 - INFO - Train:7 - Approximate time left: 4 hours, 30 minutes
2024-05-09 12:24:31,745 - INFO - Train:7 - Epoch 171/1500 completed in 12.06 seconds.
2024-05-09 12:24:31,745 - INFO - Train:7 - Approximate time left: 4 hours, 30 minutes
2024-05-09 12:24:45,692 - INFO - Train:7 - Epoch 172/1500 completed in 11.80 seconds.
2024-05-09 12:24:45,693 - INFO - Train:7 - Approximate time left: 4 hours, 30 minutes
2024-05-09 12:25:00,023 - INFO - Train:7 - Epoch 173/1500 completed in 12.18 seconds.
2024-05-09 12:25:00,023 - INFO - Train:7 - Approximate time left: 4 hours, 29 minutes
2024-05-09 12:25:14,178 - INFO - Train:7 - Epoch 174/1500 completed in 12.00 seconds.
2024-05-09 12:25:14,178 - INFO - Train:7 - Approximate time left: 4 hours, 29 minutes
2024-05-09 12:25:28,103 - INFO - Train:7 - Epoch 175/1500 completed in 11.71 seconds.
2024-05-09 12:25:28,103 - INFO - Train:7 - Approximate time left: 4 hours, 29 minutes
2024-05-09 12:25:42,098 - INFO - Train:7 - Epoch 176/1500 completed in 11.85 seconds.
2024-05-09 12:25:42,098 - INFO - Train:7 - Approximate time left: 4 hours, 29 minutes
2024-05-09 12:25:56,317 - INFO - Train:7 - Epoch 177/1500 completed in 12.01 seconds.
2024-05-09 12:25:56,317 - INFO - Train:7 - Approximate time left: 4 hours, 28 minutes
2024-05-09 12:26:09,968 - INFO - Train:7 - Epoch 178/1500 completed in 11.50 seconds.
2024-05-09 12:26:09,968 - INFO - Train:7 - Approximate time left: 4 hours, 28 minutes
2024-05-09 12:26:23,763 - INFO - Train:7 - Epoch 179/1500 completed in 11.66 seconds.
2024-05-09 12:26:23,763 - INFO - Train:7 - Approximate time left: 4 hours, 28 minutes
2024-05-09 12:26:37,410 - INFO - Train:7 - Epoch 180/1500 completed in 11.51 seconds.
2024-05-09 12:26:37,411 - INFO - Train:7 - Approximate time left: 4 hours, 28 minutes
2024-05-09 12:26:51,877 - INFO - Train:7 - Epoch 181/1500 completed in 11.91 seconds.
2024-05-09 12:26:51,878 - INFO - Train:7 - Approximate time left: 4 hours, 27 minutes
2024-05-09 12:27:05,549 - INFO - Train:7 - Epoch 182/1500 completed in 11.46 seconds.
2024-05-09 12:27:05,549 - INFO - Train:7 - Approximate time left: 4 hours, 27 minutes
2024-05-09 12:27:19,532 - INFO - Train:7 - Epoch 183/1500 completed in 11.85 seconds.
2024-05-09 12:27:19,532 - INFO - Train:7 - Approximate time left: 4 hours, 27 minutes
2024-05-09 12:27:33,549 - INFO - Train:7 - Epoch 184/1500 completed in 11.89 seconds.
2024-05-09 12:27:33,549 - INFO - Train:7 - Approximate time left: 4 hours, 27 minutes
2024-05-09 12:27:46,982 - INFO - Train:7 - Epoch 185/1500 completed in 11.29 seconds.
2024-05-09 12:27:46,982 - INFO - Train:7 - Approximate time left: 4 hours, 26 minutes
2024-05-09 12:28:01,107 - INFO - Train:7 - Epoch 186/1500 completed in 11.98 seconds.
2024-05-09 12:28:01,107 - INFO - Train:7 - Approximate time left: 4 hours, 26 minutes
2024-05-09 12:28:15,288 - INFO - Train:7 - Epoch 187/1500 completed in 12.05 seconds.
2024-05-09 12:28:15,288 - INFO - Train:7 - Approximate time left: 4 hours, 26 minutes
2024-05-09 12:28:29,752 - INFO - Train:7 - Epoch 188/1500 completed in 12.00 seconds.
2024-05-09 12:28:29,753 - INFO - Train:7 - Approximate time left: 4 hours, 26 minutes
2024-05-09 12:28:43,728 - INFO - Train:7 - Epoch 189/1500 completed in 11.84 seconds.
2024-05-09 12:28:43,729 - INFO - Train:7 - Approximate time left: 4 hours, 25 minutes
2024-05-09 12:28:57,914 - INFO - Train:7 - Epoch 190/1500 completed in 12.05 seconds.
2024-05-09 12:28:57,914 - INFO - Train:7 - Approximate time left: 4 hours, 25 minutes
2024-05-09 12:29:12,157 - INFO - Train:7 - Epoch 191/1500 completed in 12.07 seconds.
2024-05-09 12:29:12,157 - INFO - Train:7 - Approximate time left: 4 hours, 25 minutes
2024-05-09 12:29:26,246 - INFO - Train:7 - Epoch 192/1500 completed in 11.94 seconds.
2024-05-09 12:29:26,246 - INFO - Train:7 - Approximate time left: 4 hours, 25 minutes
2024-05-09 12:29:40,349 - INFO - Train:7 - Epoch 193/1500 completed in 11.96 seconds.
2024-05-09 12:29:40,350 - INFO - Train:7 - Approximate time left: 4 hours, 25 minutes
2024-05-09 12:29:54,290 - INFO - Train:7 - Epoch 194/1500 completed in 11.82 seconds.
2024-05-09 12:29:54,291 - INFO - Train:7 - Approximate time left: 4 hours, 24 minutes
2024-05-09 12:30:08,649 - INFO - Train:7 - Epoch 195/1500 completed in 12.25 seconds.
2024-05-09 12:30:08,650 - INFO - Train:7 - Approximate time left: 4 hours, 24 minutes
2024-05-09 12:30:23,755 - INFO - Train:7 - Epoch 196/1500 completed in 12.63 seconds.
2024-05-09 12:30:23,755 - INFO - Train:7 - Approximate time left: 4 hours, 24 minutes
2024-05-09 12:30:38,329 - INFO - Train:7 - Epoch 197/1500 completed in 12.12 seconds.
2024-05-09 12:30:38,330 - INFO - Train:7 - Approximate time left: 4 hours, 24 minutes
2024-05-09 12:30:52,707 - INFO - Train:7 - Epoch 198/1500 completed in 12.25 seconds.
2024-05-09 12:30:52,707 - INFO - Train:7 - Approximate time left: 4 hours, 24 minutes
2024-05-09 12:31:06,748 - INFO - Train:7 - Epoch 199/1500 completed in 11.90 seconds.
2024-05-09 12:31:06,748 - INFO - Train:7 - Approximate time left: 4 hours, 23 minutes
2024-05-09 12:31:21,002 - INFO - Train:7 - Epoch 200/1500 completed in 12.13 seconds.
2024-05-09 12:31:21,002 - INFO - Train:7 - Approximate time left: 4 hours, 23 minutes
2024-05-09 12:31:34,927 - ERROR - Train:7 - Error saving checkpoint: join() argument must be str, bytes, or os.PathLike object, not 'NoneType'
Traceback (most recent call last):
  File "/data/Pein/Pytorch/Ascend-NPU-Parallel-Training/1-src/trainer.py", line 538, in save_checkpoint
    save_checkpoint_folder = os.path.join(
  File "/root/miniconda3/envs/Pein38/lib/python3.8/posixpath.py", line 90, in join
    genericpath._check_arg_types('join', a, *p)
  File "/root/miniconda3/envs/Pein38/lib/python3.8/genericpath.py", line 152, in _check_arg_types
    raise TypeError(f'{funcname}() argument must be str, bytes, or '
TypeError: join() argument must be str, bytes, or os.PathLike object, not 'NoneType'
2024-05-09 12:31:34,927 - INFO - Train:7 - Epoch 201/1500 completed in 11.78 seconds.
2024-05-09 12:31:34,927 - INFO - Train:7 - Approximate time left: 4 hours, 23 minutes
2024-05-09 12:31:49,354 - INFO - Train:7 - Epoch 202/1500 completed in 11.95 seconds.
2024-05-09 12:31:49,354 - INFO - Train:7 - Approximate time left: 4 hours, 23 minutes
2024-05-09 12:32:03,286 - INFO - Train:7 - Epoch 203/1500 completed in 11.80 seconds.
2024-05-09 12:32:03,287 - INFO - Train:7 - Approximate time left: 4 hours, 22 minutes
2024-05-09 12:32:17,254 - INFO - Train:7 - Epoch 204/1500 completed in 11.82 seconds.
2024-05-09 12:32:17,254 - INFO - Train:7 - Approximate time left: 4 hours, 22 minutes
2024-05-09 12:32:31,396 - INFO - Train:7 - Epoch 205/1500 completed in 12.01 seconds.
2024-05-09 12:32:31,396 - INFO - Train:7 - Approximate time left: 4 hours, 22 minutes
2024-05-09 12:32:45,319 - INFO - Train:7 - Epoch 206/1500 completed in 11.77 seconds.
2024-05-09 12:32:45,320 - INFO - Train:7 - Approximate time left: 4 hours, 22 minutes
2024-05-09 12:32:59,209 - INFO - Train:7 - Epoch 207/1500 completed in 11.77 seconds.
2024-05-09 12:32:59,210 - INFO - Train:7 - Approximate time left: 4 hours, 21 minutes
2024-05-09 12:33:13,035 - INFO - Train:7 - Epoch 208/1500 completed in 11.69 seconds.
2024-05-09 12:33:13,035 - INFO - Train:7 - Approximate time left: 4 hours, 21 minutes
2024-05-09 12:33:27,394 - INFO - Train:7 - Epoch 209/1500 completed in 12.23 seconds.
2024-05-09 12:33:27,394 - INFO - Train:7 - Approximate time left: 4 hours, 21 minutes
2024-05-09 12:33:41,987 - INFO - Train:7 - Epoch 210/1500 completed in 12.43 seconds.
2024-05-09 12:33:41,988 - INFO - Train:7 - Approximate time left: 4 hours, 21 minutes
2024-05-09 12:33:55,903 - INFO - Train:7 - Epoch 211/1500 completed in 11.78 seconds.
2024-05-09 12:33:55,903 - INFO - Train:7 - Approximate time left: 4 hours, 21 minutes
2024-05-09 12:34:10,018 - INFO - Train:7 - Epoch 212/1500 completed in 12.00 seconds.
2024-05-09 12:34:10,019 - INFO - Train:7 - Approximate time left: 4 hours, 20 minutes
2024-05-09 12:34:24,128 - INFO - Train:7 - Epoch 213/1500 completed in 11.99 seconds.
2024-05-09 12:34:24,128 - INFO - Train:7 - Approximate time left: 4 hours, 20 minutes
2024-05-09 12:34:38,194 - INFO - Train:7 - Epoch 214/1500 completed in 11.93 seconds.
2024-05-09 12:34:38,194 - INFO - Train:7 - Approximate time left: 4 hours, 20 minutes
2024-05-09 12:34:52,262 - INFO - Train:7 - Epoch 215/1500 completed in 11.91 seconds.
2024-05-09 12:34:52,262 - INFO - Train:7 - Approximate time left: 4 hours, 20 minutes
2024-05-09 12:35:06,251 - INFO - Train:7 - Epoch 216/1500 completed in 11.87 seconds.
2024-05-09 12:35:06,252 - INFO - Train:7 - Approximate time left: 4 hours, 19 minutes
2024-05-09 12:35:20,399 - INFO - Train:7 - Epoch 217/1500 completed in 12.00 seconds.
2024-05-09 12:35:20,399 - INFO - Train:7 - Approximate time left: 4 hours, 19 minutes
2024-05-09 12:35:34,795 - INFO - Train:7 - Epoch 218/1500 completed in 12.27 seconds.
2024-05-09 12:35:34,796 - INFO - Train:7 - Approximate time left: 4 hours, 19 minutes
2024-05-09 12:35:48,591 - INFO - Train:7 - Epoch 219/1500 completed in 11.67 seconds.
2024-05-09 12:35:48,591 - INFO - Train:7 - Approximate time left: 4 hours, 19 minutes
2024-05-09 12:36:02,455 - INFO - Train:7 - Epoch 220/1500 completed in 11.75 seconds.
2024-05-09 12:36:02,456 - INFO - Train:7 - Approximate time left: 4 hours, 19 minutes
2024-05-09 12:36:17,011 - INFO - Train:7 - Epoch 221/1500 completed in 12.42 seconds.
2024-05-09 12:36:17,011 - INFO - Train:7 - Approximate time left: 4 hours, 18 minutes
2024-05-09 12:36:30,889 - INFO - Train:7 - Epoch 222/1500 completed in 11.74 seconds.
2024-05-09 12:36:30,889 - INFO - Train:7 - Approximate time left: 4 hours, 18 minutes
2024-05-09 12:36:45,995 - INFO - Train:7 - Epoch 223/1500 completed in 12.97 seconds.
2024-05-09 12:36:45,995 - INFO - Train:7 - Approximate time left: 4 hours, 18 minutes
2024-05-09 12:36:59,850 - INFO - Train:7 - Epoch 224/1500 completed in 11.74 seconds.
2024-05-09 12:36:59,850 - INFO - Train:7 - Approximate time left: 4 hours, 18 minutes
2024-05-09 12:37:14,005 - INFO - Train:7 - Epoch 225/1500 completed in 12.04 seconds.
2024-05-09 12:37:14,005 - INFO - Train:7 - Approximate time left: 4 hours, 18 minutes
2024-05-09 12:37:28,123 - INFO - Train:7 - Epoch 226/1500 completed in 11.99 seconds.
2024-05-09 12:37:28,123 - INFO - Train:7 - Approximate time left: 4 hours, 17 minutes
2024-05-09 12:37:43,073 - INFO - Train:7 - Epoch 227/1500 completed in 12.84 seconds.
2024-05-09 12:37:43,074 - INFO - Train:7 - Approximate time left: 4 hours, 17 minutes
2024-05-09 12:37:57,260 - INFO - Train:7 - Epoch 228/1500 completed in 12.08 seconds.
2024-05-09 12:37:57,260 - INFO - Train:7 - Approximate time left: 4 hours, 17 minutes
2024-05-09 12:38:11,445 - INFO - Train:7 - Epoch 229/1500 completed in 12.08 seconds.
2024-05-09 12:38:11,446 - INFO - Train:7 - Approximate time left: 4 hours, 17 minutes
2024-05-09 12:38:25,781 - INFO - Train:7 - Epoch 230/1500 completed in 11.88 seconds.
2024-05-09 12:38:25,781 - INFO - Train:7 - Approximate time left: 4 hours, 17 minutes
2024-05-09 12:38:39,898 - INFO - Train:7 - Epoch 231/1500 completed in 11.99 seconds.
2024-05-09 12:38:39,898 - INFO - Train:7 - Approximate time left: 4 hours, 16 minutes
2024-05-09 12:38:53,812 - INFO - Train:7 - Epoch 232/1500 completed in 11.79 seconds.
2024-05-09 12:38:53,812 - INFO - Train:7 - Approximate time left: 4 hours, 16 minutes
2024-05-09 12:39:07,763 - INFO - Train:7 - Epoch 233/1500 completed in 11.81 seconds.
2024-05-09 12:39:07,763 - INFO - Train:7 - Approximate time left: 4 hours, 16 minutes
2024-05-09 12:39:21,873 - INFO - Train:7 - Epoch 234/1500 completed in 11.97 seconds.
2024-05-09 12:39:21,874 - INFO - Train:7 - Approximate time left: 4 hours, 16 minutes
2024-05-09 12:39:35,878 - INFO - Train:7 - Epoch 235/1500 completed in 11.88 seconds.
2024-05-09 12:39:35,878 - INFO - Train:7 - Approximate time left: 4 hours, 15 minutes
2024-05-09 12:39:50,183 - INFO - Train:7 - Epoch 236/1500 completed in 12.16 seconds.
2024-05-09 12:39:50,183 - INFO - Train:7 - Approximate time left: 4 hours, 15 minutes
2024-05-09 12:40:04,256 - INFO - Train:7 - Epoch 237/1500 completed in 11.93 seconds.
2024-05-09 12:40:04,256 - INFO - Train:7 - Approximate time left: 4 hours, 15 minutes
2024-05-09 12:40:18,310 - INFO - Train:7 - Epoch 238/1500 completed in 11.89 seconds.
2024-05-09 12:40:18,311 - INFO - Train:7 - Approximate time left: 4 hours, 15 minutes
2024-05-09 12:40:32,509 - INFO - Train:7 - Epoch 239/1500 completed in 12.06 seconds.
2024-05-09 12:40:32,509 - INFO - Train:7 - Approximate time left: 4 hours, 15 minutes
2024-05-09 12:40:46,711 - INFO - Train:7 - Epoch 240/1500 completed in 12.06 seconds.
2024-05-09 12:40:46,711 - INFO - Train:7 - Approximate time left: 4 hours, 14 minutes
2024-05-09 12:41:00,960 - INFO - Train:7 - Epoch 241/1500 completed in 12.06 seconds.
2024-05-09 12:41:00,960 - INFO - Train:7 - Approximate time left: 4 hours, 14 minutes
2024-05-09 12:41:15,032 - INFO - Train:7 - Epoch 242/1500 completed in 11.96 seconds.
2024-05-09 12:41:15,032 - INFO - Train:7 - Approximate time left: 4 hours, 14 minutes
2024-05-09 12:41:29,290 - INFO - Train:7 - Epoch 243/1500 completed in 12.11 seconds.
2024-05-09 12:41:29,290 - INFO - Train:7 - Approximate time left: 4 hours, 14 minutes
2024-05-09 12:41:43,494 - INFO - Train:7 - Epoch 244/1500 completed in 12.03 seconds.
2024-05-09 12:41:43,494 - INFO - Train:7 - Approximate time left: 4 hours, 14 minutes
2024-05-09 12:41:57,934 - INFO - Train:7 - Epoch 245/1500 completed in 12.00 seconds.
2024-05-09 12:41:57,934 - INFO - Train:7 - Approximate time left: 4 hours, 13 minutes
2024-05-09 12:42:11,902 - INFO - Train:7 - Epoch 246/1500 completed in 11.85 seconds.
2024-05-09 12:42:11,902 - INFO - Train:7 - Approximate time left: 4 hours, 13 minutes
2024-05-09 12:42:25,810 - INFO - Train:7 - Epoch 247/1500 completed in 11.77 seconds.
2024-05-09 12:42:25,811 - INFO - Train:7 - Approximate time left: 4 hours, 13 minutes
2024-05-09 12:42:40,197 - INFO - Train:7 - Epoch 248/1500 completed in 12.27 seconds.
2024-05-09 12:42:40,198 - INFO - Train:7 - Approximate time left: 4 hours, 13 minutes
2024-05-09 12:42:54,416 - INFO - Train:7 - Epoch 249/1500 completed in 12.03 seconds.
2024-05-09 12:42:54,416 - INFO - Train:7 - Approximate time left: 4 hours, 12 minutes
2024-05-09 12:43:09,147 - INFO - Train:7 - Epoch 250/1500 completed in 12.60 seconds.
2024-05-09 12:43:09,147 - INFO - Train:7 - Approximate time left: 4 hours, 12 minutes
2024-05-09 12:43:23,668 - INFO - Train:7 - Epoch 251/1500 completed in 12.44 seconds.
2024-05-09 12:43:23,668 - INFO - Train:7 - Approximate time left: 4 hours, 12 minutes
2024-05-09 12:43:37,954 - INFO - Train:7 - Epoch 252/1500 completed in 12.09 seconds.
2024-05-09 12:43:37,954 - INFO - Train:7 - Approximate time left: 4 hours, 12 minutes
2024-05-09 12:43:51,983 - INFO - Train:7 - Epoch 253/1500 completed in 11.90 seconds.
2024-05-09 12:43:51,984 - INFO - Train:7 - Approximate time left: 4 hours, 12 minutes
2024-05-09 12:44:06,137 - INFO - Train:7 - Epoch 254/1500 completed in 12.01 seconds.
2024-05-09 12:44:06,137 - INFO - Train:7 - Approximate time left: 4 hours, 11 minutes
2024-05-09 12:44:20,544 - INFO - Train:7 - Epoch 255/1500 completed in 12.31 seconds.
2024-05-09 12:44:20,544 - INFO - Train:7 - Approximate time left: 4 hours, 11 minutes
2024-05-09 12:44:35,306 - INFO - Train:7 - Epoch 256/1500 completed in 12.63 seconds.
2024-05-09 12:44:35,306 - INFO - Train:7 - Approximate time left: 4 hours, 11 minutes
2024-05-09 12:44:49,943 - INFO - Train:7 - Epoch 257/1500 completed in 12.55 seconds.
2024-05-09 12:44:49,943 - INFO - Train:7 - Approximate time left: 4 hours, 11 minutes
2024-05-09 12:45:04,658 - INFO - Train:7 - Epoch 258/1500 completed in 12.60 seconds.
2024-05-09 12:45:04,658 - INFO - Train:7 - Approximate time left: 4 hours, 11 minutes
2024-05-09 12:45:18,353 - INFO - Train:7 - Epoch 259/1500 completed in 11.57 seconds.
2024-05-09 12:45:18,353 - INFO - Train:7 - Approximate time left: 4 hours, 11 minutes
2024-05-09 12:45:32,221 - INFO - Train:7 - Epoch 260/1500 completed in 11.74 seconds.
2024-05-09 12:45:32,221 - INFO - Train:7 - Approximate time left: 4 hours, 10 minutes
2024-05-09 12:45:45,669 - INFO - Train:7 - Epoch 261/1500 completed in 11.33 seconds.
2024-05-09 12:45:45,669 - INFO - Train:7 - Approximate time left: 4 hours, 10 minutes
2024-05-09 12:46:00,430 - INFO - Train:7 - Epoch 262/1500 completed in 12.63 seconds.
2024-05-09 12:46:00,431 - INFO - Train:7 - Approximate time left: 4 hours, 10 minutes
2024-05-09 12:46:14,401 - INFO - Train:7 - Epoch 263/1500 completed in 11.87 seconds.
2024-05-09 12:46:14,402 - INFO - Train:7 - Approximate time left: 4 hours, 10 minutes
2024-05-09 12:46:29,189 - INFO - Train:7 - Epoch 264/1500 completed in 12.67 seconds.
2024-05-09 12:46:29,189 - INFO - Train:7 - Approximate time left: 4 hours, 10 minutes
2024-05-09 12:46:42,981 - INFO - Train:7 - Epoch 265/1500 completed in 11.62 seconds.
2024-05-09 12:46:42,981 - INFO - Train:7 - Approximate time left: 4 hours, 9 minutes
2024-05-09 12:46:57,050 - INFO - Train:7 - Epoch 266/1500 completed in 11.95 seconds.
2024-05-09 12:46:57,051 - INFO - Train:7 - Approximate time left: 4 hours, 9 minutes
2024-05-09 12:47:11,210 - INFO - Train:7 - Epoch 267/1500 completed in 12.06 seconds.
2024-05-09 12:47:11,210 - INFO - Train:7 - Approximate time left: 4 hours, 9 minutes
2024-05-09 12:47:25,244 - INFO - Train:7 - Epoch 268/1500 completed in 11.91 seconds.
2024-05-09 12:47:25,245 - INFO - Train:7 - Approximate time left: 4 hours, 9 minutes
2024-05-09 12:47:39,158 - INFO - Train:7 - Epoch 269/1500 completed in 11.80 seconds.
2024-05-09 12:47:39,159 - INFO - Train:7 - Approximate time left: 4 hours, 8 minutes
2024-05-09 12:47:53,302 - INFO - Train:7 - Epoch 270/1500 completed in 12.02 seconds.
2024-05-09 12:47:53,302 - INFO - Train:7 - Approximate time left: 4 hours, 8 minutes
2024-05-09 12:48:07,335 - INFO - Train:7 - Epoch 271/1500 completed in 11.91 seconds.
2024-05-09 12:48:07,335 - INFO - Train:7 - Approximate time left: 4 hours, 8 minutes
2024-05-09 12:48:21,518 - INFO - Train:7 - Epoch 272/1500 completed in 12.08 seconds.
2024-05-09 12:48:21,518 - INFO - Train:7 - Approximate time left: 4 hours, 8 minutes
2024-05-09 12:48:35,554 - INFO - Train:7 - Epoch 273/1500 completed in 11.92 seconds.
2024-05-09 12:48:35,554 - INFO - Train:7 - Approximate time left: 4 hours, 8 minutes
2024-05-09 12:48:49,561 - INFO - Train:7 - Epoch 274/1500 completed in 11.89 seconds.
2024-05-09 12:48:49,561 - INFO - Train:7 - Approximate time left: 4 hours, 7 minutes
2024-05-09 12:49:03,705 - INFO - Train:7 - Epoch 275/1500 completed in 12.02 seconds.
2024-05-09 12:49:03,705 - INFO - Train:7 - Approximate time left: 4 hours, 7 minutes
2024-05-09 12:49:17,537 - INFO - Train:7 - Epoch 276/1500 completed in 11.72 seconds.
2024-05-09 12:49:17,538 - INFO - Train:7 - Approximate time left: 4 hours, 7 minutes
2024-05-09 12:49:31,468 - INFO - Train:7 - Epoch 277/1500 completed in 11.78 seconds.
2024-05-09 12:49:31,468 - INFO - Train:7 - Approximate time left: 4 hours, 7 minutes
2024-05-09 12:49:45,883 - INFO - Train:7 - Epoch 278/1500 completed in 12.29 seconds.
2024-05-09 12:49:45,883 - INFO - Train:7 - Approximate time left: 4 hours, 6 minutes
2024-05-09 12:50:00,444 - INFO - Train:7 - Epoch 279/1500 completed in 12.42 seconds.
2024-05-09 12:50:00,444 - INFO - Train:7 - Approximate time left: 4 hours, 6 minutes
2024-05-09 12:50:14,704 - INFO - Train:7 - Epoch 280/1500 completed in 12.14 seconds.
2024-05-09 12:50:14,704 - INFO - Train:7 - Approximate time left: 4 hours, 6 minutes
2024-05-09 12:50:28,939 - INFO - Train:7 - Epoch 281/1500 completed in 12.10 seconds.
2024-05-09 12:50:28,939 - INFO - Train:7 - Approximate time left: 4 hours, 6 minutes
2024-05-09 12:50:42,697 - INFO - Train:7 - Epoch 282/1500 completed in 11.63 seconds.
2024-05-09 12:50:42,697 - INFO - Train:7 - Approximate time left: 4 hours, 6 minutes
2024-05-09 12:50:56,802 - INFO - Train:7 - Epoch 283/1500 completed in 11.96 seconds.
2024-05-09 12:50:56,802 - INFO - Train:7 - Approximate time left: 4 hours, 5 minutes
2024-05-09 12:51:10,783 - INFO - Train:7 - Epoch 284/1500 completed in 11.85 seconds.
2024-05-09 12:51:10,783 - INFO - Train:7 - Approximate time left: 4 hours, 5 minutes
2024-05-09 12:51:24,906 - INFO - Train:7 - Epoch 285/1500 completed in 11.98 seconds.
2024-05-09 12:51:24,906 - INFO - Train:7 - Approximate time left: 4 hours, 5 minutes
2024-05-09 12:51:39,009 - INFO - Train:7 - Epoch 286/1500 completed in 11.92 seconds.
2024-05-09 12:51:39,010 - INFO - Train:7 - Approximate time left: 4 hours, 5 minutes
2024-05-09 12:51:53,100 - INFO - Train:7 - Epoch 287/1500 completed in 11.96 seconds.
2024-05-09 12:51:53,101 - INFO - Train:7 - Approximate time left: 4 hours, 5 minutes
2024-05-09 12:52:07,283 - INFO - Train:7 - Epoch 288/1500 completed in 12.05 seconds.
2024-05-09 12:52:07,283 - INFO - Train:7 - Approximate time left: 4 hours, 4 minutes
2024-05-09 12:52:21,347 - INFO - Train:7 - Epoch 289/1500 completed in 11.96 seconds.
2024-05-09 12:52:21,348 - INFO - Train:7 - Approximate time left: 4 hours, 4 minutes
2024-05-09 12:52:34,755 - INFO - Train:7 - Epoch 290/1500 completed in 11.28 seconds.
2024-05-09 12:52:34,755 - INFO - Train:7 - Approximate time left: 4 hours, 4 minutes
2024-05-09 12:52:48,480 - INFO - Train:7 - Epoch 291/1500 completed in 11.61 seconds.
2024-05-09 12:52:48,481 - INFO - Train:7 - Approximate time left: 4 hours, 4 minutes
2024-05-09 12:53:02,584 - INFO - Train:7 - Epoch 292/1500 completed in 11.98 seconds.
2024-05-09 12:53:02,584 - INFO - Train:7 - Approximate time left: 4 hours, 3 minutes
2024-05-09 12:53:16,723 - INFO - Train:7 - Epoch 293/1500 completed in 12.01 seconds.
2024-05-09 12:53:16,723 - INFO - Train:7 - Approximate time left: 4 hours, 3 minutes
2024-05-09 12:53:30,891 - INFO - Train:7 - Epoch 294/1500 completed in 12.04 seconds.
2024-05-09 12:53:30,891 - INFO - Train:7 - Approximate time left: 4 hours, 3 minutes
2024-05-09 12:53:44,850 - INFO - Train:7 - Epoch 295/1500 completed in 11.78 seconds.
2024-05-09 12:53:44,850 - INFO - Train:7 - Approximate time left: 4 hours, 3 minutes
2024-05-09 12:53:59,529 - INFO - Train:7 - Epoch 296/1500 completed in 12.57 seconds.
2024-05-09 12:53:59,530 - INFO - Train:7 - Approximate time left: 4 hours, 3 minutes
2024-05-09 12:54:13,569 - INFO - Train:7 - Epoch 297/1500 completed in 11.91 seconds.
2024-05-09 12:54:13,569 - INFO - Train:7 - Approximate time left: 4 hours, 2 minutes
2024-05-09 12:54:27,683 - INFO - Train:7 - Epoch 298/1500 completed in 11.99 seconds.
2024-05-09 12:54:27,683 - INFO - Train:7 - Approximate time left: 4 hours, 2 minutes
2024-05-09 12:54:42,113 - INFO - Train:7 - Epoch 299/1500 completed in 12.21 seconds.
2024-05-09 12:54:42,114 - INFO - Train:7 - Approximate time left: 4 hours, 2 minutes
2024-05-09 12:54:56,332 - INFO - Train:7 - Epoch 300/1500 completed in 12.09 seconds.
2024-05-09 12:54:56,332 - INFO - Train:7 - Approximate time left: 4 hours, 2 minutes
2024-05-09 12:55:10,202 - INFO - Train:7 - Epoch 301/1500 completed in 11.74 seconds.
2024-05-09 12:55:10,202 - INFO - Train:7 - Approximate time left: 4 hours, 2 minutes
2024-05-09 12:55:23,873 - INFO - Train:7 - Epoch 302/1500 completed in 11.54 seconds.
2024-05-09 12:55:23,873 - INFO - Train:7 - Approximate time left: 4 hours, 1 minutes
2024-05-09 12:55:38,101 - INFO - Train:7 - Epoch 303/1500 completed in 12.11 seconds.
2024-05-09 12:55:38,101 - INFO - Train:7 - Approximate time left: 4 hours, 1 minutes
2024-05-09 12:55:52,221 - INFO - Train:7 - Epoch 304/1500 completed in 11.98 seconds.
2024-05-09 12:55:52,222 - INFO - Train:7 - Approximate time left: 4 hours, 1 minutes
2024-05-09 12:56:07,470 - INFO - Train:7 - Epoch 305/1500 completed in 13.13 seconds.
2024-05-09 12:56:07,470 - INFO - Train:7 - Approximate time left: 4 hours, 1 minutes
2024-05-09 12:56:22,041 - INFO - Train:7 - Epoch 306/1500 completed in 12.44 seconds.
2024-05-09 12:56:22,041 - INFO - Train:7 - Approximate time left: 4 hours, 1 minutes
2024-05-09 12:56:35,740 - INFO - Train:7 - Epoch 307/1500 completed in 11.57 seconds.
2024-05-09 12:56:35,740 - INFO - Train:7 - Approximate time left: 4 hours, 0 minutes
2024-05-09 12:56:49,123 - INFO - Train:7 - Epoch 308/1500 completed in 11.26 seconds.
2024-05-09 12:56:49,123 - INFO - Train:7 - Approximate time left: 4 hours, 0 minutes
2024-05-09 12:57:03,129 - INFO - Train:7 - Epoch 309/1500 completed in 11.88 seconds.
2024-05-09 12:57:03,129 - INFO - Train:7 - Approximate time left: 4 hours, 0 minutes
2024-05-09 12:57:17,082 - INFO - Train:7 - Epoch 310/1500 completed in 11.84 seconds.
2024-05-09 12:57:17,082 - INFO - Train:7 - Approximate time left: 4 hours, 0 minutes
2024-05-09 12:57:31,371 - INFO - Train:7 - Epoch 311/1500 completed in 11.83 seconds.
2024-05-09 12:57:31,371 - INFO - Train:7 - Approximate time left: 3 hours, 59 minutes
2024-05-09 12:57:45,379 - INFO - Train:7 - Epoch 312/1500 completed in 11.89 seconds.
2024-05-09 12:57:45,380 - INFO - Train:7 - Approximate time left: 3 hours, 59 minutes
2024-05-09 12:57:59,886 - INFO - Train:7 - Epoch 313/1500 completed in 12.03 seconds.
2024-05-09 12:57:59,886 - INFO - Train:7 - Approximate time left: 3 hours, 59 minutes
2024-05-09 12:58:14,195 - INFO - Train:7 - Epoch 314/1500 completed in 12.21 seconds.
2024-05-09 12:58:14,195 - INFO - Train:7 - Approximate time left: 3 hours, 59 minutes
2024-05-09 12:58:28,361 - INFO - Train:7 - Epoch 315/1500 completed in 11.99 seconds.
2024-05-09 12:58:28,361 - INFO - Train:7 - Approximate time left: 3 hours, 59 minutes
2024-05-09 12:58:42,547 - INFO - Train:7 - Epoch 316/1500 completed in 12.01 seconds.
2024-05-09 12:58:42,547 - INFO - Train:7 - Approximate time left: 3 hours, 58 minutes
2024-05-09 12:58:57,044 - INFO - Train:7 - Epoch 317/1500 completed in 12.32 seconds.
2024-05-09 12:58:57,045 - INFO - Train:7 - Approximate time left: 3 hours, 58 minutes
2024-05-09 12:59:11,998 - INFO - Train:7 - Epoch 318/1500 completed in 12.83 seconds.
2024-05-09 12:59:11,999 - INFO - Train:7 - Approximate time left: 3 hours, 58 minutes
2024-05-09 12:59:26,924 - INFO - Train:7 - Epoch 319/1500 completed in 12.78 seconds.
2024-05-09 12:59:26,925 - INFO - Train:7 - Approximate time left: 3 hours, 58 minutes
2024-05-09 12:59:41,282 - INFO - Train:7 - Epoch 320/1500 completed in 12.24 seconds.
2024-05-09 12:59:41,283 - INFO - Train:7 - Approximate time left: 3 hours, 58 minutes
2024-05-09 12:59:55,701 - INFO - Train:7 - Epoch 321/1500 completed in 12.31 seconds.
2024-05-09 12:59:55,701 - INFO - Train:7 - Approximate time left: 3 hours, 58 minutes
2024-05-09 13:00:10,175 - INFO - Train:7 - Epoch 322/1500 completed in 12.32 seconds.
2024-05-09 13:00:10,175 - INFO - Train:7 - Approximate time left: 3 hours, 57 minutes
2024-05-09 13:00:24,346 - INFO - Train:7 - Epoch 323/1500 completed in 12.03 seconds.
2024-05-09 13:00:24,346 - INFO - Train:7 - Approximate time left: 3 hours, 57 minutes
2024-05-09 13:00:38,544 - INFO - Train:7 - Epoch 324/1500 completed in 12.06 seconds.
2024-05-09 13:00:38,544 - INFO - Train:7 - Approximate time left: 3 hours, 57 minutes
2024-05-09 13:00:52,654 - INFO - Train:7 - Epoch 325/1500 completed in 11.97 seconds.
2024-05-09 13:00:52,654 - INFO - Train:7 - Approximate time left: 3 hours, 57 minutes
2024-05-09 13:01:06,864 - INFO - Train:7 - Epoch 326/1500 completed in 12.05 seconds.
2024-05-09 13:01:06,865 - INFO - Train:7 - Approximate time left: 3 hours, 57 minutes
2024-05-09 13:01:21,408 - INFO - Train:7 - Epoch 327/1500 completed in 12.37 seconds.
2024-05-09 13:01:21,408 - INFO - Train:7 - Approximate time left: 3 hours, 56 minutes
2024-05-09 13:01:35,996 - INFO - Train:7 - Epoch 328/1500 completed in 12.45 seconds.
2024-05-09 13:01:35,997 - INFO - Train:7 - Approximate time left: 3 hours, 56 minutes
2024-05-09 13:01:50,632 - INFO - Train:7 - Epoch 329/1500 completed in 12.52 seconds.
2024-05-09 13:01:50,632 - INFO - Train:7 - Approximate time left: 3 hours, 56 minutes
2024-05-09 13:02:05,457 - INFO - Train:7 - Epoch 330/1500 completed in 12.71 seconds.
2024-05-09 13:02:05,458 - INFO - Train:7 - Approximate time left: 3 hours, 56 minutes
2024-05-09 13:02:20,783 - INFO - Train:7 - Epoch 331/1500 completed in 13.22 seconds.
2024-05-09 13:02:20,783 - INFO - Train:7 - Approximate time left: 3 hours, 56 minutes
2024-05-09 13:02:34,789 - INFO - Train:7 - Epoch 332/1500 completed in 11.89 seconds.
2024-05-09 13:02:34,789 - INFO - Train:7 - Approximate time left: 3 hours, 55 minutes
2024-05-09 13:02:48,917 - INFO - Train:7 - Epoch 333/1500 completed in 12.02 seconds.
2024-05-09 13:02:48,918 - INFO - Train:7 - Approximate time left: 3 hours, 55 minutes
2024-05-09 13:03:03,086 - INFO - Train:7 - Epoch 334/1500 completed in 12.03 seconds.
2024-05-09 13:03:03,087 - INFO - Train:7 - Approximate time left: 3 hours, 55 minutes
2024-05-09 13:03:17,429 - INFO - Train:7 - Epoch 335/1500 completed in 12.15 seconds.
2024-05-09 13:03:17,429 - INFO - Train:7 - Approximate time left: 3 hours, 55 minutes
2024-05-09 13:03:31,189 - INFO - Train:7 - Epoch 336/1500 completed in 11.56 seconds.
2024-05-09 13:03:31,189 - INFO - Train:7 - Approximate time left: 3 hours, 55 minutes
2024-05-09 13:03:45,117 - INFO - Train:7 - Epoch 337/1500 completed in 11.80 seconds.
2024-05-09 13:03:45,117 - INFO - Train:7 - Approximate time left: 3 hours, 54 minutes
2024-05-09 13:03:58,953 - INFO - Train:7 - Epoch 338/1500 completed in 11.65 seconds.
2024-05-09 13:03:58,953 - INFO - Train:7 - Approximate time left: 3 hours, 54 minutes
2024-05-09 13:04:13,010 - INFO - Train:7 - Epoch 339/1500 completed in 11.92 seconds.
2024-05-09 13:04:13,010 - INFO - Train:7 - Approximate time left: 3 hours, 54 minutes
2024-05-09 13:04:26,968 - INFO - Train:7 - Epoch 340/1500 completed in 11.84 seconds.
2024-05-09 13:04:26,968 - INFO - Train:7 - Approximate time left: 3 hours, 54 minutes
2024-05-09 13:04:41,294 - INFO - Train:7 - Epoch 341/1500 completed in 12.18 seconds.
2024-05-09 13:04:41,294 - INFO - Train:7 - Approximate time left: 3 hours, 54 minutes
2024-05-09 13:04:55,362 - INFO - Train:7 - Epoch 342/1500 completed in 11.96 seconds.
2024-05-09 13:04:55,362 - INFO - Train:7 - Approximate time left: 3 hours, 53 minutes
2024-05-09 13:05:09,301 - INFO - Train:7 - Epoch 343/1500 completed in 11.76 seconds.
2024-05-09 13:05:09,301 - INFO - Train:7 - Approximate time left: 3 hours, 53 minutes
2024-05-09 13:05:22,870 - INFO - Train:7 - Epoch 344/1500 completed in 11.36 seconds.
2024-05-09 13:05:22,871 - INFO - Train:7 - Approximate time left: 3 hours, 53 minutes
2024-05-09 13:05:36,630 - INFO - Train:7 - Epoch 345/1500 completed in 11.63 seconds.
2024-05-09 13:05:36,631 - INFO - Train:7 - Approximate time left: 3 hours, 53 minutes
2024-05-09 13:05:50,560 - INFO - Train:7 - Epoch 346/1500 completed in 11.80 seconds.
2024-05-09 13:05:50,561 - INFO - Train:7 - Approximate time left: 3 hours, 52 minutes
2024-05-09 13:06:04,767 - INFO - Train:7 - Epoch 347/1500 completed in 12.10 seconds.
2024-05-09 13:06:04,768 - INFO - Train:7 - Approximate time left: 3 hours, 52 minutes
2024-05-09 13:06:18,979 - INFO - Train:7 - Epoch 348/1500 completed in 12.09 seconds.
2024-05-09 13:06:18,979 - INFO - Train:7 - Approximate time left: 3 hours, 52 minutes
2024-05-09 13:06:33,205 - INFO - Train:7 - Epoch 349/1500 completed in 12.12 seconds.
2024-05-09 13:06:33,205 - INFO - Train:7 - Approximate time left: 3 hours, 52 minutes
2024-05-09 13:06:47,280 - INFO - Train:7 - Epoch 350/1500 completed in 11.94 seconds.
2024-05-09 13:06:47,281 - INFO - Train:7 - Approximate time left: 3 hours, 52 minutes
2024-05-09 13:07:01,656 - INFO - Train:7 - Epoch 351/1500 completed in 12.25 seconds.
2024-05-09 13:07:01,656 - INFO - Train:7 - Approximate time left: 3 hours, 51 minutes
2024-05-09 13:07:15,394 - INFO - Train:7 - Epoch 352/1500 completed in 11.56 seconds.
2024-05-09 13:07:15,395 - INFO - Train:7 - Approximate time left: 3 hours, 51 minutes
2024-05-09 13:07:29,532 - INFO - Train:7 - Epoch 353/1500 completed in 12.01 seconds.
2024-05-09 13:07:29,532 - INFO - Train:7 - Approximate time left: 3 hours, 51 minutes
2024-05-09 13:07:43,911 - INFO - Train:7 - Epoch 354/1500 completed in 12.24 seconds.
2024-05-09 13:07:43,911 - INFO - Train:7 - Approximate time left: 3 hours, 51 minutes
2024-05-09 13:07:58,166 - INFO - Train:7 - Epoch 355/1500 completed in 12.07 seconds.
2024-05-09 13:07:58,166 - INFO - Train:7 - Approximate time left: 3 hours, 51 minutes
2024-05-09 13:08:12,545 - INFO - Train:7 - Epoch 356/1500 completed in 12.21 seconds.
2024-05-09 13:08:12,545 - INFO - Train:7 - Approximate time left: 3 hours, 50 minutes
2024-05-09 13:08:26,612 - INFO - Train:7 - Epoch 357/1500 completed in 11.94 seconds.
2024-05-09 13:08:26,613 - INFO - Train:7 - Approximate time left: 3 hours, 50 minutes
2024-05-09 13:08:40,773 - INFO - Train:7 - Epoch 358/1500 completed in 12.04 seconds.
2024-05-09 13:08:40,773 - INFO - Train:7 - Approximate time left: 3 hours, 50 minutes
2024-05-09 13:08:54,948 - INFO - Train:7 - Epoch 359/1500 completed in 12.04 seconds.
2024-05-09 13:08:54,949 - INFO - Train:7 - Approximate time left: 3 hours, 50 minutes
2024-05-09 13:09:09,495 - INFO - Train:7 - Epoch 360/1500 completed in 12.36 seconds.
2024-05-09 13:09:09,496 - INFO - Train:7 - Approximate time left: 3 hours, 50 minutes
2024-05-09 13:09:23,787 - INFO - Train:7 - Epoch 361/1500 completed in 12.19 seconds.
2024-05-09 13:09:23,787 - INFO - Train:7 - Approximate time left: 3 hours, 49 minutes
2024-05-09 13:09:38,080 - INFO - Train:7 - Epoch 362/1500 completed in 12.18 seconds.
2024-05-09 13:09:38,080 - INFO - Train:7 - Approximate time left: 3 hours, 49 minutes
2024-05-09 13:09:52,256 - INFO - Train:7 - Epoch 363/1500 completed in 11.99 seconds.
2024-05-09 13:09:52,256 - INFO - Train:7 - Approximate time left: 3 hours, 49 minutes
2024-05-09 13:10:05,746 - INFO - Train:7 - Epoch 364/1500 completed in 11.39 seconds.
2024-05-09 13:10:05,746 - INFO - Train:7 - Approximate time left: 3 hours, 49 minutes
2024-05-09 13:10:19,722 - INFO - Train:7 - Epoch 365/1500 completed in 11.81 seconds.
2024-05-09 13:10:19,722 - INFO - Train:7 - Approximate time left: 3 hours, 48 minutes
2024-05-09 13:10:34,160 - INFO - Train:7 - Epoch 366/1500 completed in 12.25 seconds.
2024-05-09 13:10:34,160 - INFO - Train:7 - Approximate time left: 3 hours, 48 minutes
2024-05-09 13:10:48,736 - INFO - Train:7 - Epoch 367/1500 completed in 12.39 seconds.
2024-05-09 13:10:48,737 - INFO - Train:7 - Approximate time left: 3 hours, 48 minutes
2024-05-09 13:11:02,681 - INFO - Train:7 - Epoch 368/1500 completed in 11.76 seconds.
2024-05-09 13:11:02,682 - INFO - Train:7 - Approximate time left: 3 hours, 48 minutes
2024-05-09 13:11:16,911 - INFO - Train:7 - Epoch 369/1500 completed in 12.05 seconds.
2024-05-09 13:11:16,911 - INFO - Train:7 - Approximate time left: 3 hours, 48 minutes
2024-05-09 13:11:30,805 - INFO - Train:7 - Epoch 370/1500 completed in 11.71 seconds.
2024-05-09 13:11:30,806 - INFO - Train:7 - Approximate time left: 3 hours, 47 minutes
2024-05-09 13:11:45,614 - INFO - Train:7 - Epoch 371/1500 completed in 12.63 seconds.
2024-05-09 13:11:45,614 - INFO - Train:7 - Approximate time left: 3 hours, 47 minutes
2024-05-09 13:12:00,192 - INFO - Train:7 - Epoch 372/1500 completed in 12.38 seconds.
2024-05-09 13:12:00,192 - INFO - Train:7 - Approximate time left: 3 hours, 47 minutes
2024-05-09 13:12:14,279 - INFO - Train:7 - Epoch 373/1500 completed in 11.88 seconds.
2024-05-09 13:12:14,279 - INFO - Train:7 - Approximate time left: 3 hours, 47 minutes
2024-05-09 13:12:28,405 - INFO - Train:7 - Epoch 374/1500 completed in 11.94 seconds.
2024-05-09 13:12:28,405 - INFO - Train:7 - Approximate time left: 3 hours, 47 minutes
2024-05-09 13:12:42,447 - INFO - Train:7 - Epoch 375/1500 completed in 11.86 seconds.
2024-05-09 13:12:42,447 - INFO - Train:7 - Approximate time left: 3 hours, 46 minutes
2024-05-09 13:12:56,491 - INFO - Train:7 - Epoch 376/1500 completed in 11.86 seconds.
2024-05-09 13:12:56,492 - INFO - Train:7 - Approximate time left: 3 hours, 46 minutes
2024-05-09 13:13:10,998 - INFO - Train:7 - Epoch 377/1500 completed in 12.33 seconds.
2024-05-09 13:13:10,998 - INFO - Train:7 - Approximate time left: 3 hours, 46 minutes
2024-05-09 13:13:24,943 - INFO - Train:7 - Epoch 378/1500 completed in 11.83 seconds.
2024-05-09 13:13:24,943 - INFO - Train:7 - Approximate time left: 3 hours, 46 minutes
2024-05-09 13:13:38,953 - INFO - Train:7 - Epoch 379/1500 completed in 11.86 seconds.
2024-05-09 13:13:38,953 - INFO - Train:7 - Approximate time left: 3 hours, 46 minutes
2024-05-09 13:13:52,888 - INFO - Train:7 - Epoch 380/1500 completed in 11.80 seconds.
2024-05-09 13:13:52,889 - INFO - Train:7 - Approximate time left: 3 hours, 45 minutes
2024-05-09 13:14:07,217 - INFO - Train:7 - Epoch 381/1500 completed in 12.19 seconds.
2024-05-09 13:14:07,217 - INFO - Train:7 - Approximate time left: 3 hours, 45 minutes
2024-05-09 13:14:21,012 - INFO - Train:7 - Epoch 382/1500 completed in 11.68 seconds.
2024-05-09 13:14:21,012 - INFO - Train:7 - Approximate time left: 3 hours, 45 minutes
2024-05-09 13:14:35,153 - INFO - Train:7 - Epoch 383/1500 completed in 12.05 seconds.
2024-05-09 13:14:35,154 - INFO - Train:7 - Approximate time left: 3 hours, 45 minutes
2024-05-09 13:14:48,616 - INFO - Train:7 - Epoch 384/1500 completed in 11.29 seconds.
2024-05-09 13:14:48,617 - INFO - Train:7 - Approximate time left: 3 hours, 45 minutes
2024-05-09 13:15:02,415 - INFO - Train:7 - Epoch 385/1500 completed in 11.68 seconds.
2024-05-09 13:15:02,416 - INFO - Train:7 - Approximate time left: 3 hours, 44 minutes
2024-05-09 13:15:16,014 - INFO - Train:7 - Epoch 386/1500 completed in 11.47 seconds.
2024-05-09 13:15:16,015 - INFO - Train:7 - Approximate time left: 3 hours, 44 minutes
2024-05-09 13:15:29,978 - INFO - Train:7 - Epoch 387/1500 completed in 11.87 seconds.
2024-05-09 13:15:29,978 - INFO - Train:7 - Approximate time left: 3 hours, 44 minutes
2024-05-09 13:15:44,061 - INFO - Train:7 - Epoch 388/1500 completed in 11.97 seconds.
2024-05-09 13:15:44,062 - INFO - Train:7 - Approximate time left: 3 hours, 44 minutes
2024-05-09 13:15:58,313 - INFO - Train:7 - Epoch 389/1500 completed in 12.12 seconds.
2024-05-09 13:15:58,314 - INFO - Train:7 - Approximate time left: 3 hours, 43 minutes
2024-05-09 13:16:13,077 - INFO - Train:7 - Epoch 390/1500 completed in 12.32 seconds.
2024-05-09 13:16:13,077 - INFO - Train:7 - Approximate time left: 3 hours, 43 minutes
2024-05-09 13:16:27,335 - INFO - Train:7 - Epoch 391/1500 completed in 12.10 seconds.
2024-05-09 13:16:27,336 - INFO - Train:7 - Approximate time left: 3 hours, 43 minutes
2024-05-09 13:16:41,545 - INFO - Train:7 - Epoch 392/1500 completed in 12.08 seconds.
2024-05-09 13:16:41,545 - INFO - Train:7 - Approximate time left: 3 hours, 43 minutes
2024-05-09 13:16:56,404 - INFO - Train:7 - Epoch 393/1500 completed in 12.73 seconds.
2024-05-09 13:16:56,404 - INFO - Train:7 - Approximate time left: 3 hours, 43 minutes
2024-05-09 13:17:10,599 - INFO - Train:7 - Epoch 394/1500 completed in 12.05 seconds.
2024-05-09 13:17:10,599 - INFO - Train:7 - Approximate time left: 3 hours, 42 minutes
2024-05-09 13:17:24,740 - INFO - Train:7 - Epoch 395/1500 completed in 12.04 seconds.
2024-05-09 13:17:24,740 - INFO - Train:7 - Approximate time left: 3 hours, 42 minutes
2024-05-09 13:17:38,947 - INFO - Train:7 - Epoch 396/1500 completed in 12.09 seconds.
2024-05-09 13:17:38,948 - INFO - Train:7 - Approximate time left: 3 hours, 42 minutes
2024-05-09 13:17:53,116 - INFO - Train:7 - Epoch 397/1500 completed in 12.07 seconds.
2024-05-09 13:17:53,117 - INFO - Train:7 - Approximate time left: 3 hours, 42 minutes
2024-05-09 13:18:07,371 - INFO - Train:7 - Epoch 398/1500 completed in 12.14 seconds.
2024-05-09 13:18:07,372 - INFO - Train:7 - Approximate time left: 3 hours, 42 minutes
2024-05-09 13:18:21,531 - INFO - Train:7 - Epoch 399/1500 completed in 12.05 seconds.
2024-05-09 13:18:21,531 - INFO - Train:7 - Approximate time left: 3 hours, 41 minutes
2024-05-09 13:18:35,693 - INFO - Train:7 - Epoch 400/1500 completed in 11.68 seconds.
2024-05-09 13:18:35,693 - INFO - Train:7 - Approximate time left: 3 hours, 41 minutes
2024-05-09 13:18:50,281 - ERROR - Train:7 - Error saving checkpoint: join() argument must be str, bytes, or os.PathLike object, not 'NoneType'
Traceback (most recent call last):
  File "/data/Pein/Pytorch/Ascend-NPU-Parallel-Training/1-src/trainer.py", line 538, in save_checkpoint
    save_checkpoint_folder = os.path.join(
  File "/root/miniconda3/envs/Pein38/lib/python3.8/posixpath.py", line 90, in join
    genericpath._check_arg_types('join', a, *p)
  File "/root/miniconda3/envs/Pein38/lib/python3.8/genericpath.py", line 152, in _check_arg_types
    raise TypeError(f'{funcname}() argument must be str, bytes, or '
TypeError: join() argument must be str, bytes, or os.PathLike object, not 'NoneType'
2024-05-09 13:18:50,281 - INFO - Train:7 - Epoch 401/1500 completed in 12.38 seconds.
2024-05-09 13:18:50,281 - INFO - Train:7 - Approximate time left: 3 hours, 41 minutes
2024-05-09 13:19:04,799 - INFO - Train:7 - Epoch 402/1500 completed in 11.96 seconds.
2024-05-09 13:19:04,799 - INFO - Train:7 - Approximate time left: 3 hours, 41 minutes
2024-05-09 13:19:19,408 - INFO - Train:7 - Epoch 403/1500 completed in 12.48 seconds.
2024-05-09 13:19:19,408 - INFO - Train:7 - Approximate time left: 3 hours, 41 minutes
2024-05-09 13:19:33,467 - INFO - Train:7 - Epoch 404/1500 completed in 11.94 seconds.
2024-05-09 13:19:33,467 - INFO - Train:7 - Approximate time left: 3 hours, 40 minutes
2024-05-09 13:19:47,622 - INFO - Train:7 - Epoch 405/1500 completed in 11.99 seconds.
2024-05-09 13:19:47,623 - INFO - Train:7 - Approximate time left: 3 hours, 40 minutes
2024-05-09 13:20:01,558 - INFO - Train:7 - Epoch 406/1500 completed in 11.73 seconds.
2024-05-09 13:20:01,558 - INFO - Train:7 - Approximate time left: 3 hours, 40 minutes
2024-05-09 13:20:15,710 - INFO - Train:7 - Epoch 407/1500 completed in 12.02 seconds.
2024-05-09 13:20:15,710 - INFO - Train:7 - Approximate time left: 3 hours, 40 minutes
2024-05-09 13:20:29,272 - INFO - Train:7 - Epoch 408/1500 completed in 11.40 seconds.
2024-05-09 13:20:29,272 - INFO - Train:7 - Approximate time left: 3 hours, 40 minutes
2024-05-09 13:20:43,442 - INFO - Train:7 - Epoch 409/1500 completed in 12.01 seconds.
2024-05-09 13:20:43,442 - INFO - Train:7 - Approximate time left: 3 hours, 39 minutes
2024-05-09 13:20:56,892 - INFO - Train:7 - Epoch 410/1500 completed in 11.34 seconds.
2024-05-09 13:20:56,893 - INFO - Train:7 - Approximate time left: 3 hours, 39 minutes
2024-05-09 13:21:10,108 - INFO - Train:7 - Epoch 411/1500 completed in 11.06 seconds.
2024-05-09 13:21:10,108 - INFO - Train:7 - Approximate time left: 3 hours, 39 minutes
2024-05-09 13:21:23,357 - INFO - Train:7 - Epoch 412/1500 completed in 11.12 seconds.
2024-05-09 13:21:23,358 - INFO - Train:7 - Approximate time left: 3 hours, 39 minutes
2024-05-09 13:21:36,760 - INFO - Train:7 - Epoch 413/1500 completed in 11.27 seconds.
2024-05-09 13:21:36,760 - INFO - Train:7 - Approximate time left: 3 hours, 38 minutes
2024-05-09 13:21:50,343 - INFO - Train:7 - Epoch 414/1500 completed in 11.45 seconds.
2024-05-09 13:21:50,343 - INFO - Train:7 - Approximate time left: 3 hours, 38 minutes
2024-05-09 13:22:04,054 - INFO - Train:7 - Epoch 415/1500 completed in 11.60 seconds.
2024-05-09 13:22:04,054 - INFO - Train:7 - Approximate time left: 3 hours, 38 minutes
2024-05-09 13:22:18,568 - INFO - Train:7 - Epoch 416/1500 completed in 12.38 seconds.
2024-05-09 13:22:18,568 - INFO - Train:7 - Approximate time left: 3 hours, 38 minutes
2024-05-09 13:22:33,200 - INFO - Train:7 - Epoch 417/1500 completed in 12.48 seconds.
2024-05-09 13:22:33,200 - INFO - Train:7 - Approximate time left: 3 hours, 38 minutes
2024-05-09 13:22:46,803 - INFO - Train:7 - Epoch 418/1500 completed in 11.47 seconds.
2024-05-09 13:22:46,804 - INFO - Train:7 - Approximate time left: 3 hours, 37 minutes
2024-05-09 13:23:00,735 - INFO - Train:7 - Epoch 419/1500 completed in 11.78 seconds.
2024-05-09 13:23:00,735 - INFO - Train:7 - Approximate time left: 3 hours, 37 minutes
2024-05-09 13:23:14,356 - INFO - Train:7 - Epoch 420/1500 completed in 11.49 seconds.
2024-05-09 13:23:14,356 - INFO - Train:7 - Approximate time left: 3 hours, 37 minutes
2024-05-09 13:23:27,810 - INFO - Train:7 - Epoch 421/1500 completed in 11.32 seconds.
2024-05-09 13:23:27,810 - INFO - Train:7 - Approximate time left: 3 hours, 37 minutes
2024-05-09 13:23:41,994 - INFO - Train:7 - Epoch 422/1500 completed in 11.97 seconds.
2024-05-09 13:23:41,994 - INFO - Train:7 - Approximate time left: 3 hours, 37 minutes
2024-05-09 13:23:56,179 - INFO - Train:7 - Epoch 423/1500 completed in 11.97 seconds.
2024-05-09 13:23:56,179 - INFO - Train:7 - Approximate time left: 3 hours, 36 minutes
2024-05-09 13:24:10,242 - INFO - Train:7 - Epoch 424/1500 completed in 11.87 seconds.
2024-05-09 13:24:10,242 - INFO - Train:7 - Approximate time left: 3 hours, 36 minutes
2024-05-09 13:24:24,289 - INFO - Train:7 - Epoch 425/1500 completed in 11.97 seconds.
2024-05-09 13:24:24,290 - INFO - Train:7 - Approximate time left: 3 hours, 36 minutes
2024-05-09 13:24:38,439 - INFO - Train:7 - Epoch 426/1500 completed in 12.03 seconds.
2024-05-09 13:24:38,439 - INFO - Train:7 - Approximate time left: 3 hours, 36 minutes
2024-05-09 13:24:52,667 - INFO - Train:7 - Epoch 427/1500 completed in 12.04 seconds.
2024-05-09 13:24:52,668 - INFO - Train:7 - Approximate time left: 3 hours, 35 minutes
2024-05-09 13:25:06,830 - INFO - Train:7 - Epoch 428/1500 completed in 12.06 seconds.
2024-05-09 13:25:06,831 - INFO - Train:7 - Approximate time left: 3 hours, 35 minutes
2024-05-09 13:25:21,404 - INFO - Train:7 - Epoch 429/1500 completed in 12.15 seconds.
2024-05-09 13:25:21,405 - INFO - Train:7 - Approximate time left: 3 hours, 35 minutes
2024-05-09 13:25:35,647 - INFO - Train:7 - Epoch 430/1500 completed in 12.13 seconds.
2024-05-09 13:25:35,648 - INFO - Train:7 - Approximate time left: 3 hours, 35 minutes
2024-05-09 13:25:49,673 - INFO - Train:7 - Epoch 431/1500 completed in 11.89 seconds.
2024-05-09 13:25:49,673 - INFO - Train:7 - Approximate time left: 3 hours, 35 minutes
2024-05-09 13:26:03,808 - INFO - Train:7 - Epoch 432/1500 completed in 12.02 seconds.
2024-05-09 13:26:03,808 - INFO - Train:7 - Approximate time left: 3 hours, 34 minutes
2024-05-09 13:26:17,987 - INFO - Train:7 - Epoch 433/1500 completed in 12.07 seconds.
2024-05-09 13:26:17,987 - INFO - Train:7 - Approximate time left: 3 hours, 34 minutes
2024-05-09 13:26:32,065 - INFO - Train:7 - Epoch 434/1500 completed in 12.01 seconds.
2024-05-09 13:26:32,066 - INFO - Train:7 - Approximate time left: 3 hours, 34 minutes
2024-05-09 13:26:46,096 - INFO - Train:7 - Epoch 435/1500 completed in 11.97 seconds.
2024-05-09 13:26:46,097 - INFO - Train:7 - Approximate time left: 3 hours, 34 minutes
2024-05-09 13:27:00,234 - INFO - Train:7 - Epoch 436/1500 completed in 12.01 seconds.
2024-05-09 13:27:00,234 - INFO - Train:7 - Approximate time left: 3 hours, 34 minutes
2024-05-09 13:27:14,252 - INFO - Train:7 - Epoch 437/1500 completed in 11.90 seconds.
2024-05-09 13:27:14,252 - INFO - Train:7 - Approximate time left: 3 hours, 33 minutes
2024-05-09 13:27:28,198 - INFO - Train:7 - Epoch 438/1500 completed in 11.81 seconds.
2024-05-09 13:27:28,198 - INFO - Train:7 - Approximate time left: 3 hours, 33 minutes
2024-05-09 13:27:42,290 - INFO - Train:7 - Epoch 439/1500 completed in 11.94 seconds.
2024-05-09 13:27:42,290 - INFO - Train:7 - Approximate time left: 3 hours, 33 minutes
2024-05-09 13:27:56,780 - INFO - Train:7 - Epoch 440/1500 completed in 12.28 seconds.
2024-05-09 13:27:56,781 - INFO - Train:7 - Approximate time left: 3 hours, 33 minutes
2024-05-09 13:28:11,181 - INFO - Train:7 - Epoch 441/1500 completed in 12.20 seconds.
2024-05-09 13:28:11,181 - INFO - Train:7 - Approximate time left: 3 hours, 33 minutes
2024-05-09 13:28:25,136 - INFO - Train:7 - Epoch 442/1500 completed in 11.77 seconds.
2024-05-09 13:28:25,136 - INFO - Train:7 - Approximate time left: 3 hours, 32 minutes
2024-05-09 13:28:39,492 - INFO - Train:7 - Epoch 443/1500 completed in 12.15 seconds.
2024-05-09 13:28:39,492 - INFO - Train:7 - Approximate time left: 3 hours, 32 minutes
2024-05-09 13:28:53,702 - INFO - Train:7 - Epoch 444/1500 completed in 12.00 seconds.
2024-05-09 13:28:53,703 - INFO - Train:7 - Approximate time left: 3 hours, 32 minutes
2024-05-09 13:29:07,453 - INFO - Train:7 - Epoch 445/1500 completed in 11.57 seconds.
2024-05-09 13:29:07,453 - INFO - Train:7 - Approximate time left: 3 hours, 32 minutes
2024-05-09 13:29:21,379 - INFO - Train:7 - Epoch 446/1500 completed in 11.77 seconds.
2024-05-09 13:29:21,380 - INFO - Train:7 - Approximate time left: 3 hours, 32 minutes
2024-05-09 13:29:35,471 - INFO - Train:7 - Epoch 447/1500 completed in 11.89 seconds.
2024-05-09 13:29:35,472 - INFO - Train:7 - Approximate time left: 3 hours, 31 minutes
2024-05-09 13:29:49,512 - INFO - Train:7 - Epoch 448/1500 completed in 11.86 seconds.
2024-05-09 13:29:49,513 - INFO - Train:7 - Approximate time left: 3 hours, 31 minutes
2024-05-09 13:30:03,659 - INFO - Train:7 - Epoch 449/1500 completed in 12.01 seconds.
2024-05-09 13:30:03,659 - INFO - Train:7 - Approximate time left: 3 hours, 31 minutes
2024-05-09 13:30:17,817 - INFO - Train:7 - Epoch 450/1500 completed in 12.01 seconds.
2024-05-09 13:30:17,817 - INFO - Train:7 - Approximate time left: 3 hours, 31 minutes
2024-05-09 13:30:31,992 - INFO - Train:7 - Epoch 451/1500 completed in 12.04 seconds.
2024-05-09 13:30:31,992 - INFO - Train:7 - Approximate time left: 3 hours, 31 minutes
2024-05-09 13:30:46,123 - INFO - Train:7 - Epoch 452/1500 completed in 12.05 seconds.
2024-05-09 13:30:46,123 - INFO - Train:7 - Approximate time left: 3 hours, 30 minutes
2024-05-09 13:31:00,237 - INFO - Train:7 - Epoch 453/1500 completed in 12.04 seconds.
2024-05-09 13:31:00,237 - INFO - Train:7 - Approximate time left: 3 hours, 30 minutes
2024-05-09 13:31:13,732 - INFO - Train:7 - Epoch 454/1500 completed in 11.40 seconds.
2024-05-09 13:31:13,732 - INFO - Train:7 - Approximate time left: 3 hours, 30 minutes
2024-05-09 13:31:27,827 - INFO - Train:7 - Epoch 455/1500 completed in 11.94 seconds.
2024-05-09 13:31:27,827 - INFO - Train:7 - Approximate time left: 3 hours, 30 minutes
2024-05-09 13:31:41,953 - INFO - Train:7 - Epoch 456/1500 completed in 11.99 seconds.
2024-05-09 13:31:41,953 - INFO - Train:7 - Approximate time left: 3 hours, 30 minutes
2024-05-09 13:31:56,687 - INFO - Train:7 - Epoch 457/1500 completed in 12.57 seconds.
2024-05-09 13:31:56,687 - INFO - Train:7 - Approximate time left: 3 hours, 29 minutes
2024-05-09 13:32:10,581 - INFO - Train:7 - Epoch 458/1500 completed in 11.74 seconds.
2024-05-09 13:32:10,581 - INFO - Train:7 - Approximate time left: 3 hours, 29 minutes
2024-05-09 13:32:24,844 - INFO - Train:7 - Epoch 459/1500 completed in 12.13 seconds.
2024-05-09 13:32:24,844 - INFO - Train:7 - Approximate time left: 3 hours, 29 minutes
2024-05-09 13:32:39,160 - INFO - Train:7 - Epoch 460/1500 completed in 12.23 seconds.
2024-05-09 13:32:39,160 - INFO - Train:7 - Approximate time left: 3 hours, 29 minutes
2024-05-09 13:32:52,637 - INFO - Train:7 - Epoch 461/1500 completed in 11.39 seconds.
2024-05-09 13:32:52,637 - INFO - Train:7 - Approximate time left: 3 hours, 28 minutes
2024-05-09 13:33:06,385 - INFO - Train:7 - Epoch 462/1500 completed in 11.64 seconds.
2024-05-09 13:33:06,385 - INFO - Train:7 - Approximate time left: 3 hours, 28 minutes
2024-05-09 13:33:20,488 - INFO - Train:7 - Epoch 463/1500 completed in 11.92 seconds.
2024-05-09 13:33:20,488 - INFO - Train:7 - Approximate time left: 3 hours, 28 minutes
2024-05-09 13:33:34,615 - INFO - Train:7 - Epoch 464/1500 completed in 11.92 seconds.
2024-05-09 13:33:34,615 - INFO - Train:7 - Approximate time left: 3 hours, 28 minutes
2024-05-09 13:33:48,750 - INFO - Train:7 - Epoch 465/1500 completed in 11.94 seconds.
2024-05-09 13:33:48,750 - INFO - Train:7 - Approximate time left: 3 hours, 28 minutes
2024-05-09 13:34:02,435 - INFO - Train:7 - Epoch 466/1500 completed in 11.49 seconds.
2024-05-09 13:34:02,435 - INFO - Train:7 - Approximate time left: 3 hours, 27 minutes
2024-05-09 13:34:15,831 - INFO - Train:7 - Epoch 467/1500 completed in 11.28 seconds.
2024-05-09 13:34:15,831 - INFO - Train:7 - Approximate time left: 3 hours, 27 minutes
2024-05-09 13:34:29,651 - INFO - Train:7 - Epoch 468/1500 completed in 11.70 seconds.
2024-05-09 13:34:29,651 - INFO - Train:7 - Approximate time left: 3 hours, 27 minutes
2024-05-09 13:34:43,782 - INFO - Train:7 - Epoch 469/1500 completed in 11.94 seconds.
2024-05-09 13:34:43,782 - INFO - Train:7 - Approximate time left: 3 hours, 27 minutes
2024-05-09 13:34:57,977 - INFO - Train:7 - Epoch 470/1500 completed in 12.00 seconds.
2024-05-09 13:34:57,977 - INFO - Train:7 - Approximate time left: 3 hours, 27 minutes
2024-05-09 13:35:12,121 - INFO - Train:7 - Epoch 471/1500 completed in 11.96 seconds.
2024-05-09 13:35:12,121 - INFO - Train:7 - Approximate time left: 3 hours, 26 minutes
2024-05-09 13:35:26,343 - INFO - Train:7 - Epoch 472/1500 completed in 12.00 seconds.
2024-05-09 13:35:26,343 - INFO - Train:7 - Approximate time left: 3 hours, 26 minutes
2024-05-09 13:35:40,638 - INFO - Train:7 - Epoch 473/1500 completed in 12.10 seconds.
2024-05-09 13:35:40,638 - INFO - Train:7 - Approximate time left: 3 hours, 26 minutes
2024-05-09 13:35:54,870 - INFO - Train:7 - Epoch 474/1500 completed in 12.01 seconds.
2024-05-09 13:35:54,871 - INFO - Train:7 - Approximate time left: 3 hours, 26 minutes
2024-05-09 13:36:09,076 - INFO - Train:7 - Epoch 475/1500 completed in 11.99 seconds.
2024-05-09 13:36:09,077 - INFO - Train:7 - Approximate time left: 3 hours, 26 minutes
2024-05-09 13:36:23,286 - INFO - Train:7 - Epoch 476/1500 completed in 12.07 seconds.
2024-05-09 13:36:23,286 - INFO - Train:7 - Approximate time left: 3 hours, 25 minutes
2024-05-09 13:36:37,709 - INFO - Train:7 - Epoch 477/1500 completed in 12.24 seconds.
2024-05-09 13:36:37,709 - INFO - Train:7 - Approximate time left: 3 hours, 25 minutes
2024-05-09 13:36:51,343 - INFO - Train:7 - Epoch 478/1500 completed in 11.48 seconds.
2024-05-09 13:36:51,343 - INFO - Train:7 - Approximate time left: 3 hours, 25 minutes
2024-05-09 13:37:05,512 - INFO - Train:7 - Epoch 479/1500 completed in 12.05 seconds.
2024-05-09 13:37:05,512 - INFO - Train:7 - Approximate time left: 3 hours, 25 minutes
2024-05-09 13:37:19,643 - INFO - Train:7 - Epoch 480/1500 completed in 12.01 seconds.
2024-05-09 13:37:19,643 - INFO - Train:7 - Approximate time left: 3 hours, 25 minutes
2024-05-09 13:37:32,954 - INFO - Train:7 - Epoch 481/1500 completed in 11.19 seconds.
2024-05-09 13:37:32,954 - INFO - Train:7 - Approximate time left: 3 hours, 24 minutes
2024-05-09 13:37:46,250 - INFO - Train:7 - Epoch 482/1500 completed in 11.18 seconds.
2024-05-09 13:37:46,250 - INFO - Train:7 - Approximate time left: 3 hours, 24 minutes
2024-05-09 13:38:00,157 - INFO - Train:7 - Epoch 483/1500 completed in 11.75 seconds.
2024-05-09 13:38:00,157 - INFO - Train:7 - Approximate time left: 3 hours, 24 minutes
2024-05-09 13:38:14,071 - INFO - Train:7 - Epoch 484/1500 completed in 11.73 seconds.
2024-05-09 13:38:14,072 - INFO - Train:7 - Approximate time left: 3 hours, 24 minutes
2024-05-09 13:38:28,154 - INFO - Train:7 - Epoch 485/1500 completed in 11.93 seconds.
2024-05-09 13:38:28,154 - INFO - Train:7 - Approximate time left: 3 hours, 23 minutes
2024-05-09 13:38:42,223 - INFO - Train:7 - Epoch 486/1500 completed in 11.90 seconds.
2024-05-09 13:38:42,223 - INFO - Train:7 - Approximate time left: 3 hours, 23 minutes
2024-05-09 13:38:56,345 - INFO - Train:7 - Epoch 487/1500 completed in 12.00 seconds.
2024-05-09 13:38:56,345 - INFO - Train:7 - Approximate time left: 3 hours, 23 minutes
2024-05-09 13:39:10,479 - INFO - Train:7 - Epoch 488/1500 completed in 12.00 seconds.
2024-05-09 13:39:10,479 - INFO - Train:7 - Approximate time left: 3 hours, 23 minutes
2024-05-09 13:39:24,601 - INFO - Train:7 - Epoch 489/1500 completed in 12.07 seconds.
2024-05-09 13:39:24,602 - INFO - Train:7 - Approximate time left: 3 hours, 23 minutes
2024-05-09 13:39:38,845 - INFO - Train:7 - Epoch 490/1500 completed in 12.12 seconds.
2024-05-09 13:39:38,846 - INFO - Train:7 - Approximate time left: 3 hours, 22 minutes
2024-05-09 13:39:53,099 - INFO - Train:7 - Epoch 491/1500 completed in 12.15 seconds.
2024-05-09 13:39:53,100 - INFO - Train:7 - Approximate time left: 3 hours, 22 minutes
2024-05-09 13:40:06,306 - INFO - Train:7 - Epoch 492/1500 completed in 11.09 seconds.
2024-05-09 13:40:06,307 - INFO - Train:7 - Approximate time left: 3 hours, 22 minutes
2024-05-09 13:40:19,839 - INFO - Train:7 - Epoch 493/1500 completed in 11.40 seconds.
2024-05-09 13:40:19,839 - INFO - Train:7 - Approximate time left: 3 hours, 22 minutes
2024-05-09 13:40:33,119 - INFO - Train:7 - Epoch 494/1500 completed in 11.14 seconds.
2024-05-09 13:40:33,120 - INFO - Train:7 - Approximate time left: 3 hours, 22 minutes
2024-05-09 13:40:47,481 - INFO - Train:7 - Epoch 495/1500 completed in 12.20 seconds.
2024-05-09 13:40:47,481 - INFO - Train:7 - Approximate time left: 3 hours, 21 minutes
2024-05-09 13:41:01,723 - INFO - Train:7 - Epoch 496/1500 completed in 12.09 seconds.
2024-05-09 13:41:01,723 - INFO - Train:7 - Approximate time left: 3 hours, 21 minutes
2024-05-09 13:41:16,062 - INFO - Train:7 - Epoch 497/1500 completed in 12.22 seconds.
2024-05-09 13:41:16,062 - INFO - Train:7 - Approximate time left: 3 hours, 21 minutes
2024-05-09 13:41:30,359 - INFO - Train:7 - Epoch 498/1500 completed in 11.82 seconds.
2024-05-09 13:41:30,360 - INFO - Train:7 - Approximate time left: 3 hours, 21 minutes
2024-05-09 13:41:44,586 - INFO - Train:7 - Epoch 499/1500 completed in 12.14 seconds.
2024-05-09 13:41:44,586 - INFO - Train:7 - Approximate time left: 3 hours, 21 minutes
2024-05-09 13:41:58,363 - INFO - Train:7 - Epoch 500/1500 completed in 11.69 seconds.
2024-05-09 13:41:58,363 - INFO - Train:7 - Approximate time left: 3 hours, 20 minutes
2024-05-09 13:42:12,005 - INFO - Train:7 - Epoch 501/1500 completed in 11.53 seconds.
2024-05-09 13:42:12,005 - INFO - Train:7 - Approximate time left: 3 hours, 20 minutes
2024-05-09 13:42:25,672 - INFO - Train:7 - Epoch 502/1500 completed in 11.60 seconds.
2024-05-09 13:42:25,673 - INFO - Train:7 - Approximate time left: 3 hours, 20 minutes
2024-05-09 13:42:39,567 - INFO - Train:7 - Epoch 503/1500 completed in 11.50 seconds.
2024-05-09 13:42:39,567 - INFO - Train:7 - Approximate time left: 3 hours, 20 minutes
2024-05-09 13:42:53,197 - INFO - Train:7 - Epoch 504/1500 completed in 11.51 seconds.
2024-05-09 13:42:53,198 - INFO - Train:7 - Approximate time left: 3 hours, 19 minutes
2024-05-09 13:43:06,885 - INFO - Train:7 - Epoch 505/1500 completed in 11.57 seconds.
2024-05-09 13:43:06,885 - INFO - Train:7 - Approximate time left: 3 hours, 19 minutes
2024-05-09 13:43:20,657 - INFO - Train:7 - Epoch 506/1500 completed in 11.68 seconds.
2024-05-09 13:43:20,657 - INFO - Train:7 - Approximate time left: 3 hours, 19 minutes
2024-05-09 13:43:34,713 - INFO - Train:7 - Epoch 507/1500 completed in 11.96 seconds.
2024-05-09 13:43:34,713 - INFO - Train:7 - Approximate time left: 3 hours, 19 minutes
2024-05-09 13:43:48,798 - INFO - Train:7 - Epoch 508/1500 completed in 11.96 seconds.
2024-05-09 13:43:48,799 - INFO - Train:7 - Approximate time left: 3 hours, 19 minutes
2024-05-09 13:44:02,845 - INFO - Train:7 - Epoch 509/1500 completed in 11.92 seconds.
2024-05-09 13:44:02,845 - INFO - Train:7 - Approximate time left: 3 hours, 18 minutes
2024-05-09 13:44:16,832 - INFO - Train:7 - Epoch 510/1500 completed in 11.90 seconds.
2024-05-09 13:44:16,833 - INFO - Train:7 - Approximate time left: 3 hours, 18 minutes
2024-05-09 13:44:30,488 - INFO - Train:7 - Epoch 511/1500 completed in 11.55 seconds.
2024-05-09 13:44:30,488 - INFO - Train:7 - Approximate time left: 3 hours, 18 minutes
2024-05-09 13:44:44,119 - INFO - Train:7 - Epoch 512/1500 completed in 11.53 seconds.
2024-05-09 13:44:44,120 - INFO - Train:7 - Approximate time left: 3 hours, 18 minutes
2024-05-09 13:44:58,516 - INFO - Train:7 - Epoch 513/1500 completed in 12.25 seconds.
2024-05-09 13:44:58,516 - INFO - Train:7 - Approximate time left: 3 hours, 18 minutes
2024-05-09 13:45:12,508 - INFO - Train:7 - Epoch 514/1500 completed in 11.86 seconds.
2024-05-09 13:45:12,508 - INFO - Train:7 - Approximate time left: 3 hours, 17 minutes
2024-05-09 13:45:26,701 - INFO - Train:7 - Epoch 515/1500 completed in 12.05 seconds.
2024-05-09 13:45:26,702 - INFO - Train:7 - Approximate time left: 3 hours, 17 minutes
2024-05-09 13:45:40,822 - INFO - Train:7 - Epoch 516/1500 completed in 11.96 seconds.
2024-05-09 13:45:40,822 - INFO - Train:7 - Approximate time left: 3 hours, 17 minutes
2024-05-09 13:45:54,662 - INFO - Train:7 - Epoch 517/1500 completed in 11.76 seconds.
2024-05-09 13:45:54,662 - INFO - Train:7 - Approximate time left: 3 hours, 17 minutes
2024-05-09 13:46:08,857 - INFO - Train:7 - Epoch 518/1500 completed in 12.10 seconds.
2024-05-09 13:46:08,857 - INFO - Train:7 - Approximate time left: 3 hours, 17 minutes
2024-05-09 13:46:22,634 - INFO - Train:7 - Epoch 519/1500 completed in 11.72 seconds.
2024-05-09 13:46:22,634 - INFO - Train:7 - Approximate time left: 3 hours, 16 minutes
2024-05-09 13:46:36,417 - INFO - Train:7 - Epoch 520/1500 completed in 11.67 seconds.
2024-05-09 13:46:36,418 - INFO - Train:7 - Approximate time left: 3 hours, 16 minutes
2024-05-09 13:46:49,789 - INFO - Train:7 - Epoch 521/1500 completed in 11.26 seconds.
2024-05-09 13:46:49,789 - INFO - Train:7 - Approximate time left: 3 hours, 16 minutes
2024-05-09 13:47:03,318 - INFO - Train:7 - Epoch 522/1500 completed in 11.41 seconds.
2024-05-09 13:47:03,318 - INFO - Train:7 - Approximate time left: 3 hours, 16 minutes
2024-05-09 13:47:17,396 - INFO - Train:7 - Epoch 523/1500 completed in 11.92 seconds.
2024-05-09 13:47:17,396 - INFO - Train:7 - Approximate time left: 3 hours, 16 minutes
2024-05-09 13:47:31,486 - INFO - Train:7 - Epoch 524/1500 completed in 11.96 seconds.
2024-05-09 13:47:31,487 - INFO - Train:7 - Approximate time left: 3 hours, 15 minutes
2024-05-09 13:47:45,379 - INFO - Train:7 - Epoch 525/1500 completed in 11.76 seconds.
2024-05-09 13:47:45,379 - INFO - Train:7 - Approximate time left: 3 hours, 15 minutes
2024-05-09 13:47:59,550 - INFO - Train:7 - Epoch 526/1500 completed in 12.00 seconds.
2024-05-09 13:47:59,550 - INFO - Train:7 - Approximate time left: 3 hours, 15 minutes
2024-05-09 13:48:13,561 - INFO - Train:7 - Epoch 527/1500 completed in 11.88 seconds.
2024-05-09 13:48:13,561 - INFO - Train:7 - Approximate time left: 3 hours, 15 minutes
2024-05-09 13:48:27,840 - INFO - Train:7 - Epoch 528/1500 completed in 12.17 seconds.
2024-05-09 13:48:27,841 - INFO - Train:7 - Approximate time left: 3 hours, 14 minutes
2024-05-09 13:48:41,781 - INFO - Train:7 - Epoch 529/1500 completed in 11.83 seconds.
2024-05-09 13:48:41,781 - INFO - Train:7 - Approximate time left: 3 hours, 14 minutes
2024-05-09 13:48:56,255 - INFO - Train:7 - Epoch 530/1500 completed in 12.03 seconds.
2024-05-09 13:48:56,256 - INFO - Train:7 - Approximate time left: 3 hours, 14 minutes
2024-05-09 13:49:10,639 - INFO - Train:7 - Epoch 531/1500 completed in 12.25 seconds.
2024-05-09 13:49:10,639 - INFO - Train:7 - Approximate time left: 3 hours, 14 minutes
2024-05-09 13:49:24,929 - INFO - Train:7 - Epoch 532/1500 completed in 12.16 seconds.
2024-05-09 13:49:24,929 - INFO - Train:7 - Approximate time left: 3 hours, 14 minutes
2024-05-09 13:49:39,211 - INFO - Train:7 - Epoch 533/1500 completed in 12.17 seconds.
2024-05-09 13:49:39,211 - INFO - Train:7 - Approximate time left: 3 hours, 13 minutes
2024-05-09 13:49:53,309 - INFO - Train:7 - Epoch 534/1500 completed in 11.97 seconds.
2024-05-09 13:49:53,310 - INFO - Train:7 - Approximate time left: 3 hours, 13 minutes
2024-05-09 13:50:07,545 - INFO - Train:7 - Epoch 535/1500 completed in 12.11 seconds.
2024-05-09 13:50:07,546 - INFO - Train:7 - Approximate time left: 3 hours, 13 minutes
2024-05-09 13:50:21,804 - INFO - Train:7 - Epoch 536/1500 completed in 12.03 seconds.
2024-05-09 13:50:21,805 - INFO - Train:7 - Approximate time left: 3 hours, 13 minutes
2024-05-09 13:50:35,704 - INFO - Train:7 - Epoch 537/1500 completed in 11.76 seconds.
2024-05-09 13:50:35,704 - INFO - Train:7 - Approximate time left: 3 hours, 13 minutes
2024-05-09 13:50:49,745 - INFO - Train:7 - Epoch 538/1500 completed in 11.89 seconds.
2024-05-09 13:50:49,745 - INFO - Train:7 - Approximate time left: 3 hours, 12 minutes
2024-05-09 13:51:03,943 - INFO - Train:7 - Epoch 539/1500 completed in 12.05 seconds.
2024-05-09 13:51:03,943 - INFO - Train:7 - Approximate time left: 3 hours, 12 minutes
2024-05-09 13:51:17,975 - INFO - Train:7 - Epoch 540/1500 completed in 11.89 seconds.
2024-05-09 13:51:17,976 - INFO - Train:7 - Approximate time left: 3 hours, 12 minutes
2024-05-09 13:51:31,706 - INFO - Train:7 - Epoch 541/1500 completed in 11.62 seconds.
2024-05-09 13:51:31,707 - INFO - Train:7 - Approximate time left: 3 hours, 12 minutes
2024-05-09 13:51:45,727 - INFO - Train:7 - Epoch 542/1500 completed in 11.88 seconds.
2024-05-09 13:51:45,727 - INFO - Train:7 - Approximate time left: 3 hours, 12 minutes
2024-05-09 13:52:00,625 - INFO - Train:7 - Epoch 543/1500 completed in 12.76 seconds.
2024-05-09 13:52:00,626 - INFO - Train:7 - Approximate time left: 3 hours, 11 minutes
2024-05-09 13:52:14,803 - INFO - Train:7 - Epoch 544/1500 completed in 12.07 seconds.
2024-05-09 13:52:14,803 - INFO - Train:7 - Approximate time left: 3 hours, 11 minutes
2024-05-09 13:52:29,062 - INFO - Train:7 - Epoch 545/1500 completed in 12.13 seconds.
2024-05-09 13:52:29,063 - INFO - Train:7 - Approximate time left: 3 hours, 11 minutes
2024-05-09 13:52:43,331 - INFO - Train:7 - Epoch 546/1500 completed in 12.15 seconds.
2024-05-09 13:52:43,331 - INFO - Train:7 - Approximate time left: 3 hours, 11 minutes
2024-05-09 13:52:57,526 - INFO - Train:7 - Epoch 547/1500 completed in 12.09 seconds.
2024-05-09 13:52:57,526 - INFO - Train:7 - Approximate time left: 3 hours, 11 minutes
2024-05-09 13:53:12,033 - INFO - Train:7 - Epoch 548/1500 completed in 12.37 seconds.
2024-05-09 13:53:12,033 - INFO - Train:7 - Approximate time left: 3 hours, 10 minutes
2024-05-09 13:53:25,991 - INFO - Train:7 - Epoch 549/1500 completed in 11.88 seconds.
2024-05-09 13:53:25,991 - INFO - Train:7 - Approximate time left: 3 hours, 10 minutes
2024-05-09 13:53:28,112 - INFO - Train:7 - Early stopping triggered across all processes at epoch:548
