2024-05-09 11:43:57,000 - ERROR - Train:1 - Error saving checkpoint: join() argument must be str, bytes, or os.PathLike object, not 'NoneType'
Traceback (most recent call last):
  File "/data/Pein/Pytorch/Ascend-NPU-Parallel-Training/1-src/trainer.py", line 538, in save_checkpoint
    save_checkpoint_folder = os.path.join(
  File "/root/miniconda3/envs/Pein38/lib/python3.8/posixpath.py", line 90, in join
    genericpath._check_arg_types('join', a, *p)
  File "/root/miniconda3/envs/Pein38/lib/python3.8/genericpath.py", line 152, in _check_arg_types
    raise TypeError(f'{funcname}() argument must be str, bytes, or '
TypeError: join() argument must be str, bytes, or os.PathLike object, not 'NoneType'
2024-05-09 11:43:57,001 - INFO - Train:1 - Epoch 1/1500 completed in 41.53 seconds.
2024-05-09 11:43:57,002 - INFO - Train:1 - Approximate time left: 17 hours, 17 minutes
2024-05-09 11:44:13,785 - INFO - Train:1 - Epoch 2/1500 completed in 12.41 seconds.
2024-05-09 11:44:13,785 - INFO - Train:1 - Approximate time left: 11 hours, 13 minutes
2024-05-09 11:44:27,864 - INFO - Train:1 - Epoch 3/1500 completed in 11.59 seconds.
2024-05-09 11:44:27,865 - INFO - Train:1 - Approximate time left: 9 hours, 5 minutes
2024-05-09 11:44:42,600 - INFO - Train:1 - Epoch 4/1500 completed in 12.20 seconds.
2024-05-09 11:44:42,601 - INFO - Train:1 - Approximate time left: 8 hours, 4 minutes
2024-05-09 11:44:57,069 - INFO - Train:1 - Epoch 5/1500 completed in 11.88 seconds.
2024-05-09 11:44:57,069 - INFO - Train:1 - Approximate time left: 7 hours, 26 minutes
2024-05-09 11:45:12,071 - INFO - Train:1 - Epoch 6/1500 completed in 12.41 seconds.
2024-05-09 11:45:12,072 - INFO - Train:1 - Approximate time left: 7 hours, 3 minutes
2024-05-09 11:45:26,983 - INFO - Train:1 - Epoch 7/1500 completed in 12.33 seconds.
2024-05-09 11:45:26,983 - INFO - Train:1 - Approximate time left: 6 hours, 46 minutes
2024-05-09 11:45:41,906 - INFO - Train:1 - Epoch 8/1500 completed in 12.37 seconds.
2024-05-09 11:45:41,906 - INFO - Train:1 - Approximate time left: 6 hours, 33 minutes
2024-05-09 11:45:56,372 - INFO - Train:1 - Epoch 9/1500 completed in 12.27 seconds.
2024-05-09 11:45:56,373 - INFO - Train:1 - Approximate time left: 6 hours, 23 minutes
2024-05-09 11:46:11,513 - INFO - Train:1 - Epoch 10/1500 completed in 12.62 seconds.
2024-05-09 11:46:11,513 - INFO - Train:1 - Approximate time left: 6 hours, 16 minutes
2024-05-09 11:46:26,452 - INFO - Train:1 - Epoch 11/1500 completed in 12.44 seconds.
2024-05-09 11:46:26,453 - INFO - Train:1 - Approximate time left: 6 hours, 10 minutes
2024-05-09 11:46:40,994 - INFO - Train:1 - Epoch 12/1500 completed in 12.38 seconds.
2024-05-09 11:46:40,994 - INFO - Train:1 - Approximate time left: 6 hours, 4 minutes
2024-05-09 11:46:55,438 - INFO - Train:1 - Epoch 13/1500 completed in 11.94 seconds.
2024-05-09 11:46:55,438 - INFO - Train:1 - Approximate time left: 5 hours, 59 minutes
2024-05-09 11:47:09,480 - INFO - Train:1 - Epoch 14/1500 completed in 11.86 seconds.
2024-05-09 11:47:09,480 - INFO - Train:1 - Approximate time left: 5 hours, 54 minutes
2024-05-09 11:47:23,797 - INFO - Train:1 - Epoch 15/1500 completed in 11.83 seconds.
2024-05-09 11:47:23,797 - INFO - Train:1 - Approximate time left: 5 hours, 49 minutes
2024-05-09 11:47:37,907 - INFO - Train:1 - Epoch 16/1500 completed in 11.94 seconds.
2024-05-09 11:47:37,908 - INFO - Train:1 - Approximate time left: 5 hours, 46 minutes
2024-05-09 11:47:53,026 - INFO - Train:1 - Epoch 17/1500 completed in 12.92 seconds.
2024-05-09 11:47:53,026 - INFO - Train:1 - Approximate time left: 5 hours, 44 minutes
2024-05-09 11:48:08,099 - INFO - Train:1 - Epoch 18/1500 completed in 12.50 seconds.
2024-05-09 11:48:08,099 - INFO - Train:1 - Approximate time left: 5 hours, 42 minutes
2024-05-09 11:48:23,699 - INFO - Train:1 - Epoch 19/1500 completed in 13.04 seconds.
2024-05-09 11:48:23,699 - INFO - Train:1 - Approximate time left: 5 hours, 40 minutes
2024-05-09 11:48:37,825 - INFO - Train:1 - Epoch 20/1500 completed in 11.95 seconds.
2024-05-09 11:48:37,825 - INFO - Train:1 - Approximate time left: 5 hours, 38 minutes
2024-05-09 11:48:51,811 - INFO - Train:1 - Epoch 21/1500 completed in 11.78 seconds.
2024-05-09 11:48:51,812 - INFO - Train:1 - Approximate time left: 5 hours, 35 minutes
2024-05-09 11:49:05,825 - INFO - Train:1 - Epoch 22/1500 completed in 11.84 seconds.
2024-05-09 11:49:05,825 - INFO - Train:1 - Approximate time left: 5 hours, 33 minutes
2024-05-09 11:49:20,141 - INFO - Train:1 - Epoch 23/1500 completed in 11.78 seconds.
2024-05-09 11:49:20,141 - INFO - Train:1 - Approximate time left: 5 hours, 31 minutes
2024-05-09 11:49:34,690 - INFO - Train:1 - Epoch 24/1500 completed in 11.95 seconds.
2024-05-09 11:49:34,691 - INFO - Train:1 - Approximate time left: 5 hours, 29 minutes
2024-05-09 11:49:49,422 - INFO - Train:1 - Epoch 25/1500 completed in 12.25 seconds.
2024-05-09 11:49:49,422 - INFO - Train:1 - Approximate time left: 5 hours, 28 minutes
2024-05-09 11:50:03,615 - INFO - Train:1 - Epoch 26/1500 completed in 12.03 seconds.
2024-05-09 11:50:03,615 - INFO - Train:1 - Approximate time left: 5 hours, 26 minutes
2024-05-09 11:50:17,993 - INFO - Train:1 - Epoch 27/1500 completed in 11.80 seconds.
2024-05-09 11:50:17,993 - INFO - Train:1 - Approximate time left: 5 hours, 25 minutes
2024-05-09 11:50:31,901 - INFO - Train:1 - Epoch 28/1500 completed in 11.73 seconds.
2024-05-09 11:50:31,901 - INFO - Train:1 - Approximate time left: 5 hours, 23 minutes
2024-05-09 11:50:46,561 - INFO - Train:1 - Epoch 29/1500 completed in 12.07 seconds.
2024-05-09 11:50:46,561 - INFO - Train:1 - Approximate time left: 5 hours, 22 minutes
2024-05-09 11:51:00,870 - INFO - Train:1 - Epoch 30/1500 completed in 12.07 seconds.
2024-05-09 11:51:00,871 - INFO - Train:1 - Approximate time left: 5 hours, 21 minutes
2024-05-09 11:51:15,221 - INFO - Train:1 - Epoch 31/1500 completed in 12.12 seconds.
2024-05-09 11:51:15,221 - INFO - Train:1 - Approximate time left: 5 hours, 20 minutes
2024-05-09 11:51:29,758 - INFO - Train:1 - Epoch 32/1500 completed in 12.33 seconds.
2024-05-09 11:51:29,758 - INFO - Train:1 - Approximate time left: 5 hours, 19 minutes
2024-05-09 11:51:43,982 - INFO - Train:1 - Epoch 33/1500 completed in 11.98 seconds.
2024-05-09 11:51:43,982 - INFO - Train:1 - Approximate time left: 5 hours, 18 minutes
2024-05-09 11:51:59,125 - INFO - Train:1 - Epoch 34/1500 completed in 12.50 seconds.
2024-05-09 11:51:59,125 - INFO - Train:1 - Approximate time left: 5 hours, 18 minutes
2024-05-09 11:52:13,213 - INFO - Train:1 - Epoch 35/1500 completed in 11.55 seconds.
2024-05-09 11:52:13,213 - INFO - Train:1 - Approximate time left: 5 hours, 16 minutes
2024-05-09 11:52:27,900 - INFO - Train:1 - Epoch 36/1500 completed in 12.14 seconds.
2024-05-09 11:52:27,900 - INFO - Train:1 - Approximate time left: 5 hours, 16 minutes
2024-05-09 11:52:41,887 - INFO - Train:1 - Epoch 37/1500 completed in 11.81 seconds.
2024-05-09 11:52:41,888 - INFO - Train:1 - Approximate time left: 5 hours, 15 minutes
2024-05-09 11:52:57,051 - INFO - Train:1 - Epoch 38/1500 completed in 12.57 seconds.
2024-05-09 11:52:57,051 - INFO - Train:1 - Approximate time left: 5 hours, 14 minutes
2024-05-09 11:53:12,156 - INFO - Train:1 - Epoch 39/1500 completed in 12.61 seconds.
2024-05-09 11:53:12,156 - INFO - Train:1 - Approximate time left: 5 hours, 14 minutes
2024-05-09 11:53:27,415 - INFO - Train:1 - Epoch 40/1500 completed in 12.67 seconds.
2024-05-09 11:53:27,415 - INFO - Train:1 - Approximate time left: 5 hours, 13 minutes
2024-05-09 11:53:42,102 - INFO - Train:1 - Epoch 41/1500 completed in 12.51 seconds.
2024-05-09 11:53:42,102 - INFO - Train:1 - Approximate time left: 5 hours, 13 minutes
2024-05-09 11:53:56,220 - INFO - Train:1 - Epoch 42/1500 completed in 11.63 seconds.
2024-05-09 11:53:56,221 - INFO - Train:1 - Approximate time left: 5 hours, 12 minutes
2024-05-09 11:54:10,098 - INFO - Train:1 - Epoch 43/1500 completed in 11.71 seconds.
2024-05-09 11:54:10,098 - INFO - Train:1 - Approximate time left: 5 hours, 11 minutes
2024-05-09 11:54:24,527 - INFO - Train:1 - Epoch 44/1500 completed in 11.90 seconds.
2024-05-09 11:54:24,528 - INFO - Train:1 - Approximate time left: 5 hours, 10 minutes
2024-05-09 11:54:38,935 - INFO - Train:1 - Epoch 45/1500 completed in 12.27 seconds.
2024-05-09 11:54:38,935 - INFO - Train:1 - Approximate time left: 5 hours, 10 minutes
2024-05-09 11:54:53,540 - INFO - Train:1 - Epoch 46/1500 completed in 12.00 seconds.
2024-05-09 11:54:53,540 - INFO - Train:1 - Approximate time left: 5 hours, 9 minutes
2024-05-09 11:55:09,004 - INFO - Train:1 - Epoch 47/1500 completed in 12.93 seconds.
2024-05-09 11:55:09,004 - INFO - Train:1 - Approximate time left: 5 hours, 9 minutes
2024-05-09 11:55:24,070 - INFO - Train:1 - Epoch 48/1500 completed in 12.93 seconds.
2024-05-09 11:55:24,070 - INFO - Train:1 - Approximate time left: 5 hours, 9 minutes
2024-05-09 11:55:38,092 - INFO - Train:1 - Epoch 49/1500 completed in 11.88 seconds.
2024-05-09 11:55:38,092 - INFO - Train:1 - Approximate time left: 5 hours, 8 minutes
2024-05-09 11:55:52,403 - INFO - Train:1 - Epoch 50/1500 completed in 11.83 seconds.
2024-05-09 11:55:52,403 - INFO - Train:1 - Approximate time left: 5 hours, 8 minutes
2024-05-09 11:56:06,330 - INFO - Train:1 - Epoch 51/1500 completed in 11.75 seconds.
2024-05-09 11:56:06,330 - INFO - Train:1 - Approximate time left: 5 hours, 7 minutes
2024-05-09 11:56:20,310 - INFO - Train:1 - Epoch 52/1500 completed in 11.79 seconds.
2024-05-09 11:56:20,310 - INFO - Train:1 - Approximate time left: 5 hours, 6 minutes
2024-05-09 11:56:34,402 - INFO - Train:1 - Epoch 53/1500 completed in 11.86 seconds.
2024-05-09 11:56:34,402 - INFO - Train:1 - Approximate time left: 5 hours, 6 minutes
2024-05-09 11:56:48,458 - INFO - Train:1 - Epoch 54/1500 completed in 11.88 seconds.
2024-05-09 11:56:48,458 - INFO - Train:1 - Approximate time left: 5 hours, 5 minutes
2024-05-09 11:57:02,994 - INFO - Train:1 - Epoch 55/1500 completed in 12.01 seconds.
2024-05-09 11:57:02,995 - INFO - Train:1 - Approximate time left: 5 hours, 5 minutes
2024-05-09 11:57:16,880 - INFO - Train:1 - Epoch 56/1500 completed in 11.69 seconds.
2024-05-09 11:57:16,881 - INFO - Train:1 - Approximate time left: 5 hours, 4 minutes
2024-05-09 11:57:30,801 - INFO - Train:1 - Epoch 57/1500 completed in 11.78 seconds.
2024-05-09 11:57:30,802 - INFO - Train:1 - Approximate time left: 5 hours, 3 minutes
2024-05-09 11:57:45,063 - INFO - Train:1 - Epoch 58/1500 completed in 12.13 seconds.
2024-05-09 11:57:45,063 - INFO - Train:1 - Approximate time left: 5 hours, 3 minutes
2024-05-09 11:58:00,209 - INFO - Train:1 - Epoch 59/1500 completed in 13.00 seconds.
2024-05-09 11:58:00,210 - INFO - Train:1 - Approximate time left: 5 hours, 3 minutes
2024-05-09 11:58:15,202 - INFO - Train:1 - Epoch 60/1500 completed in 12.87 seconds.
2024-05-09 11:58:15,202 - INFO - Train:1 - Approximate time left: 5 hours, 3 minutes
2024-05-09 11:58:30,153 - INFO - Train:1 - Epoch 61/1500 completed in 12.82 seconds.
2024-05-09 11:58:30,153 - INFO - Train:1 - Approximate time left: 5 hours, 3 minutes
2024-05-09 11:58:44,419 - INFO - Train:1 - Epoch 62/1500 completed in 12.11 seconds.
2024-05-09 11:58:44,419 - INFO - Train:1 - Approximate time left: 5 hours, 2 minutes
2024-05-09 11:58:58,307 - INFO - Train:1 - Epoch 63/1500 completed in 11.70 seconds.
2024-05-09 11:58:58,308 - INFO - Train:1 - Approximate time left: 5 hours, 2 minutes
2024-05-09 11:59:12,378 - INFO - Train:1 - Epoch 64/1500 completed in 11.94 seconds.
2024-05-09 11:59:12,379 - INFO - Train:1 - Approximate time left: 5 hours, 1 minutes
2024-05-09 11:59:26,870 - INFO - Train:1 - Epoch 65/1500 completed in 12.27 seconds.
2024-05-09 11:59:26,870 - INFO - Train:1 - Approximate time left: 5 hours, 1 minutes
2024-05-09 11:59:41,370 - INFO - Train:1 - Epoch 66/1500 completed in 12.01 seconds.
2024-05-09 11:59:41,370 - INFO - Train:1 - Approximate time left: 5 hours, 0 minutes
2024-05-09 11:59:55,551 - INFO - Train:1 - Epoch 67/1500 completed in 12.05 seconds.
2024-05-09 11:59:55,551 - INFO - Train:1 - Approximate time left: 5 hours, 0 minutes
2024-05-09 12:00:09,393 - INFO - Train:1 - Epoch 68/1500 completed in 11.68 seconds.
2024-05-09 12:00:09,394 - INFO - Train:1 - Approximate time left: 5 hours, 0 minutes
2024-05-09 12:00:23,642 - INFO - Train:1 - Epoch 69/1500 completed in 11.69 seconds.
2024-05-09 12:00:23,642 - INFO - Train:1 - Approximate time left: 4 hours, 59 minutes
2024-05-09 12:00:37,652 - INFO - Train:1 - Epoch 70/1500 completed in 11.86 seconds.
2024-05-09 12:00:37,652 - INFO - Train:1 - Approximate time left: 4 hours, 59 minutes
2024-05-09 12:00:51,965 - INFO - Train:1 - Epoch 71/1500 completed in 12.16 seconds.
2024-05-09 12:00:51,965 - INFO - Train:1 - Approximate time left: 4 hours, 58 minutes
2024-05-09 12:01:06,381 - INFO - Train:1 - Epoch 72/1500 completed in 12.26 seconds.
2024-05-09 12:01:06,382 - INFO - Train:1 - Approximate time left: 4 hours, 58 minutes
2024-05-09 12:01:20,681 - INFO - Train:1 - Epoch 73/1500 completed in 12.15 seconds.
2024-05-09 12:01:20,681 - INFO - Train:1 - Approximate time left: 4 hours, 58 minutes
2024-05-09 12:01:34,914 - INFO - Train:1 - Epoch 74/1500 completed in 12.07 seconds.
2024-05-09 12:01:34,915 - INFO - Train:1 - Approximate time left: 4 hours, 57 minutes
2024-05-09 12:01:49,097 - INFO - Train:1 - Epoch 75/1500 completed in 12.01 seconds.
2024-05-09 12:01:49,097 - INFO - Train:1 - Approximate time left: 4 hours, 57 minutes
2024-05-09 12:02:03,555 - INFO - Train:1 - Epoch 76/1500 completed in 12.30 seconds.
2024-05-09 12:02:03,555 - INFO - Train:1 - Approximate time left: 4 hours, 57 minutes
2024-05-09 12:02:17,086 - INFO - Train:1 - Epoch 77/1500 completed in 11.36 seconds.
2024-05-09 12:02:17,087 - INFO - Train:1 - Approximate time left: 4 hours, 56 minutes
2024-05-09 12:02:30,295 - INFO - Train:1 - Epoch 78/1500 completed in 11.04 seconds.
2024-05-09 12:02:30,295 - INFO - Train:1 - Approximate time left: 4 hours, 55 minutes
2024-05-09 12:02:44,702 - INFO - Train:1 - Epoch 79/1500 completed in 11.97 seconds.
2024-05-09 12:02:44,703 - INFO - Train:1 - Approximate time left: 4 hours, 55 minutes
2024-05-09 12:02:58,819 - INFO - Train:1 - Epoch 80/1500 completed in 11.98 seconds.
2024-05-09 12:02:58,820 - INFO - Train:1 - Approximate time left: 4 hours, 55 minutes
2024-05-09 12:03:12,932 - INFO - Train:1 - Epoch 81/1500 completed in 11.96 seconds.
2024-05-09 12:03:12,932 - INFO - Train:1 - Approximate time left: 4 hours, 54 minutes
2024-05-09 12:03:26,589 - INFO - Train:1 - Epoch 82/1500 completed in 11.44 seconds.
2024-05-09 12:03:26,590 - INFO - Train:1 - Approximate time left: 4 hours, 54 minutes
2024-05-09 12:03:41,346 - INFO - Train:1 - Epoch 83/1500 completed in 12.19 seconds.
2024-05-09 12:03:41,346 - INFO - Train:1 - Approximate time left: 4 hours, 54 minutes
2024-05-09 12:03:55,038 - INFO - Train:1 - Epoch 84/1500 completed in 11.52 seconds.
2024-05-09 12:03:55,039 - INFO - Train:1 - Approximate time left: 4 hours, 53 minutes
2024-05-09 12:04:09,008 - INFO - Train:1 - Epoch 85/1500 completed in 11.77 seconds.
2024-05-09 12:04:09,008 - INFO - Train:1 - Approximate time left: 4 hours, 53 minutes
2024-05-09 12:04:23,895 - INFO - Train:1 - Epoch 86/1500 completed in 12.74 seconds.
2024-05-09 12:04:23,896 - INFO - Train:1 - Approximate time left: 4 hours, 53 minutes
2024-05-09 12:04:37,948 - INFO - Train:1 - Epoch 87/1500 completed in 11.87 seconds.
2024-05-09 12:04:37,949 - INFO - Train:1 - Approximate time left: 4 hours, 52 minutes
2024-05-09 12:04:51,730 - INFO - Train:1 - Epoch 88/1500 completed in 11.59 seconds.
2024-05-09 12:04:51,731 - INFO - Train:1 - Approximate time left: 4 hours, 52 minutes
2024-05-09 12:05:05,716 - INFO - Train:1 - Epoch 89/1500 completed in 11.80 seconds.
2024-05-09 12:05:05,717 - INFO - Train:1 - Approximate time left: 4 hours, 51 minutes
2024-05-09 12:05:19,676 - INFO - Train:1 - Epoch 90/1500 completed in 11.79 seconds.
2024-05-09 12:05:19,676 - INFO - Train:1 - Approximate time left: 4 hours, 51 minutes
2024-05-09 12:05:34,205 - INFO - Train:1 - Epoch 91/1500 completed in 11.99 seconds.
2024-05-09 12:05:34,206 - INFO - Train:1 - Approximate time left: 4 hours, 51 minutes
2024-05-09 12:05:47,403 - INFO - Train:1 - Epoch 92/1500 completed in 11.05 seconds.
2024-05-09 12:05:47,403 - INFO - Train:1 - Approximate time left: 4 hours, 50 minutes
2024-05-09 12:06:01,252 - INFO - Train:1 - Epoch 93/1500 completed in 11.67 seconds.
2024-05-09 12:06:01,252 - INFO - Train:1 - Approximate time left: 4 hours, 50 minutes
2024-05-09 12:06:15,059 - INFO - Train:1 - Epoch 94/1500 completed in 11.65 seconds.
2024-05-09 12:06:15,059 - INFO - Train:1 - Approximate time left: 4 hours, 49 minutes
2024-05-09 12:06:29,045 - INFO - Train:1 - Epoch 95/1500 completed in 11.85 seconds.
2024-05-09 12:06:29,045 - INFO - Train:1 - Approximate time left: 4 hours, 49 minutes
2024-05-09 12:06:42,652 - INFO - Train:1 - Epoch 96/1500 completed in 11.45 seconds.
2024-05-09 12:06:42,652 - INFO - Train:1 - Approximate time left: 4 hours, 49 minutes
2024-05-09 12:06:56,281 - INFO - Train:1 - Epoch 97/1500 completed in 11.48 seconds.
2024-05-09 12:06:56,282 - INFO - Train:1 - Approximate time left: 4 hours, 48 minutes
2024-05-09 12:07:10,392 - INFO - Train:1 - Epoch 98/1500 completed in 11.94 seconds.
2024-05-09 12:07:10,392 - INFO - Train:1 - Approximate time left: 4 hours, 48 minutes
2024-05-09 12:07:24,524 - INFO - Train:1 - Epoch 99/1500 completed in 11.91 seconds.
2024-05-09 12:07:24,524 - INFO - Train:1 - Approximate time left: 4 hours, 48 minutes
2024-05-09 12:07:38,446 - INFO - Train:1 - Epoch 100/1500 completed in 11.41 seconds.
2024-05-09 12:07:38,446 - INFO - Train:1 - Approximate time left: 4 hours, 47 minutes
2024-05-09 12:07:52,796 - INFO - Train:1 - Epoch 101/1500 completed in 11.87 seconds.
2024-05-09 12:07:52,796 - INFO - Train:1 - Approximate time left: 4 hours, 47 minutes
2024-05-09 12:08:06,717 - INFO - Train:1 - Epoch 102/1500 completed in 11.38 seconds.
2024-05-09 12:08:06,718 - INFO - Train:1 - Approximate time left: 4 hours, 46 minutes
2024-05-09 12:08:20,204 - INFO - Train:1 - Epoch 103/1500 completed in 11.34 seconds.
2024-05-09 12:08:20,204 - INFO - Train:1 - Approximate time left: 4 hours, 46 minutes
2024-05-09 12:08:35,103 - INFO - Train:1 - Epoch 104/1500 completed in 12.36 seconds.
2024-05-09 12:08:35,103 - INFO - Train:1 - Approximate time left: 4 hours, 46 minutes
2024-05-09 12:08:49,543 - INFO - Train:1 - Epoch 105/1500 completed in 12.26 seconds.
2024-05-09 12:08:49,543 - INFO - Train:1 - Approximate time left: 4 hours, 46 minutes
2024-05-09 12:09:03,153 - INFO - Train:1 - Epoch 106/1500 completed in 11.41 seconds.
2024-05-09 12:09:03,154 - INFO - Train:1 - Approximate time left: 4 hours, 45 minutes
2024-05-09 12:09:16,912 - INFO - Train:1 - Epoch 107/1500 completed in 11.61 seconds.
2024-05-09 12:09:16,913 - INFO - Train:1 - Approximate time left: 4 hours, 45 minutes
2024-05-09 12:09:31,680 - INFO - Train:1 - Epoch 108/1500 completed in 12.61 seconds.
2024-05-09 12:09:31,680 - INFO - Train:1 - Approximate time left: 4 hours, 45 minutes
2024-05-09 12:09:46,729 - INFO - Train:1 - Epoch 109/1500 completed in 12.85 seconds.
2024-05-09 12:09:46,729 - INFO - Train:1 - Approximate time left: 4 hours, 45 minutes
2024-05-09 12:10:01,847 - INFO - Train:1 - Epoch 110/1500 completed in 12.96 seconds.
2024-05-09 12:10:01,847 - INFO - Train:1 - Approximate time left: 4 hours, 45 minutes
2024-05-09 12:10:16,615 - INFO - Train:1 - Epoch 111/1500 completed in 12.66 seconds.
2024-05-09 12:10:16,615 - INFO - Train:1 - Approximate time left: 4 hours, 44 minutes
2024-05-09 12:10:31,330 - INFO - Train:1 - Epoch 112/1500 completed in 12.07 seconds.
2024-05-09 12:10:31,330 - INFO - Train:1 - Approximate time left: 4 hours, 44 minutes
2024-05-09 12:10:45,261 - INFO - Train:1 - Epoch 113/1500 completed in 11.70 seconds.
2024-05-09 12:10:45,261 - INFO - Train:1 - Approximate time left: 4 hours, 44 minutes
2024-05-09 12:10:59,519 - INFO - Train:1 - Epoch 114/1500 completed in 12.09 seconds.
2024-05-09 12:10:59,519 - INFO - Train:1 - Approximate time left: 4 hours, 44 minutes
2024-05-09 12:11:14,070 - INFO - Train:1 - Epoch 115/1500 completed in 12.39 seconds.
2024-05-09 12:11:14,070 - INFO - Train:1 - Approximate time left: 4 hours, 43 minutes
2024-05-09 12:11:28,728 - INFO - Train:1 - Epoch 116/1500 completed in 12.49 seconds.
2024-05-09 12:11:28,728 - INFO - Train:1 - Approximate time left: 4 hours, 43 minutes
2024-05-09 12:11:43,006 - INFO - Train:1 - Epoch 117/1500 completed in 12.17 seconds.
2024-05-09 12:11:43,006 - INFO - Train:1 - Approximate time left: 4 hours, 43 minutes
2024-05-09 12:11:57,871 - INFO - Train:1 - Epoch 118/1500 completed in 12.34 seconds.
2024-05-09 12:11:57,871 - INFO - Train:1 - Approximate time left: 4 hours, 43 minutes
2024-05-09 12:12:12,590 - INFO - Train:1 - Epoch 119/1500 completed in 12.53 seconds.
2024-05-09 12:12:12,590 - INFO - Train:1 - Approximate time left: 4 hours, 43 minutes
2024-05-09 12:12:27,412 - INFO - Train:1 - Epoch 120/1500 completed in 12.64 seconds.
2024-05-09 12:12:27,412 - INFO - Train:1 - Approximate time left: 4 hours, 43 minutes
2024-05-09 12:12:41,516 - INFO - Train:1 - Epoch 121/1500 completed in 11.96 seconds.
2024-05-09 12:12:41,516 - INFO - Train:1 - Approximate time left: 4 hours, 42 minutes
2024-05-09 12:12:55,860 - INFO - Train:1 - Epoch 122/1500 completed in 12.19 seconds.
2024-05-09 12:12:55,860 - INFO - Train:1 - Approximate time left: 4 hours, 42 minutes
2024-05-09 12:13:10,058 - INFO - Train:1 - Epoch 123/1500 completed in 12.05 seconds.
2024-05-09 12:13:10,058 - INFO - Train:1 - Approximate time left: 4 hours, 42 minutes
2024-05-09 12:13:24,479 - INFO - Train:1 - Epoch 124/1500 completed in 12.25 seconds.
2024-05-09 12:13:24,480 - INFO - Train:1 - Approximate time left: 4 hours, 42 minutes
2024-05-09 12:13:38,731 - INFO - Train:1 - Epoch 125/1500 completed in 12.11 seconds.
2024-05-09 12:13:38,731 - INFO - Train:1 - Approximate time left: 4 hours, 41 minutes
2024-05-09 12:13:52,622 - INFO - Train:1 - Epoch 126/1500 completed in 11.72 seconds.
2024-05-09 12:13:52,622 - INFO - Train:1 - Approximate time left: 4 hours, 41 minutes
2024-05-09 12:14:06,801 - INFO - Train:1 - Epoch 127/1500 completed in 12.02 seconds.
2024-05-09 12:14:06,801 - INFO - Train:1 - Approximate time left: 4 hours, 41 minutes
2024-05-09 12:14:21,053 - INFO - Train:1 - Epoch 128/1500 completed in 12.13 seconds.
2024-05-09 12:14:21,054 - INFO - Train:1 - Approximate time left: 4 hours, 41 minutes
2024-05-09 12:14:35,376 - INFO - Train:1 - Epoch 129/1500 completed in 12.17 seconds.
2024-05-09 12:14:35,376 - INFO - Train:1 - Approximate time left: 4 hours, 40 minutes
2024-05-09 12:14:49,433 - INFO - Train:1 - Epoch 130/1500 completed in 11.57 seconds.
2024-05-09 12:14:49,433 - INFO - Train:1 - Approximate time left: 4 hours, 40 minutes
2024-05-09 12:15:03,737 - INFO - Train:1 - Epoch 131/1500 completed in 12.15 seconds.
2024-05-09 12:15:03,738 - INFO - Train:1 - Approximate time left: 4 hours, 40 minutes
2024-05-09 12:15:18,363 - INFO - Train:1 - Epoch 132/1500 completed in 12.49 seconds.
2024-05-09 12:15:18,363 - INFO - Train:1 - Approximate time left: 4 hours, 40 minutes
2024-05-09 12:15:33,283 - INFO - Train:1 - Epoch 133/1500 completed in 12.75 seconds.
2024-05-09 12:15:33,283 - INFO - Train:1 - Approximate time left: 4 hours, 39 minutes
2024-05-09 12:15:47,495 - INFO - Train:1 - Epoch 134/1500 completed in 12.07 seconds.
2024-05-09 12:15:47,495 - INFO - Train:1 - Approximate time left: 4 hours, 39 minutes
2024-05-09 12:16:01,805 - INFO - Train:1 - Epoch 135/1500 completed in 12.11 seconds.
2024-05-09 12:16:01,805 - INFO - Train:1 - Approximate time left: 4 hours, 39 minutes
2024-05-09 12:16:15,943 - INFO - Train:1 - Epoch 136/1500 completed in 12.00 seconds.
2024-05-09 12:16:15,943 - INFO - Train:1 - Approximate time left: 4 hours, 39 minutes
2024-05-09 12:16:30,359 - INFO - Train:1 - Epoch 137/1500 completed in 12.27 seconds.
2024-05-09 12:16:30,359 - INFO - Train:1 - Approximate time left: 4 hours, 38 minutes
2024-05-09 12:16:44,519 - INFO - Train:1 - Epoch 138/1500 completed in 12.02 seconds.
2024-05-09 12:16:44,519 - INFO - Train:1 - Approximate time left: 4 hours, 38 minutes
2024-05-09 12:16:58,354 - INFO - Train:1 - Epoch 139/1500 completed in 11.69 seconds.
2024-05-09 12:16:58,354 - INFO - Train:1 - Approximate time left: 4 hours, 38 minutes
2024-05-09 12:17:13,126 - INFO - Train:1 - Epoch 140/1500 completed in 12.63 seconds.
2024-05-09 12:17:13,126 - INFO - Train:1 - Approximate time left: 4 hours, 38 minutes
2024-05-09 12:17:27,014 - INFO - Train:1 - Epoch 141/1500 completed in 11.73 seconds.
2024-05-09 12:17:27,014 - INFO - Train:1 - Approximate time left: 4 hours, 38 minutes
2024-05-09 12:17:41,442 - INFO - Train:1 - Epoch 142/1500 completed in 11.89 seconds.
2024-05-09 12:17:41,442 - INFO - Train:1 - Approximate time left: 4 hours, 37 minutes
2024-05-09 12:17:55,670 - INFO - Train:1 - Epoch 143/1500 completed in 12.09 seconds.
2024-05-09 12:17:55,670 - INFO - Train:1 - Approximate time left: 4 hours, 37 minutes
2024-05-09 12:18:09,466 - INFO - Train:1 - Epoch 144/1500 completed in 11.62 seconds.
2024-05-09 12:18:09,466 - INFO - Train:1 - Approximate time left: 4 hours, 37 minutes
2024-05-09 12:18:24,312 - INFO - Train:1 - Epoch 145/1500 completed in 12.72 seconds.
2024-05-09 12:18:24,312 - INFO - Train:1 - Approximate time left: 4 hours, 37 minutes
2024-05-09 12:18:38,313 - INFO - Train:1 - Epoch 146/1500 completed in 11.58 seconds.
2024-05-09 12:18:38,314 - INFO - Train:1 - Approximate time left: 4 hours, 36 minutes
2024-05-09 12:18:52,420 - INFO - Train:1 - Epoch 147/1500 completed in 11.99 seconds.
2024-05-09 12:18:52,420 - INFO - Train:1 - Approximate time left: 4 hours, 36 minutes
2024-05-09 12:19:06,596 - INFO - Train:1 - Epoch 148/1500 completed in 12.03 seconds.
2024-05-09 12:19:06,596 - INFO - Train:1 - Approximate time left: 4 hours, 36 minutes
2024-05-09 12:19:20,564 - INFO - Train:1 - Epoch 149/1500 completed in 11.86 seconds.
2024-05-09 12:19:20,564 - INFO - Train:1 - Approximate time left: 4 hours, 36 minutes
2024-05-09 12:19:34,431 - INFO - Train:1 - Epoch 150/1500 completed in 11.77 seconds.
2024-05-09 12:19:34,432 - INFO - Train:1 - Approximate time left: 4 hours, 35 minutes
2024-05-09 12:19:48,280 - INFO - Train:1 - Epoch 151/1500 completed in 11.73 seconds.
2024-05-09 12:19:48,280 - INFO - Train:1 - Approximate time left: 4 hours, 35 minutes
2024-05-09 12:20:02,460 - INFO - Train:1 - Epoch 152/1500 completed in 12.03 seconds.
2024-05-09 12:20:02,461 - INFO - Train:1 - Approximate time left: 4 hours, 35 minutes
2024-05-09 12:20:16,916 - INFO - Train:1 - Epoch 153/1500 completed in 11.99 seconds.
2024-05-09 12:20:16,916 - INFO - Train:1 - Approximate time left: 4 hours, 34 minutes
2024-05-09 12:20:31,129 - INFO - Train:1 - Epoch 154/1500 completed in 12.09 seconds.
2024-05-09 12:20:31,130 - INFO - Train:1 - Approximate time left: 4 hours, 34 minutes
2024-05-09 12:20:45,392 - INFO - Train:1 - Epoch 155/1500 completed in 11.72 seconds.
2024-05-09 12:20:45,392 - INFO - Train:1 - Approximate time left: 4 hours, 34 minutes
2024-05-09 12:20:59,442 - INFO - Train:1 - Epoch 156/1500 completed in 11.93 seconds.
2024-05-09 12:20:59,442 - INFO - Train:1 - Approximate time left: 4 hours, 34 minutes
2024-05-09 12:21:13,569 - INFO - Train:1 - Epoch 157/1500 completed in 11.56 seconds.
2024-05-09 12:21:13,570 - INFO - Train:1 - Approximate time left: 4 hours, 33 minutes
2024-05-09 12:21:27,259 - INFO - Train:1 - Epoch 158/1500 completed in 11.55 seconds.
2024-05-09 12:21:27,259 - INFO - Train:1 - Approximate time left: 4 hours, 33 minutes
2024-05-09 12:21:41,157 - INFO - Train:1 - Epoch 159/1500 completed in 11.82 seconds.
2024-05-09 12:21:41,157 - INFO - Train:1 - Approximate time left: 4 hours, 33 minutes
2024-05-09 12:21:55,852 - INFO - Train:1 - Epoch 160/1500 completed in 12.52 seconds.
2024-05-09 12:21:55,852 - INFO - Train:1 - Approximate time left: 4 hours, 33 minutes
2024-05-09 12:22:10,553 - INFO - Train:1 - Epoch 161/1500 completed in 12.56 seconds.
2024-05-09 12:22:10,553 - INFO - Train:1 - Approximate time left: 4 hours, 33 minutes
2024-05-09 12:22:24,803 - INFO - Train:1 - Epoch 162/1500 completed in 12.14 seconds.
2024-05-09 12:22:24,804 - INFO - Train:1 - Approximate time left: 4 hours, 32 minutes
2024-05-09 12:22:38,903 - INFO - Train:1 - Epoch 163/1500 completed in 11.96 seconds.
2024-05-09 12:22:38,903 - INFO - Train:1 - Approximate time left: 4 hours, 32 minutes
2024-05-09 12:22:53,106 - INFO - Train:1 - Epoch 164/1500 completed in 12.08 seconds.
2024-05-09 12:22:53,106 - INFO - Train:1 - Approximate time left: 4 hours, 32 minutes
2024-05-09 12:23:07,178 - INFO - Train:1 - Epoch 165/1500 completed in 11.93 seconds.
2024-05-09 12:23:07,178 - INFO - Train:1 - Approximate time left: 4 hours, 32 minutes
2024-05-09 12:23:21,041 - INFO - Train:1 - Epoch 166/1500 completed in 11.72 seconds.
2024-05-09 12:23:21,041 - INFO - Train:1 - Approximate time left: 4 hours, 31 minutes
2024-05-09 12:23:34,966 - INFO - Train:1 - Epoch 167/1500 completed in 11.78 seconds.
2024-05-09 12:23:34,966 - INFO - Train:1 - Approximate time left: 4 hours, 31 minutes
2024-05-09 12:23:49,211 - INFO - Train:1 - Epoch 168/1500 completed in 12.12 seconds.
2024-05-09 12:23:49,211 - INFO - Train:1 - Approximate time left: 4 hours, 31 minutes
2024-05-09 12:24:03,120 - INFO - Train:1 - Epoch 169/1500 completed in 11.80 seconds.
2024-05-09 12:24:03,120 - INFO - Train:1 - Approximate time left: 4 hours, 31 minutes
2024-05-09 12:24:17,543 - INFO - Train:1 - Epoch 170/1500 completed in 12.29 seconds.
2024-05-09 12:24:17,544 - INFO - Train:1 - Approximate time left: 4 hours, 30 minutes
2024-05-09 12:24:31,755 - INFO - Train:1 - Epoch 171/1500 completed in 12.07 seconds.
2024-05-09 12:24:31,755 - INFO - Train:1 - Approximate time left: 4 hours, 30 minutes
2024-05-09 12:24:45,726 - INFO - Train:1 - Epoch 172/1500 completed in 11.84 seconds.
2024-05-09 12:24:45,727 - INFO - Train:1 - Approximate time left: 4 hours, 30 minutes
2024-05-09 12:25:00,049 - INFO - Train:1 - Epoch 173/1500 completed in 12.20 seconds.
2024-05-09 12:25:00,049 - INFO - Train:1 - Approximate time left: 4 hours, 30 minutes
2024-05-09 12:25:14,211 - INFO - Train:1 - Epoch 174/1500 completed in 12.03 seconds.
2024-05-09 12:25:14,211 - INFO - Train:1 - Approximate time left: 4 hours, 29 minutes
2024-05-09 12:25:28,147 - INFO - Train:1 - Epoch 175/1500 completed in 11.76 seconds.
2024-05-09 12:25:28,147 - INFO - Train:1 - Approximate time left: 4 hours, 29 minutes
2024-05-09 12:25:42,137 - INFO - Train:1 - Epoch 176/1500 completed in 11.89 seconds.
2024-05-09 12:25:42,138 - INFO - Train:1 - Approximate time left: 4 hours, 29 minutes
2024-05-09 12:25:56,339 - INFO - Train:1 - Epoch 177/1500 completed in 12.04 seconds.
2024-05-09 12:25:56,339 - INFO - Train:1 - Approximate time left: 4 hours, 29 minutes
2024-05-09 12:26:09,965 - INFO - Train:1 - Epoch 178/1500 completed in 11.50 seconds.
2024-05-09 12:26:09,965 - INFO - Train:1 - Approximate time left: 4 hours, 28 minutes
2024-05-09 12:26:23,783 - INFO - Train:1 - Epoch 179/1500 completed in 11.68 seconds.
2024-05-09 12:26:23,784 - INFO - Train:1 - Approximate time left: 4 hours, 28 minutes
2024-05-09 12:26:37,424 - INFO - Train:1 - Epoch 180/1500 completed in 11.52 seconds.
2024-05-09 12:26:37,424 - INFO - Train:1 - Approximate time left: 4 hours, 28 minutes
2024-05-09 12:26:51,902 - INFO - Train:1 - Epoch 181/1500 completed in 11.94 seconds.
2024-05-09 12:26:51,902 - INFO - Train:1 - Approximate time left: 4 hours, 28 minutes
2024-05-09 12:27:05,582 - INFO - Train:1 - Epoch 182/1500 completed in 11.50 seconds.
2024-05-09 12:27:05,583 - INFO - Train:1 - Approximate time left: 4 hours, 27 minutes
2024-05-09 12:27:19,531 - INFO - Train:1 - Epoch 183/1500 completed in 11.85 seconds.
2024-05-09 12:27:19,532 - INFO - Train:1 - Approximate time left: 4 hours, 27 minutes
2024-05-09 12:27:33,574 - INFO - Train:1 - Epoch 184/1500 completed in 11.92 seconds.
2024-05-09 12:27:33,574 - INFO - Train:1 - Approximate time left: 4 hours, 27 minutes
2024-05-09 12:27:47,003 - INFO - Train:1 - Epoch 185/1500 completed in 11.31 seconds.
2024-05-09 12:27:47,004 - INFO - Train:1 - Approximate time left: 4 hours, 27 minutes
2024-05-09 12:28:01,115 - INFO - Train:1 - Epoch 186/1500 completed in 11.99 seconds.
2024-05-09 12:28:01,115 - INFO - Train:1 - Approximate time left: 4 hours, 26 minutes
2024-05-09 12:28:15,312 - INFO - Train:1 - Epoch 187/1500 completed in 12.08 seconds.
2024-05-09 12:28:15,312 - INFO - Train:1 - Approximate time left: 4 hours, 26 minutes
2024-05-09 12:28:29,748 - INFO - Train:1 - Epoch 188/1500 completed in 12.00 seconds.
2024-05-09 12:28:29,748 - INFO - Train:1 - Approximate time left: 4 hours, 26 minutes
2024-05-09 12:28:43,726 - INFO - Train:1 - Epoch 189/1500 completed in 11.84 seconds.
2024-05-09 12:28:43,726 - INFO - Train:1 - Approximate time left: 4 hours, 26 minutes
2024-05-09 12:28:57,926 - INFO - Train:1 - Epoch 190/1500 completed in 12.06 seconds.
2024-05-09 12:28:57,926 - INFO - Train:1 - Approximate time left: 4 hours, 25 minutes
2024-05-09 12:29:12,180 - INFO - Train:1 - Epoch 191/1500 completed in 12.09 seconds.
2024-05-09 12:29:12,181 - INFO - Train:1 - Approximate time left: 4 hours, 25 minutes
2024-05-09 12:29:26,246 - INFO - Train:1 - Epoch 192/1500 completed in 11.94 seconds.
2024-05-09 12:29:26,246 - INFO - Train:1 - Approximate time left: 4 hours, 25 minutes
2024-05-09 12:29:40,374 - INFO - Train:1 - Epoch 193/1500 completed in 11.99 seconds.
2024-05-09 12:29:40,374 - INFO - Train:1 - Approximate time left: 4 hours, 25 minutes
2024-05-09 12:29:54,311 - INFO - Train:1 - Epoch 194/1500 completed in 11.84 seconds.
2024-05-09 12:29:54,312 - INFO - Train:1 - Approximate time left: 4 hours, 25 minutes
2024-05-09 12:30:08,694 - INFO - Train:1 - Epoch 195/1500 completed in 12.29 seconds.
2024-05-09 12:30:08,694 - INFO - Train:1 - Approximate time left: 4 hours, 24 minutes
2024-05-09 12:30:23,772 - INFO - Train:1 - Epoch 196/1500 completed in 12.65 seconds.
2024-05-09 12:30:23,772 - INFO - Train:1 - Approximate time left: 4 hours, 24 minutes
2024-05-09 12:30:38,345 - INFO - Train:1 - Epoch 197/1500 completed in 12.14 seconds.
2024-05-09 12:30:38,346 - INFO - Train:1 - Approximate time left: 4 hours, 24 minutes
2024-05-09 12:30:52,732 - INFO - Train:1 - Epoch 198/1500 completed in 12.28 seconds.
2024-05-09 12:30:52,732 - INFO - Train:1 - Approximate time left: 4 hours, 24 minutes
2024-05-09 12:31:06,789 - INFO - Train:1 - Epoch 199/1500 completed in 11.95 seconds.
2024-05-09 12:31:06,790 - INFO - Train:1 - Approximate time left: 4 hours, 24 minutes
2024-05-09 12:31:21,005 - INFO - Train:1 - Epoch 200/1500 completed in 12.13 seconds.
2024-05-09 12:31:21,006 - INFO - Train:1 - Approximate time left: 4 hours, 23 minutes
2024-05-09 12:31:34,959 - ERROR - Train:1 - Error saving checkpoint: join() argument must be str, bytes, or os.PathLike object, not 'NoneType'
Traceback (most recent call last):
  File "/data/Pein/Pytorch/Ascend-NPU-Parallel-Training/1-src/trainer.py", line 538, in save_checkpoint
    save_checkpoint_folder = os.path.join(
  File "/root/miniconda3/envs/Pein38/lib/python3.8/posixpath.py", line 90, in join
    genericpath._check_arg_types('join', a, *p)
  File "/root/miniconda3/envs/Pein38/lib/python3.8/genericpath.py", line 152, in _check_arg_types
    raise TypeError(f'{funcname}() argument must be str, bytes, or '
TypeError: join() argument must be str, bytes, or os.PathLike object, not 'NoneType'
2024-05-09 12:31:34,959 - INFO - Train:1 - Epoch 201/1500 completed in 11.81 seconds.
2024-05-09 12:31:34,959 - INFO - Train:1 - Approximate time left: 4 hours, 23 minutes
2024-05-09 12:31:49,383 - INFO - Train:1 - Epoch 202/1500 completed in 11.97 seconds.
2024-05-09 12:31:49,383 - INFO - Train:1 - Approximate time left: 4 hours, 23 minutes
2024-05-09 12:32:03,321 - INFO - Train:1 - Epoch 203/1500 completed in 11.83 seconds.
2024-05-09 12:32:03,321 - INFO - Train:1 - Approximate time left: 4 hours, 23 minutes
2024-05-09 12:32:17,280 - INFO - Train:1 - Epoch 204/1500 completed in 11.85 seconds.
2024-05-09 12:32:17,281 - INFO - Train:1 - Approximate time left: 4 hours, 22 minutes
2024-05-09 12:32:31,405 - INFO - Train:1 - Epoch 205/1500 completed in 12.02 seconds.
2024-05-09 12:32:31,405 - INFO - Train:1 - Approximate time left: 4 hours, 22 minutes
2024-05-09 12:32:45,332 - INFO - Train:1 - Epoch 206/1500 completed in 11.79 seconds.
2024-05-09 12:32:45,332 - INFO - Train:1 - Approximate time left: 4 hours, 22 minutes
2024-05-09 12:32:59,244 - INFO - Train:1 - Epoch 207/1500 completed in 11.80 seconds.
2024-05-09 12:32:59,244 - INFO - Train:1 - Approximate time left: 4 hours, 22 minutes
2024-05-09 12:33:13,043 - INFO - Train:1 - Epoch 208/1500 completed in 11.70 seconds.
2024-05-09 12:33:13,044 - INFO - Train:1 - Approximate time left: 4 hours, 21 minutes
2024-05-09 12:33:27,408 - INFO - Train:1 - Epoch 209/1500 completed in 12.25 seconds.
2024-05-09 12:33:27,409 - INFO - Train:1 - Approximate time left: 4 hours, 21 minutes
2024-05-09 12:33:42,001 - INFO - Train:1 - Epoch 210/1500 completed in 12.45 seconds.
2024-05-09 12:33:42,001 - INFO - Train:1 - Approximate time left: 4 hours, 21 minutes
2024-05-09 12:33:55,936 - INFO - Train:1 - Epoch 211/1500 completed in 11.81 seconds.
2024-05-09 12:33:55,936 - INFO - Train:1 - Approximate time left: 4 hours, 21 minutes
2024-05-09 12:34:10,043 - INFO - Train:1 - Epoch 212/1500 completed in 12.03 seconds.
2024-05-09 12:34:10,044 - INFO - Train:1 - Approximate time left: 4 hours, 21 minutes
2024-05-09 12:34:24,144 - INFO - Train:1 - Epoch 213/1500 completed in 12.01 seconds.
2024-05-09 12:34:24,145 - INFO - Train:1 - Approximate time left: 4 hours, 20 minutes
2024-05-09 12:34:38,210 - INFO - Train:1 - Epoch 214/1500 completed in 11.95 seconds.
2024-05-09 12:34:38,211 - INFO - Train:1 - Approximate time left: 4 hours, 20 minutes
2024-05-09 12:34:52,272 - INFO - Train:1 - Epoch 215/1500 completed in 11.92 seconds.
2024-05-09 12:34:52,272 - INFO - Train:1 - Approximate time left: 4 hours, 20 minutes
2024-05-09 12:35:06,260 - INFO - Train:1 - Epoch 216/1500 completed in 11.88 seconds.
2024-05-09 12:35:06,261 - INFO - Train:1 - Approximate time left: 4 hours, 20 minutes
2024-05-09 12:35:20,433 - INFO - Train:1 - Epoch 217/1500 completed in 12.04 seconds.
2024-05-09 12:35:20,433 - INFO - Train:1 - Approximate time left: 4 hours, 20 minutes
2024-05-09 12:35:34,843 - INFO - Train:1 - Epoch 218/1500 completed in 12.32 seconds.
2024-05-09 12:35:34,843 - INFO - Train:1 - Approximate time left: 4 hours, 19 minutes
2024-05-09 12:35:48,633 - INFO - Train:1 - Epoch 219/1500 completed in 11.72 seconds.
2024-05-09 12:35:48,633 - INFO - Train:1 - Approximate time left: 4 hours, 19 minutes
2024-05-09 12:36:02,484 - INFO - Train:1 - Epoch 220/1500 completed in 11.78 seconds.
2024-05-09 12:36:02,484 - INFO - Train:1 - Approximate time left: 4 hours, 19 minutes
2024-05-09 12:36:17,048 - INFO - Train:1 - Epoch 221/1500 completed in 12.46 seconds.
2024-05-09 12:36:17,048 - INFO - Train:1 - Approximate time left: 4 hours, 19 minutes
2024-05-09 12:36:30,926 - INFO - Train:1 - Epoch 222/1500 completed in 11.78 seconds.
2024-05-09 12:36:30,927 - INFO - Train:1 - Approximate time left: 4 hours, 18 minutes
2024-05-09 12:36:46,020 - INFO - Train:1 - Epoch 223/1500 completed in 13.00 seconds.
2024-05-09 12:36:46,021 - INFO - Train:1 - Approximate time left: 4 hours, 18 minutes
2024-05-09 12:36:59,848 - INFO - Train:1 - Epoch 224/1500 completed in 11.74 seconds.
2024-05-09 12:36:59,848 - INFO - Train:1 - Approximate time left: 4 hours, 18 minutes
2024-05-09 12:37:14,006 - INFO - Train:1 - Epoch 225/1500 completed in 12.05 seconds.
2024-05-09 12:37:14,006 - INFO - Train:1 - Approximate time left: 4 hours, 18 minutes
2024-05-09 12:37:28,124 - INFO - Train:1 - Epoch 226/1500 completed in 11.99 seconds.
2024-05-09 12:37:28,124 - INFO - Train:1 - Approximate time left: 4 hours, 18 minutes
2024-05-09 12:37:43,081 - INFO - Train:1 - Epoch 227/1500 completed in 12.84 seconds.
2024-05-09 12:37:43,082 - INFO - Train:1 - Approximate time left: 4 hours, 18 minutes
2024-05-09 12:37:57,260 - INFO - Train:1 - Epoch 228/1500 completed in 12.08 seconds.
2024-05-09 12:37:57,260 - INFO - Train:1 - Approximate time left: 4 hours, 17 minutes
2024-05-09 12:38:11,487 - INFO - Train:1 - Epoch 229/1500 completed in 12.13 seconds.
2024-05-09 12:38:11,487 - INFO - Train:1 - Approximate time left: 4 hours, 17 minutes
2024-05-09 12:38:25,821 - INFO - Train:1 - Epoch 230/1500 completed in 11.92 seconds.
2024-05-09 12:38:25,822 - INFO - Train:1 - Approximate time left: 4 hours, 17 minutes
2024-05-09 12:38:39,888 - INFO - Train:1 - Epoch 231/1500 completed in 11.98 seconds.
2024-05-09 12:38:39,888 - INFO - Train:1 - Approximate time left: 4 hours, 17 minutes
2024-05-09 12:38:53,843 - INFO - Train:1 - Epoch 232/1500 completed in 11.82 seconds.
2024-05-09 12:38:53,844 - INFO - Train:1 - Approximate time left: 4 hours, 16 minutes
2024-05-09 12:39:07,793 - INFO - Train:1 - Epoch 233/1500 completed in 11.84 seconds.
2024-05-09 12:39:07,794 - INFO - Train:1 - Approximate time left: 4 hours, 16 minutes
2024-05-09 12:39:21,878 - INFO - Train:1 - Epoch 234/1500 completed in 11.98 seconds.
2024-05-09 12:39:21,878 - INFO - Train:1 - Approximate time left: 4 hours, 16 minutes
2024-05-09 12:39:35,893 - INFO - Train:1 - Epoch 235/1500 completed in 11.89 seconds.
2024-05-09 12:39:35,893 - INFO - Train:1 - Approximate time left: 4 hours, 16 minutes
2024-05-09 12:39:50,211 - INFO - Train:1 - Epoch 236/1500 completed in 12.18 seconds.
2024-05-09 12:39:50,211 - INFO - Train:1 - Approximate time left: 4 hours, 16 minutes
2024-05-09 12:40:04,295 - INFO - Train:1 - Epoch 237/1500 completed in 11.97 seconds.
2024-05-09 12:40:04,295 - INFO - Train:1 - Approximate time left: 4 hours, 15 minutes
2024-05-09 12:40:18,295 - INFO - Train:1 - Epoch 238/1500 completed in 11.88 seconds.
2024-05-09 12:40:18,295 - INFO - Train:1 - Approximate time left: 4 hours, 15 minutes
2024-05-09 12:40:32,504 - INFO - Train:1 - Epoch 239/1500 completed in 12.05 seconds.
2024-05-09 12:40:32,504 - INFO - Train:1 - Approximate time left: 4 hours, 15 minutes
2024-05-09 12:40:46,723 - INFO - Train:1 - Epoch 240/1500 completed in 12.08 seconds.
2024-05-09 12:40:46,724 - INFO - Train:1 - Approximate time left: 4 hours, 15 minutes
2024-05-09 12:41:00,976 - INFO - Train:1 - Epoch 241/1500 completed in 12.08 seconds.
2024-05-09 12:41:00,977 - INFO - Train:1 - Approximate time left: 4 hours, 14 minutes
2024-05-09 12:41:15,053 - INFO - Train:1 - Epoch 242/1500 completed in 11.98 seconds.
2024-05-09 12:41:15,053 - INFO - Train:1 - Approximate time left: 4 hours, 14 minutes
2024-05-09 12:41:29,293 - INFO - Train:1 - Epoch 243/1500 completed in 12.11 seconds.
2024-05-09 12:41:29,293 - INFO - Train:1 - Approximate time left: 4 hours, 14 minutes
2024-05-09 12:41:43,529 - INFO - Train:1 - Epoch 244/1500 completed in 12.06 seconds.
2024-05-09 12:41:43,529 - INFO - Train:1 - Approximate time left: 4 hours, 14 minutes
2024-05-09 12:41:57,970 - INFO - Train:1 - Epoch 245/1500 completed in 12.04 seconds.
2024-05-09 12:41:57,970 - INFO - Train:1 - Approximate time left: 4 hours, 14 minutes
2024-05-09 12:42:11,932 - INFO - Train:1 - Epoch 246/1500 completed in 11.88 seconds.
2024-05-09 12:42:11,932 - INFO - Train:1 - Approximate time left: 4 hours, 13 minutes
2024-05-09 12:42:25,833 - INFO - Train:1 - Epoch 247/1500 completed in 11.79 seconds.
2024-05-09 12:42:25,833 - INFO - Train:1 - Approximate time left: 4 hours, 13 minutes
2024-05-09 12:42:40,222 - INFO - Train:1 - Epoch 248/1500 completed in 12.30 seconds.
2024-05-09 12:42:40,222 - INFO - Train:1 - Approximate time left: 4 hours, 13 minutes
2024-05-09 12:42:54,433 - INFO - Train:1 - Epoch 249/1500 completed in 12.05 seconds.
2024-05-09 12:42:54,433 - INFO - Train:1 - Approximate time left: 4 hours, 13 minutes
2024-05-09 12:43:09,164 - INFO - Train:1 - Epoch 250/1500 completed in 12.61 seconds.
2024-05-09 12:43:09,165 - INFO - Train:1 - Approximate time left: 4 hours, 13 minutes
2024-05-09 12:43:23,675 - INFO - Train:1 - Epoch 251/1500 completed in 12.45 seconds.
2024-05-09 12:43:23,676 - INFO - Train:1 - Approximate time left: 4 hours, 12 minutes
2024-05-09 12:43:37,939 - INFO - Train:1 - Epoch 252/1500 completed in 12.08 seconds.
2024-05-09 12:43:37,939 - INFO - Train:1 - Approximate time left: 4 hours, 12 minutes
2024-05-09 12:43:51,994 - INFO - Train:1 - Epoch 253/1500 completed in 11.91 seconds.
2024-05-09 12:43:51,994 - INFO - Train:1 - Approximate time left: 4 hours, 12 minutes
2024-05-09 12:44:06,165 - INFO - Train:1 - Epoch 254/1500 completed in 12.04 seconds.
2024-05-09 12:44:06,166 - INFO - Train:1 - Approximate time left: 4 hours, 12 minutes
2024-05-09 12:44:20,553 - INFO - Train:1 - Epoch 255/1500 completed in 12.32 seconds.
2024-05-09 12:44:20,553 - INFO - Train:1 - Approximate time left: 4 hours, 12 minutes
2024-05-09 12:44:35,310 - INFO - Train:1 - Epoch 256/1500 completed in 12.63 seconds.
2024-05-09 12:44:35,310 - INFO - Train:1 - Approximate time left: 4 hours, 11 minutes
2024-05-09 12:44:49,949 - INFO - Train:1 - Epoch 257/1500 completed in 12.55 seconds.
2024-05-09 12:44:49,949 - INFO - Train:1 - Approximate time left: 4 hours, 11 minutes
2024-05-09 12:45:04,675 - INFO - Train:1 - Epoch 258/1500 completed in 12.62 seconds.
2024-05-09 12:45:04,675 - INFO - Train:1 - Approximate time left: 4 hours, 11 minutes
2024-05-09 12:45:18,364 - INFO - Train:1 - Epoch 259/1500 completed in 11.59 seconds.
2024-05-09 12:45:18,365 - INFO - Train:1 - Approximate time left: 4 hours, 11 minutes
2024-05-09 12:45:32,235 - INFO - Train:1 - Epoch 260/1500 completed in 11.76 seconds.
2024-05-09 12:45:32,235 - INFO - Train:1 - Approximate time left: 4 hours, 11 minutes
2024-05-09 12:45:45,682 - INFO - Train:1 - Epoch 261/1500 completed in 11.34 seconds.
2024-05-09 12:45:45,682 - INFO - Train:1 - Approximate time left: 4 hours, 10 minutes
2024-05-09 12:46:00,419 - INFO - Train:1 - Epoch 262/1500 completed in 12.62 seconds.
2024-05-09 12:46:00,419 - INFO - Train:1 - Approximate time left: 4 hours, 10 minutes
2024-05-09 12:46:14,384 - INFO - Train:1 - Epoch 263/1500 completed in 11.86 seconds.
2024-05-09 12:46:14,384 - INFO - Train:1 - Approximate time left: 4 hours, 10 minutes
2024-05-09 12:46:29,169 - INFO - Train:1 - Epoch 264/1500 completed in 12.65 seconds.
2024-05-09 12:46:29,169 - INFO - Train:1 - Approximate time left: 4 hours, 10 minutes
2024-05-09 12:46:43,016 - INFO - Train:1 - Epoch 265/1500 completed in 11.66 seconds.
2024-05-09 12:46:43,016 - INFO - Train:1 - Approximate time left: 4 hours, 10 minutes
2024-05-09 12:46:57,091 - INFO - Train:1 - Epoch 266/1500 completed in 11.99 seconds.
2024-05-09 12:46:57,092 - INFO - Train:1 - Approximate time left: 4 hours, 9 minutes
2024-05-09 12:47:11,246 - INFO - Train:1 - Epoch 267/1500 completed in 12.09 seconds.
2024-05-09 12:47:11,247 - INFO - Train:1 - Approximate time left: 4 hours, 9 minutes
2024-05-09 12:47:25,252 - INFO - Train:1 - Epoch 268/1500 completed in 11.92 seconds.
2024-05-09 12:47:25,252 - INFO - Train:1 - Approximate time left: 4 hours, 9 minutes
2024-05-09 12:47:39,156 - INFO - Train:1 - Epoch 269/1500 completed in 11.80 seconds.
2024-05-09 12:47:39,157 - INFO - Train:1 - Approximate time left: 4 hours, 9 minutes
2024-05-09 12:47:53,335 - INFO - Train:1 - Epoch 270/1500 completed in 12.05 seconds.
2024-05-09 12:47:53,336 - INFO - Train:1 - Approximate time left: 4 hours, 8 minutes
2024-05-09 12:48:07,365 - INFO - Train:1 - Epoch 271/1500 completed in 11.94 seconds.
2024-05-09 12:48:07,365 - INFO - Train:1 - Approximate time left: 4 hours, 8 minutes
2024-05-09 12:48:21,561 - INFO - Train:1 - Epoch 272/1500 completed in 12.12 seconds.
2024-05-09 12:48:21,561 - INFO - Train:1 - Approximate time left: 4 hours, 8 minutes
2024-05-09 12:48:35,582 - INFO - Train:1 - Epoch 273/1500 completed in 11.95 seconds.
2024-05-09 12:48:35,583 - INFO - Train:1 - Approximate time left: 4 hours, 8 minutes
2024-05-09 12:48:49,584 - INFO - Train:1 - Epoch 274/1500 completed in 11.91 seconds.
2024-05-09 12:48:49,584 - INFO - Train:1 - Approximate time left: 4 hours, 8 minutes
2024-05-09 12:49:03,718 - INFO - Train:1 - Epoch 275/1500 completed in 12.03 seconds.
2024-05-09 12:49:03,718 - INFO - Train:1 - Approximate time left: 4 hours, 7 minutes
2024-05-09 12:49:17,552 - INFO - Train:1 - Epoch 276/1500 completed in 11.73 seconds.
2024-05-09 12:49:17,553 - INFO - Train:1 - Approximate time left: 4 hours, 7 minutes
2024-05-09 12:49:31,494 - INFO - Train:1 - Epoch 277/1500 completed in 11.81 seconds.
2024-05-09 12:49:31,494 - INFO - Train:1 - Approximate time left: 4 hours, 7 minutes
2024-05-09 12:49:45,931 - INFO - Train:1 - Epoch 278/1500 completed in 12.33 seconds.
2024-05-09 12:49:45,931 - INFO - Train:1 - Approximate time left: 4 hours, 7 minutes
2024-05-09 12:50:00,480 - INFO - Train:1 - Epoch 279/1500 completed in 12.45 seconds.
2024-05-09 12:50:00,481 - INFO - Train:1 - Approximate time left: 4 hours, 7 minutes
2024-05-09 12:50:14,750 - INFO - Train:1 - Epoch 280/1500 completed in 12.18 seconds.
2024-05-09 12:50:14,750 - INFO - Train:1 - Approximate time left: 4 hours, 6 minutes
2024-05-09 12:50:28,937 - INFO - Train:1 - Epoch 281/1500 completed in 12.10 seconds.
2024-05-09 12:50:28,937 - INFO - Train:1 - Approximate time left: 4 hours, 6 minutes
2024-05-09 12:50:42,732 - INFO - Train:1 - Epoch 282/1500 completed in 11.66 seconds.
2024-05-09 12:50:42,733 - INFO - Train:1 - Approximate time left: 4 hours, 6 minutes
2024-05-09 12:50:56,844 - INFO - Train:1 - Epoch 283/1500 completed in 12.01 seconds.
2024-05-09 12:50:56,845 - INFO - Train:1 - Approximate time left: 4 hours, 6 minutes
2024-05-09 12:51:10,821 - INFO - Train:1 - Epoch 284/1500 completed in 11.89 seconds.
2024-05-09 12:51:10,822 - INFO - Train:1 - Approximate time left: 4 hours, 6 minutes
2024-05-09 12:51:24,905 - INFO - Train:1 - Epoch 285/1500 completed in 11.98 seconds.
2024-05-09 12:51:24,906 - INFO - Train:1 - Approximate time left: 4 hours, 5 minutes
2024-05-09 12:51:39,011 - INFO - Train:1 - Epoch 286/1500 completed in 11.92 seconds.
2024-05-09 12:51:39,011 - INFO - Train:1 - Approximate time left: 4 hours, 5 minutes
2024-05-09 12:51:53,127 - INFO - Train:1 - Epoch 287/1500 completed in 11.99 seconds.
2024-05-09 12:51:53,128 - INFO - Train:1 - Approximate time left: 4 hours, 5 minutes
2024-05-09 12:52:07,306 - INFO - Train:1 - Epoch 288/1500 completed in 12.08 seconds.
2024-05-09 12:52:07,306 - INFO - Train:1 - Approximate time left: 4 hours, 5 minutes
2024-05-09 12:52:21,379 - INFO - Train:1 - Epoch 289/1500 completed in 11.99 seconds.
2024-05-09 12:52:21,379 - INFO - Train:1 - Approximate time left: 4 hours, 4 minutes
2024-05-09 12:52:34,779 - INFO - Train:1 - Epoch 290/1500 completed in 11.30 seconds.
2024-05-09 12:52:34,780 - INFO - Train:1 - Approximate time left: 4 hours, 4 minutes
2024-05-09 12:52:48,493 - INFO - Train:1 - Epoch 291/1500 completed in 11.62 seconds.
2024-05-09 12:52:48,494 - INFO - Train:1 - Approximate time left: 4 hours, 4 minutes
2024-05-09 12:53:02,587 - INFO - Train:1 - Epoch 292/1500 completed in 11.99 seconds.
2024-05-09 12:53:02,588 - INFO - Train:1 - Approximate time left: 4 hours, 4 minutes
2024-05-09 12:53:16,721 - INFO - Train:1 - Epoch 293/1500 completed in 12.01 seconds.
2024-05-09 12:53:16,721 - INFO - Train:1 - Approximate time left: 4 hours, 4 minutes
2024-05-09 12:53:30,883 - INFO - Train:1 - Epoch 294/1500 completed in 12.03 seconds.
2024-05-09 12:53:30,884 - INFO - Train:1 - Approximate time left: 4 hours, 3 minutes
2024-05-09 12:53:44,861 - INFO - Train:1 - Epoch 295/1500 completed in 11.79 seconds.
2024-05-09 12:53:44,861 - INFO - Train:1 - Approximate time left: 4 hours, 3 minutes
2024-05-09 12:53:59,535 - INFO - Train:1 - Epoch 296/1500 completed in 12.57 seconds.
2024-05-09 12:53:59,535 - INFO - Train:1 - Approximate time left: 4 hours, 3 minutes
2024-05-09 12:54:13,570 - INFO - Train:1 - Epoch 297/1500 completed in 11.91 seconds.
2024-05-09 12:54:13,571 - INFO - Train:1 - Approximate time left: 4 hours, 3 minutes
2024-05-09 12:54:27,708 - INFO - Train:1 - Epoch 298/1500 completed in 12.02 seconds.
2024-05-09 12:54:27,708 - INFO - Train:1 - Approximate time left: 4 hours, 2 minutes
2024-05-09 12:54:42,119 - INFO - Train:1 - Epoch 299/1500 completed in 12.21 seconds.
2024-05-09 12:54:42,119 - INFO - Train:1 - Approximate time left: 4 hours, 2 minutes
2024-05-09 12:54:56,342 - INFO - Train:1 - Epoch 300/1500 completed in 12.10 seconds.
2024-05-09 12:54:56,342 - INFO - Train:1 - Approximate time left: 4 hours, 2 minutes
2024-05-09 12:55:10,224 - INFO - Train:1 - Epoch 301/1500 completed in 11.77 seconds.
2024-05-09 12:55:10,225 - INFO - Train:1 - Approximate time left: 4 hours, 2 minutes
2024-05-09 12:55:23,867 - INFO - Train:1 - Epoch 302/1500 completed in 11.53 seconds.
2024-05-09 12:55:23,868 - INFO - Train:1 - Approximate time left: 4 hours, 2 minutes
2024-05-09 12:55:38,117 - INFO - Train:1 - Epoch 303/1500 completed in 12.13 seconds.
2024-05-09 12:55:38,117 - INFO - Train:1 - Approximate time left: 4 hours, 1 minutes
2024-05-09 12:55:52,244 - INFO - Train:1 - Epoch 304/1500 completed in 12.00 seconds.
2024-05-09 12:55:52,244 - INFO - Train:1 - Approximate time left: 4 hours, 1 minutes
2024-05-09 12:56:07,504 - INFO - Train:1 - Epoch 305/1500 completed in 13.16 seconds.
2024-05-09 12:56:07,504 - INFO - Train:1 - Approximate time left: 4 hours, 1 minutes
2024-05-09 12:56:22,052 - INFO - Train:1 - Epoch 306/1500 completed in 12.46 seconds.
2024-05-09 12:56:22,053 - INFO - Train:1 - Approximate time left: 4 hours, 1 minutes
2024-05-09 12:56:35,747 - INFO - Train:1 - Epoch 307/1500 completed in 11.57 seconds.
2024-05-09 12:56:35,747 - INFO - Train:1 - Approximate time left: 4 hours, 1 minutes
2024-05-09 12:56:49,162 - INFO - Train:1 - Epoch 308/1500 completed in 11.29 seconds.
2024-05-09 12:56:49,162 - INFO - Train:1 - Approximate time left: 4 hours, 0 minutes
2024-05-09 12:57:03,172 - INFO - Train:1 - Epoch 309/1500 completed in 11.93 seconds.
2024-05-09 12:57:03,172 - INFO - Train:1 - Approximate time left: 4 hours, 0 minutes
2024-05-09 12:57:17,121 - INFO - Train:1 - Epoch 310/1500 completed in 11.88 seconds.
2024-05-09 12:57:17,121 - INFO - Train:1 - Approximate time left: 4 hours, 0 minutes
2024-05-09 12:57:31,412 - INFO - Train:1 - Epoch 311/1500 completed in 11.87 seconds.
2024-05-09 12:57:31,412 - INFO - Train:1 - Approximate time left: 4 hours, 0 minutes
2024-05-09 12:57:45,415 - INFO - Train:1 - Epoch 312/1500 completed in 11.92 seconds.
2024-05-09 12:57:45,415 - INFO - Train:1 - Approximate time left: 4 hours, 0 minutes
2024-05-09 12:57:59,910 - INFO - Train:1 - Epoch 313/1500 completed in 12.06 seconds.
2024-05-09 12:57:59,911 - INFO - Train:1 - Approximate time left: 3 hours, 59 minutes
2024-05-09 12:58:14,210 - INFO - Train:1 - Epoch 314/1500 completed in 12.23 seconds.
2024-05-09 12:58:14,211 - INFO - Train:1 - Approximate time left: 3 hours, 59 minutes
2024-05-09 12:58:28,406 - INFO - Train:1 - Epoch 315/1500 completed in 12.03 seconds.
2024-05-09 12:58:28,406 - INFO - Train:1 - Approximate time left: 3 hours, 59 minutes
2024-05-09 12:58:42,579 - INFO - Train:1 - Epoch 316/1500 completed in 12.04 seconds.
2024-05-09 12:58:42,579 - INFO - Train:1 - Approximate time left: 3 hours, 59 minutes
2024-05-09 12:58:57,093 - INFO - Train:1 - Epoch 317/1500 completed in 12.37 seconds.
2024-05-09 12:58:57,093 - INFO - Train:1 - Approximate time left: 3 hours, 59 minutes
2024-05-09 12:59:12,048 - INFO - Train:1 - Epoch 318/1500 completed in 12.88 seconds.
2024-05-09 12:59:12,049 - INFO - Train:1 - Approximate time left: 3 hours, 58 minutes
2024-05-09 12:59:26,927 - INFO - Train:1 - Epoch 319/1500 completed in 12.78 seconds.
2024-05-09 12:59:26,927 - INFO - Train:1 - Approximate time left: 3 hours, 58 minutes
2024-05-09 12:59:41,315 - INFO - Train:1 - Epoch 320/1500 completed in 12.28 seconds.
2024-05-09 12:59:41,315 - INFO - Train:1 - Approximate time left: 3 hours, 58 minutes
2024-05-09 12:59:55,708 - INFO - Train:1 - Epoch 321/1500 completed in 12.32 seconds.
2024-05-09 12:59:55,709 - INFO - Train:1 - Approximate time left: 3 hours, 58 minutes
2024-05-09 13:00:10,183 - INFO - Train:1 - Epoch 322/1500 completed in 12.32 seconds.
2024-05-09 13:00:10,184 - INFO - Train:1 - Approximate time left: 3 hours, 58 minutes
2024-05-09 13:00:24,366 - INFO - Train:1 - Epoch 323/1500 completed in 12.05 seconds.
2024-05-09 13:00:24,366 - INFO - Train:1 - Approximate time left: 3 hours, 57 minutes
2024-05-09 13:00:38,559 - INFO - Train:1 - Epoch 324/1500 completed in 12.07 seconds.
2024-05-09 13:00:38,560 - INFO - Train:1 - Approximate time left: 3 hours, 57 minutes
2024-05-09 13:00:52,676 - INFO - Train:1 - Epoch 325/1500 completed in 12.00 seconds.
2024-05-09 13:00:52,676 - INFO - Train:1 - Approximate time left: 3 hours, 57 minutes
2024-05-09 13:01:06,856 - INFO - Train:1 - Epoch 326/1500 completed in 12.04 seconds.
2024-05-09 13:01:06,856 - INFO - Train:1 - Approximate time left: 3 hours, 57 minutes
2024-05-09 13:01:21,449 - INFO - Train:1 - Epoch 327/1500 completed in 12.41 seconds.
2024-05-09 13:01:21,449 - INFO - Train:1 - Approximate time left: 3 hours, 57 minutes
2024-05-09 13:01:36,047 - INFO - Train:1 - Epoch 328/1500 completed in 12.51 seconds.
2024-05-09 13:01:36,048 - INFO - Train:1 - Approximate time left: 3 hours, 56 minutes
2024-05-09 13:01:50,673 - INFO - Train:1 - Epoch 329/1500 completed in 12.56 seconds.
2024-05-09 13:01:50,673 - INFO - Train:1 - Approximate time left: 3 hours, 56 minutes
2024-05-09 13:02:05,501 - INFO - Train:1 - Epoch 330/1500 completed in 12.76 seconds.
2024-05-09 13:02:05,501 - INFO - Train:1 - Approximate time left: 3 hours, 56 minutes
2024-05-09 13:02:20,818 - INFO - Train:1 - Epoch 331/1500 completed in 13.26 seconds.
2024-05-09 13:02:20,819 - INFO - Train:1 - Approximate time left: 3 hours, 56 minutes
2024-05-09 13:02:34,803 - INFO - Train:1 - Epoch 332/1500 completed in 11.91 seconds.
2024-05-09 13:02:34,804 - INFO - Train:1 - Approximate time left: 3 hours, 56 minutes
2024-05-09 13:02:48,929 - INFO - Train:1 - Epoch 333/1500 completed in 12.03 seconds.
2024-05-09 13:02:48,929 - INFO - Train:1 - Approximate time left: 3 hours, 56 minutes
2024-05-09 13:03:03,079 - INFO - Train:1 - Epoch 334/1500 completed in 12.03 seconds.
2024-05-09 13:03:03,079 - INFO - Train:1 - Approximate time left: 3 hours, 55 minutes
2024-05-09 13:03:17,420 - INFO - Train:1 - Epoch 335/1500 completed in 12.14 seconds.
2024-05-09 13:03:17,420 - INFO - Train:1 - Approximate time left: 3 hours, 55 minutes
2024-05-09 13:03:31,231 - INFO - Train:1 - Epoch 336/1500 completed in 11.60 seconds.
2024-05-09 13:03:31,231 - INFO - Train:1 - Approximate time left: 3 hours, 55 minutes
2024-05-09 13:03:45,106 - INFO - Train:1 - Epoch 337/1500 completed in 11.79 seconds.
2024-05-09 13:03:45,106 - INFO - Train:1 - Approximate time left: 3 hours, 55 minutes
2024-05-09 13:03:58,984 - INFO - Train:1 - Epoch 338/1500 completed in 11.69 seconds.
2024-05-09 13:03:58,984 - INFO - Train:1 - Approximate time left: 3 hours, 54 minutes
2024-05-09 13:04:13,041 - INFO - Train:1 - Epoch 339/1500 completed in 11.95 seconds.
2024-05-09 13:04:13,041 - INFO - Train:1 - Approximate time left: 3 hours, 54 minutes
2024-05-09 13:04:26,994 - INFO - Train:1 - Epoch 340/1500 completed in 11.87 seconds.
2024-05-09 13:04:26,994 - INFO - Train:1 - Approximate time left: 3 hours, 54 minutes
2024-05-09 13:04:41,285 - INFO - Train:1 - Epoch 341/1500 completed in 12.17 seconds.
2024-05-09 13:04:41,286 - INFO - Train:1 - Approximate time left: 3 hours, 54 minutes
2024-05-09 13:04:55,397 - INFO - Train:1 - Epoch 342/1500 completed in 11.99 seconds.
2024-05-09 13:04:55,397 - INFO - Train:1 - Approximate time left: 3 hours, 54 minutes
2024-05-09 13:05:09,284 - INFO - Train:1 - Epoch 343/1500 completed in 11.74 seconds.
2024-05-09 13:05:09,285 - INFO - Train:1 - Approximate time left: 3 hours, 53 minutes
2024-05-09 13:05:22,882 - INFO - Train:1 - Epoch 344/1500 completed in 11.37 seconds.
2024-05-09 13:05:22,883 - INFO - Train:1 - Approximate time left: 3 hours, 53 minutes
2024-05-09 13:05:36,630 - INFO - Train:1 - Epoch 345/1500 completed in 11.63 seconds.
2024-05-09 13:05:36,630 - INFO - Train:1 - Approximate time left: 3 hours, 53 minutes
2024-05-09 13:05:50,593 - INFO - Train:1 - Epoch 346/1500 completed in 11.83 seconds.
2024-05-09 13:05:50,593 - INFO - Train:1 - Approximate time left: 3 hours, 53 minutes
2024-05-09 13:06:04,822 - INFO - Train:1 - Epoch 347/1500 completed in 12.16 seconds.
2024-05-09 13:06:04,822 - INFO - Train:1 - Approximate time left: 3 hours, 52 minutes
2024-05-09 13:06:19,037 - INFO - Train:1 - Epoch 348/1500 completed in 12.15 seconds.
2024-05-09 13:06:19,038 - INFO - Train:1 - Approximate time left: 3 hours, 52 minutes
2024-05-09 13:06:33,247 - INFO - Train:1 - Epoch 349/1500 completed in 12.16 seconds.
2024-05-09 13:06:33,247 - INFO - Train:1 - Approximate time left: 3 hours, 52 minutes
2024-05-09 13:06:47,316 - INFO - Train:1 - Epoch 350/1500 completed in 11.98 seconds.
2024-05-09 13:06:47,317 - INFO - Train:1 - Approximate time left: 3 hours, 52 minutes
2024-05-09 13:07:01,652 - INFO - Train:1 - Epoch 351/1500 completed in 12.25 seconds.
2024-05-09 13:07:01,652 - INFO - Train:1 - Approximate time left: 3 hours, 52 minutes
2024-05-09 13:07:15,433 - INFO - Train:1 - Epoch 352/1500 completed in 11.60 seconds.
2024-05-09 13:07:15,433 - INFO - Train:1 - Approximate time left: 3 hours, 51 minutes
2024-05-09 13:07:29,567 - INFO - Train:1 - Epoch 353/1500 completed in 12.05 seconds.
2024-05-09 13:07:29,568 - INFO - Train:1 - Approximate time left: 3 hours, 51 minutes
2024-05-09 13:07:43,908 - INFO - Train:1 - Epoch 354/1500 completed in 12.24 seconds.
2024-05-09 13:07:43,908 - INFO - Train:1 - Approximate time left: 3 hours, 51 minutes
2024-05-09 13:07:58,168 - INFO - Train:1 - Epoch 355/1500 completed in 12.07 seconds.
2024-05-09 13:07:58,169 - INFO - Train:1 - Approximate time left: 3 hours, 51 minutes
2024-05-09 13:08:12,575 - INFO - Train:1 - Epoch 356/1500 completed in 12.24 seconds.
2024-05-09 13:08:12,575 - INFO - Train:1 - Approximate time left: 3 hours, 51 minutes
2024-05-09 13:08:26,637 - INFO - Train:1 - Epoch 357/1500 completed in 11.96 seconds.
2024-05-09 13:08:26,637 - INFO - Train:1 - Approximate time left: 3 hours, 50 minutes
2024-05-09 13:08:40,807 - INFO - Train:1 - Epoch 358/1500 completed in 12.07 seconds.
2024-05-09 13:08:40,808 - INFO - Train:1 - Approximate time left: 3 hours, 50 minutes
2024-05-09 13:08:54,941 - INFO - Train:1 - Epoch 359/1500 completed in 12.04 seconds.
2024-05-09 13:08:54,941 - INFO - Train:1 - Approximate time left: 3 hours, 50 minutes
2024-05-09 13:09:09,456 - INFO - Train:1 - Epoch 360/1500 completed in 12.32 seconds.
2024-05-09 13:09:09,456 - INFO - Train:1 - Approximate time left: 3 hours, 50 minutes
2024-05-09 13:09:23,840 - INFO - Train:1 - Epoch 361/1500 completed in 12.25 seconds.
2024-05-09 13:09:23,841 - INFO - Train:1 - Approximate time left: 3 hours, 50 minutes
2024-05-09 13:09:38,065 - INFO - Train:1 - Epoch 362/1500 completed in 12.16 seconds.
2024-05-09 13:09:38,066 - INFO - Train:1 - Approximate time left: 3 hours, 49 minutes
2024-05-09 13:09:52,235 - INFO - Train:1 - Epoch 363/1500 completed in 11.96 seconds.
2024-05-09 13:09:52,235 - INFO - Train:1 - Approximate time left: 3 hours, 49 minutes
2024-05-09 13:10:05,741 - INFO - Train:1 - Epoch 364/1500 completed in 11.39 seconds.
2024-05-09 13:10:05,742 - INFO - Train:1 - Approximate time left: 3 hours, 49 minutes
2024-05-09 13:10:19,708 - INFO - Train:1 - Epoch 365/1500 completed in 11.80 seconds.
2024-05-09 13:10:19,708 - INFO - Train:1 - Approximate time left: 3 hours, 49 minutes
2024-05-09 13:10:34,152 - INFO - Train:1 - Epoch 366/1500 completed in 12.24 seconds.
2024-05-09 13:10:34,152 - INFO - Train:1 - Approximate time left: 3 hours, 49 minutes
2024-05-09 13:10:48,739 - INFO - Train:1 - Epoch 367/1500 completed in 12.39 seconds.
2024-05-09 13:10:48,740 - INFO - Train:1 - Approximate time left: 3 hours, 48 minutes
2024-05-09 13:11:02,682 - INFO - Train:1 - Epoch 368/1500 completed in 11.76 seconds.
2024-05-09 13:11:02,682 - INFO - Train:1 - Approximate time left: 3 hours, 48 minutes
2024-05-09 13:11:16,912 - INFO - Train:1 - Epoch 369/1500 completed in 12.05 seconds.
2024-05-09 13:11:16,912 - INFO - Train:1 - Approximate time left: 3 hours, 48 minutes
2024-05-09 13:11:30,799 - INFO - Train:1 - Epoch 370/1500 completed in 11.70 seconds.
2024-05-09 13:11:30,799 - INFO - Train:1 - Approximate time left: 3 hours, 48 minutes
2024-05-09 13:11:45,624 - INFO - Train:1 - Epoch 371/1500 completed in 12.64 seconds.
2024-05-09 13:11:45,624 - INFO - Train:1 - Approximate time left: 3 hours, 48 minutes
2024-05-09 13:12:00,185 - INFO - Train:1 - Epoch 372/1500 completed in 12.37 seconds.
2024-05-09 13:12:00,185 - INFO - Train:1 - Approximate time left: 3 hours, 47 minutes
2024-05-09 13:12:14,275 - INFO - Train:1 - Epoch 373/1500 completed in 11.88 seconds.
2024-05-09 13:12:14,275 - INFO - Train:1 - Approximate time left: 3 hours, 47 minutes
2024-05-09 13:12:28,399 - INFO - Train:1 - Epoch 374/1500 completed in 11.94 seconds.
2024-05-09 13:12:28,399 - INFO - Train:1 - Approximate time left: 3 hours, 47 minutes
2024-05-09 13:12:42,443 - INFO - Train:1 - Epoch 375/1500 completed in 11.86 seconds.
2024-05-09 13:12:42,443 - INFO - Train:1 - Approximate time left: 3 hours, 47 minutes
2024-05-09 13:12:56,486 - INFO - Train:1 - Epoch 376/1500 completed in 11.85 seconds.
2024-05-09 13:12:56,486 - INFO - Train:1 - Approximate time left: 3 hours, 47 minutes
2024-05-09 13:13:10,988 - INFO - Train:1 - Epoch 377/1500 completed in 12.32 seconds.
2024-05-09 13:13:10,989 - INFO - Train:1 - Approximate time left: 3 hours, 46 minutes
2024-05-09 13:13:24,971 - INFO - Train:1 - Epoch 378/1500 completed in 11.86 seconds.
2024-05-09 13:13:24,971 - INFO - Train:1 - Approximate time left: 3 hours, 46 minutes
2024-05-09 13:13:38,985 - INFO - Train:1 - Epoch 379/1500 completed in 11.89 seconds.
2024-05-09 13:13:38,986 - INFO - Train:1 - Approximate time left: 3 hours, 46 minutes
2024-05-09 13:13:52,878 - INFO - Train:1 - Epoch 380/1500 completed in 11.78 seconds.
2024-05-09 13:13:52,879 - INFO - Train:1 - Approximate time left: 3 hours, 46 minutes
2024-05-09 13:14:07,193 - INFO - Train:1 - Epoch 381/1500 completed in 12.16 seconds.
2024-05-09 13:14:07,193 - INFO - Train:1 - Approximate time left: 3 hours, 45 minutes
2024-05-09 13:14:20,998 - INFO - Train:1 - Epoch 382/1500 completed in 11.67 seconds.
2024-05-09 13:14:20,999 - INFO - Train:1 - Approximate time left: 3 hours, 45 minutes
2024-05-09 13:14:35,142 - INFO - Train:1 - Epoch 383/1500 completed in 12.04 seconds.
2024-05-09 13:14:35,142 - INFO - Train:1 - Approximate time left: 3 hours, 45 minutes
2024-05-09 13:14:48,639 - INFO - Train:1 - Epoch 384/1500 completed in 11.32 seconds.
2024-05-09 13:14:48,640 - INFO - Train:1 - Approximate time left: 3 hours, 45 minutes
2024-05-09 13:15:02,443 - INFO - Train:1 - Epoch 385/1500 completed in 11.70 seconds.
2024-05-09 13:15:02,444 - INFO - Train:1 - Approximate time left: 3 hours, 45 minutes
2024-05-09 13:15:16,003 - INFO - Train:1 - Epoch 386/1500 completed in 11.46 seconds.
2024-05-09 13:15:16,003 - INFO - Train:1 - Approximate time left: 3 hours, 44 minutes
2024-05-09 13:15:30,017 - INFO - Train:1 - Epoch 387/1500 completed in 11.90 seconds.
2024-05-09 13:15:30,017 - INFO - Train:1 - Approximate time left: 3 hours, 44 minutes
2024-05-09 13:15:44,095 - INFO - Train:1 - Epoch 388/1500 completed in 12.01 seconds.
2024-05-09 13:15:44,096 - INFO - Train:1 - Approximate time left: 3 hours, 44 minutes
2024-05-09 13:15:58,336 - INFO - Train:1 - Epoch 389/1500 completed in 12.14 seconds.
2024-05-09 13:15:58,336 - INFO - Train:1 - Approximate time left: 3 hours, 44 minutes
2024-05-09 13:16:13,117 - INFO - Train:1 - Epoch 390/1500 completed in 12.36 seconds.
2024-05-09 13:16:13,117 - INFO - Train:1 - Approximate time left: 3 hours, 44 minutes
2024-05-09 13:16:27,374 - INFO - Train:1 - Epoch 391/1500 completed in 12.13 seconds.
2024-05-09 13:16:27,374 - INFO - Train:1 - Approximate time left: 3 hours, 43 minutes
2024-05-09 13:16:41,573 - INFO - Train:1 - Epoch 392/1500 completed in 12.11 seconds.
2024-05-09 13:16:41,573 - INFO - Train:1 - Approximate time left: 3 hours, 43 minutes
2024-05-09 13:16:56,450 - INFO - Train:1 - Epoch 393/1500 completed in 12.77 seconds.
2024-05-09 13:16:56,450 - INFO - Train:1 - Approximate time left: 3 hours, 43 minutes
2024-05-09 13:17:10,586 - INFO - Train:1 - Epoch 394/1500 completed in 12.03 seconds.
2024-05-09 13:17:10,586 - INFO - Train:1 - Approximate time left: 3 hours, 43 minutes
2024-05-09 13:17:24,724 - INFO - Train:1 - Epoch 395/1500 completed in 12.02 seconds.
2024-05-09 13:17:24,724 - INFO - Train:1 - Approximate time left: 3 hours, 43 minutes
2024-05-09 13:17:38,967 - INFO - Train:1 - Epoch 396/1500 completed in 12.11 seconds.
2024-05-09 13:17:38,967 - INFO - Train:1 - Approximate time left: 3 hours, 42 minutes
2024-05-09 13:17:53,142 - INFO - Train:1 - Epoch 397/1500 completed in 12.10 seconds.
2024-05-09 13:17:53,143 - INFO - Train:1 - Approximate time left: 3 hours, 42 minutes
2024-05-09 13:18:07,356 - INFO - Train:1 - Epoch 398/1500 completed in 12.13 seconds.
2024-05-09 13:18:07,356 - INFO - Train:1 - Approximate time left: 3 hours, 42 minutes
2024-05-09 13:18:21,560 - INFO - Train:1 - Epoch 399/1500 completed in 12.08 seconds.
2024-05-09 13:18:21,560 - INFO - Train:1 - Approximate time left: 3 hours, 42 minutes
2024-05-09 13:18:35,697 - INFO - Train:1 - Epoch 400/1500 completed in 11.68 seconds.
2024-05-09 13:18:35,697 - INFO - Train:1 - Approximate time left: 3 hours, 42 minutes
2024-05-09 13:18:50,264 - ERROR - Train:1 - Error saving checkpoint: join() argument must be str, bytes, or os.PathLike object, not 'NoneType'
Traceback (most recent call last):
  File "/data/Pein/Pytorch/Ascend-NPU-Parallel-Training/1-src/trainer.py", line 538, in save_checkpoint
    save_checkpoint_folder = os.path.join(
  File "/root/miniconda3/envs/Pein38/lib/python3.8/posixpath.py", line 90, in join
    genericpath._check_arg_types('join', a, *p)
  File "/root/miniconda3/envs/Pein38/lib/python3.8/genericpath.py", line 152, in _check_arg_types
    raise TypeError(f'{funcname}() argument must be str, bytes, or '
TypeError: join() argument must be str, bytes, or os.PathLike object, not 'NoneType'
2024-05-09 13:18:50,264 - INFO - Train:1 - Epoch 401/1500 completed in 12.37 seconds.
2024-05-09 13:18:50,265 - INFO - Train:1 - Approximate time left: 3 hours, 41 minutes
2024-05-09 13:19:04,835 - INFO - Train:1 - Epoch 402/1500 completed in 12.00 seconds.
2024-05-09 13:19:04,835 - INFO - Train:1 - Approximate time left: 3 hours, 41 minutes
2024-05-09 13:19:19,366 - INFO - Train:1 - Epoch 403/1500 completed in 12.43 seconds.
2024-05-09 13:19:19,366 - INFO - Train:1 - Approximate time left: 3 hours, 41 minutes
2024-05-09 13:19:33,442 - INFO - Train:1 - Epoch 404/1500 completed in 11.92 seconds.
2024-05-09 13:19:33,442 - INFO - Train:1 - Approximate time left: 3 hours, 41 minutes
2024-05-09 13:19:47,622 - INFO - Train:1 - Epoch 405/1500 completed in 11.99 seconds.
2024-05-09 13:19:47,622 - INFO - Train:1 - Approximate time left: 3 hours, 41 minutes
2024-05-09 13:20:01,531 - INFO - Train:1 - Epoch 406/1500 completed in 11.70 seconds.
2024-05-09 13:20:01,531 - INFO - Train:1 - Approximate time left: 3 hours, 40 minutes
2024-05-09 13:20:15,689 - INFO - Train:1 - Epoch 407/1500 completed in 12.00 seconds.
2024-05-09 13:20:15,690 - INFO - Train:1 - Approximate time left: 3 hours, 40 minutes
2024-05-09 13:20:29,286 - INFO - Train:1 - Epoch 408/1500 completed in 11.42 seconds.
2024-05-09 13:20:29,286 - INFO - Train:1 - Approximate time left: 3 hours, 40 minutes
2024-05-09 13:20:43,448 - INFO - Train:1 - Epoch 409/1500 completed in 12.01 seconds.
2024-05-09 13:20:43,448 - INFO - Train:1 - Approximate time left: 3 hours, 40 minutes
2024-05-09 13:20:56,896 - INFO - Train:1 - Epoch 410/1500 completed in 11.34 seconds.
2024-05-09 13:20:56,896 - INFO - Train:1 - Approximate time left: 3 hours, 39 minutes
2024-05-09 13:21:10,091 - INFO - Train:1 - Epoch 411/1500 completed in 11.05 seconds.
2024-05-09 13:21:10,092 - INFO - Train:1 - Approximate time left: 3 hours, 39 minutes
2024-05-09 13:21:23,358 - INFO - Train:1 - Epoch 412/1500 completed in 11.12 seconds.
2024-05-09 13:21:23,359 - INFO - Train:1 - Approximate time left: 3 hours, 39 minutes
2024-05-09 13:21:36,763 - INFO - Train:1 - Epoch 413/1500 completed in 11.27 seconds.
2024-05-09 13:21:36,763 - INFO - Train:1 - Approximate time left: 3 hours, 39 minutes
2024-05-09 13:21:50,332 - INFO - Train:1 - Epoch 414/1500 completed in 11.44 seconds.
2024-05-09 13:21:50,332 - INFO - Train:1 - Approximate time left: 3 hours, 38 minutes
2024-05-09 13:22:04,050 - INFO - Train:1 - Epoch 415/1500 completed in 11.60 seconds.
2024-05-09 13:22:04,051 - INFO - Train:1 - Approximate time left: 3 hours, 38 minutes
2024-05-09 13:22:18,574 - INFO - Train:1 - Epoch 416/1500 completed in 12.38 seconds.
2024-05-09 13:22:18,574 - INFO - Train:1 - Approximate time left: 3 hours, 38 minutes
2024-05-09 13:22:33,196 - INFO - Train:1 - Epoch 417/1500 completed in 12.47 seconds.
2024-05-09 13:22:33,197 - INFO - Train:1 - Approximate time left: 3 hours, 38 minutes
2024-05-09 13:22:46,813 - INFO - Train:1 - Epoch 418/1500 completed in 11.48 seconds.
2024-05-09 13:22:46,813 - INFO - Train:1 - Approximate time left: 3 hours, 38 minutes
2024-05-09 13:23:00,726 - INFO - Train:1 - Epoch 419/1500 completed in 11.77 seconds.
2024-05-09 13:23:00,727 - INFO - Train:1 - Approximate time left: 3 hours, 37 minutes
2024-05-09 13:23:14,355 - INFO - Train:1 - Epoch 420/1500 completed in 11.49 seconds.
2024-05-09 13:23:14,355 - INFO - Train:1 - Approximate time left: 3 hours, 37 minutes
2024-05-09 13:23:27,797 - INFO - Train:1 - Epoch 421/1500 completed in 11.31 seconds.
2024-05-09 13:23:27,798 - INFO - Train:1 - Approximate time left: 3 hours, 37 minutes
2024-05-09 13:23:41,994 - INFO - Train:1 - Epoch 422/1500 completed in 11.97 seconds.
2024-05-09 13:23:41,994 - INFO - Train:1 - Approximate time left: 3 hours, 37 minutes
2024-05-09 13:23:56,189 - INFO - Train:1 - Epoch 423/1500 completed in 11.98 seconds.
2024-05-09 13:23:56,189 - INFO - Train:1 - Approximate time left: 3 hours, 37 minutes
2024-05-09 13:24:10,193 - INFO - Train:1 - Epoch 424/1500 completed in 11.82 seconds.
2024-05-09 13:24:10,193 - INFO - Train:1 - Approximate time left: 3 hours, 36 minutes
2024-05-09 13:24:24,256 - INFO - Train:1 - Epoch 425/1500 completed in 11.94 seconds.
2024-05-09 13:24:24,256 - INFO - Train:1 - Approximate time left: 3 hours, 36 minutes
2024-05-09 13:24:38,427 - INFO - Train:1 - Epoch 426/1500 completed in 12.02 seconds.
2024-05-09 13:24:38,427 - INFO - Train:1 - Approximate time left: 3 hours, 36 minutes
2024-05-09 13:24:52,638 - INFO - Train:1 - Epoch 427/1500 completed in 12.01 seconds.
2024-05-09 13:24:52,638 - INFO - Train:1 - Approximate time left: 3 hours, 36 minutes
2024-05-09 13:25:06,815 - INFO - Train:1 - Epoch 428/1500 completed in 12.04 seconds.
2024-05-09 13:25:06,816 - INFO - Train:1 - Approximate time left: 3 hours, 36 minutes
2024-05-09 13:25:21,395 - INFO - Train:1 - Epoch 429/1500 completed in 12.14 seconds.
2024-05-09 13:25:21,395 - INFO - Train:1 - Approximate time left: 3 hours, 35 minutes
2024-05-09 13:25:35,645 - INFO - Train:1 - Epoch 430/1500 completed in 12.12 seconds.
2024-05-09 13:25:35,645 - INFO - Train:1 - Approximate time left: 3 hours, 35 minutes
2024-05-09 13:25:49,669 - INFO - Train:1 - Epoch 431/1500 completed in 11.89 seconds.
2024-05-09 13:25:49,670 - INFO - Train:1 - Approximate time left: 3 hours, 35 minutes
2024-05-09 13:26:03,797 - INFO - Train:1 - Epoch 432/1500 completed in 12.01 seconds.
2024-05-09 13:26:03,797 - INFO - Train:1 - Approximate time left: 3 hours, 35 minutes
2024-05-09 13:26:17,945 - INFO - Train:1 - Epoch 433/1500 completed in 12.03 seconds.
2024-05-09 13:26:17,945 - INFO - Train:1 - Approximate time left: 3 hours, 34 minutes
2024-05-09 13:26:32,057 - INFO - Train:1 - Epoch 434/1500 completed in 12.00 seconds.
2024-05-09 13:26:32,057 - INFO - Train:1 - Approximate time left: 3 hours, 34 minutes
2024-05-09 13:26:46,092 - INFO - Train:1 - Epoch 435/1500 completed in 11.97 seconds.
2024-05-09 13:26:46,092 - INFO - Train:1 - Approximate time left: 3 hours, 34 minutes
2024-05-09 13:27:00,238 - INFO - Train:1 - Epoch 436/1500 completed in 12.02 seconds.
2024-05-09 13:27:00,238 - INFO - Train:1 - Approximate time left: 3 hours, 34 minutes
2024-05-09 13:27:14,251 - INFO - Train:1 - Epoch 437/1500 completed in 11.90 seconds.
2024-05-09 13:27:14,252 - INFO - Train:1 - Approximate time left: 3 hours, 34 minutes
2024-05-09 13:27:28,207 - INFO - Train:1 - Epoch 438/1500 completed in 11.82 seconds.
2024-05-09 13:27:28,207 - INFO - Train:1 - Approximate time left: 3 hours, 33 minutes
2024-05-09 13:27:42,298 - INFO - Train:1 - Epoch 439/1500 completed in 11.95 seconds.
2024-05-09 13:27:42,298 - INFO - Train:1 - Approximate time left: 3 hours, 33 minutes
2024-05-09 13:27:56,767 - INFO - Train:1 - Epoch 440/1500 completed in 12.27 seconds.
2024-05-09 13:27:56,767 - INFO - Train:1 - Approximate time left: 3 hours, 33 minutes
2024-05-09 13:28:11,178 - INFO - Train:1 - Epoch 441/1500 completed in 12.20 seconds.
2024-05-09 13:28:11,178 - INFO - Train:1 - Approximate time left: 3 hours, 33 minutes
2024-05-09 13:28:25,114 - INFO - Train:1 - Epoch 442/1500 completed in 11.75 seconds.
2024-05-09 13:28:25,114 - INFO - Train:1 - Approximate time left: 3 hours, 33 minutes
2024-05-09 13:28:39,482 - INFO - Train:1 - Epoch 443/1500 completed in 12.14 seconds.
2024-05-09 13:28:39,483 - INFO - Train:1 - Approximate time left: 3 hours, 32 minutes
2024-05-09 13:28:53,761 - INFO - Train:1 - Epoch 444/1500 completed in 12.06 seconds.
2024-05-09 13:28:53,761 - INFO - Train:1 - Approximate time left: 3 hours, 32 minutes
2024-05-09 13:29:07,510 - INFO - Train:1 - Epoch 445/1500 completed in 11.63 seconds.
2024-05-09 13:29:07,511 - INFO - Train:1 - Approximate time left: 3 hours, 32 minutes
2024-05-09 13:29:21,375 - INFO - Train:1 - Epoch 446/1500 completed in 11.77 seconds.
2024-05-09 13:29:21,375 - INFO - Train:1 - Approximate time left: 3 hours, 32 minutes
2024-05-09 13:29:35,462 - INFO - Train:1 - Epoch 447/1500 completed in 11.89 seconds.
2024-05-09 13:29:35,462 - INFO - Train:1 - Approximate time left: 3 hours, 32 minutes
2024-05-09 13:29:49,543 - INFO - Train:1 - Epoch 448/1500 completed in 11.89 seconds.
2024-05-09 13:29:49,543 - INFO - Train:1 - Approximate time left: 3 hours, 31 minutes
2024-05-09 13:30:03,654 - INFO - Train:1 - Epoch 449/1500 completed in 12.01 seconds.
2024-05-09 13:30:03,654 - INFO - Train:1 - Approximate time left: 3 hours, 31 minutes
2024-05-09 13:30:17,817 - INFO - Train:1 - Epoch 450/1500 completed in 12.01 seconds.
2024-05-09 13:30:17,818 - INFO - Train:1 - Approximate time left: 3 hours, 31 minutes
2024-05-09 13:30:31,959 - INFO - Train:1 - Epoch 451/1500 completed in 12.01 seconds.
2024-05-09 13:30:31,959 - INFO - Train:1 - Approximate time left: 3 hours, 31 minutes
2024-05-09 13:30:46,094 - INFO - Train:1 - Epoch 452/1500 completed in 12.02 seconds.
2024-05-09 13:30:46,094 - INFO - Train:1 - Approximate time left: 3 hours, 31 minutes
2024-05-09 13:31:00,219 - INFO - Train:1 - Epoch 453/1500 completed in 12.02 seconds.
2024-05-09 13:31:00,219 - INFO - Train:1 - Approximate time left: 3 hours, 30 minutes
2024-05-09 13:31:13,735 - INFO - Train:1 - Epoch 454/1500 completed in 11.41 seconds.
2024-05-09 13:31:13,735 - INFO - Train:1 - Approximate time left: 3 hours, 30 minutes
2024-05-09 13:31:27,831 - INFO - Train:1 - Epoch 455/1500 completed in 11.95 seconds.
2024-05-09 13:31:27,831 - INFO - Train:1 - Approximate time left: 3 hours, 30 minutes
2024-05-09 13:31:41,965 - INFO - Train:1 - Epoch 456/1500 completed in 12.00 seconds.
2024-05-09 13:31:41,966 - INFO - Train:1 - Approximate time left: 3 hours, 30 minutes
2024-05-09 13:31:56,689 - INFO - Train:1 - Epoch 457/1500 completed in 12.57 seconds.
2024-05-09 13:31:56,689 - INFO - Train:1 - Approximate time left: 3 hours, 30 minutes
2024-05-09 13:32:10,576 - INFO - Train:1 - Epoch 458/1500 completed in 11.74 seconds.
2024-05-09 13:32:10,576 - INFO - Train:1 - Approximate time left: 3 hours, 29 minutes
2024-05-09 13:32:24,822 - INFO - Train:1 - Epoch 459/1500 completed in 12.11 seconds.
2024-05-09 13:32:24,823 - INFO - Train:1 - Approximate time left: 3 hours, 29 minutes
2024-05-09 13:32:39,124 - INFO - Train:1 - Epoch 460/1500 completed in 12.19 seconds.
2024-05-09 13:32:39,124 - INFO - Train:1 - Approximate time left: 3 hours, 29 minutes
2024-05-09 13:32:52,612 - INFO - Train:1 - Epoch 461/1500 completed in 11.37 seconds.
2024-05-09 13:32:52,613 - INFO - Train:1 - Approximate time left: 3 hours, 29 minutes
2024-05-09 13:33:06,369 - INFO - Train:1 - Epoch 462/1500 completed in 11.63 seconds.
2024-05-09 13:33:06,369 - INFO - Train:1 - Approximate time left: 3 hours, 28 minutes
2024-05-09 13:33:20,482 - INFO - Train:1 - Epoch 463/1500 completed in 11.91 seconds.
2024-05-09 13:33:20,483 - INFO - Train:1 - Approximate time left: 3 hours, 28 minutes
2024-05-09 13:33:34,601 - INFO - Train:1 - Epoch 464/1500 completed in 11.91 seconds.
2024-05-09 13:33:34,601 - INFO - Train:1 - Approximate time left: 3 hours, 28 minutes
2024-05-09 13:33:48,733 - INFO - Train:1 - Epoch 465/1500 completed in 11.93 seconds.
2024-05-09 13:33:48,733 - INFO - Train:1 - Approximate time left: 3 hours, 28 minutes
2024-05-09 13:34:02,448 - INFO - Train:1 - Epoch 466/1500 completed in 11.50 seconds.
2024-05-09 13:34:02,449 - INFO - Train:1 - Approximate time left: 3 hours, 28 minutes
2024-05-09 13:34:15,812 - INFO - Train:1 - Epoch 467/1500 completed in 11.26 seconds.
2024-05-09 13:34:15,812 - INFO - Train:1 - Approximate time left: 3 hours, 27 minutes
2024-05-09 13:34:29,649 - INFO - Train:1 - Epoch 468/1500 completed in 11.70 seconds.
2024-05-09 13:34:29,649 - INFO - Train:1 - Approximate time left: 3 hours, 27 minutes
2024-05-09 13:34:43,784 - INFO - Train:1 - Epoch 469/1500 completed in 11.95 seconds.
2024-05-09 13:34:43,785 - INFO - Train:1 - Approximate time left: 3 hours, 27 minutes
2024-05-09 13:34:57,970 - INFO - Train:1 - Epoch 470/1500 completed in 11.99 seconds.
2024-05-09 13:34:57,970 - INFO - Train:1 - Approximate time left: 3 hours, 27 minutes
2024-05-09 13:35:12,120 - INFO - Train:1 - Epoch 471/1500 completed in 11.96 seconds.
2024-05-09 13:35:12,120 - INFO - Train:1 - Approximate time left: 3 hours, 27 minutes
2024-05-09 13:35:26,334 - INFO - Train:1 - Epoch 472/1500 completed in 11.99 seconds.
2024-05-09 13:35:26,334 - INFO - Train:1 - Approximate time left: 3 hours, 26 minutes
2024-05-09 13:35:40,629 - INFO - Train:1 - Epoch 473/1500 completed in 12.09 seconds.
2024-05-09 13:35:40,629 - INFO - Train:1 - Approximate time left: 3 hours, 26 minutes
2024-05-09 13:35:54,866 - INFO - Train:1 - Epoch 474/1500 completed in 12.01 seconds.
2024-05-09 13:35:54,866 - INFO - Train:1 - Approximate time left: 3 hours, 26 minutes
2024-05-09 13:36:09,131 - INFO - Train:1 - Epoch 475/1500 completed in 12.04 seconds.
2024-05-09 13:36:09,132 - INFO - Train:1 - Approximate time left: 3 hours, 26 minutes
2024-05-09 13:36:23,329 - INFO - Train:1 - Epoch 476/1500 completed in 12.11 seconds.
2024-05-09 13:36:23,329 - INFO - Train:1 - Approximate time left: 3 hours, 26 minutes
2024-05-09 13:36:37,736 - INFO - Train:1 - Epoch 477/1500 completed in 12.27 seconds.
2024-05-09 13:36:37,736 - INFO - Train:1 - Approximate time left: 3 hours, 25 minutes
2024-05-09 13:36:51,325 - INFO - Train:1 - Epoch 478/1500 completed in 11.47 seconds.
2024-05-09 13:36:51,326 - INFO - Train:1 - Approximate time left: 3 hours, 25 minutes
2024-05-09 13:37:05,489 - INFO - Train:1 - Epoch 479/1500 completed in 12.02 seconds.
2024-05-09 13:37:05,490 - INFO - Train:1 - Approximate time left: 3 hours, 25 minutes
2024-05-09 13:37:19,643 - INFO - Train:1 - Epoch 480/1500 completed in 12.01 seconds.
2024-05-09 13:37:19,644 - INFO - Train:1 - Approximate time left: 3 hours, 25 minutes
2024-05-09 13:37:32,941 - INFO - Train:1 - Epoch 481/1500 completed in 11.18 seconds.
2024-05-09 13:37:32,941 - INFO - Train:1 - Approximate time left: 3 hours, 25 minutes
2024-05-09 13:37:46,252 - INFO - Train:1 - Epoch 482/1500 completed in 11.18 seconds.
2024-05-09 13:37:46,253 - INFO - Train:1 - Approximate time left: 3 hours, 24 minutes
2024-05-09 13:38:00,145 - INFO - Train:1 - Epoch 483/1500 completed in 11.74 seconds.
2024-05-09 13:38:00,145 - INFO - Train:1 - Approximate time left: 3 hours, 24 minutes
2024-05-09 13:38:14,107 - INFO - Train:1 - Epoch 484/1500 completed in 11.77 seconds.
2024-05-09 13:38:14,107 - INFO - Train:1 - Approximate time left: 3 hours, 24 minutes
2024-05-09 13:38:28,196 - INFO - Train:1 - Epoch 485/1500 completed in 11.97 seconds.
2024-05-09 13:38:28,196 - INFO - Train:1 - Approximate time left: 3 hours, 24 minutes
2024-05-09 13:38:42,230 - INFO - Train:1 - Epoch 486/1500 completed in 11.91 seconds.
2024-05-09 13:38:42,230 - INFO - Train:1 - Approximate time left: 3 hours, 23 minutes
2024-05-09 13:38:56,341 - INFO - Train:1 - Epoch 487/1500 completed in 12.00 seconds.
2024-05-09 13:38:56,342 - INFO - Train:1 - Approximate time left: 3 hours, 23 minutes
2024-05-09 13:39:10,420 - INFO - Train:1 - Epoch 488/1500 completed in 11.94 seconds.
2024-05-09 13:39:10,421 - INFO - Train:1 - Approximate time left: 3 hours, 23 minutes
2024-05-09 13:39:24,610 - INFO - Train:1 - Epoch 489/1500 completed in 12.08 seconds.
2024-05-09 13:39:24,610 - INFO - Train:1 - Approximate time left: 3 hours, 23 minutes
2024-05-09 13:39:38,833 - INFO - Train:1 - Epoch 490/1500 completed in 12.10 seconds.
2024-05-09 13:39:38,833 - INFO - Train:1 - Approximate time left: 3 hours, 23 minutes
2024-05-09 13:39:53,083 - INFO - Train:1 - Epoch 491/1500 completed in 12.13 seconds.
2024-05-09 13:39:53,084 - INFO - Train:1 - Approximate time left: 3 hours, 22 minutes
2024-05-09 13:40:06,313 - INFO - Train:1 - Epoch 492/1500 completed in 11.10 seconds.
2024-05-09 13:40:06,313 - INFO - Train:1 - Approximate time left: 3 hours, 22 minutes
2024-05-09 13:40:19,839 - INFO - Train:1 - Epoch 493/1500 completed in 11.40 seconds.
2024-05-09 13:40:19,840 - INFO - Train:1 - Approximate time left: 3 hours, 22 minutes
2024-05-09 13:40:33,172 - INFO - Train:1 - Epoch 494/1500 completed in 11.19 seconds.
2024-05-09 13:40:33,172 - INFO - Train:1 - Approximate time left: 3 hours, 22 minutes
2024-05-09 13:40:47,493 - INFO - Train:1 - Epoch 495/1500 completed in 12.21 seconds.
2024-05-09 13:40:47,493 - INFO - Train:1 - Approximate time left: 3 hours, 22 minutes
2024-05-09 13:41:01,710 - INFO - Train:1 - Epoch 496/1500 completed in 12.07 seconds.
2024-05-09 13:41:01,710 - INFO - Train:1 - Approximate time left: 3 hours, 21 minutes
2024-05-09 13:41:16,056 - INFO - Train:1 - Epoch 497/1500 completed in 12.22 seconds.
2024-05-09 13:41:16,056 - INFO - Train:1 - Approximate time left: 3 hours, 21 minutes
2024-05-09 13:41:30,308 - INFO - Train:1 - Epoch 498/1500 completed in 11.77 seconds.
2024-05-09 13:41:30,308 - INFO - Train:1 - Approximate time left: 3 hours, 21 minutes
2024-05-09 13:41:44,541 - INFO - Train:1 - Epoch 499/1500 completed in 12.10 seconds.
2024-05-09 13:41:44,541 - INFO - Train:1 - Approximate time left: 3 hours, 21 minutes
2024-05-09 13:41:58,345 - INFO - Train:1 - Epoch 500/1500 completed in 11.67 seconds.
2024-05-09 13:41:58,345 - INFO - Train:1 - Approximate time left: 3 hours, 21 minutes
2024-05-09 13:42:11,976 - INFO - Train:1 - Epoch 501/1500 completed in 11.50 seconds.
2024-05-09 13:42:11,976 - INFO - Train:1 - Approximate time left: 3 hours, 20 minutes
2024-05-09 13:42:25,641 - INFO - Train:1 - Epoch 502/1500 completed in 11.56 seconds.
2024-05-09 13:42:25,641 - INFO - Train:1 - Approximate time left: 3 hours, 20 minutes
2024-05-09 13:42:39,554 - INFO - Train:1 - Epoch 503/1500 completed in 11.48 seconds.
2024-05-09 13:42:39,554 - INFO - Train:1 - Approximate time left: 3 hours, 20 minutes
2024-05-09 13:42:53,187 - INFO - Train:1 - Epoch 504/1500 completed in 11.50 seconds.
2024-05-09 13:42:53,188 - INFO - Train:1 - Approximate time left: 3 hours, 20 minutes
2024-05-09 13:43:06,854 - INFO - Train:1 - Epoch 505/1500 completed in 11.54 seconds.
2024-05-09 13:43:06,855 - INFO - Train:1 - Approximate time left: 3 hours, 19 minutes
2024-05-09 13:43:20,646 - INFO - Train:1 - Epoch 506/1500 completed in 11.67 seconds.
2024-05-09 13:43:20,646 - INFO - Train:1 - Approximate time left: 3 hours, 19 minutes
2024-05-09 13:43:34,695 - INFO - Train:1 - Epoch 507/1500 completed in 11.94 seconds.
2024-05-09 13:43:34,696 - INFO - Train:1 - Approximate time left: 3 hours, 19 minutes
2024-05-09 13:43:48,794 - INFO - Train:1 - Epoch 508/1500 completed in 11.96 seconds.
2024-05-09 13:43:48,794 - INFO - Train:1 - Approximate time left: 3 hours, 19 minutes
2024-05-09 13:44:02,830 - INFO - Train:1 - Epoch 509/1500 completed in 11.91 seconds.
2024-05-09 13:44:02,830 - INFO - Train:1 - Approximate time left: 3 hours, 19 minutes
2024-05-09 13:44:16,829 - INFO - Train:1 - Epoch 510/1500 completed in 11.90 seconds.
2024-05-09 13:44:16,829 - INFO - Train:1 - Approximate time left: 3 hours, 18 minutes
2024-05-09 13:44:30,456 - INFO - Train:1 - Epoch 511/1500 completed in 11.52 seconds.
2024-05-09 13:44:30,457 - INFO - Train:1 - Approximate time left: 3 hours, 18 minutes
2024-05-09 13:44:44,111 - INFO - Train:1 - Epoch 512/1500 completed in 11.52 seconds.
2024-05-09 13:44:44,111 - INFO - Train:1 - Approximate time left: 3 hours, 18 minutes
2024-05-09 13:44:58,512 - INFO - Train:1 - Epoch 513/1500 completed in 12.25 seconds.
2024-05-09 13:44:58,512 - INFO - Train:1 - Approximate time left: 3 hours, 18 minutes
2024-05-09 13:45:12,525 - INFO - Train:1 - Epoch 514/1500 completed in 11.87 seconds.
2024-05-09 13:45:12,525 - INFO - Train:1 - Approximate time left: 3 hours, 18 minutes
2024-05-09 13:45:26,712 - INFO - Train:1 - Epoch 515/1500 completed in 12.06 seconds.
2024-05-09 13:45:26,712 - INFO - Train:1 - Approximate time left: 3 hours, 17 minutes
2024-05-09 13:45:40,783 - INFO - Train:1 - Epoch 516/1500 completed in 11.92 seconds.
2024-05-09 13:45:40,784 - INFO - Train:1 - Approximate time left: 3 hours, 17 minutes
2024-05-09 13:45:54,647 - INFO - Train:1 - Epoch 517/1500 completed in 11.74 seconds.
2024-05-09 13:45:54,647 - INFO - Train:1 - Approximate time left: 3 hours, 17 minutes
2024-05-09 13:46:08,791 - INFO - Train:1 - Epoch 518/1500 completed in 12.04 seconds.
2024-05-09 13:46:08,791 - INFO - Train:1 - Approximate time left: 3 hours, 17 minutes
2024-05-09 13:46:22,618 - INFO - Train:1 - Epoch 519/1500 completed in 11.71 seconds.
2024-05-09 13:46:22,618 - INFO - Train:1 - Approximate time left: 3 hours, 17 minutes
2024-05-09 13:46:36,403 - INFO - Train:1 - Epoch 520/1500 completed in 11.66 seconds.
2024-05-09 13:46:36,403 - INFO - Train:1 - Approximate time left: 3 hours, 16 minutes
2024-05-09 13:46:49,777 - INFO - Train:1 - Epoch 521/1500 completed in 11.25 seconds.
2024-05-09 13:46:49,778 - INFO - Train:1 - Approximate time left: 3 hours, 16 minutes
2024-05-09 13:47:03,321 - INFO - Train:1 - Epoch 522/1500 completed in 11.41 seconds.
2024-05-09 13:47:03,322 - INFO - Train:1 - Approximate time left: 3 hours, 16 minutes
2024-05-09 13:47:17,393 - INFO - Train:1 - Epoch 523/1500 completed in 11.92 seconds.
2024-05-09 13:47:17,393 - INFO - Train:1 - Approximate time left: 3 hours, 16 minutes
2024-05-09 13:47:31,480 - INFO - Train:1 - Epoch 524/1500 completed in 11.95 seconds.
2024-05-09 13:47:31,481 - INFO - Train:1 - Approximate time left: 3 hours, 15 minutes
2024-05-09 13:47:45,426 - INFO - Train:1 - Epoch 525/1500 completed in 11.81 seconds.
2024-05-09 13:47:45,426 - INFO - Train:1 - Approximate time left: 3 hours, 15 minutes
2024-05-09 13:47:59,591 - INFO - Train:1 - Epoch 526/1500 completed in 12.04 seconds.
2024-05-09 13:47:59,591 - INFO - Train:1 - Approximate time left: 3 hours, 15 minutes
2024-05-09 13:48:13,586 - INFO - Train:1 - Epoch 527/1500 completed in 11.91 seconds.
2024-05-09 13:48:13,587 - INFO - Train:1 - Approximate time left: 3 hours, 15 minutes
2024-05-09 13:48:27,864 - INFO - Train:1 - Epoch 528/1500 completed in 12.20 seconds.
2024-05-09 13:48:27,864 - INFO - Train:1 - Approximate time left: 3 hours, 15 minutes
2024-05-09 13:48:41,800 - INFO - Train:1 - Epoch 529/1500 completed in 11.85 seconds.
2024-05-09 13:48:41,800 - INFO - Train:1 - Approximate time left: 3 hours, 14 minutes
2024-05-09 13:48:56,234 - INFO - Train:1 - Epoch 530/1500 completed in 12.01 seconds.
2024-05-09 13:48:56,234 - INFO - Train:1 - Approximate time left: 3 hours, 14 minutes
2024-05-09 13:49:10,636 - INFO - Train:1 - Epoch 531/1500 completed in 12.24 seconds.
2024-05-09 13:49:10,636 - INFO - Train:1 - Approximate time left: 3 hours, 14 minutes
2024-05-09 13:49:24,907 - INFO - Train:1 - Epoch 532/1500 completed in 12.14 seconds.
2024-05-09 13:49:24,907 - INFO - Train:1 - Approximate time left: 3 hours, 14 minutes
2024-05-09 13:49:39,202 - INFO - Train:1 - Epoch 533/1500 completed in 12.16 seconds.
2024-05-09 13:49:39,202 - INFO - Train:1 - Approximate time left: 3 hours, 14 minutes
2024-05-09 13:49:53,287 - INFO - Train:1 - Epoch 534/1500 completed in 11.95 seconds.
2024-05-09 13:49:53,287 - INFO - Train:1 - Approximate time left: 3 hours, 13 minutes
2024-05-09 13:50:07,546 - INFO - Train:1 - Epoch 535/1500 completed in 12.11 seconds.
2024-05-09 13:50:07,547 - INFO - Train:1 - Approximate time left: 3 hours, 13 minutes
2024-05-09 13:50:21,824 - INFO - Train:1 - Epoch 536/1500 completed in 12.05 seconds.
2024-05-09 13:50:21,825 - INFO - Train:1 - Approximate time left: 3 hours, 13 minutes
2024-05-09 13:50:35,716 - INFO - Train:1 - Epoch 537/1500 completed in 11.77 seconds.
2024-05-09 13:50:35,717 - INFO - Train:1 - Approximate time left: 3 hours, 13 minutes
2024-05-09 13:50:49,768 - INFO - Train:1 - Epoch 538/1500 completed in 11.91 seconds.
2024-05-09 13:50:49,769 - INFO - Train:1 - Approximate time left: 3 hours, 13 minutes
2024-05-09 13:51:03,990 - INFO - Train:1 - Epoch 539/1500 completed in 12.09 seconds.
2024-05-09 13:51:03,990 - INFO - Train:1 - Approximate time left: 3 hours, 12 minutes
2024-05-09 13:51:17,959 - INFO - Train:1 - Epoch 540/1500 completed in 11.88 seconds.
2024-05-09 13:51:17,960 - INFO - Train:1 - Approximate time left: 3 hours, 12 minutes
2024-05-09 13:51:31,709 - INFO - Train:1 - Epoch 541/1500 completed in 11.63 seconds.
2024-05-09 13:51:31,709 - INFO - Train:1 - Approximate time left: 3 hours, 12 minutes
2024-05-09 13:51:45,707 - INFO - Train:1 - Epoch 542/1500 completed in 11.87 seconds.
2024-05-09 13:51:45,708 - INFO - Train:1 - Approximate time left: 3 hours, 12 minutes
2024-05-09 13:52:00,611 - INFO - Train:1 - Epoch 543/1500 completed in 12.75 seconds.
2024-05-09 13:52:00,612 - INFO - Train:1 - Approximate time left: 3 hours, 12 minutes
2024-05-09 13:52:14,803 - INFO - Train:1 - Epoch 544/1500 completed in 12.07 seconds.
2024-05-09 13:52:14,803 - INFO - Train:1 - Approximate time left: 3 hours, 11 minutes
2024-05-09 13:52:29,057 - INFO - Train:1 - Epoch 545/1500 completed in 12.12 seconds.
2024-05-09 13:52:29,058 - INFO - Train:1 - Approximate time left: 3 hours, 11 minutes
2024-05-09 13:52:43,316 - INFO - Train:1 - Epoch 546/1500 completed in 12.13 seconds.
2024-05-09 13:52:43,316 - INFO - Train:1 - Approximate time left: 3 hours, 11 minutes
2024-05-09 13:52:57,524 - INFO - Train:1 - Epoch 547/1500 completed in 12.08 seconds.
2024-05-09 13:52:57,524 - INFO - Train:1 - Approximate time left: 3 hours, 11 minutes
2024-05-09 13:53:11,983 - INFO - Train:1 - Epoch 548/1500 completed in 12.32 seconds.
2024-05-09 13:53:11,983 - INFO - Train:1 - Approximate time left: 3 hours, 11 minutes
2024-05-09 13:53:25,977 - INFO - Train:1 - Epoch 549/1500 completed in 11.87 seconds.
2024-05-09 13:53:25,978 - INFO - Train:1 - Approximate time left: 3 hours, 10 minutes
2024-05-09 13:53:28,111 - INFO - Train:1 - Early stopping triggered across all processes at epoch:548
