2024-05-20 15:41:05,998 - DEBUG - Trainer:0 - Model graph added to TensorBoard.
2024-05-20 15:42:22,146 - DEBUG - Trainer:0 - Best checkpoint saved at /data/Pein/Pytorch/Ascend-NPU-Parallel-Training/5-experiment_logs/lr-5e-1/batch_size-2048/patience-20/2024-05-20_15-40-12/checkpoints/best-epoch:0.pth
2024-05-20 15:42:22,147 - INFO - Trainer:0 - Epoch 1/1000 completed in 76.14 seconds.
2024-05-20 15:42:22,147 - INFO - Trainer:0 - Total running time so far: 0h:1m:16s.
2024-05-20 15:42:22,147 - INFO - Trainer:0 - Average time per epoch: 76.14 seconds.
2024-05-20 15:42:22,147 - INFO - Trainer:0 - Approximate time left: 21h:7m:47s.
2024-05-20 15:42:36,056 - DEBUG - Trainer:0 - Best checkpoint saved at /data/Pein/Pytorch/Ascend-NPU-Parallel-Training/5-experiment_logs/lr-5e-1/batch_size-2048/patience-20/2024-05-20_15-40-12/checkpoints/best-epoch:1.pth
2024-05-20 15:42:49,962 - DEBUG - Trainer:0 - Best checkpoint saved at /data/Pein/Pytorch/Ascend-NPU-Parallel-Training/5-experiment_logs/lr-5e-1/batch_size-2048/patience-20/2024-05-20_15-40-12/checkpoints/best-epoch:2.pth
2024-05-20 15:43:03,904 - DEBUG - Trainer:0 - Best checkpoint saved at /data/Pein/Pytorch/Ascend-NPU-Parallel-Training/5-experiment_logs/lr-5e-1/batch_size-2048/patience-20/2024-05-20_15-40-12/checkpoints/best-epoch:3.pth
2024-05-20 15:43:17,765 - DEBUG - Trainer:0 - Best checkpoint saved at /data/Pein/Pytorch/Ascend-NPU-Parallel-Training/5-experiment_logs/lr-5e-1/batch_size-2048/patience-20/2024-05-20_15-40-12/checkpoints/best-epoch:4.pth
2024-05-20 15:43:31,635 - DEBUG - Trainer:0 - Best checkpoint saved at /data/Pein/Pytorch/Ascend-NPU-Parallel-Training/5-experiment_logs/lr-5e-1/batch_size-2048/patience-20/2024-05-20_15-40-12/checkpoints/best-epoch:5.pth
2024-05-20 15:43:59,058 - DEBUG - Trainer:0 - Best checkpoint saved at /data/Pein/Pytorch/Ascend-NPU-Parallel-Training/5-experiment_logs/lr-5e-1/batch_size-2048/patience-20/2024-05-20_15-40-12/checkpoints/best-epoch:7.pth
2024-05-20 15:44:12,981 - DEBUG - Trainer:0 - Best checkpoint saved at /data/Pein/Pytorch/Ascend-NPU-Parallel-Training/5-experiment_logs/lr-5e-1/batch_size-2048/patience-20/2024-05-20_15-40-12/checkpoints/best-epoch:8.pth
2024-05-20 15:44:40,310 - DEBUG - Trainer:0 - Best checkpoint saved at /data/Pein/Pytorch/Ascend-NPU-Parallel-Training/5-experiment_logs/lr-5e-1/batch_size-2048/patience-20/2024-05-20_15-40-12/checkpoints/best-epoch:10.pth
2024-05-20 15:45:20,941 - DEBUG - Trainer:0 - Best checkpoint saved at /data/Pein/Pytorch/Ascend-NPU-Parallel-Training/5-experiment_logs/lr-5e-1/batch_size-2048/patience-20/2024-05-20_15-40-12/checkpoints/best-epoch:13.pth
2024-05-20 15:45:34,804 - DEBUG - Trainer:0 - Best checkpoint saved at /data/Pein/Pytorch/Ascend-NPU-Parallel-Training/5-experiment_logs/lr-5e-1/batch_size-2048/patience-20/2024-05-20_15-40-12/checkpoints/best-epoch:14.pth
2024-05-20 15:45:48,713 - DEBUG - Trainer:0 - Best checkpoint saved at /data/Pein/Pytorch/Ascend-NPU-Parallel-Training/5-experiment_logs/lr-5e-1/batch_size-2048/patience-20/2024-05-20_15-40-12/checkpoints/best-epoch:15.pth
2024-05-20 15:46:29,536 - DEBUG - Trainer:0 - Best checkpoint saved at /data/Pein/Pytorch/Ascend-NPU-Parallel-Training/5-experiment_logs/lr-5e-1/batch_size-2048/patience-20/2024-05-20_15-40-12/checkpoints/best-epoch:18.pth
2024-05-20 15:46:56,811 - DEBUG - Trainer:0 - Best checkpoint saved at /data/Pein/Pytorch/Ascend-NPU-Parallel-Training/5-experiment_logs/lr-5e-1/batch_size-2048/patience-20/2024-05-20_15-40-12/checkpoints/best-epoch:20.pth
2024-05-20 15:46:56,812 - INFO - Trainer:0 - Epoch 21/1000 completed in 13.86 seconds.
2024-05-20 15:46:56,812 - INFO - Trainer:0 - Total running time so far: 0h:5m:50s.
2024-05-20 15:46:56,812 - INFO - Trainer:0 - Average time per epoch: 16.70 seconds.
2024-05-20 15:46:56,812 - INFO - Trainer:0 - Approximate time left: 4h:32m:34s.
2024-05-20 15:47:10,775 - DEBUG - Trainer:0 - Best checkpoint saved at /data/Pein/Pytorch/Ascend-NPU-Parallel-Training/5-experiment_logs/lr-5e-1/batch_size-2048/patience-20/2024-05-20_15-40-12/checkpoints/best-epoch:21.pth
2024-05-20 15:47:38,215 - DEBUG - Trainer:0 - Best checkpoint saved at /data/Pein/Pytorch/Ascend-NPU-Parallel-Training/5-experiment_logs/lr-5e-1/batch_size-2048/patience-20/2024-05-20_15-40-12/checkpoints/best-epoch:23.pth
2024-05-20 15:48:05,757 - DEBUG - Trainer:0 - Best checkpoint saved at /data/Pein/Pytorch/Ascend-NPU-Parallel-Training/5-experiment_logs/lr-5e-1/batch_size-2048/patience-20/2024-05-20_15-40-12/checkpoints/best-epoch:25.pth
2024-05-20 15:48:19,731 - DEBUG - Trainer:0 - Best checkpoint saved at /data/Pein/Pytorch/Ascend-NPU-Parallel-Training/5-experiment_logs/lr-5e-1/batch_size-2048/patience-20/2024-05-20_15-40-12/checkpoints/best-epoch:26.pth
2024-05-20 15:49:00,703 - DEBUG - Trainer:0 - Best checkpoint saved at /data/Pein/Pytorch/Ascend-NPU-Parallel-Training/5-experiment_logs/lr-5e-1/batch_size-2048/patience-20/2024-05-20_15-40-12/checkpoints/best-epoch:29.pth
2024-05-20 15:49:28,126 - DEBUG - Trainer:0 - Best checkpoint saved at /data/Pein/Pytorch/Ascend-NPU-Parallel-Training/5-experiment_logs/lr-5e-1/batch_size-2048/patience-20/2024-05-20_15-40-12/checkpoints/best-epoch:31.pth
2024-05-20 15:49:55,464 - DEBUG - Trainer:0 - Best checkpoint saved at /data/Pein/Pytorch/Ascend-NPU-Parallel-Training/5-experiment_logs/lr-5e-1/batch_size-2048/patience-20/2024-05-20_15-40-12/checkpoints/best-epoch:33.pth
2024-05-20 15:50:36,500 - DEBUG - Trainer:0 - Best checkpoint saved at /data/Pein/Pytorch/Ascend-NPU-Parallel-Training/5-experiment_logs/lr-5e-1/batch_size-2048/patience-20/2024-05-20_15-40-12/checkpoints/best-epoch:36.pth
2024-05-20 15:50:50,377 - DEBUG - Trainer:0 - Best checkpoint saved at /data/Pein/Pytorch/Ascend-NPU-Parallel-Training/5-experiment_logs/lr-5e-1/batch_size-2048/patience-20/2024-05-20_15-40-12/checkpoints/best-epoch:37.pth
2024-05-20 15:51:31,105 - DEBUG - Trainer:0 - Best checkpoint saved at /data/Pein/Pytorch/Ascend-NPU-Parallel-Training/5-experiment_logs/lr-5e-1/batch_size-2048/patience-20/2024-05-20_15-40-12/checkpoints/best-epoch:40.pth
2024-05-20 15:51:31,106 - INFO - Trainer:0 - Epoch 41/1000 completed in 13.96 seconds.
2024-05-20 15:51:31,106 - INFO - Trainer:0 - Total running time so far: 0h:10m:25s.
2024-05-20 15:51:31,106 - INFO - Trainer:0 - Average time per epoch: 15.25 seconds.
2024-05-20 15:51:31,106 - INFO - Trainer:0 - Approximate time left: 4h:3m:41s.
2024-05-20 15:52:52,136 - DEBUG - Trainer:0 - Best checkpoint saved at /data/Pein/Pytorch/Ascend-NPU-Parallel-Training/5-experiment_logs/lr-5e-1/batch_size-2048/patience-20/2024-05-20_15-40-12/checkpoints/best-epoch:46.pth
2024-05-20 15:53:48,811 - DEBUG - Trainer:0 - Best checkpoint saved at /data/Pein/Pytorch/Ascend-NPU-Parallel-Training/5-experiment_logs/lr-5e-1/batch_size-2048/patience-20/2024-05-20_15-40-12/checkpoints/best-epoch:50.pth
2024-05-20 15:54:29,686 - DEBUG - Trainer:0 - Best checkpoint saved at /data/Pein/Pytorch/Ascend-NPU-Parallel-Training/5-experiment_logs/lr-5e-1/batch_size-2048/patience-20/2024-05-20_15-40-12/checkpoints/best-epoch:53.pth
2024-05-20 15:54:43,645 - DEBUG - Trainer:0 - Best checkpoint saved at /data/Pein/Pytorch/Ascend-NPU-Parallel-Training/5-experiment_logs/lr-5e-1/batch_size-2048/patience-20/2024-05-20_15-40-12/checkpoints/best-epoch:54.pth
2024-05-20 15:55:24,443 - DEBUG - Trainer:0 - Best checkpoint saved at /data/Pein/Pytorch/Ascend-NPU-Parallel-Training/5-experiment_logs/lr-5e-1/batch_size-2048/patience-20/2024-05-20_15-40-12/checkpoints/best-epoch:57.pth
2024-05-20 15:56:04,769 - INFO - Trainer:0 - Epoch 61/1000 completed in 13.44 seconds.
2024-05-20 15:56:04,770 - INFO - Trainer:0 - Total running time so far: 0h:14m:58s.
2024-05-20 15:56:04,770 - INFO - Trainer:0 - Average time per epoch: 14.73 seconds.
2024-05-20 15:56:04,770 - INFO - Trainer:0 - Approximate time left: 3h:50m:34s.
2024-05-20 15:58:05,973 - DEBUG - Trainer:0 - Best checkpoint saved at /data/Pein/Pytorch/Ascend-NPU-Parallel-Training/5-experiment_logs/lr-5e-1/batch_size-2048/patience-20/2024-05-20_15-40-12/checkpoints/best-epoch:69.pth
2024-05-20 15:59:40,875 - DEBUG - Trainer:0 - Best checkpoint saved at /data/Pein/Pytorch/Ascend-NPU-Parallel-Training/5-experiment_logs/lr-5e-1/batch_size-2048/patience-20/2024-05-20_15-40-12/checkpoints/best-epoch:76.pth
2024-05-20 15:59:54,969 - DEBUG - Trainer:0 - Best checkpoint saved at /data/Pein/Pytorch/Ascend-NPU-Parallel-Training/5-experiment_logs/lr-5e-1/batch_size-2048/patience-20/2024-05-20_15-40-12/checkpoints/best-epoch:77.pth
2024-05-20 16:00:35,259 - INFO - Trainer:0 - Epoch 81/1000 completed in 13.44 seconds.
2024-05-20 16:00:35,260 - INFO - Trainer:0 - Total running time so far: 0h:19m:29s.
2024-05-20 16:00:35,260 - INFO - Trainer:0 - Average time per epoch: 14.44 seconds.
2024-05-20 16:00:35,260 - INFO - Trainer:0 - Approximate time left: 3h:41m:5s.
2024-05-20 16:02:50,732 - DEBUG - Trainer:0 - Best checkpoint saved at /data/Pein/Pytorch/Ascend-NPU-Parallel-Training/5-experiment_logs/lr-5e-1/batch_size-2048/patience-20/2024-05-20_15-40-12/checkpoints/best-epoch:90.pth
2024-05-20 16:03:04,607 - DEBUG - Trainer:0 - Best checkpoint saved at /data/Pein/Pytorch/Ascend-NPU-Parallel-Training/5-experiment_logs/lr-5e-1/batch_size-2048/patience-20/2024-05-20_15-40-12/checkpoints/best-epoch:91.pth
2024-05-20 16:05:07,541 - INFO - Trainer:0 - Epoch 101/1000 completed in 15.76 seconds.
2024-05-20 16:05:07,542 - INFO - Trainer:0 - Total running time so far: 0h:24m:1s.
2024-05-20 16:05:07,542 - INFO - Trainer:0 - Average time per epoch: 14.27 seconds.
2024-05-20 16:05:07,542 - INFO - Trainer:0 - Approximate time left: 3h:33m:50s.
2024-05-20 16:05:48,270 - DEBUG - Trainer:0 - Best checkpoint saved at /data/Pein/Pytorch/Ascend-NPU-Parallel-Training/5-experiment_logs/lr-5e-1/batch_size-2048/patience-20/2024-05-20_15-40-12/checkpoints/best-epoch:103.pth
2024-05-20 16:08:29,576 - DEBUG - Trainer:0 - Best checkpoint saved at /data/Pein/Pytorch/Ascend-NPU-Parallel-Training/5-experiment_logs/lr-5e-1/batch_size-2048/patience-20/2024-05-20_15-40-12/checkpoints/best-epoch:115.pth
2024-05-20 16:08:56,716 - DEBUG - Trainer:0 - Best checkpoint saved at /data/Pein/Pytorch/Ascend-NPU-Parallel-Training/5-experiment_logs/lr-5e-1/batch_size-2048/patience-20/2024-05-20_15-40-12/checkpoints/best-epoch:117.pth
2024-05-20 16:09:23,911 - DEBUG - Trainer:0 - Best checkpoint saved at /data/Pein/Pytorch/Ascend-NPU-Parallel-Training/5-experiment_logs/lr-5e-1/batch_size-2048/patience-20/2024-05-20_15-40-12/checkpoints/best-epoch:119.pth
2024-05-20 16:09:37,226 - INFO - Trainer:0 - Epoch 121/1000 completed in 13.31 seconds.
2024-05-20 16:09:37,226 - INFO - Trainer:0 - Total running time so far: 0h:28m:31s.
2024-05-20 16:09:37,226 - INFO - Trainer:0 - Average time per epoch: 14.14 seconds.
2024-05-20 16:09:37,226 - INFO - Trainer:0 - Approximate time left: 3h:27m:10s.
2024-05-20 16:13:53,121 - DEBUG - Trainer:0 - Best checkpoint saved at /data/Pein/Pytorch/Ascend-NPU-Parallel-Training/5-experiment_logs/lr-5e-1/batch_size-2048/patience-20/2024-05-20_15-40-12/checkpoints/best-epoch:139.pth
2024-05-20 16:14:06,426 - INFO - Trainer:0 - Epoch 141/1000 completed in 13.30 seconds.
2024-05-20 16:14:06,426 - INFO - Trainer:0 - Total running time so far: 0h:33m:0s.
2024-05-20 16:14:06,426 - INFO - Trainer:0 - Average time per epoch: 14.05 seconds.
2024-05-20 16:14:06,426 - INFO - Trainer:0 - Approximate time left: 3h:21m:4s.
2024-05-20 16:17:30,164 - DEBUG - Trainer:0 - Best checkpoint saved at /data/Pein/Pytorch/Ascend-NPU-Parallel-Training/5-experiment_logs/lr-5e-1/batch_size-2048/patience-20/2024-05-20_15-40-12/checkpoints/best-epoch:155.pth
2024-05-20 16:18:37,487 - INFO - Trainer:0 - Epoch 161/1000 completed in 13.45 seconds.
2024-05-20 16:18:37,487 - INFO - Trainer:0 - Total running time so far: 0h:37m:31s.
2024-05-20 16:18:37,487 - INFO - Trainer:0 - Average time per epoch: 13.98 seconds.
2024-05-20 16:18:37,487 - INFO - Trainer:0 - Approximate time left: 3h:15m:32s.
2024-05-20 16:22:26,497 - DEBUG - Trainer:0 - Best checkpoint saved at /data/Pein/Pytorch/Ascend-NPU-Parallel-Training/5-experiment_logs/lr-5e-1/batch_size-2048/patience-20/2024-05-20_15-40-12/checkpoints/best-epoch:177.pth
2024-05-20 16:22:40,421 - DEBUG - Trainer:0 - Best checkpoint saved at /data/Pein/Pytorch/Ascend-NPU-Parallel-Training/5-experiment_logs/lr-5e-1/batch_size-2048/patience-20/2024-05-20_15-40-12/checkpoints/best-epoch:178.pth
2024-05-20 16:22:54,337 - DEBUG - Trainer:0 - Best checkpoint saved at /data/Pein/Pytorch/Ascend-NPU-Parallel-Training/5-experiment_logs/lr-5e-1/batch_size-2048/patience-20/2024-05-20_15-40-12/checkpoints/best-epoch:179.pth
2024-05-20 16:23:08,231 - DEBUG - Trainer:0 - Best checkpoint saved at /data/Pein/Pytorch/Ascend-NPU-Parallel-Training/5-experiment_logs/lr-5e-1/batch_size-2048/patience-20/2024-05-20_15-40-12/checkpoints/best-epoch:180.pth
2024-05-20 16:23:08,232 - INFO - Trainer:0 - Epoch 181/1000 completed in 13.89 seconds.
2024-05-20 16:23:08,232 - INFO - Trainer:0 - Total running time so far: 0h:42m:2s.
2024-05-20 16:23:08,232 - INFO - Trainer:0 - Average time per epoch: 13.93 seconds.
2024-05-20 16:23:08,232 - INFO - Trainer:0 - Approximate time left: 3h:10m:12s.
2024-05-20 16:23:22,028 - DEBUG - Trainer:0 - Best checkpoint saved at /data/Pein/Pytorch/Ascend-NPU-Parallel-Training/5-experiment_logs/lr-5e-1/batch_size-2048/patience-20/2024-05-20_15-40-12/checkpoints/best-epoch:181.pth
2024-05-20 16:23:35,855 - DEBUG - Trainer:0 - Best checkpoint saved at /data/Pein/Pytorch/Ascend-NPU-Parallel-Training/5-experiment_logs/lr-5e-1/batch_size-2048/patience-20/2024-05-20_15-40-12/checkpoints/best-epoch:182.pth
2024-05-20 16:23:49,615 - DEBUG - Trainer:0 - Best checkpoint saved at /data/Pein/Pytorch/Ascend-NPU-Parallel-Training/5-experiment_logs/lr-5e-1/batch_size-2048/patience-20/2024-05-20_15-40-12/checkpoints/best-epoch:183.pth
2024-05-20 16:24:16,787 - DEBUG - Trainer:0 - Best checkpoint saved at /data/Pein/Pytorch/Ascend-NPU-Parallel-Training/5-experiment_logs/lr-5e-1/batch_size-2048/patience-20/2024-05-20_15-40-12/checkpoints/best-epoch:185.pth
2024-05-20 16:24:57,534 - DEBUG - Trainer:0 - Best checkpoint saved at /data/Pein/Pytorch/Ascend-NPU-Parallel-Training/5-experiment_logs/lr-5e-1/batch_size-2048/patience-20/2024-05-20_15-40-12/checkpoints/best-epoch:188.pth
2024-05-20 16:25:51,776 - DEBUG - Trainer:0 - Best checkpoint saved at /data/Pein/Pytorch/Ascend-NPU-Parallel-Training/5-experiment_logs/lr-5e-1/batch_size-2048/patience-20/2024-05-20_15-40-12/checkpoints/best-epoch:192.pth
2024-05-20 16:26:32,912 - DEBUG - Trainer:0 - Best checkpoint saved at /data/Pein/Pytorch/Ascend-NPU-Parallel-Training/5-experiment_logs/lr-5e-1/batch_size-2048/patience-20/2024-05-20_15-40-12/checkpoints/best-epoch:195.pth
2024-05-20 16:26:46,776 - DEBUG - Trainer:0 - Best checkpoint saved at /data/Pein/Pytorch/Ascend-NPU-Parallel-Training/5-experiment_logs/lr-5e-1/batch_size-2048/patience-20/2024-05-20_15-40-12/checkpoints/best-epoch:196.pth
2024-05-20 16:27:14,027 - DEBUG - Trainer:0 - Best checkpoint saved at /data/Pein/Pytorch/Ascend-NPU-Parallel-Training/5-experiment_logs/lr-5e-1/batch_size-2048/patience-20/2024-05-20_15-40-12/checkpoints/best-epoch:198.pth
2024-05-20 16:27:27,890 - DEBUG - Trainer:0 - Best checkpoint saved at /data/Pein/Pytorch/Ascend-NPU-Parallel-Training/5-experiment_logs/lr-5e-1/batch_size-2048/patience-20/2024-05-20_15-40-12/checkpoints/best-epoch:199.pth
2024-05-20 16:27:44,030 - DEBUG - Trainer:0 - Regular checkpoint saved at /data/Pein/Pytorch/Ascend-NPU-Parallel-Training/5-experiment_logs/lr-5e-1/batch_size-2048/patience-20/2024-05-20_15-40-12/checkpoints/regular-epoch:200.pth
2024-05-20 16:27:44,450 - DEBUG - Trainer:0 - Best checkpoint saved at /data/Pein/Pytorch/Ascend-NPU-Parallel-Training/5-experiment_logs/lr-5e-1/batch_size-2048/patience-20/2024-05-20_15-40-12/checkpoints/best-epoch:200.pth
2024-05-20 16:27:44,451 - INFO - Trainer:0 - Epoch 201/1000 completed in 16.56 seconds.
2024-05-20 16:27:44,451 - INFO - Trainer:0 - Total running time so far: 0h:46m:38s.
2024-05-20 16:27:44,451 - INFO - Trainer:0 - Average time per epoch: 13.92 seconds.
2024-05-20 16:27:44,451 - INFO - Trainer:0 - Approximate time left: 3h:5m:24s.
2024-05-20 16:28:11,897 - DEBUG - Trainer:0 - Best checkpoint saved at /data/Pein/Pytorch/Ascend-NPU-Parallel-Training/5-experiment_logs/lr-5e-1/batch_size-2048/patience-20/2024-05-20_15-40-12/checkpoints/best-epoch:202.pth
2024-05-20 16:30:55,119 - DEBUG - Trainer:0 - Best checkpoint saved at /data/Pein/Pytorch/Ascend-NPU-Parallel-Training/5-experiment_logs/lr-5e-1/batch_size-2048/patience-20/2024-05-20_15-40-12/checkpoints/best-epoch:214.pth
2024-05-20 16:31:35,925 - DEBUG - Trainer:0 - Best checkpoint saved at /data/Pein/Pytorch/Ascend-NPU-Parallel-Training/5-experiment_logs/lr-5e-1/batch_size-2048/patience-20/2024-05-20_15-40-12/checkpoints/best-epoch:217.pth
2024-05-20 16:32:16,429 - INFO - Trainer:0 - Epoch 221/1000 completed in 13.48 seconds.
2024-05-20 16:32:16,430 - INFO - Trainer:0 - Total running time so far: 0h:51m:10s.
2024-05-20 16:32:16,430 - INFO - Trainer:0 - Average time per epoch: 13.89 seconds.
2024-05-20 16:32:16,430 - INFO - Trainer:0 - Approximate time left: 3h:0m:22s.
2024-05-20 16:33:51,126 - DEBUG - Trainer:0 - Best checkpoint saved at /data/Pein/Pytorch/Ascend-NPU-Parallel-Training/5-experiment_logs/lr-5e-1/batch_size-2048/patience-20/2024-05-20_15-40-12/checkpoints/best-epoch:227.pth
2024-05-20 16:34:04,997 - DEBUG - Trainer:0 - Best checkpoint saved at /data/Pein/Pytorch/Ascend-NPU-Parallel-Training/5-experiment_logs/lr-5e-1/batch_size-2048/patience-20/2024-05-20_15-40-12/checkpoints/best-epoch:228.pth
2024-05-20 16:34:18,871 - DEBUG - Trainer:0 - Best checkpoint saved at /data/Pein/Pytorch/Ascend-NPU-Parallel-Training/5-experiment_logs/lr-5e-1/batch_size-2048/patience-20/2024-05-20_15-40-12/checkpoints/best-epoch:229.pth
2024-05-20 16:36:34,217 - DEBUG - Trainer:0 - Best checkpoint saved at /data/Pein/Pytorch/Ascend-NPU-Parallel-Training/5-experiment_logs/lr-5e-1/batch_size-2048/patience-20/2024-05-20_15-40-12/checkpoints/best-epoch:239.pth
2024-05-20 16:36:47,678 - INFO - Trainer:0 - Epoch 241/1000 completed in 13.46 seconds.
2024-05-20 16:36:47,679 - INFO - Trainer:0 - Total running time so far: 0h:55m:41s.
2024-05-20 16:36:47,679 - INFO - Trainer:0 - Average time per epoch: 13.87 seconds.
2024-05-20 16:36:47,679 - INFO - Trainer:0 - Approximate time left: 2h:55m:24s.
2024-05-20 16:37:41,744 - DEBUG - Trainer:0 - Best checkpoint saved at /data/Pein/Pytorch/Ascend-NPU-Parallel-Training/5-experiment_logs/lr-5e-1/batch_size-2048/patience-20/2024-05-20_15-40-12/checkpoints/best-epoch:244.pth
2024-05-20 16:38:49,747 - DEBUG - Trainer:0 - Best checkpoint saved at /data/Pein/Pytorch/Ascend-NPU-Parallel-Training/5-experiment_logs/lr-5e-1/batch_size-2048/patience-20/2024-05-20_15-40-12/checkpoints/best-epoch:249.pth
2024-05-20 16:39:19,339 - DEBUG - Trainer:0 - Best checkpoint saved at /data/Pein/Pytorch/Ascend-NPU-Parallel-Training/5-experiment_logs/lr-5e-1/batch_size-2048/patience-20/2024-05-20_15-40-12/checkpoints/best-epoch:251.pth
2024-05-20 16:41:20,442 - INFO - Trainer:0 - Epoch 261/1000 completed in 13.48 seconds.
2024-05-20 16:41:20,442 - INFO - Trainer:0 - Total running time so far: 1h:0m:14s.
2024-05-20 16:41:20,442 - INFO - Trainer:0 - Average time per epoch: 13.85 seconds.
2024-05-20 16:41:20,442 - INFO - Trainer:0 - Approximate time left: 2h:50m:33s.
2024-05-20 16:41:47,919 - DEBUG - Trainer:0 - Best checkpoint saved at /data/Pein/Pytorch/Ascend-NPU-Parallel-Training/5-experiment_logs/lr-5e-1/batch_size-2048/patience-20/2024-05-20_15-40-12/checkpoints/best-epoch:262.pth
2024-05-20 16:43:09,246 - DEBUG - Trainer:0 - Best checkpoint saved at /data/Pein/Pytorch/Ascend-NPU-Parallel-Training/5-experiment_logs/lr-5e-1/batch_size-2048/patience-20/2024-05-20_15-40-12/checkpoints/best-epoch:268.pth
2024-05-20 16:45:51,406 - INFO - Trainer:0 - Epoch 281/1000 completed in 13.56 seconds.
2024-05-20 16:45:51,406 - INFO - Trainer:0 - Total running time so far: 1h:4m:45s.
2024-05-20 16:45:51,406 - INFO - Trainer:0 - Average time per epoch: 13.83 seconds.
2024-05-20 16:45:51,406 - INFO - Trainer:0 - Approximate time left: 2h:45m:41s.
2024-05-20 16:46:45,772 - DEBUG - Trainer:0 - Best checkpoint saved at /data/Pein/Pytorch/Ascend-NPU-Parallel-Training/5-experiment_logs/lr-5e-1/batch_size-2048/patience-20/2024-05-20_15-40-12/checkpoints/best-epoch:284.pth
2024-05-20 16:46:59,672 - DEBUG - Trainer:0 - Best checkpoint saved at /data/Pein/Pytorch/Ascend-NPU-Parallel-Training/5-experiment_logs/lr-5e-1/batch_size-2048/patience-20/2024-05-20_15-40-12/checkpoints/best-epoch:285.pth
2024-05-20 16:47:27,070 - DEBUG - Trainer:0 - Best checkpoint saved at /data/Pein/Pytorch/Ascend-NPU-Parallel-Training/5-experiment_logs/lr-5e-1/batch_size-2048/patience-20/2024-05-20_15-40-12/checkpoints/best-epoch:287.pth
2024-05-20 16:47:41,026 - DEBUG - Trainer:0 - Best checkpoint saved at /data/Pein/Pytorch/Ascend-NPU-Parallel-Training/5-experiment_logs/lr-5e-1/batch_size-2048/patience-20/2024-05-20_15-40-12/checkpoints/best-epoch:288.pth
2024-05-20 16:47:54,961 - DEBUG - Trainer:0 - Best checkpoint saved at /data/Pein/Pytorch/Ascend-NPU-Parallel-Training/5-experiment_logs/lr-5e-1/batch_size-2048/patience-20/2024-05-20_15-40-12/checkpoints/best-epoch:289.pth
2024-05-20 16:48:22,394 - DEBUG - Trainer:0 - Best checkpoint saved at /data/Pein/Pytorch/Ascend-NPU-Parallel-Training/5-experiment_logs/lr-5e-1/batch_size-2048/patience-20/2024-05-20_15-40-12/checkpoints/best-epoch:291.pth
2024-05-20 16:48:36,351 - DEBUG - Trainer:0 - Best checkpoint saved at /data/Pein/Pytorch/Ascend-NPU-Parallel-Training/5-experiment_logs/lr-5e-1/batch_size-2048/patience-20/2024-05-20_15-40-12/checkpoints/best-epoch:292.pth
2024-05-20 16:49:03,770 - DEBUG - Trainer:0 - Best checkpoint saved at /data/Pein/Pytorch/Ascend-NPU-Parallel-Training/5-experiment_logs/lr-5e-1/batch_size-2048/patience-20/2024-05-20_15-40-12/checkpoints/best-epoch:294.pth
2024-05-20 16:49:44,734 - DEBUG - Trainer:0 - Best checkpoint saved at /data/Pein/Pytorch/Ascend-NPU-Parallel-Training/5-experiment_logs/lr-5e-1/batch_size-2048/patience-20/2024-05-20_15-40-12/checkpoints/best-epoch:297.pth
2024-05-20 16:50:27,339 - INFO - Trainer:0 - Epoch 301/1000 completed in 15.64 seconds.
2024-05-20 16:50:27,340 - INFO - Trainer:0 - Total running time so far: 1h:9m:21s.
2024-05-20 16:50:27,340 - INFO - Trainer:0 - Average time per epoch: 13.82 seconds.
2024-05-20 16:50:27,340 - INFO - Trainer:0 - Approximate time left: 2h:41m:3s.
2024-05-20 16:51:48,543 - DEBUG - Trainer:0 - Best checkpoint saved at /data/Pein/Pytorch/Ascend-NPU-Parallel-Training/5-experiment_logs/lr-5e-1/batch_size-2048/patience-20/2024-05-20_15-40-12/checkpoints/best-epoch:306.pth
2024-05-20 16:52:29,277 - DEBUG - Trainer:0 - Best checkpoint saved at /data/Pein/Pytorch/Ascend-NPU-Parallel-Training/5-experiment_logs/lr-5e-1/batch_size-2048/patience-20/2024-05-20_15-40-12/checkpoints/best-epoch:309.pth
2024-05-20 16:52:56,868 - DEBUG - Trainer:0 - Best checkpoint saved at /data/Pein/Pytorch/Ascend-NPU-Parallel-Training/5-experiment_logs/lr-5e-1/batch_size-2048/patience-20/2024-05-20_15-40-12/checkpoints/best-epoch:311.pth
2024-05-20 16:53:51,176 - DEBUG - Trainer:0 - Best checkpoint saved at /data/Pein/Pytorch/Ascend-NPU-Parallel-Training/5-experiment_logs/lr-5e-1/batch_size-2048/patience-20/2024-05-20_15-40-12/checkpoints/best-epoch:315.pth
2024-05-20 16:54:45,357 - DEBUG - Trainer:0 - Best checkpoint saved at /data/Pein/Pytorch/Ascend-NPU-Parallel-Training/5-experiment_logs/lr-5e-1/batch_size-2048/patience-20/2024-05-20_15-40-12/checkpoints/best-epoch:319.pth
2024-05-20 16:54:58,724 - INFO - Trainer:0 - Epoch 321/1000 completed in 13.37 seconds.
2024-05-20 16:54:58,724 - INFO - Trainer:0 - Total running time so far: 1h:13m:52s.
2024-05-20 16:54:58,724 - INFO - Trainer:0 - Average time per epoch: 13.81 seconds.
2024-05-20 16:54:58,724 - INFO - Trainer:0 - Approximate time left: 2h:36m:16s.
2024-05-20 16:58:08,920 - DEBUG - Trainer:0 - Best checkpoint saved at /data/Pein/Pytorch/Ascend-NPU-Parallel-Training/5-experiment_logs/lr-5e-1/batch_size-2048/patience-20/2024-05-20_15-40-12/checkpoints/best-epoch:334.pth
2024-05-20 16:58:36,359 - DEBUG - Trainer:0 - Best checkpoint saved at /data/Pein/Pytorch/Ascend-NPU-Parallel-Training/5-experiment_logs/lr-5e-1/batch_size-2048/patience-20/2024-05-20_15-40-12/checkpoints/best-epoch:336.pth
2024-05-20 16:59:30,626 - DEBUG - Trainer:0 - Best checkpoint saved at /data/Pein/Pytorch/Ascend-NPU-Parallel-Training/5-experiment_logs/lr-5e-1/batch_size-2048/patience-20/2024-05-20_15-40-12/checkpoints/best-epoch:340.pth
2024-05-20 16:59:30,627 - INFO - Trainer:0 - Epoch 341/1000 completed in 13.92 seconds.
2024-05-20 16:59:30,627 - INFO - Trainer:0 - Total running time so far: 1h:18m:24s.
2024-05-20 16:59:30,627 - INFO - Trainer:0 - Average time per epoch: 13.80 seconds.
2024-05-20 16:59:30,627 - INFO - Trainer:0 - Approximate time left: 2h:31m:31s.
2024-05-20 17:01:05,470 - DEBUG - Trainer:0 - Best checkpoint saved at /data/Pein/Pytorch/Ascend-NPU-Parallel-Training/5-experiment_logs/lr-5e-1/batch_size-2048/patience-20/2024-05-20_15-40-12/checkpoints/best-epoch:347.pth
2024-05-20 17:01:32,775 - DEBUG - Trainer:0 - Best checkpoint saved at /data/Pein/Pytorch/Ascend-NPU-Parallel-Training/5-experiment_logs/lr-5e-1/batch_size-2048/patience-20/2024-05-20_15-40-12/checkpoints/best-epoch:349.pth
2024-05-20 17:02:15,823 - DEBUG - Trainer:0 - Best checkpoint saved at /data/Pein/Pytorch/Ascend-NPU-Parallel-Training/5-experiment_logs/lr-5e-1/batch_size-2048/patience-20/2024-05-20_15-40-12/checkpoints/best-epoch:352.pth
2024-05-20 17:03:36,935 - DEBUG - Trainer:0 - Best checkpoint saved at /data/Pein/Pytorch/Ascend-NPU-Parallel-Training/5-experiment_logs/lr-5e-1/batch_size-2048/patience-20/2024-05-20_15-40-12/checkpoints/best-epoch:358.pth
2024-05-20 17:04:04,269 - DEBUG - Trainer:0 - Best checkpoint saved at /data/Pein/Pytorch/Ascend-NPU-Parallel-Training/5-experiment_logs/lr-5e-1/batch_size-2048/patience-20/2024-05-20_15-40-12/checkpoints/best-epoch:360.pth
2024-05-20 17:04:04,270 - INFO - Trainer:0 - Epoch 361/1000 completed in 13.94 seconds.
2024-05-20 17:04:04,270 - INFO - Trainer:0 - Total running time so far: 1h:22m:58s.
2024-05-20 17:04:04,270 - INFO - Trainer:0 - Average time per epoch: 13.79 seconds.
2024-05-20 17:04:04,270 - INFO - Trainer:0 - Approximate time left: 2h:26m:51s.
2024-05-20 17:05:39,117 - DEBUG - Trainer:0 - Best checkpoint saved at /data/Pein/Pytorch/Ascend-NPU-Parallel-Training/5-experiment_logs/lr-5e-1/batch_size-2048/patience-20/2024-05-20_15-40-12/checkpoints/best-epoch:367.pth
2024-05-20 17:07:40,614 - DEBUG - Trainer:0 - Best checkpoint saved at /data/Pein/Pytorch/Ascend-NPU-Parallel-Training/5-experiment_logs/lr-5e-1/batch_size-2048/patience-20/2024-05-20_15-40-12/checkpoints/best-epoch:376.pth
2024-05-20 17:08:34,640 - INFO - Trainer:0 - Epoch 381/1000 completed in 13.54 seconds.
2024-05-20 17:08:34,640 - INFO - Trainer:0 - Total running time so far: 1h:27m:28s.
2024-05-20 17:08:34,640 - INFO - Trainer:0 - Average time per epoch: 13.78 seconds.
2024-05-20 17:08:34,640 - INFO - Trainer:0 - Approximate time left: 2h:22m:7s.
2024-05-20 17:10:22,942 - DEBUG - Trainer:0 - Best checkpoint saved at /data/Pein/Pytorch/Ascend-NPU-Parallel-Training/5-experiment_logs/lr-5e-1/batch_size-2048/patience-20/2024-05-20_15-40-12/checkpoints/best-epoch:388.pth
2024-05-20 17:11:30,661 - DEBUG - Trainer:0 - Best checkpoint saved at /data/Pein/Pytorch/Ascend-NPU-Parallel-Training/5-experiment_logs/lr-5e-1/batch_size-2048/patience-20/2024-05-20_15-40-12/checkpoints/best-epoch:393.pth
2024-05-20 17:12:25,171 - DEBUG - Trainer:0 - Best checkpoint saved at /data/Pein/Pytorch/Ascend-NPU-Parallel-Training/5-experiment_logs/lr-5e-1/batch_size-2048/patience-20/2024-05-20_15-40-12/checkpoints/best-epoch:397.pth
2024-05-20 17:13:08,283 - DEBUG - Trainer:0 - Regular checkpoint saved at /data/Pein/Pytorch/Ascend-NPU-Parallel-Training/5-experiment_logs/lr-5e-1/batch_size-2048/patience-20/2024-05-20_15-40-12/checkpoints/regular-epoch:400.pth
2024-05-20 17:13:08,763 - DEBUG - Trainer:0 - Best checkpoint saved at /data/Pein/Pytorch/Ascend-NPU-Parallel-Training/5-experiment_logs/lr-5e-1/batch_size-2048/patience-20/2024-05-20_15-40-12/checkpoints/best-epoch:400.pth
2024-05-20 17:13:08,763 - INFO - Trainer:0 - Epoch 401/1000 completed in 16.61 seconds.
2024-05-20 17:13:08,763 - INFO - Trainer:0 - Total running time so far: 1h:32m:2s.
2024-05-20 17:13:08,764 - INFO - Trainer:0 - Average time per epoch: 13.77 seconds.
2024-05-20 17:13:08,764 - INFO - Trainer:0 - Approximate time left: 2h:17m:29s.
2024-05-20 17:13:49,538 - DEBUG - Trainer:0 - Best checkpoint saved at /data/Pein/Pytorch/Ascend-NPU-Parallel-Training/5-experiment_logs/lr-5e-1/batch_size-2048/patience-20/2024-05-20_15-40-12/checkpoints/best-epoch:403.pth
2024-05-20 17:14:03,454 - DEBUG - Trainer:0 - Best checkpoint saved at /data/Pein/Pytorch/Ascend-NPU-Parallel-Training/5-experiment_logs/lr-5e-1/batch_size-2048/patience-20/2024-05-20_15-40-12/checkpoints/best-epoch:404.pth
2024-05-20 17:16:32,604 - DEBUG - Trainer:0 - Best checkpoint saved at /data/Pein/Pytorch/Ascend-NPU-Parallel-Training/5-experiment_logs/lr-5e-1/batch_size-2048/patience-20/2024-05-20_15-40-12/checkpoints/best-epoch:415.pth
2024-05-20 17:17:13,538 - DEBUG - Trainer:0 - Best checkpoint saved at /data/Pein/Pytorch/Ascend-NPU-Parallel-Training/5-experiment_logs/lr-5e-1/batch_size-2048/patience-20/2024-05-20_15-40-12/checkpoints/best-epoch:418.pth
2024-05-20 17:17:40,480 - INFO - Trainer:0 - Epoch 421/1000 completed in 13.42 seconds.
2024-05-20 17:17:40,480 - INFO - Trainer:0 - Total running time so far: 1h:36m:34s.
2024-05-20 17:17:40,481 - INFO - Trainer:0 - Average time per epoch: 13.76 seconds.
2024-05-20 17:17:40,481 - INFO - Trainer:0 - Approximate time left: 2h:12m:49s.
2024-05-20 17:18:08,005 - DEBUG - Trainer:0 - Best checkpoint saved at /data/Pein/Pytorch/Ascend-NPU-Parallel-Training/5-experiment_logs/lr-5e-1/batch_size-2048/patience-20/2024-05-20_15-40-12/checkpoints/best-epoch:422.pth
2024-05-20 17:18:21,930 - DEBUG - Trainer:0 - Best checkpoint saved at /data/Pein/Pytorch/Ascend-NPU-Parallel-Training/5-experiment_logs/lr-5e-1/batch_size-2048/patience-20/2024-05-20_15-40-12/checkpoints/best-epoch:423.pth
2024-05-20 17:21:17,718 - DEBUG - Trainer:0 - Best checkpoint saved at /data/Pein/Pytorch/Ascend-NPU-Parallel-Training/5-experiment_logs/lr-5e-1/batch_size-2048/patience-20/2024-05-20_15-40-12/checkpoints/best-epoch:436.pth
2024-05-20 17:22:11,531 - INFO - Trainer:0 - Epoch 441/1000 completed in 13.51 seconds.
2024-05-20 17:22:11,531 - INFO - Trainer:0 - Total running time so far: 1h:41m:5s.
2024-05-20 17:22:11,532 - INFO - Trainer:0 - Average time per epoch: 13.75 seconds.
2024-05-20 17:22:11,532 - INFO - Trainer:0 - Approximate time left: 2h:8m:8s.
2024-05-20 17:25:51,062 - DEBUG - Trainer:0 - Best checkpoint saved at /data/Pein/Pytorch/Ascend-NPU-Parallel-Training/5-experiment_logs/lr-5e-1/batch_size-2048/patience-20/2024-05-20_15-40-12/checkpoints/best-epoch:456.pth
2024-05-20 17:26:44,759 - INFO - Trainer:0 - Epoch 461/1000 completed in 13.39 seconds.
2024-05-20 17:26:44,759 - INFO - Trainer:0 - Total running time so far: 1h:45m:38s.
2024-05-20 17:26:44,760 - INFO - Trainer:0 - Average time per epoch: 13.75 seconds.
2024-05-20 17:26:44,760 - INFO - Trainer:0 - Approximate time left: 2h:3m:31s.
2024-05-20 17:27:12,136 - DEBUG - Trainer:0 - Best checkpoint saved at /data/Pein/Pytorch/Ascend-NPU-Parallel-Training/5-experiment_logs/lr-5e-1/batch_size-2048/patience-20/2024-05-20_15-40-12/checkpoints/best-epoch:462.pth
2024-05-20 17:27:39,518 - DEBUG - Trainer:0 - Best checkpoint saved at /data/Pein/Pytorch/Ascend-NPU-Parallel-Training/5-experiment_logs/lr-5e-1/batch_size-2048/patience-20/2024-05-20_15-40-12/checkpoints/best-epoch:464.pth
2024-05-20 17:30:21,897 - DEBUG - Trainer:0 - Best checkpoint saved at /data/Pein/Pytorch/Ascend-NPU-Parallel-Training/5-experiment_logs/lr-5e-1/batch_size-2048/patience-20/2024-05-20_15-40-12/checkpoints/best-epoch:476.pth
2024-05-20 17:30:35,795 - DEBUG - Trainer:0 - Best checkpoint saved at /data/Pein/Pytorch/Ascend-NPU-Parallel-Training/5-experiment_logs/lr-5e-1/batch_size-2048/patience-20/2024-05-20_15-40-12/checkpoints/best-epoch:477.pth
2024-05-20 17:31:16,140 - INFO - Trainer:0 - Epoch 481/1000 completed in 13.49 seconds.
2024-05-20 17:31:16,140 - INFO - Trainer:0 - Total running time so far: 1h:50m:10s.
2024-05-20 17:31:16,140 - INFO - Trainer:0 - Average time per epoch: 13.74 seconds.
2024-05-20 17:31:16,140 - INFO - Trainer:0 - Approximate time left: 1h:58m:52s.
2024-05-20 17:32:10,485 - DEBUG - Trainer:0 - Best checkpoint saved at /data/Pein/Pytorch/Ascend-NPU-Parallel-Training/5-experiment_logs/lr-5e-1/batch_size-2048/patience-20/2024-05-20_15-40-12/checkpoints/best-epoch:484.pth
2024-05-20 17:32:37,902 - DEBUG - Trainer:0 - Best checkpoint saved at /data/Pein/Pytorch/Ascend-NPU-Parallel-Training/5-experiment_logs/lr-5e-1/batch_size-2048/patience-20/2024-05-20_15-40-12/checkpoints/best-epoch:486.pth
2024-05-20 17:33:18,610 - DEBUG - Trainer:0 - Best checkpoint saved at /data/Pein/Pytorch/Ascend-NPU-Parallel-Training/5-experiment_logs/lr-5e-1/batch_size-2048/patience-20/2024-05-20_15-40-12/checkpoints/best-epoch:489.pth
2024-05-20 17:33:46,100 - DEBUG - Trainer:0 - Best checkpoint saved at /data/Pein/Pytorch/Ascend-NPU-Parallel-Training/5-experiment_logs/lr-5e-1/batch_size-2048/patience-20/2024-05-20_15-40-12/checkpoints/best-epoch:491.pth
2024-05-20 17:35:07,573 - DEBUG - Trainer:0 - Best checkpoint saved at /data/Pein/Pytorch/Ascend-NPU-Parallel-Training/5-experiment_logs/lr-5e-1/batch_size-2048/patience-20/2024-05-20_15-40-12/checkpoints/best-epoch:497.pth
2024-05-20 17:35:50,125 - INFO - Trainer:0 - Epoch 501/1000 completed in 15.65 seconds.
2024-05-20 17:35:50,125 - INFO - Trainer:0 - Total running time so far: 1h:54m:44s.
2024-05-20 17:35:50,125 - INFO - Trainer:0 - Average time per epoch: 13.74 seconds.
2024-05-20 17:35:50,125 - INFO - Trainer:0 - Approximate time left: 1h:54m:16s.
2024-05-20 17:36:04,022 - DEBUG - Trainer:0 - Best checkpoint saved at /data/Pein/Pytorch/Ascend-NPU-Parallel-Training/5-experiment_logs/lr-5e-1/batch_size-2048/patience-20/2024-05-20_15-40-12/checkpoints/best-epoch:501.pth
2024-05-20 17:38:05,296 - DEBUG - Trainer:0 - Best checkpoint saved at /data/Pein/Pytorch/Ascend-NPU-Parallel-Training/5-experiment_logs/lr-5e-1/batch_size-2048/patience-20/2024-05-20_15-40-12/checkpoints/best-epoch:510.pth
2024-05-20 17:40:19,701 - INFO - Trainer:0 - Epoch 521/1000 completed in 13.45 seconds.
2024-05-20 17:40:19,702 - INFO - Trainer:0 - Total running time so far: 1h:59m:13s.
2024-05-20 17:40:19,702 - INFO - Trainer:0 - Average time per epoch: 13.73 seconds.
2024-05-20 17:40:19,702 - INFO - Trainer:0 - Approximate time left: 1h:49m:36s.
2024-05-20 17:42:48,001 - DEBUG - Trainer:0 - Best checkpoint saved at /data/Pein/Pytorch/Ascend-NPU-Parallel-Training/5-experiment_logs/lr-5e-1/batch_size-2048/patience-20/2024-05-20_15-40-12/checkpoints/best-epoch:531.pth
2024-05-20 17:44:49,248 - INFO - Trainer:0 - Epoch 541/1000 completed in 13.45 seconds.
2024-05-20 17:44:49,248 - INFO - Trainer:0 - Total running time so far: 2h:3m:43s.
2024-05-20 17:44:49,248 - INFO - Trainer:0 - Average time per epoch: 13.72 seconds.
2024-05-20 17:44:49,248 - INFO - Trainer:0 - Approximate time left: 1h:44m:57s.
2024-05-20 17:45:03,207 - DEBUG - Trainer:0 - Best checkpoint saved at /data/Pein/Pytorch/Ascend-NPU-Parallel-Training/5-experiment_logs/lr-5e-1/batch_size-2048/patience-20/2024-05-20_15-40-12/checkpoints/best-epoch:541.pth
2024-05-20 17:47:47,793 - DEBUG - Trainer:0 - Best checkpoint saved at /data/Pein/Pytorch/Ascend-NPU-Parallel-Training/5-experiment_logs/lr-5e-1/batch_size-2048/patience-20/2024-05-20_15-40-12/checkpoints/best-epoch:553.pth
2024-05-20 17:49:21,967 - INFO - Trainer:0 - Epoch 561/1000 completed in 13.46 seconds.
2024-05-20 17:49:21,968 - INFO - Trainer:0 - Total running time so far: 2h:8m:15s.
2024-05-20 17:49:21,968 - INFO - Trainer:0 - Average time per epoch: 13.72 seconds.
2024-05-20 17:49:21,968 - INFO - Trainer:0 - Approximate time left: 1h:40m:22s.
2024-05-20 17:50:57,012 - DEBUG - Trainer:0 - Best checkpoint saved at /data/Pein/Pytorch/Ascend-NPU-Parallel-Training/5-experiment_logs/lr-5e-1/batch_size-2048/patience-20/2024-05-20_15-40-12/checkpoints/best-epoch:567.pth
2024-05-20 17:51:24,431 - DEBUG - Trainer:0 - Best checkpoint saved at /data/Pein/Pytorch/Ascend-NPU-Parallel-Training/5-experiment_logs/lr-5e-1/batch_size-2048/patience-20/2024-05-20_15-40-12/checkpoints/best-epoch:569.pth
2024-05-20 17:51:52,792 - DEBUG - Trainer:0 - Best checkpoint saved at /data/Pein/Pytorch/Ascend-NPU-Parallel-Training/5-experiment_logs/lr-5e-1/batch_size-2048/patience-20/2024-05-20_15-40-12/checkpoints/best-epoch:571.pth
2024-05-20 17:52:20,074 - DEBUG - Trainer:0 - Best checkpoint saved at /data/Pein/Pytorch/Ascend-NPU-Parallel-Training/5-experiment_logs/lr-5e-1/batch_size-2048/patience-20/2024-05-20_15-40-12/checkpoints/best-epoch:573.pth
2024-05-20 17:53:53,936 - INFO - Trainer:0 - Epoch 581/1000 completed in 13.47 seconds.
2024-05-20 17:53:53,936 - INFO - Trainer:0 - Total running time so far: 2h:12m:47s.
2024-05-20 17:53:53,936 - INFO - Trainer:0 - Average time per epoch: 13.71 seconds.
2024-05-20 17:53:53,936 - INFO - Trainer:0 - Approximate time left: 1h:35m:46s.
2024-05-20 17:56:49,749 - DEBUG - Trainer:0 - Best checkpoint saved at /data/Pein/Pytorch/Ascend-NPU-Parallel-Training/5-experiment_logs/lr-5e-1/batch_size-2048/patience-20/2024-05-20_15-40-12/checkpoints/best-epoch:593.pth
2024-05-20 17:58:11,380 - DEBUG - Trainer:0 - Best checkpoint saved at /data/Pein/Pytorch/Ascend-NPU-Parallel-Training/5-experiment_logs/lr-5e-1/batch_size-2048/patience-20/2024-05-20_15-40-12/checkpoints/best-epoch:599.pth
2024-05-20 17:58:27,432 - DEBUG - Trainer:0 - Regular checkpoint saved at /data/Pein/Pytorch/Ascend-NPU-Parallel-Training/5-experiment_logs/lr-5e-1/batch_size-2048/patience-20/2024-05-20_15-40-12/checkpoints/regular-epoch:600.pth
2024-05-20 17:58:27,433 - INFO - Trainer:0 - Epoch 601/1000 completed in 16.05 seconds.
2024-05-20 17:58:27,433 - INFO - Trainer:0 - Total running time so far: 2h:17m:21s.
2024-05-20 17:58:27,433 - INFO - Trainer:0 - Average time per epoch: 13.71 seconds.
2024-05-20 17:58:27,433 - INFO - Trainer:0 - Approximate time left: 1h:31m:11s.
2024-05-20 18:02:57,320 - INFO - Trainer:0 - Epoch 621/1000 completed in 13.51 seconds.
2024-05-20 18:02:57,320 - INFO - Trainer:0 - Total running time so far: 2h:21m:51s.
2024-05-20 18:02:57,321 - INFO - Trainer:0 - Average time per epoch: 13.71 seconds.
2024-05-20 18:02:57,321 - INFO - Trainer:0 - Approximate time left: 1h:26m:34s.
2024-05-20 18:03:38,211 - DEBUG - Trainer:0 - Best checkpoint saved at /data/Pein/Pytorch/Ascend-NPU-Parallel-Training/5-experiment_logs/lr-5e-1/batch_size-2048/patience-20/2024-05-20_15-40-12/checkpoints/best-epoch:623.pth
2024-05-20 18:07:26,550 - INFO - Trainer:0 - Epoch 641/1000 completed in 13.46 seconds.
2024-05-20 18:07:26,551 - INFO - Trainer:0 - Total running time so far: 2h:26m:20s.
2024-05-20 18:07:26,551 - INFO - Trainer:0 - Average time per epoch: 13.70 seconds.
2024-05-20 18:07:26,551 - INFO - Trainer:0 - Approximate time left: 1h:21m:57s.
2024-05-20 18:11:57,416 - INFO - Trainer:0 - Epoch 661/1000 completed in 13.41 seconds.
2024-05-20 18:11:57,416 - INFO - Trainer:0 - Total running time so far: 2h:30m:51s.
2024-05-20 18:11:57,417 - INFO - Trainer:0 - Average time per epoch: 13.69 seconds.
2024-05-20 18:11:57,417 - INFO - Trainer:0 - Approximate time left: 1h:17m:22s.
2024-05-20 18:16:26,939 - INFO - Trainer:0 - Epoch 681/1000 completed in 13.46 seconds.
2024-05-20 18:16:26,939 - INFO - Trainer:0 - Total running time so far: 2h:35m:20s.
2024-05-20 18:16:26,939 - INFO - Trainer:0 - Average time per epoch: 13.69 seconds.
2024-05-20 18:16:26,939 - INFO - Trainer:0 - Approximate time left: 1h:12m:46s.
2024-05-20 18:17:07,594 - DEBUG - Trainer:0 - Best checkpoint saved at /data/Pein/Pytorch/Ascend-NPU-Parallel-Training/5-experiment_logs/lr-5e-1/batch_size-2048/patience-20/2024-05-20_15-40-12/checkpoints/best-epoch:683.pth
2024-05-20 18:17:34,966 - DEBUG - Trainer:0 - Best checkpoint saved at /data/Pein/Pytorch/Ascend-NPU-Parallel-Training/5-experiment_logs/lr-5e-1/batch_size-2048/patience-20/2024-05-20_15-40-12/checkpoints/best-epoch:685.pth
2024-05-20 18:18:56,650 - DEBUG - Trainer:0 - Best checkpoint saved at /data/Pein/Pytorch/Ascend-NPU-Parallel-Training/5-experiment_logs/lr-5e-1/batch_size-2048/patience-20/2024-05-20_15-40-12/checkpoints/best-epoch:691.pth
2024-05-20 18:21:00,540 - INFO - Trainer:0 - Epoch 701/1000 completed in 15.55 seconds.
2024-05-20 18:21:00,540 - INFO - Trainer:0 - Total running time so far: 2h:39m:54s.
2024-05-20 18:21:00,540 - INFO - Trainer:0 - Average time per epoch: 13.69 seconds.
2024-05-20 18:21:00,540 - INFO - Trainer:0 - Approximate time left: 1h:8m:12s.
2024-05-20 18:25:29,386 - INFO - Trainer:0 - Epoch 721/1000 completed in 13.49 seconds.
2024-05-20 18:25:29,386 - INFO - Trainer:0 - Total running time so far: 2h:44m:23s.
2024-05-20 18:25:29,386 - INFO - Trainer:0 - Average time per epoch: 13.68 seconds.
2024-05-20 18:25:29,386 - INFO - Trainer:0 - Approximate time left: 1h:3m:36s.
2024-05-20 18:27:56,864 - INFO - Trainer:0 - Early stopping triggered across all processes at epoch:731
2024-05-20 18:28:02,412 - INFO - Trainer:0 - Figure exported successfully to /data/Pein/Pytorch/Ascend-NPU-Parallel-Training/5-experiment_logs/lr-5e-1/batch_size-2048/patience-20/fig/Exp1-debug-lr-5e-1-batch_size-2048-patience-20.png
2024-05-20 18:28:02,418 - INFO - Trainer:0 - Trainer 0 finalized_training, best_acc1=92.48, best_epoch=691
2024-05-20 18:28:03,305 - DEBUG - Trainer:0 - Final test-Epoch:[-1] Summary:
Loss avg: 1.076
Top-1 accuracy avg: 73.610
Top-5 accuracy avg: 92.410
Batch Training: avg: 0.000
Data Loading: avg: 0.000
Synchronization: avg: 0.000
