2024-05-20 18:28:53,131 - INFO - Trainer:1 - Epoch 1/1000 completed in 15.06 seconds.
2024-05-20 18:28:53,131 - INFO - Trainer:1 - Total running time so far: 0h:0m:15s.
2024-05-20 18:28:53,132 - INFO - Trainer:1 - Average time per epoch: 15.06 seconds.
2024-05-20 18:28:53,132 - INFO - Trainer:1 - Approximate time left: 4h:10m:43s.
2024-05-20 18:33:31,430 - INFO - Trainer:1 - Epoch 21/1000 completed in 13.53 seconds.
2024-05-20 18:33:31,431 - INFO - Trainer:1 - Total running time so far: 0h:4m:53s.
2024-05-20 18:33:31,431 - INFO - Trainer:1 - Average time per epoch: 13.97 seconds.
2024-05-20 18:33:31,431 - INFO - Trainer:1 - Approximate time left: 3h:47m:55s.
2024-05-20 18:38:06,279 - INFO - Trainer:1 - Epoch 41/1000 completed in 13.42 seconds.
2024-05-20 18:38:06,279 - INFO - Trainer:1 - Total running time so far: 0h:9m:28s.
2024-05-20 18:38:06,279 - INFO - Trainer:1 - Average time per epoch: 13.86 seconds.
2024-05-20 18:38:06,279 - INFO - Trainer:1 - Approximate time left: 3h:41m:30s.
2024-05-20 18:42:41,019 - INFO - Trainer:1 - Epoch 61/1000 completed in 13.76 seconds.
2024-05-20 18:42:41,020 - INFO - Trainer:1 - Total running time so far: 0h:14m:2s.
2024-05-20 18:42:41,020 - INFO - Trainer:1 - Average time per epoch: 13.82 seconds.
2024-05-20 18:42:41,020 - INFO - Trainer:1 - Approximate time left: 3h:36m:15s.
2024-05-20 18:47:11,782 - INFO - Trainer:1 - Epoch 81/1000 completed in 13.45 seconds.
2024-05-20 18:47:11,782 - INFO - Trainer:1 - Total running time so far: 0h:18m:33s.
2024-05-20 18:47:11,782 - INFO - Trainer:1 - Average time per epoch: 13.75 seconds.
2024-05-20 18:47:11,782 - INFO - Trainer:1 - Approximate time left: 3h:30m:35s.
2024-05-20 18:51:42,685 - INFO - Trainer:1 - Epoch 101/1000 completed in 13.91 seconds.
2024-05-20 18:51:42,685 - INFO - Trainer:1 - Total running time so far: 0h:23m:4s.
2024-05-20 18:51:42,685 - INFO - Trainer:1 - Average time per epoch: 13.71 seconds.
2024-05-20 18:51:42,685 - INFO - Trainer:1 - Approximate time left: 3h:25m:24s.
2024-05-20 18:56:15,167 - INFO - Trainer:1 - Epoch 121/1000 completed in 13.57 seconds.
2024-05-20 18:56:15,167 - INFO - Trainer:1 - Total running time so far: 0h:27m:37s.
2024-05-20 18:56:15,167 - INFO - Trainer:1 - Average time per epoch: 13.69 seconds.
2024-05-20 18:56:15,167 - INFO - Trainer:1 - Approximate time left: 3h:20m:37s.
2024-05-20 19:00:44,792 - INFO - Trainer:1 - Epoch 141/1000 completed in 13.41 seconds.
2024-05-20 19:00:44,793 - INFO - Trainer:1 - Total running time so far: 0h:32m:6s.
2024-05-20 19:00:44,793 - INFO - Trainer:1 - Average time per epoch: 13.66 seconds.
2024-05-20 19:00:44,793 - INFO - Trainer:1 - Approximate time left: 3h:15m:37s.
2024-05-20 19:05:20,081 - INFO - Trainer:1 - Epoch 161/1000 completed in 13.41 seconds.
2024-05-20 19:05:20,081 - INFO - Trainer:1 - Total running time so far: 0h:36m:41s.
2024-05-20 19:05:20,081 - INFO - Trainer:1 - Average time per epoch: 13.68 seconds.
2024-05-20 19:05:20,081 - INFO - Trainer:1 - Approximate time left: 3h:11m:14s.
2024-05-20 19:09:50,922 - INFO - Trainer:1 - Epoch 181/1000 completed in 13.86 seconds.
2024-05-20 19:09:50,922 - INFO - Trainer:1 - Total running time so far: 0h:41m:12s.
2024-05-20 19:09:50,922 - INFO - Trainer:1 - Average time per epoch: 13.66 seconds.
2024-05-20 19:09:50,922 - INFO - Trainer:1 - Approximate time left: 3h:6m:29s.
2024-05-20 19:14:23,158 - INFO - Trainer:1 - Epoch 201/1000 completed in 14.05 seconds.
2024-05-20 19:14:23,159 - INFO - Trainer:1 - Total running time so far: 0h:45m:45s.
2024-05-20 19:14:23,159 - INFO - Trainer:1 - Average time per epoch: 13.66 seconds.
2024-05-20 19:14:23,159 - INFO - Trainer:1 - Approximate time left: 3h:1m:51s.
2024-05-20 19:18:57,382 - INFO - Trainer:1 - Epoch 221/1000 completed in 13.86 seconds.
2024-05-20 19:18:57,383 - INFO - Trainer:1 - Total running time so far: 0h:50m:19s.
2024-05-20 19:18:57,383 - INFO - Trainer:1 - Average time per epoch: 13.66 seconds.
2024-05-20 19:18:57,383 - INFO - Trainer:1 - Approximate time left: 2h:57m:22s.
2024-05-20 19:23:28,121 - INFO - Trainer:1 - Epoch 241/1000 completed in 13.44 seconds.
2024-05-20 19:23:28,121 - INFO - Trainer:1 - Total running time so far: 0h:54m:49s.
2024-05-20 19:23:28,121 - INFO - Trainer:1 - Average time per epoch: 13.65 seconds.
2024-05-20 19:23:28,121 - INFO - Trainer:1 - Approximate time left: 2h:52m:41s.
2024-05-20 19:28:00,096 - INFO - Trainer:1 - Epoch 261/1000 completed in 13.36 seconds.
2024-05-20 19:28:00,096 - INFO - Trainer:1 - Total running time so far: 0h:59m:21s.
2024-05-20 19:28:00,096 - INFO - Trainer:1 - Average time per epoch: 13.65 seconds.
2024-05-20 19:28:00,096 - INFO - Trainer:1 - Approximate time left: 2h:48m:5s.
2024-05-20 19:32:29,564 - INFO - Trainer:1 - Epoch 281/1000 completed in 13.50 seconds.
2024-05-20 19:32:29,564 - INFO - Trainer:1 - Total running time so far: 1h:3m:51s.
2024-05-20 19:32:29,564 - INFO - Trainer:1 - Average time per epoch: 13.63 seconds.
2024-05-20 19:32:29,564 - INFO - Trainer:1 - Approximate time left: 2h:43m:23s.
2024-05-20 19:37:00,883 - INFO - Trainer:1 - Epoch 301/1000 completed in 13.62 seconds.
2024-05-20 19:37:00,884 - INFO - Trainer:1 - Total running time so far: 1h:8m:22s.
2024-05-20 19:37:00,884 - INFO - Trainer:1 - Average time per epoch: 13.63 seconds.
2024-05-20 19:37:00,884 - INFO - Trainer:1 - Approximate time left: 2h:38m:47s.
2024-05-20 19:41:33,417 - INFO - Trainer:1 - Epoch 321/1000 completed in 13.55 seconds.
2024-05-20 19:41:33,418 - INFO - Trainer:1 - Total running time so far: 1h:12m:55s.
2024-05-20 19:41:33,418 - INFO - Trainer:1 - Average time per epoch: 13.63 seconds.
2024-05-20 19:41:33,418 - INFO - Trainer:1 - Approximate time left: 2h:34m:14s.
2024-05-20 19:46:04,556 - INFO - Trainer:1 - Epoch 341/1000 completed in 13.43 seconds.
2024-05-20 19:46:04,556 - INFO - Trainer:1 - Total running time so far: 1h:17m:26s.
2024-05-20 19:46:04,556 - INFO - Trainer:1 - Average time per epoch: 13.63 seconds.
2024-05-20 19:46:04,556 - INFO - Trainer:1 - Approximate time left: 2h:29m:39s.
2024-05-20 19:50:35,434 - INFO - Trainer:1 - Epoch 361/1000 completed in 13.49 seconds.
2024-05-20 19:50:35,434 - INFO - Trainer:1 - Total running time so far: 1h:21m:57s.
2024-05-20 19:50:35,435 - INFO - Trainer:1 - Average time per epoch: 13.62 seconds.
2024-05-20 19:50:35,435 - INFO - Trainer:1 - Approximate time left: 2h:25m:3s.
2024-05-20 19:55:07,098 - INFO - Trainer:1 - Epoch 381/1000 completed in 13.54 seconds.
2024-05-20 19:55:07,098 - INFO - Trainer:1 - Total running time so far: 1h:26m:28s.
2024-05-20 19:55:07,098 - INFO - Trainer:1 - Average time per epoch: 13.62 seconds.
2024-05-20 19:55:07,098 - INFO - Trainer:1 - Approximate time left: 2h:20m:30s.
2024-05-20 19:59:35,183 - INFO - Trainer:1 - Epoch 401/1000 completed in 13.35 seconds.
2024-05-20 19:59:35,184 - INFO - Trainer:1 - Total running time so far: 1h:30m:57s.
2024-05-20 19:59:35,184 - INFO - Trainer:1 - Average time per epoch: 13.61 seconds.
2024-05-20 19:59:35,184 - INFO - Trainer:1 - Approximate time left: 2h:15m:51s.
2024-05-20 20:04:06,167 - INFO - Trainer:1 - Epoch 421/1000 completed in 13.41 seconds.
2024-05-20 20:04:06,168 - INFO - Trainer:1 - Total running time so far: 1h:35m:27s.
2024-05-20 20:04:06,168 - INFO - Trainer:1 - Average time per epoch: 13.61 seconds.
2024-05-20 20:04:06,168 - INFO - Trainer:1 - Approximate time left: 2h:11m:17s.
2024-05-20 20:08:36,377 - INFO - Trainer:1 - Epoch 441/1000 completed in 13.35 seconds.
2024-05-20 20:08:36,377 - INFO - Trainer:1 - Total running time so far: 1h:39m:58s.
2024-05-20 20:08:36,377 - INFO - Trainer:1 - Average time per epoch: 13.60 seconds.
2024-05-20 20:08:36,377 - INFO - Trainer:1 - Approximate time left: 2h:6m:43s.
2024-05-20 20:13:09,565 - INFO - Trainer:1 - Epoch 461/1000 completed in 13.57 seconds.
2024-05-20 20:13:09,566 - INFO - Trainer:1 - Total running time so far: 1h:44m:31s.
2024-05-20 20:13:09,566 - INFO - Trainer:1 - Average time per epoch: 13.60 seconds.
2024-05-20 20:13:09,566 - INFO - Trainer:1 - Approximate time left: 2h:2m:12s.
2024-05-20 20:17:39,695 - INFO - Trainer:1 - Epoch 481/1000 completed in 13.47 seconds.
2024-05-20 20:17:39,695 - INFO - Trainer:1 - Total running time so far: 1h:49m:1s.
2024-05-20 20:17:39,695 - INFO - Trainer:1 - Average time per epoch: 13.60 seconds.
2024-05-20 20:17:39,696 - INFO - Trainer:1 - Approximate time left: 1h:57m:38s.
2024-05-20 20:22:10,256 - INFO - Trainer:1 - Epoch 501/1000 completed in 13.84 seconds.
2024-05-20 20:22:10,256 - INFO - Trainer:1 - Total running time so far: 1h:53m:32s.
2024-05-20 20:22:10,256 - INFO - Trainer:1 - Average time per epoch: 13.60 seconds.
2024-05-20 20:22:10,256 - INFO - Trainer:1 - Approximate time left: 1h:53m:4s.
2024-05-20 20:26:42,614 - INFO - Trainer:1 - Epoch 521/1000 completed in 13.48 seconds.
2024-05-20 20:26:42,614 - INFO - Trainer:1 - Total running time so far: 1h:58m:4s.
2024-05-20 20:26:42,614 - INFO - Trainer:1 - Average time per epoch: 13.60 seconds.
2024-05-20 20:26:42,614 - INFO - Trainer:1 - Approximate time left: 1h:48m:33s.
2024-05-20 20:31:14,094 - INFO - Trainer:1 - Epoch 541/1000 completed in 13.40 seconds.
2024-05-20 20:31:14,095 - INFO - Trainer:1 - Total running time so far: 2h:2m:35s.
2024-05-20 20:31:14,095 - INFO - Trainer:1 - Average time per epoch: 13.60 seconds.
2024-05-20 20:31:14,095 - INFO - Trainer:1 - Approximate time left: 1h:44m:0s.
2024-05-20 20:35:46,781 - INFO - Trainer:1 - Epoch 561/1000 completed in 13.93 seconds.
2024-05-20 20:35:46,782 - INFO - Trainer:1 - Total running time so far: 2h:7m:8s.
2024-05-20 20:35:46,782 - INFO - Trainer:1 - Average time per epoch: 13.60 seconds.
2024-05-20 20:35:46,782 - INFO - Trainer:1 - Approximate time left: 1h:39m:29s.
2024-05-20 20:40:19,451 - INFO - Trainer:1 - Epoch 581/1000 completed in 13.43 seconds.
2024-05-20 20:40:19,452 - INFO - Trainer:1 - Total running time so far: 2h:11m:41s.
2024-05-20 20:40:19,452 - INFO - Trainer:1 - Average time per epoch: 13.60 seconds.
2024-05-20 20:40:19,452 - INFO - Trainer:1 - Approximate time left: 1h:34m:58s.
2024-05-20 20:44:50,159 - INFO - Trainer:1 - Epoch 601/1000 completed in 13.82 seconds.
2024-05-20 20:44:50,159 - INFO - Trainer:1 - Total running time so far: 2h:16m:11s.
2024-05-20 20:44:50,159 - INFO - Trainer:1 - Average time per epoch: 13.60 seconds.
2024-05-20 20:44:50,159 - INFO - Trainer:1 - Approximate time left: 1h:30m:25s.
2024-05-20 20:49:21,401 - INFO - Trainer:1 - Epoch 621/1000 completed in 13.47 seconds.
2024-05-20 20:49:21,402 - INFO - Trainer:1 - Total running time so far: 2h:20m:43s.
2024-05-20 20:49:21,402 - INFO - Trainer:1 - Average time per epoch: 13.60 seconds.
2024-05-20 20:49:21,402 - INFO - Trainer:1 - Approximate time left: 1h:25m:52s.
2024-05-20 20:53:50,850 - INFO - Trainer:1 - Epoch 641/1000 completed in 13.43 seconds.
2024-05-20 20:53:50,850 - INFO - Trainer:1 - Total running time so far: 2h:25m:12s.
2024-05-20 20:53:50,851 - INFO - Trainer:1 - Average time per epoch: 13.59 seconds.
2024-05-20 20:53:50,851 - INFO - Trainer:1 - Approximate time left: 1h:21m:19s.
2024-05-20 20:58:22,417 - INFO - Trainer:1 - Epoch 661/1000 completed in 13.36 seconds.
2024-05-20 20:58:22,417 - INFO - Trainer:1 - Total running time so far: 2h:29m:44s.
2024-05-20 20:58:22,418 - INFO - Trainer:1 - Average time per epoch: 13.59 seconds.
2024-05-20 20:58:22,418 - INFO - Trainer:1 - Approximate time left: 1h:16m:47s.
2024-05-20 21:02:51,346 - INFO - Trainer:1 - Early stopping triggered across all processes at epoch:680
