2024-05-20 21:03:51,257 - INFO - Trainer:0 - Epoch 1/1000 completed in 16.73 seconds.
2024-05-20 21:03:51,257 - INFO - Trainer:0 - Total running time so far: 0h:0m:16s.
2024-05-20 21:03:51,257 - INFO - Trainer:0 - Average time per epoch: 16.73 seconds.
2024-05-20 21:03:51,257 - INFO - Trainer:0 - Approximate time left: 4h:38m:36s.
2024-05-20 21:08:28,597 - INFO - Trainer:0 - Epoch 21/1000 completed in 13.36 seconds.
2024-05-20 21:08:28,598 - INFO - Trainer:0 - Total running time so far: 0h:4m:54s.
2024-05-20 21:08:28,598 - INFO - Trainer:0 - Average time per epoch: 14.00 seconds.
2024-05-20 21:08:28,598 - INFO - Trainer:0 - Approximate time left: 3h:48m:29s.
2024-05-20 21:13:04,292 - INFO - Trainer:0 - Epoch 41/1000 completed in 13.97 seconds.
2024-05-20 21:13:04,292 - INFO - Trainer:0 - Total running time so far: 0h:9m:29s.
2024-05-20 21:13:04,292 - INFO - Trainer:0 - Average time per epoch: 13.90 seconds.
2024-05-20 21:13:04,292 - INFO - Trainer:0 - Approximate time left: 3h:42m:6s.
2024-05-20 21:17:40,579 - INFO - Trainer:0 - Epoch 61/1000 completed in 13.68 seconds.
2024-05-20 21:17:40,579 - INFO - Trainer:0 - Total running time so far: 0h:14m:6s.
2024-05-20 21:17:40,580 - INFO - Trainer:0 - Average time per epoch: 13.87 seconds.
2024-05-20 21:17:40,580 - INFO - Trainer:0 - Approximate time left: 3h:37m:3s.
2024-05-20 21:22:13,364 - INFO - Trainer:0 - Epoch 81/1000 completed in 13.51 seconds.
2024-05-20 21:22:13,365 - INFO - Trainer:0 - Total running time so far: 0h:18m:38s.
2024-05-20 21:22:13,365 - INFO - Trainer:0 - Average time per epoch: 13.81 seconds.
2024-05-20 21:22:13,365 - INFO - Trainer:0 - Approximate time left: 3h:31m:33s.
2024-05-20 21:26:45,689 - INFO - Trainer:0 - Epoch 101/1000 completed in 15.76 seconds.
2024-05-20 21:26:45,690 - INFO - Trainer:0 - Total running time so far: 0h:23m:11s.
2024-05-20 21:26:45,690 - INFO - Trainer:0 - Average time per epoch: 13.77 seconds.
2024-05-20 21:26:45,690 - INFO - Trainer:0 - Approximate time left: 3h:26m:22s.
2024-05-20 21:31:17,381 - INFO - Trainer:0 - Epoch 121/1000 completed in 13.67 seconds.
2024-05-20 21:31:17,381 - INFO - Trainer:0 - Total running time so far: 0h:27m:42s.
2024-05-20 21:31:17,381 - INFO - Trainer:0 - Average time per epoch: 13.74 seconds.
2024-05-20 21:31:17,381 - INFO - Trainer:0 - Approximate time left: 3h:21m:19s.
2024-05-20 21:35:46,722 - INFO - Trainer:0 - Epoch 141/1000 completed in 13.35 seconds.
2024-05-20 21:35:46,723 - INFO - Trainer:0 - Total running time so far: 0h:32m:12s.
2024-05-20 21:35:46,723 - INFO - Trainer:0 - Average time per epoch: 13.70 seconds.
2024-05-20 21:35:46,723 - INFO - Trainer:0 - Approximate time left: 3h:16m:11s.
2024-05-20 21:40:19,620 - INFO - Trainer:0 - Epoch 161/1000 completed in 13.35 seconds.
2024-05-20 21:40:19,620 - INFO - Trainer:0 - Total running time so far: 0h:36m:45s.
2024-05-20 21:40:19,620 - INFO - Trainer:0 - Average time per epoch: 13.70 seconds.
2024-05-20 21:40:19,620 - INFO - Trainer:0 - Approximate time left: 3h:11m:30s.
2024-05-20 21:44:49,281 - INFO - Trainer:0 - Epoch 181/1000 completed in 13.38 seconds.
2024-05-20 21:44:49,281 - INFO - Trainer:0 - Total running time so far: 0h:41m:14s.
2024-05-20 21:44:49,281 - INFO - Trainer:0 - Average time per epoch: 13.67 seconds.
2024-05-20 21:44:49,281 - INFO - Trainer:0 - Approximate time left: 3h:6m:37s.
2024-05-20 21:49:24,600 - INFO - Trainer:0 - Epoch 201/1000 completed in 16.53 seconds.
2024-05-20 21:49:24,600 - INFO - Trainer:0 - Total running time so far: 0h:45m:50s.
2024-05-20 21:49:24,601 - INFO - Trainer:0 - Average time per epoch: 13.68 seconds.
2024-05-20 21:49:24,601 - INFO - Trainer:0 - Approximate time left: 3h:2m:11s.
2024-05-20 21:53:54,551 - INFO - Trainer:0 - Epoch 221/1000 completed in 13.48 seconds.
2024-05-20 21:53:54,551 - INFO - Trainer:0 - Total running time so far: 0h:50m:19s.
2024-05-20 21:53:54,551 - INFO - Trainer:0 - Average time per epoch: 13.67 seconds.
2024-05-20 21:53:54,551 - INFO - Trainer:0 - Approximate time left: 2h:57m:25s.
2024-05-20 21:58:24,622 - INFO - Trainer:0 - Epoch 241/1000 completed in 13.49 seconds.
2024-05-20 21:58:24,622 - INFO - Trainer:0 - Total running time so far: 0h:54m:50s.
2024-05-20 21:58:24,622 - INFO - Trainer:0 - Average time per epoch: 13.65 seconds.
2024-05-20 21:58:24,622 - INFO - Trainer:0 - Approximate time left: 2h:52m:41s.
2024-05-20 22:02:57,267 - INFO - Trainer:0 - Epoch 261/1000 completed in 13.40 seconds.
2024-05-20 22:02:57,267 - INFO - Trainer:0 - Total running time so far: 0h:59m:22s.
2024-05-20 22:02:57,267 - INFO - Trainer:0 - Average time per epoch: 13.65 seconds.
2024-05-20 22:02:57,267 - INFO - Trainer:0 - Approximate time left: 2h:48m:7s.
2024-05-20 22:07:27,128 - INFO - Trainer:0 - Epoch 281/1000 completed in 13.42 seconds.
2024-05-20 22:07:27,128 - INFO - Trainer:0 - Total running time so far: 1h:3m:52s.
2024-05-20 22:07:27,128 - INFO - Trainer:0 - Average time per epoch: 13.64 seconds.
2024-05-20 22:07:27,128 - INFO - Trainer:0 - Approximate time left: 2h:43m:26s.
2024-05-20 22:11:58,575 - INFO - Trainer:0 - Epoch 301/1000 completed in 15.73 seconds.
2024-05-20 22:11:58,575 - INFO - Trainer:0 - Total running time so far: 1h:8m:23s.
2024-05-20 22:11:58,576 - INFO - Trainer:0 - Average time per epoch: 13.63 seconds.
2024-05-20 22:11:58,576 - INFO - Trainer:0 - Approximate time left: 2h:38m:50s.
2024-05-20 22:16:28,309 - INFO - Trainer:0 - Epoch 321/1000 completed in 14.06 seconds.
2024-05-20 22:16:28,309 - INFO - Trainer:0 - Total running time so far: 1h:12m:53s.
2024-05-20 22:16:28,309 - INFO - Trainer:0 - Average time per epoch: 13.63 seconds.
2024-05-20 22:16:28,309 - INFO - Trainer:0 - Approximate time left: 2h:34m:11s.
2024-05-20 22:20:56,703 - INFO - Trainer:0 - Epoch 341/1000 completed in 13.46 seconds.
2024-05-20 22:20:56,703 - INFO - Trainer:0 - Total running time so far: 1h:17m:22s.
2024-05-20 22:20:56,703 - INFO - Trainer:0 - Average time per epoch: 13.61 seconds.
2024-05-20 22:20:56,703 - INFO - Trainer:0 - Approximate time left: 2h:29m:31s.
2024-05-20 22:25:31,424 - INFO - Trainer:0 - Epoch 361/1000 completed in 13.44 seconds.
2024-05-20 22:25:31,424 - INFO - Trainer:0 - Total running time so far: 1h:21m:56s.
2024-05-20 22:25:31,424 - INFO - Trainer:0 - Average time per epoch: 13.62 seconds.
2024-05-20 22:25:31,424 - INFO - Trainer:0 - Approximate time left: 2h:25m:3s.
2024-05-20 22:30:01,409 - INFO - Trainer:0 - Epoch 381/1000 completed in 13.40 seconds.
2024-05-20 22:30:01,409 - INFO - Trainer:0 - Total running time so far: 1h:26m:26s.
2024-05-20 22:30:01,409 - INFO - Trainer:0 - Average time per epoch: 13.61 seconds.
2024-05-20 22:30:01,409 - INFO - Trainer:0 - Approximate time left: 2h:20m:26s.
2024-05-20 22:34:33,268 - INFO - Trainer:0 - Epoch 401/1000 completed in 16.08 seconds.
2024-05-20 22:34:33,268 - INFO - Trainer:0 - Total running time so far: 1h:30m:58s.
2024-05-20 22:34:33,268 - INFO - Trainer:0 - Average time per epoch: 13.61 seconds.
2024-05-20 22:34:33,268 - INFO - Trainer:0 - Approximate time left: 2h:15m:53s.
2024-05-20 22:39:02,575 - INFO - Trainer:0 - Epoch 421/1000 completed in 13.39 seconds.
2024-05-20 22:39:02,575 - INFO - Trainer:0 - Total running time so far: 1h:35m:27s.
2024-05-20 22:39:02,575 - INFO - Trainer:0 - Average time per epoch: 13.61 seconds.
2024-05-20 22:39:02,575 - INFO - Trainer:0 - Approximate time left: 2h:11m:17s.
2024-05-20 22:43:32,281 - INFO - Trainer:0 - Epoch 441/1000 completed in 13.44 seconds.
2024-05-20 22:43:32,281 - INFO - Trainer:0 - Total running time so far: 1h:39m:57s.
2024-05-20 22:43:32,281 - INFO - Trainer:0 - Average time per epoch: 13.60 seconds.
2024-05-20 22:43:32,282 - INFO - Trainer:0 - Approximate time left: 2h:6m:42s.
2024-05-20 22:44:52,508 - INFO - Trainer:0 - Early stopping triggered across all processes at epoch:446
2024-05-20 22:44:56,567 - INFO - Trainer:0 - Figure exported successfully to /data/Pein/Pytorch/Ascend-NPU-Parallel-Training/5-experiment_logs/lr-2e-1/batch_size-2048/patience-20/fig/Exp1-lr-2e-1-batch_size-2048-patience-20.png
2024-05-20 22:44:56,572 - INFO - Trainer:0 - Trainer 0 finalized_training, best_acc1=80.3, best_epoch=434
