2024-05-21 10:54:20,984 - INFO - Trainer:0 - Epoch 1/1000 completed in 9.07 seconds.
2024-05-21 10:54:20,985 - INFO - Trainer:0 - Total running time so far: 0h:0m:9s.
2024-05-21 10:54:20,985 - INFO - Trainer:0 - Average time per epoch: 9.07 seconds.
2024-05-21 10:54:20,985 - INFO - Trainer:0 - Approximate time left: 2h:31m:2s.
2024-05-21 10:56:36,324 - INFO - Trainer:0 - Epoch 21/1000 completed in 6.75 seconds.
2024-05-21 10:56:36,324 - INFO - Trainer:0 - Total running time so far: 0h:2m:24s.
2024-05-21 10:56:36,324 - INFO - Trainer:0 - Average time per epoch: 6.88 seconds.
2024-05-21 10:56:36,324 - INFO - Trainer:0 - Approximate time left: 1h:52m:12s.
2024-05-21 10:58:50,298 - INFO - Trainer:0 - Epoch 41/1000 completed in 7.02 seconds.
2024-05-21 10:58:50,298 - INFO - Trainer:0 - Total running time so far: 0h:4m:38s.
2024-05-21 10:58:50,298 - INFO - Trainer:0 - Average time per epoch: 6.79 seconds.
2024-05-21 10:58:50,298 - INFO - Trainer:0 - Approximate time left: 1h:48m:31s.
2024-05-21 11:01:06,385 - INFO - Trainer:0 - Epoch 61/1000 completed in 6.62 seconds.
2024-05-21 11:01:06,386 - INFO - Trainer:0 - Total running time so far: 0h:6m:54s.
2024-05-21 11:01:06,386 - INFO - Trainer:0 - Average time per epoch: 6.79 seconds.
2024-05-21 11:01:06,386 - INFO - Trainer:0 - Approximate time left: 1h:46m:20s.
2024-05-21 11:03:20,332 - INFO - Trainer:0 - Epoch 81/1000 completed in 6.66 seconds.
2024-05-21 11:03:20,332 - INFO - Trainer:0 - Total running time so far: 0h:9m:8s.
2024-05-21 11:03:20,332 - INFO - Trainer:0 - Average time per epoch: 6.77 seconds.
2024-05-21 11:03:20,333 - INFO - Trainer:0 - Approximate time left: 1h:43m:42s.
2024-05-21 11:05:36,293 - INFO - Trainer:0 - Epoch 101/1000 completed in 8.94 seconds.
2024-05-21 11:05:36,293 - INFO - Trainer:0 - Total running time so far: 0h:11m:24s.
2024-05-21 11:05:36,294 - INFO - Trainer:0 - Average time per epoch: 6.78 seconds.
2024-05-21 11:05:36,294 - INFO - Trainer:0 - Approximate time left: 1h:41m:31s.
2024-05-21 11:07:50,751 - INFO - Trainer:0 - Epoch 121/1000 completed in 6.67 seconds.
2024-05-21 11:07:50,751 - INFO - Trainer:0 - Total running time so far: 0h:13m:38s.
2024-05-21 11:07:50,751 - INFO - Trainer:0 - Average time per epoch: 6.77 seconds.
2024-05-21 11:07:50,751 - INFO - Trainer:0 - Approximate time left: 1h:39m:8s.
2024-05-21 11:10:04,403 - INFO - Trainer:0 - Epoch 141/1000 completed in 6.62 seconds.
2024-05-21 11:10:04,404 - INFO - Trainer:0 - Total running time so far: 0h:15m:52s.
2024-05-21 11:10:04,404 - INFO - Trainer:0 - Average time per epoch: 6.76 seconds.
2024-05-21 11:10:04,404 - INFO - Trainer:0 - Approximate time left: 1h:36m:42s.
2024-05-21 11:12:20,378 - INFO - Trainer:0 - Epoch 161/1000 completed in 6.64 seconds.
2024-05-21 11:12:20,378 - INFO - Trainer:0 - Total running time so far: 0h:18m:8s.
2024-05-21 11:12:20,378 - INFO - Trainer:0 - Average time per epoch: 6.76 seconds.
2024-05-21 11:12:20,378 - INFO - Trainer:0 - Approximate time left: 1h:34m:32s.
2024-05-21 11:14:34,558 - INFO - Trainer:0 - Epoch 181/1000 completed in 6.61 seconds.
2024-05-21 11:14:34,559 - INFO - Trainer:0 - Total running time so far: 0h:20m:22s.
2024-05-21 11:14:34,559 - INFO - Trainer:0 - Average time per epoch: 6.75 seconds.
2024-05-21 11:14:34,559 - INFO - Trainer:0 - Approximate time left: 1h:32m:12s.
2024-05-21 11:16:51,360 - INFO - Trainer:0 - Epoch 201/1000 completed in 9.31 seconds.
2024-05-21 11:16:51,360 - INFO - Trainer:0 - Total running time so far: 0h:22m:39s.
2024-05-21 11:16:51,360 - INFO - Trainer:0 - Average time per epoch: 6.76 seconds.
2024-05-21 11:16:51,360 - INFO - Trainer:0 - Approximate time left: 1h:30m:3s.
2024-05-21 11:17:57,895 - INFO - Trainer:0 - Early stopping triggered across all processes at epoch:210
2024-05-21 11:18:01,322 - INFO - Trainer:0 - Figure exported successfully to /data/Pein/Pytorch/Ascend-NPU-Parallel-Training/5-experiment_logs/lr-5/batch_size-8192/patience-20/fig/Exp1-lr-5-batch_size-8192-patience-20.png
2024-05-21 11:18:01,325 - INFO - Trainer:0 - Trainer 0 finalized_training, best_acc1=2.18, best_epoch=196
