2024-05-21 14:05:28,586 - INFO - Trainer:2 - Epoch 1/1000 completed in 8.86 seconds.
2024-05-21 14:05:28,587 - INFO - Trainer:2 - Total running time so far: 0h:0m:8s.
2024-05-21 14:05:28,587 - INFO - Trainer:2 - Average time per epoch: 8.86 seconds.
2024-05-21 14:05:28,587 - INFO - Trainer:2 - Approximate time left: 2h:27m:31s.
2024-05-21 14:07:48,831 - INFO - Trainer:2 - Epoch 21/1000 completed in 6.88 seconds.
2024-05-21 14:07:48,831 - INFO - Trainer:2 - Total running time so far: 0h:2m:29s.
2024-05-21 14:07:48,831 - INFO - Trainer:2 - Average time per epoch: 7.10 seconds.
2024-05-21 14:07:48,831 - INFO - Trainer:2 - Approximate time left: 1h:55m:50s.
2024-05-21 14:10:05,224 - INFO - Trainer:2 - Epoch 41/1000 completed in 6.95 seconds.
2024-05-21 14:10:05,224 - INFO - Trainer:2 - Total running time so far: 0h:4m:45s.
2024-05-21 14:10:05,224 - INFO - Trainer:2 - Average time per epoch: 6.96 seconds.
2024-05-21 14:10:05,224 - INFO - Trainer:2 - Approximate time left: 1h:51m:17s.
2024-05-21 14:12:22,238 - INFO - Trainer:2 - Epoch 61/1000 completed in 6.65 seconds.
2024-05-21 14:12:22,239 - INFO - Trainer:2 - Total running time so far: 0h:7m:2s.
2024-05-21 14:12:22,239 - INFO - Trainer:2 - Average time per epoch: 6.93 seconds.
2024-05-21 14:12:22,239 - INFO - Trainer:2 - Approximate time left: 1h:48m:23s.
2024-05-21 14:14:37,001 - INFO - Trainer:2 - Epoch 81/1000 completed in 6.58 seconds.
2024-05-21 14:14:37,001 - INFO - Trainer:2 - Total running time so far: 0h:9m:17s.
2024-05-21 14:14:37,001 - INFO - Trainer:2 - Average time per epoch: 6.88 seconds.
2024-05-21 14:14:37,001 - INFO - Trainer:2 - Approximate time left: 1h:45m:22s.
2024-05-21 14:16:52,485 - INFO - Trainer:2 - Epoch 101/1000 completed in 7.00 seconds.
2024-05-21 14:16:52,485 - INFO - Trainer:2 - Total running time so far: 0h:11m:32s.
2024-05-21 14:16:52,485 - INFO - Trainer:2 - Average time per epoch: 6.86 seconds.
2024-05-21 14:16:52,485 - INFO - Trainer:2 - Approximate time left: 1h:42m:46s.
2024-05-21 14:19:09,105 - INFO - Trainer:2 - Epoch 121/1000 completed in 6.75 seconds.
2024-05-21 14:19:09,106 - INFO - Trainer:2 - Total running time so far: 0h:13m:49s.
2024-05-21 14:19:09,106 - INFO - Trainer:2 - Average time per epoch: 6.85 seconds.
2024-05-21 14:19:09,106 - INFO - Trainer:2 - Approximate time left: 1h:40m:24s.
2024-05-21 14:21:22,462 - INFO - Trainer:2 - Epoch 141/1000 completed in 6.58 seconds.
2024-05-21 14:21:22,463 - INFO - Trainer:2 - Total running time so far: 0h:16m:2s.
2024-05-21 14:21:22,463 - INFO - Trainer:2 - Average time per epoch: 6.83 seconds.
2024-05-21 14:21:22,463 - INFO - Trainer:2 - Approximate time left: 1h:37m:45s.
2024-05-21 14:23:39,656 - INFO - Trainer:2 - Epoch 161/1000 completed in 7.00 seconds.
2024-05-21 14:23:39,656 - INFO - Trainer:2 - Total running time so far: 0h:18m:19s.
2024-05-21 14:23:39,656 - INFO - Trainer:2 - Average time per epoch: 6.83 seconds.
2024-05-21 14:23:39,656 - INFO - Trainer:2 - Approximate time left: 1h:35m:31s.
2024-05-21 14:25:53,725 - INFO - Trainer:2 - Epoch 181/1000 completed in 6.56 seconds.
2024-05-21 14:25:53,726 - INFO - Trainer:2 - Total running time so far: 0h:20m:33s.
2024-05-21 14:25:53,726 - INFO - Trainer:2 - Average time per epoch: 6.82 seconds.
2024-05-21 14:25:53,726 - INFO - Trainer:2 - Approximate time left: 1h:33m:3s.
2024-05-21 14:28:07,031 - INFO - Trainer:2 - Epoch 201/1000 completed in 6.52 seconds.
2024-05-21 14:28:07,031 - INFO - Trainer:2 - Total running time so far: 0h:22m:47s.
2024-05-21 14:28:07,031 - INFO - Trainer:2 - Average time per epoch: 6.80 seconds.
2024-05-21 14:28:07,031 - INFO - Trainer:2 - Approximate time left: 1h:30m:35s.
2024-05-21 14:30:22,563 - INFO - Trainer:2 - Epoch 221/1000 completed in 6.54 seconds.
2024-05-21 14:30:22,564 - INFO - Trainer:2 - Total running time so far: 0h:25m:2s.
2024-05-21 14:30:22,564 - INFO - Trainer:2 - Average time per epoch: 6.80 seconds.
2024-05-21 14:30:22,564 - INFO - Trainer:2 - Approximate time left: 1h:28m:17s.
2024-05-21 14:32:37,101 - INFO - Trainer:2 - Epoch 241/1000 completed in 6.63 seconds.
2024-05-21 14:32:37,101 - INFO - Trainer:2 - Total running time so far: 0h:27m:17s.
2024-05-21 14:32:37,102 - INFO - Trainer:2 - Average time per epoch: 6.79 seconds.
2024-05-21 14:32:37,102 - INFO - Trainer:2 - Approximate time left: 1h:25m:56s.
2024-05-21 14:34:51,455 - INFO - Trainer:2 - Epoch 261/1000 completed in 6.57 seconds.
2024-05-21 14:34:51,456 - INFO - Trainer:2 - Total running time so far: 0h:29m:31s.
2024-05-21 14:34:51,456 - INFO - Trainer:2 - Average time per epoch: 6.79 seconds.
2024-05-21 14:34:51,456 - INFO - Trainer:2 - Approximate time left: 1h:23m:36s.
2024-05-21 14:37:06,632 - INFO - Trainer:2 - Epoch 281/1000 completed in 7.18 seconds.
2024-05-21 14:37:06,633 - INFO - Trainer:2 - Total running time so far: 0h:31m:46s.
2024-05-21 14:37:06,633 - INFO - Trainer:2 - Average time per epoch: 6.79 seconds.
2024-05-21 14:37:06,633 - INFO - Trainer:2 - Approximate time left: 1h:21m:19s.
2024-05-21 14:39:20,277 - INFO - Trainer:2 - Epoch 301/1000 completed in 6.55 seconds.
2024-05-21 14:39:20,277 - INFO - Trainer:2 - Total running time so far: 0h:34m:0s.
2024-05-21 14:39:20,277 - INFO - Trainer:2 - Average time per epoch: 6.78 seconds.
2024-05-21 14:39:20,277 - INFO - Trainer:2 - Approximate time left: 1h:18m:58s.
2024-05-21 14:41:36,442 - INFO - Trainer:2 - Epoch 321/1000 completed in 6.56 seconds.
2024-05-21 14:41:36,442 - INFO - Trainer:2 - Total running time so far: 0h:36m:16s.
2024-05-21 14:41:36,442 - INFO - Trainer:2 - Average time per epoch: 6.78 seconds.
2024-05-21 14:41:36,442 - INFO - Trainer:2 - Approximate time left: 1h:16m:44s.
2024-05-21 14:43:49,166 - INFO - Trainer:2 - Epoch 341/1000 completed in 6.52 seconds.
2024-05-21 14:43:49,166 - INFO - Trainer:2 - Total running time so far: 0h:38m:29s.
2024-05-21 14:43:49,166 - INFO - Trainer:2 - Average time per epoch: 6.77 seconds.
2024-05-21 14:43:49,166 - INFO - Trainer:2 - Approximate time left: 1h:14m:22s.
2024-05-21 14:46:04,874 - INFO - Trainer:2 - Epoch 361/1000 completed in 6.56 seconds.
2024-05-21 14:46:04,875 - INFO - Trainer:2 - Total running time so far: 0h:40m:45s.
2024-05-21 14:46:04,875 - INFO - Trainer:2 - Average time per epoch: 6.77 seconds.
2024-05-21 14:46:04,875 - INFO - Trainer:2 - Approximate time left: 1h:12m:7s.
2024-05-21 14:48:17,552 - INFO - Trainer:2 - Epoch 381/1000 completed in 6.54 seconds.
2024-05-21 14:48:17,552 - INFO - Trainer:2 - Total running time so far: 0h:42m:57s.
2024-05-21 14:48:17,552 - INFO - Trainer:2 - Average time per epoch: 6.77 seconds.
2024-05-21 14:48:17,553 - INFO - Trainer:2 - Approximate time left: 1h:9m:48s.
2024-05-21 14:49:30,287 - INFO - Trainer:2 - Early stopping triggered across all processes at epoch:391
