2024-05-22 09:38:07,781 - INFO - Trainer:0 - Epoch 1/1000 completed in 19.80 seconds.
2024-05-22 09:38:07,781 - INFO - Trainer:0 - Total running time so far: 0h:0m:19s.
2024-05-22 09:38:07,781 - INFO - Trainer:0 - Average time per epoch: 19.80 seconds.
2024-05-22 09:38:07,782 - INFO - Trainer:0 - Approximate time left: 5h:29m:40s.
2024-05-22 09:43:58,369 - INFO - Trainer:0 - Epoch 21/1000 completed in 17.63 seconds.
2024-05-22 09:43:58,369 - INFO - Trainer:0 - Total running time so far: 0h:6m:10s.
2024-05-22 09:43:58,369 - INFO - Trainer:0 - Average time per epoch: 17.64 seconds.
2024-05-22 09:43:58,369 - INFO - Trainer:0 - Approximate time left: 4h:47m:46s.
2024-05-22 09:49:48,195 - INFO - Trainer:0 - Epoch 41/1000 completed in 17.32 seconds.
2024-05-22 09:49:48,195 - INFO - Trainer:0 - Total running time so far: 0h:12m:0s.
2024-05-22 09:49:48,195 - INFO - Trainer:0 - Average time per epoch: 17.57 seconds.
2024-05-22 09:49:48,195 - INFO - Trainer:0 - Approximate time left: 4h:40m:45s.
2024-05-22 09:55:40,780 - INFO - Trainer:0 - Epoch 61/1000 completed in 17.61 seconds.
2024-05-22 09:55:40,780 - INFO - Trainer:0 - Total running time so far: 0h:17m:52s.
2024-05-22 09:55:40,781 - INFO - Trainer:0 - Average time per epoch: 17.59 seconds.
2024-05-22 09:55:40,781 - INFO - Trainer:0 - Approximate time left: 4h:35m:13s.
2024-05-22 10:01:28,886 - INFO - Trainer:0 - Epoch 81/1000 completed in 17.30 seconds.
2024-05-22 10:01:28,887 - INFO - Trainer:0 - Total running time so far: 0h:23m:40s.
2024-05-22 10:01:28,887 - INFO - Trainer:0 - Average time per epoch: 17.54 seconds.
2024-05-22 10:01:28,887 - INFO - Trainer:0 - Approximate time left: 4h:28m:40s.
2024-05-22 10:07:18,385 - INFO - Trainer:0 - Epoch 101/1000 completed in 19.38 seconds.
2024-05-22 10:07:18,385 - INFO - Trainer:0 - Total running time so far: 0h:29m:30s.
2024-05-22 10:07:18,385 - INFO - Trainer:0 - Average time per epoch: 17.53 seconds.
2024-05-22 10:07:18,385 - INFO - Trainer:0 - Approximate time left: 4h:22m:38s.
2024-05-22 10:13:03,142 - INFO - Trainer:0 - Epoch 121/1000 completed in 17.09 seconds.
2024-05-22 10:13:03,142 - INFO - Trainer:0 - Total running time so far: 0h:35m:15s.
2024-05-22 10:13:03,142 - INFO - Trainer:0 - Average time per epoch: 17.48 seconds.
2024-05-22 10:13:03,142 - INFO - Trainer:0 - Approximate time left: 4h:16m:5s.
2024-05-22 10:18:49,700 - INFO - Trainer:0 - Epoch 141/1000 completed in 17.35 seconds.
2024-05-22 10:18:49,701 - INFO - Trainer:0 - Total running time so far: 0h:41m:1s.
2024-05-22 10:18:49,701 - INFO - Trainer:0 - Average time per epoch: 17.46 seconds.
2024-05-22 10:18:49,701 - INFO - Trainer:0 - Approximate time left: 4h:9m:57s.
2024-05-22 10:24:38,740 - INFO - Trainer:0 - Epoch 161/1000 completed in 17.19 seconds.
2024-05-22 10:24:38,741 - INFO - Trainer:0 - Total running time so far: 0h:46m:50s.
2024-05-22 10:24:38,741 - INFO - Trainer:0 - Average time per epoch: 17.46 seconds.
2024-05-22 10:24:38,741 - INFO - Trainer:0 - Approximate time left: 4h:4m:7s.
2024-05-22 10:30:25,599 - INFO - Trainer:0 - Epoch 181/1000 completed in 17.18 seconds.
2024-05-22 10:30:25,600 - INFO - Trainer:0 - Total running time so far: 0h:52m:37s.
2024-05-22 10:30:25,600 - INFO - Trainer:0 - Average time per epoch: 17.45 seconds.
2024-05-22 10:30:25,600 - INFO - Trainer:0 - Approximate time left: 3h:58m:7s.
2024-05-22 10:36:14,533 - INFO - Trainer:0 - Epoch 201/1000 completed in 20.30 seconds.
2024-05-22 10:36:14,533 - INFO - Trainer:0 - Total running time so far: 0h:58m:26s.
2024-05-22 10:36:14,533 - INFO - Trainer:0 - Average time per epoch: 17.45 seconds.
2024-05-22 10:36:14,533 - INFO - Trainer:0 - Approximate time left: 3h:52m:18s.
2024-05-22 10:42:01,986 - INFO - Trainer:0 - Epoch 221/1000 completed in 17.59 seconds.
2024-05-22 10:42:01,986 - INFO - Trainer:0 - Total running time so far: 1h:4m:13s.
2024-05-22 10:42:01,986 - INFO - Trainer:0 - Average time per epoch: 17.44 seconds.
2024-05-22 10:42:01,986 - INFO - Trainer:0 - Approximate time left: 3h:46m:24s.
2024-05-22 10:47:48,642 - INFO - Trainer:0 - Epoch 241/1000 completed in 17.13 seconds.
2024-05-22 10:47:48,642 - INFO - Trainer:0 - Total running time so far: 1h:10m:0s.
2024-05-22 10:47:48,642 - INFO - Trainer:0 - Average time per epoch: 17.43 seconds.
2024-05-22 10:47:48,642 - INFO - Trainer:0 - Approximate time left: 3h:40m:29s.
2024-05-22 10:53:35,794 - INFO - Trainer:0 - Epoch 261/1000 completed in 17.32 seconds.
2024-05-22 10:53:35,795 - INFO - Trainer:0 - Total running time so far: 1h:15m:47s.
2024-05-22 10:53:35,795 - INFO - Trainer:0 - Average time per epoch: 17.42 seconds.
2024-05-22 10:53:35,795 - INFO - Trainer:0 - Approximate time left: 3h:34m:36s.
2024-05-22 10:59:21,522 - INFO - Trainer:0 - Epoch 281/1000 completed in 17.24 seconds.
2024-05-22 10:59:21,522 - INFO - Trainer:0 - Total running time so far: 1h:21m:33s.
2024-05-22 10:59:21,522 - INFO - Trainer:0 - Average time per epoch: 17.41 seconds.
2024-05-22 10:59:21,523 - INFO - Trainer:0 - Approximate time left: 3h:28m:41s.
2024-05-22 11:05:09,377 - INFO - Trainer:0 - Epoch 301/1000 completed in 19.80 seconds.
2024-05-22 11:05:09,377 - INFO - Trainer:0 - Total running time so far: 1h:27m:21s.
2024-05-22 11:05:09,377 - INFO - Trainer:0 - Average time per epoch: 17.41 seconds.
2024-05-22 11:05:09,377 - INFO - Trainer:0 - Approximate time left: 3h:22m:51s.
2024-05-22 11:10:56,473 - INFO - Trainer:0 - Epoch 321/1000 completed in 17.63 seconds.
2024-05-22 11:10:56,473 - INFO - Trainer:0 - Total running time so far: 1h:33m:8s.
2024-05-22 11:10:56,473 - INFO - Trainer:0 - Average time per epoch: 17.41 seconds.
2024-05-22 11:10:56,473 - INFO - Trainer:0 - Approximate time left: 3h:17m:0s.
2024-05-22 11:16:42,323 - INFO - Trainer:0 - Epoch 341/1000 completed in 17.16 seconds.
2024-05-22 11:16:42,323 - INFO - Trainer:0 - Total running time so far: 1h:38m:54s.
2024-05-22 11:16:42,323 - INFO - Trainer:0 - Average time per epoch: 17.40 seconds.
2024-05-22 11:16:42,323 - INFO - Trainer:0 - Approximate time left: 3h:11m:8s.
2024-05-22 11:22:28,738 - INFO - Trainer:0 - Epoch 361/1000 completed in 17.26 seconds.
2024-05-22 11:22:28,738 - INFO - Trainer:0 - Total running time so far: 1h:44m:40s.
2024-05-22 11:22:28,738 - INFO - Trainer:0 - Average time per epoch: 17.40 seconds.
2024-05-22 11:22:28,738 - INFO - Trainer:0 - Approximate time left: 3h:5m:17s.
2024-05-22 11:28:14,888 - INFO - Trainer:0 - Epoch 381/1000 completed in 17.35 seconds.
2024-05-22 11:28:14,888 - INFO - Trainer:0 - Total running time so far: 1h:50m:26s.
2024-05-22 11:28:14,889 - INFO - Trainer:0 - Average time per epoch: 17.39 seconds.
2024-05-22 11:28:14,889 - INFO - Trainer:0 - Approximate time left: 2h:59m:26s.
2024-05-22 11:34:03,876 - INFO - Trainer:0 - Epoch 401/1000 completed in 19.94 seconds.
2024-05-22 11:34:03,876 - INFO - Trainer:0 - Total running time so far: 1h:56m:15s.
2024-05-22 11:34:03,876 - INFO - Trainer:0 - Average time per epoch: 17.40 seconds.
2024-05-22 11:34:03,876 - INFO - Trainer:0 - Approximate time left: 2h:53m:40s.
2024-05-22 11:39:49,782 - INFO - Trainer:0 - Epoch 421/1000 completed in 17.65 seconds.
2024-05-22 11:39:49,782 - INFO - Trainer:0 - Total running time so far: 2h:2m:1s.
2024-05-22 11:39:49,782 - INFO - Trainer:0 - Average time per epoch: 17.39 seconds.
2024-05-22 11:39:49,782 - INFO - Trainer:0 - Approximate time left: 2h:47m:49s.
2024-05-22 11:45:35,057 - INFO - Trainer:0 - Epoch 441/1000 completed in 17.16 seconds.
2024-05-22 11:45:35,057 - INFO - Trainer:0 - Total running time so far: 2h:7m:46s.
2024-05-22 11:45:35,057 - INFO - Trainer:0 - Average time per epoch: 17.39 seconds.
2024-05-22 11:45:35,057 - INFO - Trainer:0 - Approximate time left: 2h:41m:58s.
2024-05-22 11:51:24,651 - INFO - Trainer:0 - Epoch 461/1000 completed in 17.57 seconds.
2024-05-22 11:51:24,652 - INFO - Trainer:0 - Total running time so far: 2h:13m:36s.
2024-05-22 11:51:24,652 - INFO - Trainer:0 - Average time per epoch: 17.39 seconds.
2024-05-22 11:51:24,652 - INFO - Trainer:0 - Approximate time left: 2h:36m:12s.
2024-05-22 11:57:09,660 - INFO - Trainer:0 - Epoch 481/1000 completed in 17.23 seconds.
2024-05-22 11:57:09,660 - INFO - Trainer:0 - Total running time so far: 2h:19m:21s.
2024-05-22 11:57:09,660 - INFO - Trainer:0 - Average time per epoch: 17.38 seconds.
2024-05-22 11:57:09,660 - INFO - Trainer:0 - Approximate time left: 2h:30m:22s.
2024-05-22 12:02:58,009 - INFO - Trainer:0 - Epoch 501/1000 completed in 19.37 seconds.
2024-05-22 12:02:58,009 - INFO - Trainer:0 - Total running time so far: 2h:25m:9s.
2024-05-22 12:02:58,009 - INFO - Trainer:0 - Average time per epoch: 17.39 seconds.
2024-05-22 12:02:58,010 - INFO - Trainer:0 - Approximate time left: 2h:24m:35s.
2024-05-22 12:08:43,296 - INFO - Trainer:0 - Epoch 521/1000 completed in 17.56 seconds.
2024-05-22 12:08:43,296 - INFO - Trainer:0 - Total running time so far: 2h:30m:55s.
2024-05-22 12:08:43,296 - INFO - Trainer:0 - Average time per epoch: 17.38 seconds.
2024-05-22 12:08:43,296 - INFO - Trainer:0 - Approximate time left: 2h:18m:45s.
2024-05-22 12:14:26,313 - INFO - Trainer:0 - Epoch 541/1000 completed in 17.12 seconds.
2024-05-22 12:14:26,314 - INFO - Trainer:0 - Total running time so far: 2h:36m:38s.
2024-05-22 12:14:26,314 - INFO - Trainer:0 - Average time per epoch: 17.37 seconds.
2024-05-22 12:14:26,314 - INFO - Trainer:0 - Approximate time left: 2h:12m:53s.
2024-05-22 12:20:11,489 - INFO - Trainer:0 - Epoch 561/1000 completed in 17.36 seconds.
2024-05-22 12:20:11,489 - INFO - Trainer:0 - Total running time so far: 2h:42m:23s.
2024-05-22 12:20:11,489 - INFO - Trainer:0 - Average time per epoch: 17.37 seconds.
2024-05-22 12:20:11,489 - INFO - Trainer:0 - Approximate time left: 2h:7m:4s.
2024-05-22 12:25:56,866 - INFO - Trainer:0 - Epoch 581/1000 completed in 17.66 seconds.
2024-05-22 12:25:56,867 - INFO - Trainer:0 - Total running time so far: 2h:48m:8s.
2024-05-22 12:25:56,867 - INFO - Trainer:0 - Average time per epoch: 17.36 seconds.
2024-05-22 12:25:56,867 - INFO - Trainer:0 - Approximate time left: 2h:1m:15s.
2024-05-22 12:31:43,776 - INFO - Trainer:0 - Epoch 601/1000 completed in 19.83 seconds.
2024-05-22 12:31:43,777 - INFO - Trainer:0 - Total running time so far: 2h:53m:55s.
2024-05-22 12:31:43,777 - INFO - Trainer:0 - Average time per epoch: 17.36 seconds.
2024-05-22 12:31:43,777 - INFO - Trainer:0 - Approximate time left: 1h:55m:28s.
2024-05-22 12:37:27,370 - INFO - Trainer:0 - Epoch 621/1000 completed in 17.20 seconds.
2024-05-22 12:37:27,371 - INFO - Trainer:0 - Total running time so far: 2h:59m:39s.
2024-05-22 12:37:27,371 - INFO - Trainer:0 - Average time per epoch: 17.36 seconds.
2024-05-22 12:37:27,371 - INFO - Trainer:0 - Approximate time left: 1h:49m:38s.
2024-05-22 12:43:10,344 - INFO - Trainer:0 - Epoch 641/1000 completed in 17.23 seconds.
2024-05-22 12:43:10,344 - INFO - Trainer:0 - Total running time so far: 3h:5m:22s.
2024-05-22 12:43:10,345 - INFO - Trainer:0 - Average time per epoch: 17.35 seconds.
2024-05-22 12:43:10,345 - INFO - Trainer:0 - Approximate time left: 1h:43m:49s.
2024-05-22 12:48:56,603 - INFO - Trainer:0 - Epoch 661/1000 completed in 17.18 seconds.
2024-05-22 12:48:56,603 - INFO - Trainer:0 - Total running time so far: 3h:11m:8s.
2024-05-22 12:48:56,603 - INFO - Trainer:0 - Average time per epoch: 17.35 seconds.
2024-05-22 12:48:56,603 - INFO - Trainer:0 - Approximate time left: 1h:38m:1s.
2024-05-22 12:54:40,009 - INFO - Trainer:0 - Epoch 681/1000 completed in 17.10 seconds.
2024-05-22 12:54:40,010 - INFO - Trainer:0 - Total running time so far: 3h:16m:51s.
2024-05-22 12:54:40,010 - INFO - Trainer:0 - Average time per epoch: 17.34 seconds.
2024-05-22 12:54:40,010 - INFO - Trainer:0 - Approximate time left: 1h:32m:13s.
2024-05-22 13:00:26,139 - INFO - Trainer:0 - Epoch 701/1000 completed in 19.80 seconds.
2024-05-22 13:00:26,139 - INFO - Trainer:0 - Total running time so far: 3h:22m:37s.
2024-05-22 13:00:26,139 - INFO - Trainer:0 - Average time per epoch: 17.34 seconds.
2024-05-22 13:00:26,140 - INFO - Trainer:0 - Approximate time left: 1h:26m:25s.
2024-05-22 13:06:09,523 - INFO - Trainer:0 - Epoch 721/1000 completed in 17.14 seconds.
2024-05-22 13:06:09,523 - INFO - Trainer:0 - Total running time so far: 3h:28m:21s.
2024-05-22 13:06:09,523 - INFO - Trainer:0 - Average time per epoch: 17.34 seconds.
2024-05-22 13:06:09,523 - INFO - Trainer:0 - Approximate time left: 1h:20m:37s.
2024-05-22 13:06:43,885 - INFO - Trainer:0 - Early stopping triggered across all processes at epoch:722
2024-05-22 13:06:50,111 - INFO - Trainer:0 - Figure exported successfully to /data/Pein/Pytorch/Ascend-NPU-Parallel-Training/5-experiment_logs/lr-1e-2/batch_size-512/patience-30/fig/Exp1-lr-1e-2-batch_size-512-patience-30.png
2024-05-22 13:06:50,116 - INFO - Trainer:0 - Trainer 0 finalized_training, best_acc1=64.94, best_epoch=700
